#
# There is insufficient memory for the Java Runtime Environment to continue.
# Native memory allocation (mmap) failed to map 568328192 bytes for Failed to commit area from 0x0000000095b00000 to 0x00000000b7900000 of length 568328192.
# Possible reasons:
#   The system is out of physical RAM or swap space
#   The process is running with CompressedOops enabled, and the Java Heap may be blocking the growth of the native heap
# Possible solutions:
#   Reduce memory load on the system
#   Increase physical memory or swap space
#   Check if swap backing store is full
#   Decrease Java heap size (-Xmx/-Xms)
#   Decrease number of Java threads
#   Decrease Java thread stack sizes (-Xss)
#   Set larger code cache with -XX:ReservedCodeCacheSize=
#   JVM is running with Unscaled Compressed Oops mode in which the Java heap is
#     placed in the first 4GB address space. The Java Heap base address is the
#     maximum limit for the native heap growth. Please use -XX:HeapBaseMinAddress
#     to set the Java Heap base and to place the Java Heap above 4GB virtual address.
# This output file may be truncated or incomplete.
#
#  Out of Memory Error (./src/hotspot/os/windows/os_windows.cpp:3301), pid=9244, tid=9476
#
# JRE version: OpenJDK Runtime Environment (11.0.11+9) (build 11.0.11+9-b60-7590822)
# Java VM: OpenJDK 64-Bit Server VM (11.0.11+9-b60-7590822, mixed mode, tiered, compressed oops, g1 gc, windows-amd64)
# No core dump will be written. Minidumps are not enabled by default on client versions of Windows
#

---------------  S U M M A R Y ------------

Command Line: --add-opens=java.base/java.util=ALL-UNNAMED --add-opens=java.base/java.lang=ALL-UNNAMED --add-opens=java.base/java.lang.invoke=ALL-UNNAMED --add-opens=java.base/java.util=ALL-UNNAMED --add-opens=java.prefs/java.util.prefs=ALL-UNNAMED --add-opens=java.prefs/java.util.prefs=ALL-UNNAMED --add-opens=java.base/java.nio.charset=ALL-UNNAMED --add-opens=java.base/java.net=ALL-UNNAMED --add-opens=java.base/java.util.concurrent.atomic=ALL-UNNAMED -Xmx2048m -Dfile.encoding=UTF-8 -Duser.country=US -Duser.language=en -Duser.variant org.gradle.launcher.daemon.bootstrap.GradleDaemon 7.0.2

Host: Intel(R) Core(TM) i3-3110M CPU @ 2.40GHz, 4 cores, 3G,  Windows 10 , 64 bit Build 19041 (10.0.19041.1706)
Time: Sun May 15 21:58:35 2022 SE Asia Standard Time elapsed time: 3128.817927 seconds (0d 0h 52m 8s)

---------------  T H R E A D  ---------------

Current thread (0x000001a07f377000):  VMThread "VM Thread" [stack: 0x000000419e300000,0x000000419e400000] [id=9476]

Stack: [0x000000419e300000,0x000000419e400000]
[error occurred during error reporting (printing stack bounds), id 0xc0000005, EXCEPTION_ACCESS_VIOLATION (0xc0000005) at pc=0x000001a06b2c0f2d]

Native frames: (J=compiled Java code, j=interpreted, Vv=VM code, C=native code)
V  [jvm.dll+0x5f214a]
V  [jvm.dll+0x726fb5]
V  [jvm.dll+0x7285cd]
V  [jvm.dll+0x728be5]
V  [jvm.dll+0x728b9b]
V  [jvm.dll+0x5f14e8]
V  [jvm.dll+0x5f1c78]
C  [ntdll.dll+0xa209f]
C  [ntdll.dll+0x51454]
C  [ntdll.dll+0xa0bce]
C  0x000001a06b2c0f2d

VM_Operation (0x00000041a0cf9240): G1CollectForAllocation, mode: safepoint, requested by thread 0x000001a00a76e000


---------------  P R O C E S S  ---------------

Threads class SMR info:
_java_thread_list=0x000001a00db0fb30, length=51, elements={
0x000001a0677bd800, 0x000001a07f379800, 0x000001a07f37b000, 0x000001a07f3d3000,
0x000001a07f3d5000, 0x000001a07f3d9800, 0x000001a07f3dc800, 0x000001a07f3e0000,
0x000001a07f3fd800, 0x000001a002139800, 0x000001a003950800, 0x000001a003641800,
0x000001a003607000, 0x000001a0039c1000, 0x000001a0039c4000, 0x000001a0039c5000,
0x000001a0039c2800, 0x000001a0039c3800, 0x000001a0039bf800, 0x000001a0039c6000,
0x000001a00227d000, 0x000001a002279800, 0x000001a002280000, 0x000001a00227b800,
0x000001a002287800, 0x000001a00227f800, 0x000001a00227e800, 0x000001a002283800,
0x000001a002281000, 0x000001a002282000, 0x000001a00227e000, 0x000001a002285000,
0x000001a002288800, 0x000001a002284800, 0x000001a002286000, 0x000001a002287000,
0x000001a00a76d000, 0x000001a00a772000, 0x000001a00a76f800, 0x000001a00a76e000,
0x000001a00a773800, 0x000001a00a773000, 0x000001a00a770800, 0x000001a00a76e800,
0x000001a00a774800, 0x000001a00a771000, 0x000001a00a77b000, 0x000001a00a776000,
0x000001a00a775000, 0x000001a00a77a000, 0x000001a00a778800
}

Java Threads: ( => current thread )
  0x000001a0677bd800 JavaThread "main" [_thread_blocked, id=2836, stack(0x000000419dd00000,0x000000419de00000)]
  0x000001a07f379800 JavaThread "Reference Handler" daemon [_thread_blocked, id=7032, stack(0x000000419e400000,0x000000419e500000)]
  0x000001a07f37b000 JavaThread "Finalizer" daemon [_thread_blocked, id=7060, stack(0x000000419e500000,0x000000419e600000)]
  0x000001a07f3d3000 JavaThread "Signal Dispatcher" daemon [_thread_blocked, id=11828, stack(0x000000419e600000,0x000000419e700000)]
  0x000001a07f3d5000 JavaThread "Attach Listener" daemon [_thread_blocked, id=5132, stack(0x000000419e700000,0x000000419e800000)]
  0x000001a07f3d9800 JavaThread "Service Thread" daemon [_thread_blocked, id=9524, stack(0x000000419e800000,0x000000419e900000)]
  0x000001a07f3dc800 JavaThread "C2 CompilerThread0" daemon [_thread_blocked, id=12484, stack(0x000000419e900000,0x000000419ea00000)]
  0x000001a07f3e0000 JavaThread "C1 CompilerThread0" daemon [_thread_blocked, id=12244, stack(0x000000419ea00000,0x000000419eb00000)]
  0x000001a07f3fd800 JavaThread "Sweeper thread" daemon [_thread_blocked, id=8980, stack(0x000000419eb00000,0x000000419ec00000)]
  0x000001a002139800 JavaThread "Common-Cleaner" daemon [_thread_blocked, id=12588, stack(0x000000419ec00000,0x000000419ed00000)]
  0x000001a003950800 JavaThread "Daemon health stats" [_thread_blocked, id=7932, stack(0x000000419ef00000,0x000000419f000000)]
  0x000001a003641800 JavaThread "Incoming local TCP Connector on port 49962" [_thread_in_native, id=3780, stack(0x000000419f000000,0x000000419f100000)]
  0x000001a003607000 JavaThread "Daemon periodic checks" [_thread_blocked, id=12884, stack(0x000000419f100000,0x000000419f200000)]
  0x000001a0039c1000 JavaThread "Cache worker for file hash cache (C:\Users\Nguyen Thi Hong Hanh\.gradle\caches\7.0.2\fileHashes)" [_thread_blocked, id=6772, stack(0x000000419fb00000,0x000000419fc00000)]
  0x000001a0039c4000 JavaThread "File lock request listener" [_thread_in_native, id=10252, stack(0x000000419fc00000,0x000000419fd00000)]
  0x000001a0039c5000 JavaThread "Cache worker for journal cache (C:\Users\Nguyen Thi Hong Hanh\.gradle\caches\journal-1)" [_thread_blocked, id=11176, stack(0x000000419fd00000,0x000000419fe00000)]
  0x000001a0039c2800 JavaThread "File watcher server" daemon [_thread_blocked, id=8248, stack(0x000000419ff00000,0x00000041a0000000)]
  0x000001a0039c3800 JavaThread "File watcher consumer" daemon [_thread_blocked, id=11852, stack(0x00000041a0000000,0x00000041a0100000)]
  0x000001a0039bf800 JavaThread "jar transforms" [_thread_blocked, id=11880, stack(0x00000041a0100000,0x00000041a0200000)]
  0x000001a0039c6000 JavaThread "jar transforms Thread 2" [_thread_blocked, id=11008, stack(0x00000041a0200000,0x00000041a0300000)]
  0x000001a00227d000 JavaThread "jar transforms Thread 3" [_thread_blocked, id=9892, stack(0x00000041a0300000,0x00000041a0400000)]
  0x000001a002279800 JavaThread "jar transforms Thread 4" [_thread_blocked, id=11456, stack(0x00000041a0400000,0x00000041a0500000)]
  0x000001a002280000 JavaThread "Cache worker for execution history cache (C:\Users\Nguyen Thi Hong Hanh\.gradle\caches\7.0.2\executionHistory)" [_thread_blocked, id=3264, stack(0x00000041a0800000,0x00000041a0900000)]
  0x000001a00227b800 JavaThread "Cache worker for file content cache (C:\Users\Nguyen Thi Hong Hanh\.gradle\caches\7.0.2\fileContent)" [_thread_blocked, id=12448, stack(0x00000041a0900000,0x00000041a0a00000)]
  0x000001a002287800 JavaThread "Memory manager" [_thread_blocked, id=9916, stack(0x000000419da00000,0x000000419db00000)]
  0x000001a00227f800 JavaThread "Daemon Thread 7" [_thread_blocked, id=3976, stack(0x000000419db00000,0x000000419dc00000)]
  0x000001a00227e800 JavaThread "Handler for socket connection from /127.0.0.1:49962 to /127.0.0.1:50377" [_thread_in_native, id=592, stack(0x000000419dc00000,0x000000419dd00000)]
  0x000001a002283800 JavaThread "Cancel handler" [_thread_blocked, id=6680, stack(0x000000419f200000,0x000000419f300000)]
  0x000001a002281000 JavaThread "Daemon worker Thread 7" [_thread_blocked, id=812, stack(0x000000419f300000,0x000000419f400000)]
  0x000001a002282000 JavaThread "Asynchronous log dispatcher for DefaultDaemonConnection: socket connection from /127.0.0.1:49962 to /127.0.0.1:50377" [_thread_blocked, id=8500, stack(0x000000419f600000,0x000000419f700000)]
  0x000001a00227e000 JavaThread "Daemon client event forwarder" [_thread_blocked, id=10180, stack(0x000000419f800000,0x000000419f900000)]
  0x000001a002285000 JavaThread "Cache worker for file hash cache (D:\AppFinal411\.gradle\7.0.2\fileHashes)" [_thread_blocked, id=3880, stack(0x000000419f900000,0x000000419fa00000)]
  0x000001a002288800 JavaThread "Cache worker for checksums cache (D:\AppFinal411\.gradle\checksums)" [_thread_blocked, id=2268, stack(0x000000419fa00000,0x000000419fb00000)]
  0x000001a002284800 JavaThread "Cache worker for cache directory md-supplier (C:\Users\Nguyen Thi Hong Hanh\.gradle\caches\7.0.2\md-supplier)" [_thread_blocked, id=8748, stack(0x000000419fe00000,0x000000419ff00000)]
  0x000001a002286000 JavaThread "Cache worker for cache directory md-rule (C:\Users\Nguyen Thi Hong Hanh\.gradle\caches\7.0.2\md-rule)" [_thread_blocked, id=11944, stack(0x00000041a0500000,0x00000041a0600000)]
  0x000001a002287000 JavaThread "Cache worker for dependencies-accessors (D:\AppFinal411\.gradle\7.0.2\dependencies-accessors)" [_thread_blocked, id=8228, stack(0x00000041a0600000,0x00000041a0700000)]
  0x000001a00a76d000 JavaThread "Cache worker for Build Output Cleanup Cache (D:\AppFinal411\.gradle\buildOutputCleanup)" [_thread_blocked, id=8916, stack(0x00000041a0700000,0x00000041a0800000)]
  0x000001a00a772000 JavaThread "Build operations" [_thread_blocked, id=11836, stack(0x00000041a0a00000,0x00000041a0b00000)]
  0x000001a00a76f800 JavaThread "Build operations Thread 2" [_thread_blocked, id=10032, stack(0x00000041a0b00000,0x00000041a0c00000)]
  0x000001a00a76e000 JavaThread "Build operations Thread 3" [_thread_blocked, id=5508, stack(0x00000041a0c00000,0x00000041a0d00000)]
  0x000001a00a773800 JavaThread "Build operations Thread 4" [_thread_blocked, id=11668, stack(0x00000041a0d00000,0x00000041a0e00000)]
  0x000001a00a773000 JavaThread "build event listener" [_thread_blocked, id=464, stack(0x00000041a0e00000,0x00000041a0f00000)]
  0x000001a00a770800 JavaThread "Execution worker for ':'" [_thread_blocked, id=12896, stack(0x00000041a0f00000,0x00000041a1000000)]
  0x000001a00a76e800 JavaThread "Execution worker for ':' Thread 2" [_thread_blocked, id=12144, stack(0x00000041a1000000,0x00000041a1100000)]
  0x000001a00a774800 JavaThread "Execution worker for ':' Thread 3" [_thread_blocked, id=10764, stack(0x00000041a1100000,0x00000041a1200000)]
  0x000001a00a771000 JavaThread "Cache worker for execution history cache (D:\AppFinal411\.gradle\7.0.2\executionHistory)" [_thread_blocked, id=5072, stack(0x00000041a1200000,0x00000041a1300000)]
  0x000001a00a77b000 JavaThread "WorkerExecutor Queue" [_thread_blocked, id=10232, stack(0x00000041a1300000,0x00000041a1400000)]
  0x000001a00a776000 JavaThread "WorkerExecutor Queue Thread 2" [_thread_blocked, id=6788, stack(0x00000041a1400000,0x00000041a1500000)]
  0x000001a00a775000 JavaThread "WorkerExecutor Queue Thread 4" [_thread_blocked, id=7724, stack(0x00000041a1600000,0x00000041a1700000)]
  0x000001a00a77a000 JavaThread "WorkerExecutor Queue Thread 5" [_thread_blocked, id=9432, stack(0x000000419f700000,0x000000419f800000)]
  0x000001a00a778800 JavaThread "C2 CompilerThread1" daemon [_thread_blocked, id=9260, stack(0x00000041a1500000,0x00000041a1600000)]

Other Threads:
=>0x000001a07f377000 VMThread "VM Thread" [stack: 0x000000419e300000,0x000000419e400000] [id=9476]
  0x000001a00215f000 WatcherThread [stack: 0x000000419ed00000,0x000000419ee00000] [id=3236]
  0x000001a0677d5000 GCTaskThread "GC Thread#0" [stack: 0x000000419de00000,0x000000419df00000] [id=12604]
  0x000001a0025b9000 GCTaskThread "GC Thread#1" [stack: 0x000000419ee00000,0x000000419ef00000] [id=4816]
  0x000001a002e89000 GCTaskThread "GC Thread#2" [stack: 0x000000419f400000,0x000000419f500000] [id=10732]
  0x000001a003889000 GCTaskThread "GC Thread#3" [stack: 0x000000419f500000,0x000000419f600000] [id=7216]
  0x000001a067806800 ConcurrentGCThread "G1 Main Marker" [stack: 0x000000419df00000,0x000000419e000000] [id=7924]
  0x000001a067809000 ConcurrentGCThread "G1 Conc#0" [stack: 0x000000419e000000,0x000000419e100000] [id=12228]
  0x000001a067863000 ConcurrentGCThread "G1 Refine#0" [stack: 0x000000419e100000,0x000000419e200000] [id=13268]
  0x000001a067864000 ConcurrentGCThread "G1 Young RemSet Sampling" [stack: 0x000000419e200000,0x000000419e300000] [id=12368]

Threads with active compile tasks:
C2 CompilerThread03131083 25421       4       java.util.IdentityHashMap::clear (39 bytes)
C1 CompilerThread03131083 25425       2       com.android.tools.r8.ir.conversion.k::a (3111 bytes)
C2 CompilerThread13131083 25292       4       com.android.tools.r8.ir.regalloc.a::a (261 bytes)

VM state:at safepoint (normal execution)

VM Mutex/Monitor currently owned by a thread:  ([mutex/lock_event])
[0x000001a0677b9180] Threads_lock - owner thread: 0x000001a07f377000
[0x000001a0677ba020] Heap_lock - owner thread: 0x000001a00a76e000

Heap address: 0x0000000080000000, size: 2048 MB, Compressed Oops mode: 32-bit
Narrow klass base: 0x0000000000000000, Narrow klass shift: 3
Compressed class space size: 1073741824 Address: 0x0000000100000000

Heap:
 garbage-first heap   total 910336K, used 173331K [0x0000000080000000, 0x0000000100000000)
  region size 1024K, 3 young (3072K), 3 survivors (3072K)
 Metaspace       used 133683K, capacity 137685K, committed 137776K, reserved 1169408K
  class space    used 16563K, capacity 17968K, committed 18048K, reserved 1048576K
Heap Regions: E=young(eden), S=young(survivor), O=old, HS=humongous(starts), HC=humongous(continues), CS=collection set, F=free, A=archive, TAMS=top-at-mark-start (previous, next)
|   0|0x0000000080000000, 0x0000000080100000, 0x0000000080100000|100%|HS|  |TAMS 0x0000000080100000, 0x0000000080000000| Complete 
|   1|0x0000000080100000, 0x0000000080200000, 0x0000000080200000|100%|HC|  |TAMS 0x0000000080200000, 0x0000000080100000| Complete 
|   2|0x0000000080200000, 0x0000000080300000, 0x0000000080300000|100%|HC|  |TAMS 0x0000000080300000, 0x0000000080200000| Complete 
|   3|0x0000000080300000, 0x0000000080400000, 0x0000000080400000|100%| O|  |TAMS 0x0000000080400000, 0x0000000080300000| Untracked 
|   4|0x0000000080400000, 0x0000000080500000, 0x0000000080500000|100%| O|  |TAMS 0x0000000080500000, 0x0000000080400000| Untracked 
|   5|0x0000000080500000, 0x0000000080600000, 0x0000000080600000|100%| O|  |TAMS 0x0000000080600000, 0x0000000080500000| Untracked 
|   6|0x0000000080600000, 0x0000000080700000, 0x0000000080700000|100%| O|  |TAMS 0x0000000080700000, 0x0000000080600000| Untracked 
|   7|0x0000000080700000, 0x0000000080800000, 0x0000000080800000|100%| O|  |TAMS 0x0000000080800000, 0x0000000080700000| Untracked 
|   8|0x0000000080800000, 0x0000000080900000, 0x0000000080900000|100%| O|  |TAMS 0x0000000080900000, 0x0000000080800000| Untracked 
|   9|0x0000000080900000, 0x0000000080a00000, 0x0000000080a00000|100%| O|  |TAMS 0x0000000080a00000, 0x0000000080900000| Untracked 
|  10|0x0000000080a00000, 0x0000000080b00000, 0x0000000080b00000|100%| O|  |TAMS 0x0000000080b00000, 0x0000000080a00000| Untracked 
|  11|0x0000000080b00000, 0x0000000080c00000, 0x0000000080c00000|100%| O|  |TAMS 0x0000000080c00000, 0x0000000080b00000| Untracked 
|  12|0x0000000080c00000, 0x0000000080d00000, 0x0000000080d00000|100%| O|  |TAMS 0x0000000080d00000, 0x0000000080c00000| Untracked 
|  13|0x0000000080d00000, 0x0000000080e00000, 0x0000000080e00000|100%| O|  |TAMS 0x0000000080e00000, 0x0000000080d00000| Untracked 
|  14|0x0000000080e00000, 0x0000000080f00000, 0x0000000080f00000|100%| O|  |TAMS 0x0000000080f00000, 0x0000000080e00000| Untracked 
|  15|0x0000000080f00000, 0x0000000081000000, 0x0000000081000000|100%| O|  |TAMS 0x0000000081000000, 0x0000000080f00000| Untracked 
|  16|0x0000000081000000, 0x0000000081100000, 0x0000000081100000|100%|HS|  |TAMS 0x0000000081100000, 0x0000000081000000| Complete 
|  17|0x0000000081100000, 0x0000000081200000, 0x0000000081200000|100%|HC|  |TAMS 0x0000000081200000, 0x0000000081100000| Complete 
|  18|0x0000000081200000, 0x0000000081300000, 0x0000000081300000|100%|HS|  |TAMS 0x0000000081300000, 0x0000000081200000| Complete 
|  19|0x0000000081300000, 0x0000000081400000, 0x0000000081400000|100%|HC|  |TAMS 0x0000000081400000, 0x0000000081300000| Complete 
|  20|0x0000000081400000, 0x0000000081500000, 0x0000000081500000|100%|HC|  |TAMS 0x0000000081500000, 0x0000000081400000| Complete 
|  21|0x0000000081500000, 0x0000000081600000, 0x0000000081600000|100%|HS|  |TAMS 0x0000000081600000, 0x0000000081500000| Complete 
|  22|0x0000000081600000, 0x0000000081700000, 0x0000000081700000|100%|HC|  |TAMS 0x0000000081700000, 0x0000000081600000| Complete 
|  23|0x0000000081700000, 0x0000000081800000, 0x0000000081800000|100%|HC|  |TAMS 0x0000000081800000, 0x0000000081700000| Complete 
|  24|0x0000000081800000, 0x0000000081900000, 0x0000000081900000|100%|HC|  |TAMS 0x0000000081900000, 0x0000000081800000| Complete 
|  25|0x0000000081900000, 0x0000000081a00000, 0x0000000081a00000|100%| O|  |TAMS 0x0000000081a00000, 0x0000000081900000| Untracked 
|  26|0x0000000081a00000, 0x0000000081b00000, 0x0000000081b00000|100%| O|  |TAMS 0x0000000081b00000, 0x0000000081a00000| Untracked 
|  27|0x0000000081b00000, 0x0000000081c00000, 0x0000000081c00000|100%| O|  |TAMS 0x0000000081c00000, 0x0000000081b00000| Untracked 
|  28|0x0000000081c00000, 0x0000000081d00000, 0x0000000081d00000|100%| O|  |TAMS 0x0000000081d00000, 0x0000000081c00000| Untracked 
|  29|0x0000000081d00000, 0x0000000081e00000, 0x0000000081e00000|100%| O|  |TAMS 0x0000000081e00000, 0x0000000081d00000| Untracked 
|  30|0x0000000081e00000, 0x0000000081f00000, 0x0000000081f00000|100%| O|  |TAMS 0x0000000081f00000, 0x0000000081e00000| Untracked 
|  31|0x0000000081f00000, 0x0000000082000000, 0x0000000082000000|100%| O|  |TAMS 0x0000000082000000, 0x0000000081f00000| Untracked 
|  32|0x0000000082000000, 0x0000000082100000, 0x0000000082100000|100%| O|  |TAMS 0x0000000082100000, 0x0000000082000000| Untracked 
|  33|0x0000000082100000, 0x0000000082200000, 0x0000000082200000|100%| O|  |TAMS 0x0000000082200000, 0x0000000082100000| Untracked 
|  34|0x0000000082200000, 0x0000000082300000, 0x0000000082300000|100%| O|  |TAMS 0x0000000082300000, 0x0000000082200000| Untracked 
|  35|0x0000000082300000, 0x0000000082400000, 0x0000000082400000|100%| O|  |TAMS 0x0000000082400000, 0x0000000082300000| Untracked 
|  36|0x0000000082400000, 0x0000000082500000, 0x0000000082500000|100%| O|  |TAMS 0x0000000082500000, 0x0000000082400000| Untracked 
|  37|0x0000000082500000, 0x0000000082600000, 0x0000000082600000|100%| O|  |TAMS 0x0000000082600000, 0x0000000082500000| Untracked 
|  38|0x0000000082600000, 0x0000000082700000, 0x0000000082700000|100%| O|  |TAMS 0x0000000082700000, 0x0000000082600000| Untracked 
|  39|0x0000000082700000, 0x0000000082800000, 0x0000000082800000|100%| O|  |TAMS 0x0000000082800000, 0x0000000082700000| Untracked 
|  40|0x0000000082800000, 0x0000000082900000, 0x0000000082900000|100%| O|  |TAMS 0x0000000082900000, 0x0000000082800000| Untracked 
|  41|0x0000000082900000, 0x0000000082a00000, 0x0000000082a00000|100%|HS|  |TAMS 0x0000000082a00000, 0x0000000082900000| Complete 
|  42|0x0000000082a00000, 0x0000000082b00000, 0x0000000082b00000|100%|HC|  |TAMS 0x0000000082b00000, 0x0000000082a00000| Complete 
|  43|0x0000000082b00000, 0x0000000082c00000, 0x0000000082c00000|100%|HC|  |TAMS 0x0000000082c00000, 0x0000000082b00000| Complete 
|  44|0x0000000082c00000, 0x0000000082d00000, 0x0000000082d00000|100%| O|  |TAMS 0x0000000082d00000, 0x0000000082c00000| Untracked 
|  45|0x0000000082d00000, 0x0000000082e00000, 0x0000000082e00000|100%| O|  |TAMS 0x0000000082e00000, 0x0000000082d00000| Untracked 
|  46|0x0000000082e00000, 0x0000000082f00000, 0x0000000082f00000|100%| O|  |TAMS 0x0000000082f00000, 0x0000000082e00000| Untracked 
|  47|0x0000000082f00000, 0x0000000083000000, 0x0000000083000000|100%| O|  |TAMS 0x0000000083000000, 0x0000000082f00000| Untracked 
|  48|0x0000000083000000, 0x0000000083100000, 0x0000000083100000|100%|HS|  |TAMS 0x0000000083100000, 0x0000000083000000| Complete 
|  49|0x0000000083100000, 0x0000000083200000, 0x0000000083200000|100%|HC|  |TAMS 0x0000000083200000, 0x0000000083100000| Complete 
|  50|0x0000000083200000, 0x0000000083300000, 0x0000000083300000|100%|HC|  |TAMS 0x0000000083300000, 0x0000000083200000| Complete 
|  51|0x0000000083300000, 0x0000000083400000, 0x0000000083400000|100%|HC|  |TAMS 0x0000000083400000, 0x0000000083300000| Complete 
|  52|0x0000000083400000, 0x0000000083500000, 0x0000000083500000|100%| O|  |TAMS 0x0000000083500000, 0x0000000083400000| Untracked 
|  53|0x0000000083500000, 0x0000000083600000, 0x0000000083600000|100%| O|  |TAMS 0x0000000083600000, 0x0000000083500000| Untracked 
|  54|0x0000000083600000, 0x0000000083700000, 0x0000000083700000|100%| O|  |TAMS 0x0000000083700000, 0x0000000083600000| Untracked 
|  55|0x0000000083700000, 0x0000000083800000, 0x0000000083800000|100%|HS|  |TAMS 0x0000000083800000, 0x0000000083700000| Complete 
|  56|0x0000000083800000, 0x0000000083900000, 0x0000000083900000|100%|HS|  |TAMS 0x0000000083900000, 0x0000000083800000| Complete 
|  57|0x0000000083900000, 0x0000000083a00000, 0x0000000083a00000|100%| O|  |TAMS 0x0000000083a00000, 0x0000000083900000| Untracked 
|  58|0x0000000083a00000, 0x0000000083b00000, 0x0000000083b00000|100%| O|  |TAMS 0x0000000083b00000, 0x0000000083a00000| Untracked 
|  59|0x0000000083b00000, 0x0000000083c00000, 0x0000000083c00000|100%| O|  |TAMS 0x0000000083c00000, 0x0000000083b00000| Untracked 
|  60|0x0000000083c00000, 0x0000000083d00000, 0x0000000083d00000|100%|HS|  |TAMS 0x0000000083d00000, 0x0000000083c00000| Complete 
|  61|0x0000000083d00000, 0x0000000083e00000, 0x0000000083e00000|100%|HC|  |TAMS 0x0000000083e00000, 0x0000000083d00000| Complete 
|  62|0x0000000083e00000, 0x0000000083f00000, 0x0000000083f00000|100%| O|  |TAMS 0x0000000083f00000, 0x0000000083e00000| Untracked 
|  63|0x0000000083f00000, 0x0000000084000000, 0x0000000084000000|100%| O|  |TAMS 0x0000000084000000, 0x0000000083f00000| Untracked 
|  64|0x0000000084000000, 0x0000000084100000, 0x0000000084100000|100%| O|  |TAMS 0x0000000084100000, 0x0000000084000000| Untracked 
|  65|0x0000000084100000, 0x0000000084200000, 0x0000000084200000|100%| O|  |TAMS 0x0000000084200000, 0x0000000084100000| Untracked 
|  66|0x0000000084200000, 0x0000000084300000, 0x0000000084300000|100%| O|  |TAMS 0x0000000084300000, 0x0000000084200000| Untracked 
|  67|0x0000000084300000, 0x0000000084400000, 0x0000000084400000|100%| O|  |TAMS 0x0000000084400000, 0x0000000084300000| Untracked 
|  68|0x0000000084400000, 0x0000000084500000, 0x0000000084500000|100%| O|  |TAMS 0x0000000084500000, 0x0000000084400000| Untracked 
|  69|0x0000000084500000, 0x0000000084600000, 0x0000000084600000|100%| O|  |TAMS 0x0000000084600000, 0x0000000084500000| Untracked 
|  70|0x0000000084600000, 0x0000000084700000, 0x0000000084700000|100%| O|  |TAMS 0x0000000084700000, 0x0000000084600000| Untracked 
|  71|0x0000000084700000, 0x0000000084800000, 0x0000000084800000|100%| O|  |TAMS 0x0000000084800000, 0x0000000084700000| Untracked 
|  72|0x0000000084800000, 0x0000000084900000, 0x0000000084900000|100%| O|  |TAMS 0x0000000084900000, 0x0000000084800000| Untracked 
|  73|0x0000000084900000, 0x0000000084a00000, 0x0000000084a00000|100%| O|  |TAMS 0x0000000084a00000, 0x0000000084900000| Untracked 
|  74|0x0000000084a00000, 0x0000000084b00000, 0x0000000084b00000|100%| O|  |TAMS 0x0000000084b00000, 0x0000000084a00000| Untracked 
|  75|0x0000000084b00000, 0x0000000084c00000, 0x0000000084c00000|100%| O|  |TAMS 0x0000000084c00000, 0x0000000084b00000| Untracked 
|  76|0x0000000084c00000, 0x0000000084d00000, 0x0000000084d00000|100%|HS|  |TAMS 0x0000000084d00000, 0x0000000084c00000| Complete 
|  77|0x0000000084d00000, 0x0000000084e00000, 0x0000000084e00000|100%|HC|  |TAMS 0x0000000084e00000, 0x0000000084d00000| Complete 
|  78|0x0000000084e00000, 0x0000000084f00000, 0x0000000084f00000|100%|HS|  |TAMS 0x0000000084f00000, 0x0000000084e00000| Complete 
|  79|0x0000000084f00000, 0x0000000085000000, 0x0000000085000000|100%|HC|  |TAMS 0x0000000085000000, 0x0000000084f00000| Complete 
|  80|0x0000000085000000, 0x0000000085100000, 0x0000000085100000|100%|HC|  |TAMS 0x0000000085100000, 0x0000000085000000| Complete 
|  81|0x0000000085100000, 0x0000000085200000, 0x0000000085200000|100%|HS|  |TAMS 0x0000000085200000, 0x0000000085100000| Complete 
|  82|0x0000000085200000, 0x0000000085300000, 0x0000000085300000|100%|HC|  |TAMS 0x0000000085300000, 0x0000000085200000| Complete 
|  83|0x0000000085300000, 0x0000000085400000, 0x0000000085400000|100%|HC|  |TAMS 0x0000000085400000, 0x0000000085300000| Complete 
|  84|0x0000000085400000, 0x0000000085500000, 0x0000000085500000|100%|HC|  |TAMS 0x0000000085500000, 0x0000000085400000| Complete 
|  85|0x0000000085500000, 0x0000000085600000, 0x0000000085600000|100%| O|  |TAMS 0x0000000085600000, 0x0000000085500000| Untracked 
|  86|0x0000000085600000, 0x0000000085700000, 0x0000000085700000|100%| O|  |TAMS 0x0000000085700000, 0x0000000085600000| Untracked 
|  87|0x0000000085700000, 0x0000000085800000, 0x0000000085800000|100%| O|  |TAMS 0x0000000085800000, 0x0000000085700000| Untracked 
|  88|0x0000000085800000, 0x0000000085900000, 0x0000000085900000|100%| O|  |TAMS 0x0000000085900000, 0x0000000085800000| Untracked 
|  89|0x0000000085900000, 0x0000000085a00000, 0x0000000085a00000|100%| O|  |TAMS 0x0000000085a00000, 0x0000000085900000| Untracked 
|  90|0x0000000085a00000, 0x0000000085b00000, 0x0000000085b00000|100%| O|  |TAMS 0x0000000085b00000, 0x0000000085a00000| Untracked 
|  91|0x0000000085b00000, 0x0000000085c00000, 0x0000000085c00000|100%| O|  |TAMS 0x0000000085c00000, 0x0000000085b00000| Untracked 
|  92|0x0000000085c00000, 0x0000000085d00000, 0x0000000085d00000|100%| O|  |TAMS 0x0000000085d00000, 0x0000000085c00000| Untracked 
|  93|0x0000000085d00000, 0x0000000085e00000, 0x0000000085e00000|100%| O|  |TAMS 0x0000000085e00000, 0x0000000085d00000| Untracked 
|  94|0x0000000085e00000, 0x0000000085f00000, 0x0000000085f00000|100%| O|  |TAMS 0x0000000085f00000, 0x0000000085e00000| Untracked 
|  95|0x0000000085f00000, 0x0000000086000000, 0x0000000086000000|100%| O|  |TAMS 0x0000000086000000, 0x0000000085f00000| Untracked 
|  96|0x0000000086000000, 0x0000000086100000, 0x0000000086100000|100%| O|  |TAMS 0x0000000086100000, 0x0000000086000000| Untracked 
|  97|0x0000000086100000, 0x0000000086200000, 0x0000000086200000|100%| O|  |TAMS 0x0000000086200000, 0x0000000086100000| Untracked 
|  98|0x0000000086200000, 0x0000000086300000, 0x0000000086300000|100%| O|  |TAMS 0x0000000086300000, 0x0000000086200000| Untracked 
|  99|0x0000000086300000, 0x0000000086400000, 0x0000000086400000|100%| O|  |TAMS 0x0000000086400000, 0x0000000086300000| Untracked 
| 100|0x0000000086400000, 0x0000000086500000, 0x0000000086500000|100%| O|  |TAMS 0x0000000086500000, 0x0000000086400000| Untracked 
| 101|0x0000000086500000, 0x0000000086600000, 0x0000000086600000|100%| O|  |TAMS 0x0000000086600000, 0x0000000086500000| Untracked 
| 102|0x0000000086600000, 0x0000000086700000, 0x0000000086700000|100%| O|  |TAMS 0x0000000086700000, 0x0000000086600000| Untracked 
| 103|0x0000000086700000, 0x0000000086800000, 0x0000000086800000|100%| O|  |TAMS 0x0000000086800000, 0x0000000086700000| Untracked 
| 104|0x0000000086800000, 0x0000000086900000, 0x0000000086900000|100%| O|  |TAMS 0x0000000086900000, 0x0000000086800000| Untracked 
| 105|0x0000000086900000, 0x0000000086a00000, 0x0000000086a00000|100%| O|  |TAMS 0x0000000086a00000, 0x0000000086900000| Untracked 
| 106|0x0000000086a00000, 0x0000000086b00000, 0x0000000086b00000|100%| O|  |TAMS 0x0000000086b00000, 0x0000000086a00000| Untracked 
| 107|0x0000000086b00000, 0x0000000086c00000, 0x0000000086c00000|100%| O|  |TAMS 0x0000000086c00000, 0x0000000086b00000| Untracked 
| 108|0x0000000086c00000, 0x0000000086d00000, 0x0000000086d00000|100%| O|  |TAMS 0x0000000086d00000, 0x0000000086c00000| Untracked 
| 109|0x0000000086d00000, 0x0000000086e00000, 0x0000000086e00000|100%| O|  |TAMS 0x0000000086e00000, 0x0000000086d00000| Untracked 
| 110|0x0000000086e00000, 0x0000000086f00000, 0x0000000086f00000|100%| O|  |TAMS 0x0000000086f00000, 0x0000000086e00000| Untracked 
| 111|0x0000000086f00000, 0x0000000087000000, 0x0000000087000000|100%| O|  |TAMS 0x0000000087000000, 0x0000000086f00000| Untracked 
| 112|0x0000000087000000, 0x0000000087100000, 0x0000000087100000|100%| O|  |TAMS 0x0000000087100000, 0x0000000087000000| Untracked 
| 113|0x0000000087100000, 0x0000000087200000, 0x0000000087200000|100%| O|  |TAMS 0x0000000087200000, 0x0000000087100000| Untracked 
| 114|0x0000000087200000, 0x0000000087300000, 0x0000000087300000|100%| O|  |TAMS 0x0000000087300000, 0x0000000087200000| Untracked 
| 115|0x0000000087300000, 0x0000000087400000, 0x0000000087400000|100%| O|  |TAMS 0x0000000087400000, 0x0000000087300000| Untracked 
| 116|0x0000000087400000, 0x0000000087500000, 0x0000000087500000|100%| O|  |TAMS 0x0000000087500000, 0x0000000087400000| Untracked 
| 117|0x0000000087500000, 0x0000000087600000, 0x0000000087600000|100%| O|  |TAMS 0x0000000087600000, 0x0000000087500000| Untracked 
| 118|0x0000000087600000, 0x0000000087700000, 0x0000000087700000|100%| O|  |TAMS 0x0000000087700000, 0x0000000087600000| Untracked 
| 119|0x0000000087700000, 0x0000000087800000, 0x0000000087800000|100%| O|  |TAMS 0x0000000087800000, 0x0000000087700000| Untracked 
| 120|0x0000000087800000, 0x0000000087900000, 0x0000000087900000|100%| O|  |TAMS 0x0000000087900000, 0x0000000087800000| Untracked 
| 121|0x0000000087900000, 0x0000000087a00000, 0x0000000087a00000|100%| O|  |TAMS 0x0000000087a00000, 0x0000000087900000| Untracked 
| 122|0x0000000087a00000, 0x0000000087b00000, 0x0000000087b00000|100%| O|  |TAMS 0x0000000087b00000, 0x0000000087a00000| Untracked 
| 123|0x0000000087b00000, 0x0000000087c00000, 0x0000000087c00000|100%| O|  |TAMS 0x0000000087c00000, 0x0000000087b00000| Untracked 
| 124|0x0000000087c00000, 0x0000000087d00000, 0x0000000087d00000|100%| O|  |TAMS 0x0000000087d00000, 0x0000000087c00000| Untracked 
| 125|0x0000000087d00000, 0x0000000087e00000, 0x0000000087e00000|100%| O|  |TAMS 0x0000000087e00000, 0x0000000087d00000| Untracked 
| 126|0x0000000087e00000, 0x0000000087f00000, 0x0000000087f00000|100%| O|  |TAMS 0x0000000087f00000, 0x0000000087e00000| Untracked 
| 127|0x0000000087f00000, 0x0000000088000000, 0x0000000088000000|100%| O|  |TAMS 0x0000000088000000, 0x0000000087f00000| Untracked 
| 128|0x0000000088000000, 0x0000000088100000, 0x0000000088100000|100%| O|  |TAMS 0x0000000088100000, 0x0000000088000000| Untracked 
| 129|0x0000000088100000, 0x0000000088200000, 0x0000000088200000|100%| O|  |TAMS 0x0000000088200000, 0x0000000088100000| Untracked 
| 130|0x0000000088200000, 0x0000000088300000, 0x0000000088300000|100%| O|  |TAMS 0x0000000088300000, 0x0000000088200000| Untracked 
| 131|0x0000000088300000, 0x0000000088400000, 0x0000000088400000|100%| O|  |TAMS 0x0000000088400000, 0x0000000088300000| Untracked 
| 132|0x0000000088400000, 0x0000000088500000, 0x0000000088500000|100%| O|  |TAMS 0x0000000088500000, 0x0000000088400000| Untracked 
| 133|0x0000000088500000, 0x0000000088600000, 0x0000000088600000|100%| O|  |TAMS 0x0000000088600000, 0x0000000088500000| Untracked 
| 134|0x0000000088600000, 0x0000000088700000, 0x0000000088700000|100%| O|  |TAMS 0x0000000088700000, 0x0000000088600000| Untracked 
| 135|0x0000000088700000, 0x0000000088800000, 0x0000000088800000|100%| O|  |TAMS 0x0000000088800000, 0x0000000088700000| Untracked 
| 136|0x0000000088800000, 0x0000000088900000, 0x0000000088900000|100%| O|  |TAMS 0x0000000088900000, 0x0000000088800000| Untracked 
| 137|0x0000000088900000, 0x0000000088a00000, 0x0000000088a00000|100%| O|  |TAMS 0x0000000088a00000, 0x0000000088900000| Untracked 
| 138|0x0000000088a00000, 0x0000000088b00000, 0x0000000088b00000|100%| O|  |TAMS 0x0000000088b00000, 0x0000000088a00000| Untracked 
| 139|0x0000000088b00000, 0x0000000088c00000, 0x0000000088c00000|100%| O|  |TAMS 0x0000000088c00000, 0x0000000088b00000| Untracked 
| 140|0x0000000088c00000, 0x0000000088d00000, 0x0000000088d00000|100%| O|  |TAMS 0x0000000088d00000, 0x0000000088c00000| Untracked 
| 141|0x0000000088d00000, 0x0000000088e00000, 0x0000000088e00000|100%| O|  |TAMS 0x0000000088e00000, 0x0000000088d00000| Untracked 
| 142|0x0000000088e00000, 0x0000000088f00000, 0x0000000088f00000|100%| O|  |TAMS 0x0000000088f00000, 0x0000000088e00000| Untracked 
| 143|0x0000000088f00000, 0x0000000089000000, 0x0000000089000000|100%| O|  |TAMS 0x0000000089000000, 0x0000000088f00000| Untracked 
| 144|0x0000000089000000, 0x0000000089100000, 0x0000000089100000|100%| O|  |TAMS 0x0000000089100000, 0x0000000089000000| Untracked 
| 145|0x0000000089100000, 0x0000000089200000, 0x0000000089200000|100%| O|  |TAMS 0x0000000089200000, 0x0000000089100000| Untracked 
| 146|0x0000000089200000, 0x0000000089300000, 0x0000000089300000|100%| O|  |TAMS 0x0000000089300000, 0x0000000089200000| Untracked 
| 147|0x0000000089300000, 0x0000000089400000, 0x0000000089400000|100%| O|  |TAMS 0x0000000089400000, 0x0000000089300000| Untracked 
| 148|0x0000000089400000, 0x0000000089500000, 0x0000000089500000|100%| O|  |TAMS 0x0000000089500000, 0x0000000089400000| Untracked 
| 149|0x0000000089500000, 0x0000000089600000, 0x0000000089600000|100%| O|  |TAMS 0x0000000089600000, 0x0000000089500000| Untracked 
| 150|0x0000000089600000, 0x0000000089700000, 0x0000000089700000|100%| O|  |TAMS 0x0000000089700000, 0x0000000089600000| Untracked 
| 151|0x0000000089700000, 0x0000000089800000, 0x0000000089800000|100%| O|  |TAMS 0x0000000089800000, 0x0000000089700000| Untracked 
| 152|0x0000000089800000, 0x0000000089900000, 0x0000000089900000|100%| O|  |TAMS 0x0000000089900000, 0x0000000089800000| Untracked 
| 153|0x0000000089900000, 0x0000000089a00000, 0x0000000089a00000|100%| O|  |TAMS 0x0000000089a00000, 0x0000000089900000| Untracked 
| 154|0x0000000089a00000, 0x0000000089b00000, 0x0000000089b00000|100%| O|  |TAMS 0x0000000089b00000, 0x0000000089a00000| Untracked 
| 155|0x0000000089b00000, 0x0000000089c00000, 0x0000000089c00000|100%| O|  |TAMS 0x0000000089c00000, 0x0000000089b00000| Untracked 
| 156|0x0000000089c00000, 0x0000000089d00000, 0x0000000089d00000|100%| O|  |TAMS 0x0000000089d00000, 0x0000000089c00000| Untracked 
| 157|0x0000000089d00000, 0x0000000089e00000, 0x0000000089e00000|100%| O|  |TAMS 0x0000000089e00000, 0x0000000089d00000| Untracked 
| 158|0x0000000089e00000, 0x0000000089f00000, 0x0000000089f00000|100%| O|  |TAMS 0x0000000089f00000, 0x0000000089e00000| Untracked 
| 159|0x0000000089f00000, 0x000000008a000000, 0x000000008a000000|100%| O|  |TAMS 0x000000008a000000, 0x0000000089f00000| Untracked 
| 160|0x000000008a000000, 0x000000008a100000, 0x000000008a100000|100%| O|  |TAMS 0x000000008a100000, 0x000000008a000000| Untracked 
| 161|0x000000008a100000, 0x000000008a200000, 0x000000008a200000|100%| O|  |TAMS 0x000000008a200000, 0x000000008a100000| Untracked 
| 162|0x000000008a200000, 0x000000008a300000, 0x000000008a300000|100%| O|  |TAMS 0x000000008a300000, 0x000000008a200000| Untracked 
| 163|0x000000008a300000, 0x000000008a400000, 0x000000008a400000|100%| O|  |TAMS 0x000000008a400000, 0x000000008a300000| Untracked 
| 164|0x000000008a400000, 0x000000008a500000, 0x000000008a500000|100%| O|  |TAMS 0x000000008a500000, 0x000000008a400000| Untracked 
| 165|0x000000008a500000, 0x000000008a600000, 0x000000008a600000|100%| O|  |TAMS 0x000000008a600000, 0x000000008a500000| Untracked 
| 166|0x000000008a600000, 0x000000008a6d3e00, 0x000000008a700000| 82%| O|  |TAMS 0x000000008a6d3e00, 0x000000008a600000| Untracked 
| 167|0x000000008a700000, 0x000000008a700000, 0x000000008a800000|  0%| F|  |TAMS 0x000000008a700000, 0x000000008a700000| Untracked 
| 168|0x000000008a800000, 0x000000008a800000, 0x000000008a900000|  0%| F|  |TAMS 0x000000008a800000, 0x000000008a800000| Untracked 
| 169|0x000000008a900000, 0x000000008a900000, 0x000000008aa00000|  0%| F|  |TAMS 0x000000008a900000, 0x000000008a900000| Untracked 
| 170|0x000000008aa00000, 0x000000008aa00000, 0x000000008ab00000|  0%| F|  |TAMS 0x000000008aa00000, 0x000000008aa00000| Untracked 
| 171|0x000000008ab00000, 0x000000008ab00000, 0x000000008ac00000|  0%| F|  |TAMS 0x000000008ab00000, 0x000000008ab00000| Untracked 
| 172|0x000000008ac00000, 0x000000008ac00000, 0x000000008ad00000|  0%| F|  |TAMS 0x000000008ac00000, 0x000000008ac00000| Untracked 
| 173|0x000000008ad00000, 0x000000008ad00000, 0x000000008ae00000|  0%| F|  |TAMS 0x000000008ad00000, 0x000000008ad00000| Untracked 
| 174|0x000000008ae00000, 0x000000008ae00000, 0x000000008af00000|  0%| F|  |TAMS 0x000000008ae00000, 0x000000008ae00000| Untracked 
| 175|0x000000008af00000, 0x000000008af00000, 0x000000008b000000|  0%| F|  |TAMS 0x000000008af00000, 0x000000008af00000| Untracked 
| 176|0x000000008b000000, 0x000000008b000000, 0x000000008b100000|  0%| F|  |TAMS 0x000000008b000000, 0x000000008b000000| Untracked 
| 177|0x000000008b100000, 0x000000008b100000, 0x000000008b200000|  0%| F|  |TAMS 0x000000008b100000, 0x000000008b100000| Untracked 
| 178|0x000000008b200000, 0x000000008b200000, 0x000000008b300000|  0%| F|  |TAMS 0x000000008b200000, 0x000000008b200000| Untracked 
| 179|0x000000008b300000, 0x000000008b300000, 0x000000008b400000|  0%| F|  |TAMS 0x000000008b300000, 0x000000008b300000| Untracked 
| 180|0x000000008b400000, 0x000000008b400000, 0x000000008b500000|  0%| F|  |TAMS 0x000000008b400000, 0x000000008b400000| Untracked 
| 181|0x000000008b500000, 0x000000008b500000, 0x000000008b600000|  0%| F|  |TAMS 0x000000008b500000, 0x000000008b500000| Untracked 
| 182|0x000000008b600000, 0x000000008b600000, 0x000000008b700000|  0%| F|  |TAMS 0x000000008b600000, 0x000000008b600000| Untracked 
| 183|0x000000008b700000, 0x000000008b700000, 0x000000008b800000|  0%| F|  |TAMS 0x000000008b700000, 0x000000008b700000| Untracked 
| 184|0x000000008b800000, 0x000000008b800000, 0x000000008b900000|  0%| F|  |TAMS 0x000000008b800000, 0x000000008b800000| Untracked 
| 185|0x000000008b900000, 0x000000008b900000, 0x000000008ba00000|  0%| F|  |TAMS 0x000000008b900000, 0x000000008b900000| Untracked 
| 186|0x000000008ba00000, 0x000000008ba00000, 0x000000008bb00000|  0%| F|  |TAMS 0x000000008ba00000, 0x000000008ba00000| Untracked 
| 187|0x000000008bb00000, 0x000000008bb00000, 0x000000008bc00000|  0%| F|  |TAMS 0x000000008bb00000, 0x000000008bb00000| Untracked 
| 188|0x000000008bc00000, 0x000000008bc00000, 0x000000008bd00000|  0%| F|  |TAMS 0x000000008bc00000, 0x000000008bc00000| Untracked 
| 189|0x000000008bd00000, 0x000000008bd00000, 0x000000008be00000|  0%| F|  |TAMS 0x000000008bd00000, 0x000000008bd00000| Untracked 
| 190|0x000000008be00000, 0x000000008be00000, 0x000000008bf00000|  0%| F|  |TAMS 0x000000008be00000, 0x000000008be00000| Untracked 
| 191|0x000000008bf00000, 0x000000008bf00000, 0x000000008c000000|  0%| F|  |TAMS 0x000000008bf00000, 0x000000008bf00000| Untracked 
| 192|0x000000008c000000, 0x000000008c000000, 0x000000008c100000|  0%| F|  |TAMS 0x000000008c000000, 0x000000008c000000| Untracked 
| 193|0x000000008c100000, 0x000000008c100000, 0x000000008c200000|  0%| F|  |TAMS 0x000000008c100000, 0x000000008c100000| Untracked 
| 194|0x000000008c200000, 0x000000008c200000, 0x000000008c300000|  0%| F|  |TAMS 0x000000008c200000, 0x000000008c200000| Untracked 
| 195|0x000000008c300000, 0x000000008c300000, 0x000000008c400000|  0%| F|  |TAMS 0x000000008c300000, 0x000000008c300000| Untracked 
| 196|0x000000008c400000, 0x000000008c400000, 0x000000008c500000|  0%| F|  |TAMS 0x000000008c400000, 0x000000008c400000| Untracked 
| 197|0x000000008c500000, 0x000000008c500000, 0x000000008c600000|  0%| F|  |TAMS 0x000000008c500000, 0x000000008c500000| Untracked 
| 198|0x000000008c600000, 0x000000008c600000, 0x000000008c700000|  0%| F|  |TAMS 0x000000008c600000, 0x000000008c600000| Untracked 
| 199|0x000000008c700000, 0x000000008c700000, 0x000000008c800000|  0%| F|  |TAMS 0x000000008c700000, 0x000000008c700000| Untracked 
| 200|0x000000008c800000, 0x000000008c800000, 0x000000008c900000|  0%| F|  |TAMS 0x000000008c800000, 0x000000008c800000| Untracked 
| 201|0x000000008c900000, 0x000000008c900000, 0x000000008ca00000|  0%| F|  |TAMS 0x000000008c900000, 0x000000008c900000| Untracked 
| 202|0x000000008ca00000, 0x000000008ca00000, 0x000000008cb00000|  0%| F|  |TAMS 0x000000008ca00000, 0x000000008ca00000| Untracked 
| 203|0x000000008cb00000, 0x000000008cb00000, 0x000000008cc00000|  0%| F|  |TAMS 0x000000008cb00000, 0x000000008cb00000| Untracked 
| 204|0x000000008cc00000, 0x000000008cc00000, 0x000000008cd00000|  0%| F|  |TAMS 0x000000008cc00000, 0x000000008cc00000| Untracked 
| 205|0x000000008cd00000, 0x000000008cd00000, 0x000000008ce00000|  0%| F|  |TAMS 0x000000008cd00000, 0x000000008cd00000| Untracked 
| 206|0x000000008ce00000, 0x000000008ce00000, 0x000000008cf00000|  0%| F|  |TAMS 0x000000008ce00000, 0x000000008ce00000| Untracked 
| 207|0x000000008cf00000, 0x000000008cf00000, 0x000000008d000000|  0%| F|  |TAMS 0x000000008cf00000, 0x000000008cf00000| Untracked 
| 208|0x000000008d000000, 0x000000008d000000, 0x000000008d100000|  0%| F|  |TAMS 0x000000008d000000, 0x000000008d000000| Untracked 
| 209|0x000000008d100000, 0x000000008d100000, 0x000000008d200000|  0%| F|  |TAMS 0x000000008d100000, 0x000000008d100000| Untracked 
| 210|0x000000008d200000, 0x000000008d200000, 0x000000008d300000|  0%| F|  |TAMS 0x000000008d200000, 0x000000008d200000| Untracked 
| 211|0x000000008d300000, 0x000000008d300000, 0x000000008d400000|  0%| F|  |TAMS 0x000000008d300000, 0x000000008d300000| Untracked 
| 212|0x000000008d400000, 0x000000008d400000, 0x000000008d500000|  0%| F|  |TAMS 0x000000008d400000, 0x000000008d400000| Untracked 
| 213|0x000000008d500000, 0x000000008d500000, 0x000000008d600000|  0%| F|  |TAMS 0x000000008d500000, 0x000000008d500000| Untracked 
| 214|0x000000008d600000, 0x000000008d600000, 0x000000008d700000|  0%| F|  |TAMS 0x000000008d600000, 0x000000008d600000| Untracked 
| 215|0x000000008d700000, 0x000000008d700000, 0x000000008d800000|  0%| F|  |TAMS 0x000000008d700000, 0x000000008d700000| Untracked 
| 216|0x000000008d800000, 0x000000008d800000, 0x000000008d900000|  0%| F|  |TAMS 0x000000008d800000, 0x000000008d800000| Untracked 
| 217|0x000000008d900000, 0x000000008d900000, 0x000000008da00000|  0%| F|  |TAMS 0x000000008d900000, 0x000000008d900000| Untracked 
| 218|0x000000008da00000, 0x000000008da00000, 0x000000008db00000|  0%| F|  |TAMS 0x000000008da00000, 0x000000008da00000| Untracked 
| 219|0x000000008db00000, 0x000000008db00000, 0x000000008dc00000|  0%| F|  |TAMS 0x000000008db00000, 0x000000008db00000| Untracked 
| 220|0x000000008dc00000, 0x000000008dc00000, 0x000000008dd00000|  0%| F|  |TAMS 0x000000008dc00000, 0x000000008dc00000| Untracked 
| 221|0x000000008dd00000, 0x000000008dd00000, 0x000000008de00000|  0%| F|  |TAMS 0x000000008dd00000, 0x000000008dd00000| Untracked 
| 222|0x000000008de00000, 0x000000008de00000, 0x000000008df00000|  0%| F|  |TAMS 0x000000008de00000, 0x000000008de00000| Untracked 
| 223|0x000000008df00000, 0x000000008df00000, 0x000000008e000000|  0%| F|  |TAMS 0x000000008df00000, 0x000000008df00000| Untracked 
| 224|0x000000008e000000, 0x000000008e000000, 0x000000008e100000|  0%| F|  |TAMS 0x000000008e000000, 0x000000008e000000| Untracked 
| 225|0x000000008e100000, 0x000000008e100000, 0x000000008e200000|  0%| F|  |TAMS 0x000000008e100000, 0x000000008e100000| Untracked 
| 226|0x000000008e200000, 0x000000008e200000, 0x000000008e300000|  0%| F|  |TAMS 0x000000008e200000, 0x000000008e200000| Untracked 
| 227|0x000000008e300000, 0x000000008e300000, 0x000000008e400000|  0%| F|  |TAMS 0x000000008e300000, 0x000000008e300000| Untracked 
| 228|0x000000008e400000, 0x000000008e400000, 0x000000008e500000|  0%| F|  |TAMS 0x000000008e400000, 0x000000008e400000| Untracked 
| 229|0x000000008e500000, 0x000000008e500000, 0x000000008e600000|  0%| F|  |TAMS 0x000000008e500000, 0x000000008e500000| Untracked 
| 230|0x000000008e600000, 0x000000008e600000, 0x000000008e700000|  0%| F|  |TAMS 0x000000008e600000, 0x000000008e600000| Untracked 
| 231|0x000000008e700000, 0x000000008e700000, 0x000000008e800000|  0%| F|  |TAMS 0x000000008e700000, 0x000000008e700000| Untracked 
| 232|0x000000008e800000, 0x000000008e800000, 0x000000008e900000|  0%| F|  |TAMS 0x000000008e800000, 0x000000008e800000| Untracked 
| 233|0x000000008e900000, 0x000000008e900000, 0x000000008ea00000|  0%| F|  |TAMS 0x000000008e900000, 0x000000008e900000| Untracked 
| 234|0x000000008ea00000, 0x000000008ea00000, 0x000000008eb00000|  0%| F|  |TAMS 0x000000008ea00000, 0x000000008ea00000| Untracked 
| 235|0x000000008eb00000, 0x000000008eb00000, 0x000000008ec00000|  0%| F|  |TAMS 0x000000008eb00000, 0x000000008eb00000| Untracked 
| 236|0x000000008ec00000, 0x000000008ec00000, 0x000000008ed00000|  0%| F|  |TAMS 0x000000008ec00000, 0x000000008ec00000| Untracked 
| 237|0x000000008ed00000, 0x000000008ed00000, 0x000000008ee00000|  0%| F|  |TAMS 0x000000008ed00000, 0x000000008ed00000| Untracked 
| 238|0x000000008ee00000, 0x000000008ee00000, 0x000000008ef00000|  0%| F|  |TAMS 0x000000008ee00000, 0x000000008ee00000| Untracked 
| 239|0x000000008ef00000, 0x000000008ef00000, 0x000000008f000000|  0%| F|  |TAMS 0x000000008ef00000, 0x000000008ef00000| Untracked 
| 240|0x000000008f000000, 0x000000008f000000, 0x000000008f100000|  0%| F|  |TAMS 0x000000008f000000, 0x000000008f000000| Untracked 
| 241|0x000000008f100000, 0x000000008f100000, 0x000000008f200000|  0%| F|  |TAMS 0x000000008f100000, 0x000000008f100000| Untracked 
| 242|0x000000008f200000, 0x000000008f200000, 0x000000008f300000|  0%| F|  |TAMS 0x000000008f200000, 0x000000008f200000| Untracked 
| 243|0x000000008f300000, 0x000000008f300000, 0x000000008f400000|  0%| F|  |TAMS 0x000000008f300000, 0x000000008f300000| Untracked 
| 244|0x000000008f400000, 0x000000008f400000, 0x000000008f500000|  0%| F|  |TAMS 0x000000008f400000, 0x000000008f400000| Untracked 
| 245|0x000000008f500000, 0x000000008f500000, 0x000000008f600000|  0%| F|  |TAMS 0x000000008f500000, 0x000000008f500000| Untracked 
| 246|0x000000008f600000, 0x000000008f600000, 0x000000008f700000|  0%| F|  |TAMS 0x000000008f600000, 0x000000008f600000| Untracked 
| 247|0x000000008f700000, 0x000000008f700000, 0x000000008f800000|  0%| F|  |TAMS 0x000000008f700000, 0x000000008f700000| Untracked 
| 248|0x000000008f800000, 0x000000008f800000, 0x000000008f900000|  0%| F|  |TAMS 0x000000008f800000, 0x000000008f800000| Untracked 
| 249|0x000000008f900000, 0x000000008f900000, 0x000000008fa00000|  0%| F|  |TAMS 0x000000008f900000, 0x000000008f900000| Untracked 
| 250|0x000000008fa00000, 0x000000008fa00000, 0x000000008fb00000|  0%| F|  |TAMS 0x000000008fa00000, 0x000000008fa00000| Untracked 
| 251|0x000000008fb00000, 0x000000008fb00000, 0x000000008fc00000|  0%| F|  |TAMS 0x000000008fb00000, 0x000000008fb00000| Untracked 
| 252|0x000000008fc00000, 0x000000008fc00000, 0x000000008fd00000|  0%| F|  |TAMS 0x000000008fc00000, 0x000000008fc00000| Untracked 
| 253|0x000000008fd00000, 0x000000008fd00000, 0x000000008fe00000|  0%| F|  |TAMS 0x000000008fd00000, 0x000000008fd00000| Untracked 
| 254|0x000000008fe00000, 0x000000008fe00000, 0x000000008ff00000|  0%| F|  |TAMS 0x000000008fe00000, 0x000000008fe00000| Untracked 
| 255|0x000000008ff00000, 0x000000008ff00000, 0x0000000090000000|  0%| F|  |TAMS 0x000000008ff00000, 0x000000008ff00000| Untracked 
| 256|0x0000000090000000, 0x0000000090000000, 0x0000000090100000|  0%| F|  |TAMS 0x0000000090000000, 0x0000000090000000| Untracked 
| 257|0x0000000090100000, 0x0000000090100000, 0x0000000090200000|  0%| F|  |TAMS 0x0000000090100000, 0x0000000090100000| Untracked 
| 258|0x0000000090200000, 0x0000000090200000, 0x0000000090300000|  0%| F|  |TAMS 0x0000000090200000, 0x0000000090200000| Untracked 
| 259|0x0000000090300000, 0x0000000090300000, 0x0000000090400000|  0%| F|  |TAMS 0x0000000090300000, 0x0000000090300000| Untracked 
| 260|0x0000000090400000, 0x0000000090400000, 0x0000000090500000|  0%| F|  |TAMS 0x0000000090400000, 0x0000000090400000| Untracked 
| 261|0x0000000090500000, 0x0000000090500000, 0x0000000090600000|  0%| F|  |TAMS 0x0000000090500000, 0x0000000090500000| Untracked 
| 262|0x0000000090600000, 0x0000000090600000, 0x0000000090700000|  0%| F|  |TAMS 0x0000000090600000, 0x0000000090600000| Untracked 
| 263|0x0000000090700000, 0x0000000090700000, 0x0000000090800000|  0%| F|  |TAMS 0x0000000090700000, 0x0000000090700000| Untracked 
| 264|0x0000000090800000, 0x0000000090800000, 0x0000000090900000|  0%| F|  |TAMS 0x0000000090800000, 0x0000000090800000| Untracked 
| 265|0x0000000090900000, 0x0000000090900000, 0x0000000090a00000|  0%| F|  |TAMS 0x0000000090900000, 0x0000000090900000| Untracked 
| 266|0x0000000090a00000, 0x0000000090a00000, 0x0000000090b00000|  0%| F|  |TAMS 0x0000000090a00000, 0x0000000090a00000| Untracked 
| 267|0x0000000090b00000, 0x0000000090b00000, 0x0000000090c00000|  0%| F|  |TAMS 0x0000000090b00000, 0x0000000090b00000| Untracked 
| 268|0x0000000090c00000, 0x0000000090c00000, 0x0000000090d00000|  0%| F|  |TAMS 0x0000000090c00000, 0x0000000090c00000| Untracked 
| 269|0x0000000090d00000, 0x0000000090d00000, 0x0000000090e00000|  0%| F|  |TAMS 0x0000000090d00000, 0x0000000090d00000| Untracked 
| 270|0x0000000090e00000, 0x0000000090e00000, 0x0000000090f00000|  0%| F|  |TAMS 0x0000000090e00000, 0x0000000090e00000| Untracked 
| 271|0x0000000090f00000, 0x0000000090f00000, 0x0000000091000000|  0%| F|  |TAMS 0x0000000090f00000, 0x0000000090f00000| Untracked 
| 272|0x0000000091000000, 0x0000000091000000, 0x0000000091100000|  0%| F|  |TAMS 0x0000000091000000, 0x0000000091000000| Untracked 
| 273|0x0000000091100000, 0x0000000091100000, 0x0000000091200000|  0%| F|  |TAMS 0x0000000091100000, 0x0000000091100000| Untracked 
| 274|0x0000000091200000, 0x0000000091200000, 0x0000000091300000|  0%| F|  |TAMS 0x0000000091200000, 0x0000000091200000| Untracked 
| 275|0x0000000091300000, 0x0000000091300000, 0x0000000091400000|  0%| F|  |TAMS 0x0000000091300000, 0x0000000091300000| Untracked 
| 276|0x0000000091400000, 0x0000000091400000, 0x0000000091500000|  0%| F|  |TAMS 0x0000000091400000, 0x0000000091400000| Untracked 
| 277|0x0000000091500000, 0x0000000091500000, 0x0000000091600000|  0%| F|  |TAMS 0x0000000091500000, 0x0000000091500000| Untracked 
| 278|0x0000000091600000, 0x0000000091600000, 0x0000000091700000|  0%| F|  |TAMS 0x0000000091600000, 0x0000000091600000| Untracked 
| 279|0x0000000091700000, 0x0000000091700000, 0x0000000091800000|  0%| F|  |TAMS 0x0000000091700000, 0x0000000091700000| Untracked 
| 280|0x0000000091800000, 0x0000000091800000, 0x0000000091900000|  0%| F|  |TAMS 0x0000000091800000, 0x0000000091800000| Untracked 
| 281|0x0000000091900000, 0x0000000091900000, 0x0000000091a00000|  0%| F|  |TAMS 0x0000000091900000, 0x0000000091900000| Untracked 
| 282|0x0000000091a00000, 0x0000000091a00000, 0x0000000091b00000|  0%| F|  |TAMS 0x0000000091a00000, 0x0000000091a00000| Untracked 
| 283|0x0000000091b00000, 0x0000000091b00000, 0x0000000091c00000|  0%| F|  |TAMS 0x0000000091b00000, 0x0000000091b00000| Untracked 
| 284|0x0000000091c00000, 0x0000000091c00000, 0x0000000091d00000|  0%| F|  |TAMS 0x0000000091c00000, 0x0000000091c00000| Untracked 
| 285|0x0000000091d00000, 0x0000000091d00000, 0x0000000091e00000|  0%| F|  |TAMS 0x0000000091d00000, 0x0000000091d00000| Untracked 
| 286|0x0000000091e00000, 0x0000000091e00000, 0x0000000091f00000|  0%| F|  |TAMS 0x0000000091e00000, 0x0000000091e00000| Untracked 
| 287|0x0000000091f00000, 0x0000000091f00000, 0x0000000092000000|  0%| F|  |TAMS 0x0000000091f00000, 0x0000000091f00000| Untracked 
| 288|0x0000000092000000, 0x0000000092000000, 0x0000000092100000|  0%| F|  |TAMS 0x0000000092000000, 0x0000000092000000| Untracked 
| 289|0x0000000092100000, 0x0000000092100000, 0x0000000092200000|  0%| F|  |TAMS 0x0000000092100000, 0x0000000092100000| Untracked 
| 290|0x0000000092200000, 0x0000000092200000, 0x0000000092300000|  0%| F|  |TAMS 0x0000000092200000, 0x0000000092200000| Untracked 
| 291|0x0000000092300000, 0x0000000092300000, 0x0000000092400000|  0%| F|  |TAMS 0x0000000092300000, 0x0000000092300000| Untracked 
| 292|0x0000000092400000, 0x0000000092400000, 0x0000000092500000|  0%| F|  |TAMS 0x0000000092400000, 0x0000000092400000| Untracked 
| 293|0x0000000092500000, 0x0000000092500000, 0x0000000092600000|  0%| F|  |TAMS 0x0000000092500000, 0x0000000092500000| Untracked 
| 294|0x0000000092600000, 0x0000000092670ec0, 0x0000000092700000| 44%| S|CS|TAMS 0x0000000092600000, 0x0000000092600000| Complete 
| 295|0x0000000092700000, 0x0000000092800000, 0x0000000092800000|100%| S|CS|TAMS 0x0000000092700000, 0x0000000092700000| Complete 
| 296|0x0000000092800000, 0x0000000092900000, 0x0000000092900000|100%| S|CS|TAMS 0x0000000092800000, 0x0000000092800000| Complete 
| 297|0x0000000092900000, 0x0000000092900000, 0x0000000092a00000|  0%| F|  |TAMS 0x0000000092900000, 0x0000000092900000| Untracked 
| 298|0x0000000092a00000, 0x0000000092a00000, 0x0000000092b00000|  0%| F|  |TAMS 0x0000000092a00000, 0x0000000092a00000| Untracked 
| 299|0x0000000092b00000, 0x0000000092b00000, 0x0000000092c00000|  0%| F|  |TAMS 0x0000000092b00000, 0x0000000092b00000| Untracked 
| 300|0x0000000092c00000, 0x0000000092c00000, 0x0000000092d00000|  0%| F|  |TAMS 0x0000000092c00000, 0x0000000092c00000| Untracked 
| 301|0x0000000092d00000, 0x0000000092d00000, 0x0000000092e00000|  0%| F|  |TAMS 0x0000000092d00000, 0x0000000092d00000| Untracked 
| 302|0x0000000092e00000, 0x0000000092e00000, 0x0000000092f00000|  0%| F|  |TAMS 0x0000000092e00000, 0x0000000092e00000| Untracked 
| 303|0x0000000092f00000, 0x0000000092f00000, 0x0000000093000000|  0%| F|  |TAMS 0x0000000092f00000, 0x0000000092f00000| Untracked 
| 304|0x0000000093000000, 0x0000000093000000, 0x0000000093100000|  0%| F|  |TAMS 0x0000000093000000, 0x0000000093000000| Untracked 
| 305|0x0000000093100000, 0x0000000093100000, 0x0000000093200000|  0%| F|  |TAMS 0x0000000093100000, 0x0000000093100000| Untracked 
| 306|0x0000000093200000, 0x0000000093200000, 0x0000000093300000|  0%| F|  |TAMS 0x0000000093200000, 0x0000000093200000| Untracked 
| 307|0x0000000093300000, 0x0000000093300000, 0x0000000093400000|  0%| F|  |TAMS 0x0000000093300000, 0x0000000093300000| Untracked 
| 308|0x0000000093400000, 0x0000000093400000, 0x0000000093500000|  0%| F|  |TAMS 0x0000000093400000, 0x0000000093400000| Untracked 
| 309|0x0000000093500000, 0x0000000093500000, 0x0000000093600000|  0%| F|  |TAMS 0x0000000093500000, 0x0000000093500000| Untracked 
| 310|0x0000000093600000, 0x0000000093600000, 0x0000000093700000|  0%| F|  |TAMS 0x0000000093600000, 0x0000000093600000| Untracked 
| 311|0x0000000093700000, 0x0000000093700000, 0x0000000093800000|  0%| F|  |TAMS 0x0000000093700000, 0x0000000093700000| Untracked 
| 312|0x0000000093800000, 0x0000000093800000, 0x0000000093900000|  0%| F|  |TAMS 0x0000000093800000, 0x0000000093800000| Untracked 
| 313|0x0000000093900000, 0x0000000093900000, 0x0000000093a00000|  0%| F|  |TAMS 0x0000000093900000, 0x0000000093900000| Untracked 
| 314|0x0000000093a00000, 0x0000000093a00000, 0x0000000093b00000|  0%| F|  |TAMS 0x0000000093a00000, 0x0000000093a00000| Untracked 
| 315|0x0000000093b00000, 0x0000000093b00000, 0x0000000093c00000|  0%| F|  |TAMS 0x0000000093b00000, 0x0000000093b00000| Untracked 
| 316|0x0000000093c00000, 0x0000000093c00000, 0x0000000093d00000|  0%| F|  |TAMS 0x0000000093c00000, 0x0000000093c00000| Untracked 
| 317|0x0000000093d00000, 0x0000000093d00000, 0x0000000093e00000|  0%| F|  |TAMS 0x0000000093d00000, 0x0000000093d00000| Untracked 
| 318|0x0000000093e00000, 0x0000000093e00000, 0x0000000093f00000|  0%| F|  |TAMS 0x0000000093e00000, 0x0000000093e00000| Untracked 
| 319|0x0000000093f00000, 0x0000000093f00000, 0x0000000094000000|  0%| F|  |TAMS 0x0000000093f00000, 0x0000000093f00000| Untracked 
| 320|0x0000000094000000, 0x0000000094000000, 0x0000000094100000|  0%| F|  |TAMS 0x0000000094000000, 0x0000000094000000| Untracked 
| 321|0x0000000094100000, 0x0000000094100000, 0x0000000094200000|  0%| F|  |TAMS 0x0000000094100000, 0x0000000094100000| Untracked 
| 322|0x0000000094200000, 0x0000000094200000, 0x0000000094300000|  0%| F|  |TAMS 0x0000000094200000, 0x0000000094200000| Untracked 
| 323|0x0000000094300000, 0x0000000094300000, 0x0000000094400000|  0%| F|  |TAMS 0x0000000094300000, 0x0000000094300000| Untracked 
| 324|0x0000000094400000, 0x0000000094400000, 0x0000000094500000|  0%| F|  |TAMS 0x0000000094400000, 0x0000000094400000| Untracked 
| 325|0x0000000094500000, 0x0000000094500000, 0x0000000094600000|  0%| F|  |TAMS 0x0000000094500000, 0x0000000094500000| Untracked 
| 326|0x0000000094600000, 0x0000000094600000, 0x0000000094700000|  0%| F|  |TAMS 0x0000000094600000, 0x0000000094600000| Untracked 
| 327|0x0000000094700000, 0x0000000094700000, 0x0000000094800000|  0%| F|  |TAMS 0x0000000094700000, 0x0000000094700000| Untracked 
| 328|0x0000000094800000, 0x0000000094800000, 0x0000000094900000|  0%| F|  |TAMS 0x0000000094800000, 0x0000000094800000| Untracked 
| 329|0x0000000094900000, 0x0000000094900000, 0x0000000094a00000|  0%| F|  |TAMS 0x0000000094900000, 0x0000000094900000| Untracked 
| 330|0x0000000094a00000, 0x0000000094a00000, 0x0000000094b00000|  0%| F|  |TAMS 0x0000000094a00000, 0x0000000094a00000| Untracked 
| 331|0x0000000094b00000, 0x0000000094b00000, 0x0000000094c00000|  0%| F|  |TAMS 0x0000000094b00000, 0x0000000094b00000| Untracked 
| 332|0x0000000094c00000, 0x0000000094c00000, 0x0000000094d00000|  0%| F|  |TAMS 0x0000000094c00000, 0x0000000094c00000| Untracked 
| 333|0x0000000094d00000, 0x0000000094d00000, 0x0000000094e00000|  0%| F|  |TAMS 0x0000000094d00000, 0x0000000094d00000| Untracked 
| 334|0x0000000094e00000, 0x0000000094e00000, 0x0000000094f00000|  0%| F|  |TAMS 0x0000000094e00000, 0x0000000094e00000| Untracked 
| 335|0x0000000094f00000, 0x0000000094f00000, 0x0000000095000000|  0%| F|  |TAMS 0x0000000094f00000, 0x0000000094f00000| Untracked 
| 336|0x0000000095000000, 0x0000000095000000, 0x0000000095100000|  0%| F|  |TAMS 0x0000000095000000, 0x0000000095000000| Untracked 
| 337|0x0000000095100000, 0x0000000095100000, 0x0000000095200000|  0%| F|  |TAMS 0x0000000095100000, 0x0000000095100000| Untracked 
| 338|0x0000000095200000, 0x0000000095200000, 0x0000000095300000|  0%| F|  |TAMS 0x0000000095200000, 0x0000000095200000| Untracked 
| 339|0x0000000095300000, 0x0000000095300000, 0x0000000095400000|  0%| F|  |TAMS 0x0000000095300000, 0x0000000095300000| Untracked 
| 340|0x0000000095400000, 0x0000000095400000, 0x0000000095500000|  0%| F|  |TAMS 0x0000000095400000, 0x0000000095400000| Untracked 
| 341|0x0000000095500000, 0x0000000095500000, 0x0000000095600000|  0%| F|  |TAMS 0x0000000095500000, 0x0000000095500000| Untracked 
| 342|0x0000000095600000, 0x0000000095600000, 0x0000000095700000|  0%| F|  |TAMS 0x0000000095600000, 0x0000000095600000| Untracked 
| 343|0x0000000095700000, 0x0000000095700000, 0x0000000095800000|  0%| F|  |TAMS 0x0000000095700000, 0x0000000095700000| Untracked 
| 344|0x0000000095800000, 0x0000000095800000, 0x0000000095900000|  0%| F|  |TAMS 0x0000000095800000, 0x0000000095800000| Untracked 
| 345|0x0000000095900000, 0x0000000095900000, 0x0000000095a00000|  0%| F|  |TAMS 0x0000000095900000, 0x0000000095900000| Untracked 
| 346|0x0000000095a00000, 0x0000000095a00000, 0x0000000095b00000|  0%| F|  |TAMS 0x0000000095a00000, 0x0000000095a00000| Untracked 

Card table byte_map: [0x000001a07a6c0000,0x000001a07aac0000] _byte_map_base: 0x000001a07a2c0000

Marking Bits (Prev, Next): (CMBitMap*) 0x000001a0677fdc00, (CMBitMap*) 0x000001a0677fdbc8
 Prev Bits: [0x000001a07cec0000, 0x000001a07eec0000)
 Next Bits: [0x000001a07aec0000, 0x000001a07cec0000)

Polling page: 0x000001a066fa0000

Metaspace:

Usage:
  Non-class:    116.91 MB capacity,   114.38 MB ( 98%) used,     2.11 MB (  2%) free+waste,   431.44 KB ( <1%) overhead. 
      Class:     17.55 MB capacity,    16.17 MB ( 92%) used,     1.19 MB (  7%) free+waste,   190.81 KB (  1%) overhead. 
       Both:    134.46 MB capacity,   130.55 MB ( 97%) used,     3.30 MB (  2%) free+waste,   622.25 KB ( <1%) overhead. 

Virtual space:
  Non-class space:      118.00 MB reserved,     116.92 MB (>99%) committed 
      Class space:        1.00 GB reserved,      17.63 MB (  2%) committed 
             Both:        1.12 GB reserved,     134.55 MB ( 12%) committed 

Chunk freelists:
   Non-Class:  11.00 KB
       Class:  16.00 KB
        Both:  27.00 KB

MaxMetaspaceSize: 17179869184.00 GB
CompressedClassSpaceSize: 1.00 GB

CodeHeap 'non-profiled nmethods': size=120064Kb used=16752Kb max_used=16781Kb free=103311Kb
 bounds [0x000001a072d80000, 0x000001a073df0000, 0x000001a07a2c0000]
CodeHeap 'profiled nmethods': size=120000Kb used=50813Kb max_used=50813Kb free=69186Kb
 bounds [0x000001a06b850000, 0x000001a06ea20000, 0x000001a072d80000]
CodeHeap 'non-nmethods': size=5696Kb used=2380Kb max_used=2424Kb free=3315Kb
 bounds [0x000001a06b2c0000, 0x000001a06b540000, 0x000001a06b850000]
 total_blobs=23161 nmethods=22158 adapters=912
 compilation: enabled
              stopped_count=0, restarted_count=0
 full_count=0

Compilation events (20 events):
Event: 3125.686 Thread 0x000001a07f3e0000 nmethod 25416 0x000001a06ea0f510 code [0x000001a06ea0f6c0, 0x000001a06ea0f808]
Event: 3125.686 Thread 0x000001a07f3e0000 25417       2       com.android.tools.r8.internal.Fa::a (81 bytes)
Event: 3125.686 Thread 0x000001a07f3e0000 nmethod 25417 0x000001a06ea0f910 code [0x000001a06ea0fb20, 0x000001a06ea0fdf8]
Event: 3125.690 Thread 0x000001a07f3dc800 nmethod 25381% 0x000001a073de2310 code [0x000001a073de24a0, 0x000001a073de2618]
Event: 3125.690 Thread 0x000001a07f3dc800 25402       4       com.android.tools.r8.internal.Of::b (226 bytes)
Event: 3125.695 Thread 0x000001a07f3e0000 25418       3       com.android.tools.r8.graph.a0::g (10 bytes)
Event: 3125.695 Thread 0x000001a07f3e0000 nmethod 25418 0x000001a06ea0ff90 code [0x000001a06ea10140, 0x000001a06ea10278]
Event: 3125.697 Thread 0x000001a07f3e0000 25419       3       com.android.tools.r8.internal.Ne$$Lambda$1681/0x00000001010e2c40::compare (12 bytes)
Event: 3125.697 Thread 0x000001a07f3e0000 nmethod 25419 0x000001a06ea10390 code [0x000001a06ea10560, 0x000001a06ea10a38]
Event: 3125.697 Thread 0x000001a07f3e0000 25420       3       com.android.tools.r8.internal.QG::a (12 bytes)
Event: 3125.698 Thread 0x000001a07f3e0000 nmethod 25420 0x000001a06ea10b90 code [0x000001a06ea10d60, 0x000001a06ea10f78]
Event: 3125.706 Thread 0x000001a07f3e0000 25422       2       com.android.tools.r8.internal.zg::a (243 bytes)
Event: 3125.708 Thread 0x000001a07f3e0000 nmethod 25422 0x000001a06ea11090 code [0x000001a06ea11380, 0x000001a06ea11ea8]
Event: 3125.714 Thread 0x000001a07f3e0000 25423       2       com.android.tools.r8.internal.m4::a (18 bytes)
Event: 3125.715 Thread 0x000001a07f3e0000 nmethod 25423 0x000001a06ea12610 code [0x000001a06ea127e0, 0x000001a06ea12958]
Event: 3125.722 Thread 0x000001a07f3e0000 25424       2       com.android.tools.r8.references.Reference::primitiveFromDescriptor (186 bytes)
Event: 3125.724 Thread 0x000001a07f3e0000 nmethod 25424 0x000001a06ea12a90 code [0x000001a06ea12ce0, 0x000001a06ea13378]
Event: 3125.725 Thread 0x000001a07f3e0000 25425       2       com.android.tools.r8.ir.conversion.k::a (3111 bytes)
Event: 3125.738 Thread 0x000001a07f3dc800 nmethod 25402 0x000001a073de2790 code [0x000001a073de29c0, 0x000001a073de3a68]
Event: 3125.738 Thread 0x000001a07f3dc800 25421       4       java.util.IdentityHashMap::clear (39 bytes)

GC Heap History (20 events):
Event: 3091.216 GC heap after
{Heap after GC invocations=182 (full 0):
 garbage-first heap   total 231424K, used 128276K [0x0000000080000000, 0x0000000100000000)
  region size 1024K, 3 young (3072K), 3 survivors (3072K)
 Metaspace       used 124082K, capacity 127683K, committed 127792K, reserved 1161216K
  class space    used 15228K, capacity 16466K, committed 16512K, reserved 1048576K
}
Event: 3096.824 GC heap before
{Heap before GC invocations=183 (full 0):
 garbage-first heap   total 231424K, used 186644K [0x0000000080000000, 0x0000000100000000)
  region size 1024K, 61 young (62464K), 3 survivors (3072K)
 Metaspace       used 125626K, capacity 129238K, committed 129328K, reserved 1161216K
  class space    used 15450K, capacity 16687K, committed 16768K, reserved 1048576K
}
Event: 3097.000 GC heap after
{Heap after GC invocations=184 (full 0):
 garbage-first heap   total 231424K, used 138206K [0x0000000080000000, 0x0000000100000000)
  region size 1024K, 8 young (8192K), 8 survivors (8192K)
 Metaspace       used 125626K, capacity 129238K, committed 129328K, reserved 1161216K
  class space    used 15450K, capacity 16687K, committed 16768K, reserved 1048576K
}
Event: 3099.255 GC heap before
{Heap before GC invocations=184 (full 0):
 garbage-first heap   total 231424K, used 178142K [0x0000000080000000, 0x0000000100000000)
  region size 1024K, 48 young (49152K), 8 survivors (8192K)
 Metaspace       used 126495K, capacity 130138K, committed 130480K, reserved 1163264K
  class space    used 15541K, capacity 16790K, committed 16896K, reserved 1048576K
}
Event: 3099.344 GC heap after
{Heap after GC invocations=185 (full 0):
 garbage-first heap   total 355328K, used 143575K [0x0000000080000000, 0x0000000100000000)
  region size 1024K, 6 young (6144K), 6 survivors (6144K)
 Metaspace       used 126495K, capacity 130138K, committed 130480K, reserved 1163264K
  class space    used 15541K, capacity 16790K, committed 16896K, reserved 1048576K
}
Event: 3102.488 GC heap before
{Heap before GC invocations=186 (full 0):
 garbage-first heap   total 355328K, used 175319K [0x0000000080000000, 0x0000000100000000)
  region size 1024K, 37 young (37888K), 6 survivors (6144K)
 Metaspace       used 127534K, capacity 131174K, committed 131376K, reserved 1163264K
  class space    used 15679K, capacity 16946K, committed 17024K, reserved 1048576K
}
Event: 3102.555 GC heap after
{Heap after GC invocations=187 (full 0):
 garbage-first heap   total 355328K, used 148028K [0x0000000080000000, 0x0000000100000000)
  region size 1024K, 5 young (5120K), 5 survivors (5120K)
 Metaspace       used 127534K, capacity 131174K, committed 131376K, reserved 1163264K
  class space    used 15679K, capacity 16946K, committed 17024K, reserved 1048576K
}
Event: 3106.025 GC heap before
{Heap before GC invocations=187 (full 0):
 garbage-first heap   total 355328K, used 187964K [0x0000000080000000, 0x0000000100000000)
  region size 1024K, 44 young (45056K), 5 survivors (5120K)
 Metaspace       used 127905K, capacity 131635K, committed 131888K, reserved 1165312K
  class space    used 15745K, capacity 17013K, committed 17024K, reserved 1048576K
}
Event: 3106.126 GC heap after
{Heap after GC invocations=188 (full 0):
 garbage-first heap   total 355328K, used 155643K [0x0000000080000000, 0x0000000100000000)
  region size 1024K, 6 young (6144K), 6 survivors (6144K)
 Metaspace       used 127905K, capacity 131635K, committed 131888K, reserved 1165312K
  class space    used 15745K, capacity 17013K, committed 17024K, reserved 1048576K
}
Event: 3112.504 GC heap before
{Heap before GC invocations=189 (full 0):
 garbage-first heap   total 355328K, used 208891K [0x0000000080000000, 0x0000000100000000)
  region size 1024K, 58 young (59392K), 6 survivors (6144K)
 Metaspace       used 128148K, capacity 131870K, committed 132016K, reserved 1165312K
  class space    used 15788K, capacity 17066K, committed 17152K, reserved 1048576K
}
Event: 3113.097 GC heap after
{Heap after GC invocations=190 (full 0):
 garbage-first heap   total 355328K, used 164864K [0x0000000080000000, 0x0000000100000000)
  region size 1024K, 8 young (8192K), 8 survivors (8192K)
 Metaspace       used 128148K, capacity 131870K, committed 132016K, reserved 1165312K
  class space    used 15788K, capacity 17066K, committed 17152K, reserved 1048576K
}
Event: 3113.456 GC heap before
{Heap before GC invocations=190 (full 0):
 garbage-first heap   total 355328K, used 174080K [0x0000000080000000, 0x0000000100000000)
  region size 1024K, 17 young (17408K), 8 survivors (8192K)
 Metaspace       used 128162K, capacity 131870K, committed 132016K, reserved 1165312K
  class space    used 15792K, capacity 17066K, committed 17152K, reserved 1048576K
}
Event: 3114.281 GC heap after
{Heap after GC invocations=191 (full 0):
 garbage-first heap   total 355328K, used 167855K [0x0000000080000000, 0x0000000100000000)
  region size 1024K, 2 young (2048K), 2 survivors (2048K)
 Metaspace       used 128162K, capacity 131870K, committed 132016K, reserved 1165312K
  class space    used 15792K, capacity 17066K, committed 17152K, reserved 1048576K
}
Event: 3114.777 GC heap before
{Heap before GC invocations=191 (full 0):
 garbage-first heap   total 355328K, used 183215K [0x0000000080000000, 0x0000000100000000)
  region size 1024K, 17 young (17408K), 2 survivors (2048K)
 Metaspace       used 128173K, capacity 131934K, committed 132272K, reserved 1165312K
  class space    used 15794K, capacity 17066K, committed 17152K, reserved 1048576K
}
Event: 3116.165 GC heap after
{Heap after GC invocations=192 (full 0):
 garbage-first heap   total 355328K, used 170369K [0x0000000080000000, 0x0000000100000000)
  region size 1024K, 3 young (3072K), 3 survivors (3072K)
 Metaspace       used 128173K, capacity 131934K, committed 132272K, reserved 1165312K
  class space    used 15794K, capacity 17066K, committed 17152K, reserved 1048576K
}
Event: 3122.081 GC heap before
{Heap before GC invocations=193 (full 0):
 garbage-first heap   total 355328K, used 194945K [0x0000000080000000, 0x0000000100000000)
  region size 1024K, 28 young (28672K), 3 survivors (3072K)
 Metaspace       used 131210K, capacity 135076K, committed 135216K, reserved 1167360K
  class space    used 16300K, capacity 17668K, committed 17792K, reserved 1048576K
}
Event: 3122.109 GC heap after
{Heap after GC invocations=194 (full 0):
 garbage-first heap   total 355328K, used 172817K [0x0000000080000000, 0x0000000100000000)
  region size 1024K, 4 young (4096K), 4 survivors (4096K)
 Metaspace       used 131210K, capacity 135076K, committed 135216K, reserved 1167360K
  class space    used 16300K, capacity 17668K, committed 17792K, reserved 1048576K
}
Event: 3123.440 GC heap before
{Heap before GC invocations=194 (full 0):
 garbage-first heap   total 355328K, used 199441K [0x0000000080000000, 0x0000000100000000)
  region size 1024K, 30 young (30720K), 4 survivors (4096K)
 Metaspace       used 132722K, capacity 136693K, committed 136880K, reserved 1169408K
  class space    used 16433K, capacity 17838K, committed 17920K, reserved 1048576K
}
Event: 3123.583 GC heap after
{Heap after GC invocations=195 (full 0):
 garbage-first heap   total 355328K, used 172879K [0x0000000080000000, 0x0000000100000000)
  region size 1024K, 2 young (2048K), 2 survivors (2048K)
 Metaspace       used 132722K, capacity 136693K, committed 136880K, reserved 1169408K
  class space    used 16433K, capacity 17838K, committed 17920K, reserved 1048576K
}
Event: 3125.786 GC heap before
{Heap before GC invocations=196 (full 0):
 garbage-first heap   total 355328K, used 222031K [0x0000000080000000, 0x0000000100000000)
  region size 1024K, 50 young (51200K), 2 survivors (2048K)
 Metaspace       used 133683K, capacity 137685K, committed 137776K, reserved 1169408K
  class space    used 16563K, capacity 17968K, committed 18048K, reserved 1048576K
}

Deoptimization events (20 events):
Event: 3125.520 Thread 0x000001a00a76f800 DEOPT PACKING pc=0x000001a073d7bef0 sp=0x00000041a0bf97f0
Event: 3125.520 Thread 0x000001a00a76f800 DEOPT UNPACKING pc=0x000001a06b2e65af sp=0x00000041a0bf9728 mode 2
Event: 3125.520 Thread 0x000001a00a76f800 Uncommon trap: trap_request=0xffffffde fr.pc=0x000001a073d7bef0 relative=0x00000000000000b0
Event: 3125.520 Thread 0x000001a00a76f800 Uncommon trap: reason=class_check action=maybe_recompile pc=0x000001a073d7bef0 method=com.android.tools.r8.internal.XG.a(Lcom/android/tools/r8/internal/dG;)Lcom/android/tools/r8/internal/XG; @ 34 c2
Event: 3125.520 Thread 0x000001a00a76f800 DEOPT PACKING pc=0x000001a073d7bef0 sp=0x00000041a0bf97a0
Event: 3125.520 Thread 0x000001a00a76f800 DEOPT UNPACKING pc=0x000001a06b2e65af sp=0x00000041a0bf96d8 mode 2
Event: 3125.537 Thread 0x000001a00a76f800 Uncommon trap: trap_request=0xffffffde fr.pc=0x000001a073d7bef0 relative=0x00000000000000b0
Event: 3125.537 Thread 0x000001a00a76f800 Uncommon trap: reason=class_check action=maybe_recompile pc=0x000001a073d7bef0 method=com.android.tools.r8.internal.XG.a(Lcom/android/tools/r8/internal/dG;)Lcom/android/tools/r8/internal/XG; @ 34 c2
Event: 3125.537 Thread 0x000001a00a76f800 DEOPT PACKING pc=0x000001a073d7bef0 sp=0x00000041a0bf97c0
Event: 3125.537 Thread 0x000001a00a76f800 DEOPT UNPACKING pc=0x000001a06b2e65af sp=0x00000041a0bf96f8 mode 2
Event: 3125.537 Thread 0x000001a00a76f800 Uncommon trap: trap_request=0xffffffde fr.pc=0x000001a073d7bef0 relative=0x00000000000000b0
Event: 3125.537 Thread 0x000001a00a76f800 Uncommon trap: reason=class_check action=maybe_recompile pc=0x000001a073d7bef0 method=com.android.tools.r8.internal.XG.a(Lcom/android/tools/r8/internal/dG;)Lcom/android/tools/r8/internal/XG; @ 34 c2
Event: 3125.537 Thread 0x000001a00a76f800 DEOPT PACKING pc=0x000001a073d7bef0 sp=0x00000041a0bf9770
Event: 3125.537 Thread 0x000001a00a76f800 DEOPT UNPACKING pc=0x000001a06b2e65af sp=0x00000041a0bf96a8 mode 2
Event: 3125.546 Thread 0x000001a00a76f800 Uncommon trap: trap_request=0xffffffde fr.pc=0x000001a073d7c24c relative=0x000000000000008c
Event: 3125.546 Thread 0x000001a00a76f800 Uncommon trap: reason=class_check action=maybe_recompile pc=0x000001a073d7c24c method=com.android.tools.r8.internal.XG.a(Lcom/android/tools/r8/internal/dG;)Lcom/android/tools/r8/internal/XG; @ 34 c2
Event: 3125.546 Thread 0x000001a00a76f800 DEOPT PACKING pc=0x000001a073d7c24c sp=0x00000041a0bf93f0
Event: 3125.546 Thread 0x000001a00a76f800 DEOPT UNPACKING pc=0x000001a06b2e65af sp=0x00000041a0bf9388 mode 2
Event: 3125.699 Thread 0x000001a00a772000 DEOPT PACKING pc=0x000001a06e61f51f sp=0x00000041a0af98e0
Event: 3125.699 Thread 0x000001a00a772000 DEOPT UNPACKING pc=0x000001a06b2e6d5e sp=0x00000041a0af8d70 mode 0

Classes redefined (0 events):
No events

Internal exceptions (20 events):
Event: 3120.362 Thread 0x000001a00a772000 Exception <a 'java/lang/NoSuchMethodError'{0x00000000956f8020}: 'java.lang.Object java.lang.invoke.DirectMethodHandle$Holder.invokeVirtual(java.lang.Object, java.lang.Object, int, java.lang.Object)'> (0x00000000956f8020) thrown at [./src/hotspot/share/interpreter/linkResolver.cpp, line 773]
Event: 3120.363 Thread 0x000001a00a76e000 Exception <a 'java/lang/NoSuchMethodError'{0x0000000095436988}: 'java.lang.Object java.lang.invoke.DirectMethodHandle$Holder.invokeVirtual(java.lang.Object, java.lang.Object, int, java.lang.Object)'> (0x0000000095436988) thrown at [./src/hotspot/share/interpreter/linkResolver.cpp, line 773]
Event: 3120.362 Thread 0x000001a00a76f800 Exception <a 'java/lang/NoSuchMethodError'{0x00000000955ec458}: 'java.lang.Object java.lang.invoke.DirectMethodHandle$Holder.invokeVirtual(java.lang.Object, java.lang.Object, int, java.lang.Object)'> (0x00000000955ec458) thrown at [./src/hotspot/share/interpreter/linkResolver.cpp, line 773]
Event: 3120.362 Thread 0x000001a00a773800 Exception <a 'java/lang/NoSuchMethodError'{0x0000000095441040}: 'java.lang.Object java.lang.invoke.DirectMethodHandle$Holder.invokeVirtual(java.lang.Object, java.lang.Object, int, java.lang.Object)'> (0x0000000095441040) thrown at [./src/hotspot/share/interpreter/linkResolver.cpp, line 773]
Event: 3120.440 Thread 0x000001a00a772000 Exception <a 'java/lang/IncompatibleClassChangeError'{0x00000000954755f8}: Found class java.lang.Object, but interface was expected> (0x00000000954755f8) thrown at [./src/hotspot/share/interpreter/linkResolver.cpp, line 839]
Event: 3120.440 Thread 0x000001a00a76e000 Exception <a 'java/lang/IncompatibleClassChangeError'{0x00000000953401e0}: Found class java.lang.Object, but interface was expected> (0x00000000953401e0) thrown at [./src/hotspot/share/interpreter/linkResolver.cpp, line 839]
Event: 3120.454 Thread 0x000001a00a76e000 Exception <a 'java/lang/IncompatibleClassChangeError'{0x000000009534e868}: Found class java.lang.Object, but interface was expected> (0x000000009534e868) thrown at [./src/hotspot/share/interpreter/linkResolver.cpp, line 839]
Event: 3120.608 Thread 0x000001a00a76e000 Exception <a 'java/lang/NoSuchMethodError'{0x0000000095108fc8}: 'void java.lang.invoke.DirectMethodHandle$Holder.invokeVirtual(java.lang.Object, java.lang.Object, int, java.lang.Object)'> (0x0000000095108fc8) thrown at [./src/hotspot/share/interpreter/linkResolver.cpp, line 773]
Event: 3120.608 Thread 0x000001a00a772000 Exception <a 'java/lang/NoSuchMethodError'{0x0000000095245ef8}: 'void java.lang.invoke.DirectMethodHandle$Holder.invokeVirtual(java.lang.Object, java.lang.Object, int, java.lang.Object)'> (0x0000000095245ef8) thrown at [./src/hotspot/share/interpreter/linkResolver.cpp, line 773]
Event: 3121.161 Thread 0x000001a00a76f800 Exception <a 'java/lang/NoSuchMethodError'{0x0000000094fea5a8}: 'int java.lang.invoke.DirectMethodHandle$Holder.invokeSpecial(java.lang.Object, java.lang.Object, java.lang.Object, int, java.lang.Object)'> (0x0000000094fea5a8) thrown at [./src/hotspot/share/interpreter/linkResolver.cpp, line 773]
Event: 3121.241 Thread 0x000001a00a76f800 Exception <a 'java/lang/NoSuchMethodError'{0x0000000094ff33a0}: 'java.lang.Object java.lang.invoke.DirectMethodHandle$Holder.newInvokeSpecial(java.lang.Object, int)'> (0x0000000094ff33a0) thrown at [./src/hotspot/share/interpreter/linkResolver.cpp, line 773]
Event: 3121.242 Thread 0x000001a00a773800 Exception <a 'java/lang/NoSuchMethodError'{0x0000000094ebe108}: 'java.lang.Object java.lang.invoke.DirectMethodHandle$Holder.newInvokeSpecial(java.lang.Object, int)'> (0x0000000094ebe108) thrown at [./src/hotspot/share/interpreter/linkResolver.cpp, line 773]
Event: 3121.751 Thread 0x000001a00a76f800 Exception <a 'java/lang/NoSuchMethodError'{0x00000000944c8d88}: 'java.lang.Object java.lang.invoke.DirectMethodHandle$Holder.invokeInterface(java.lang.Object, java.lang.Object, int)'> (0x00000000944c8d88) thrown at [./src/hotspot/share/interpreter/linkResolver.cpp, line 773]
Event: 3122.717 Thread 0x000001a00a76e000 Exception <a 'java/lang/NoSuchMethodError'{0x0000000094fcbe28}: 'java.lang.Object java.lang.invoke.DirectMethodHandle$Holder.invokeSpecial(java.lang.Object, java.lang.Object, java.lang.Object, java.lang.Object, java.lang.Object, java.lang.Object, java.lang.Object, java.lang.Object, java.lang.Object, java.lang.Object, java.lang.Object)'> (0x0000000094fcbe28) thrown at [./src/hotspot/share/interpreter/linkResolver.cpp, line 773]
Event: 3122.718 Thread 0x000001a00a76e000 Exception <a 'java/lang/NoSuchMethodError'{0x0000000094fe39e0}: 'java.lang.Object java.lang.invoke.Invokers$Holder.linkToTargetMethod(java.lang.Object, java.lang.Object, java.lang.Object, java.lang.Object, java.lang.Object, java.lang.Object, java.lang.Object, java.lang.Object, java.lang.Object, java.lang.Object)'> (0x0000000094fe39e0) thrown at [./src/hotspot/share/interpreter/linkResolver.cpp, line 773]
Event: 3122.893 Thread 0x000001a00a76e000 Exception <a 'java/lang/IncompatibleClassChangeError'{0x0000000094c75778}: Found class java.lang.Object, but interface was expected> (0x0000000094c75778) thrown at [./src/hotspot/share/interpreter/linkResolver.cpp, line 839]
Event: 3123.421 Thread 0x000001a00a773800 Exception <a 'java/lang/NoSuchMethodError'{0x000000009445a618}: 'void java.lang.invoke.DirectMethodHandle$Holder.invokeSpecial(java.lang.Object, java.lang.Object, int, java.lang.Object, java.lang.Object, java.lang.Object, java.lang.Object)'> (0x000000009445a618) thrown at [./src/hotspot/share/interpreter/linkResolver.cpp, line 773]
Event: 3123.424 Thread 0x000001a00a773800 Exception <a 'java/lang/NoSuchMethodError'{0x000000009410b348}: 'java.lang.Object java.lang.invoke.Invokers$Holder.linkToTargetMethod(java.lang.Object, int, java.lang.Object, java.lang.Object, java.lang.Object, java.lang.Object)'> (0x000000009410b348) thrown at [./src/hotspot/share/interpreter/linkResolver.cpp, line 773]
Event: 3123.426 Thread 0x000001a00a773800 Exception <a 'java/lang/NoSuchMethodError'{0x00000000941631b0}: 'void java.lang.invoke.DirectMethodHandle$Holder.invokeSpecial(java.lang.Object, java.lang.Object, java.lang.Object, java.lang.Object, java.lang.Object, java.lang.Object, java.lang.Object, java.lang.Object, java.lang.Object)'> (0x00000000941631b0) thrown at [./src/hotspot/share/interpreter/linkResolver.cpp, line 773]
Event: 3123.430 Thread 0x000001a00a773800 Exception <a 'java/lang/NoSuchMethodError'{0x000000009417e2b0}: 'void java.lang.invoke.DirectMethodHandle$Holder.invokeStatic(java.lang.Object, java.lang.Object, java.lang.Object, java.lang.Object, java.lang.Object, java.lang.Object, java.lang.Object, java.lang.Object)'> (0x000000009417e2b0) thrown at [./src/hotspot/share/interpreter/linkResolver.cpp, line 773]

Events (20 events):
Event: 3125.597 loading class com/android/tools/r8/internal/cu
Event: 3125.597 loading class com/android/tools/r8/internal/cu done
Event: 3125.598 loading class com/android/tools/r8/code/s
Event: 3125.598 loading class com/android/tools/r8/code/s done
Event: 3125.598 loading class com/android/tools/r8/internal/fu
Event: 3125.598 loading class com/android/tools/r8/internal/fu done
Event: 3125.634 loading class com/android/tools/r8/internal/Kz
Event: 3125.634 loading class com/android/tools/r8/internal/Kz done
Event: 3125.682 loading class com/android/tools/r8/internal/m4
Event: 3125.682 loading class com/android/tools/r8/internal/m4 done
Event: 3125.686 loading class com/android/tools/r8/internal/o0
Event: 3125.686 loading class com/android/tools/r8/internal/o0 done
Event: 3125.738 Thread 0x000001a07f3fd800 flushing nmethod 0x000001a072d93590
Event: 3125.739 Thread 0x000001a07f3fd800 flushing nmethod 0x000001a072dd4690
Event: 3125.739 Thread 0x000001a07f3fd800 flushing nmethod 0x000001a072e99210
Event: 3125.740 Thread 0x000001a07f3fd800 flushing nmethod 0x000001a072eda010
Event: 3125.740 Thread 0x000001a07f3fd800 flushing nmethod 0x000001a072f12290
Event: 3125.740 Thread 0x000001a07f3fd800 flushing nmethod 0x000001a072f48690
Event: 3125.741 Thread 0x000001a07f3fd800 flushing nmethod 0x000001a072fb2a90
Event: 3125.768 Executing VM operation: G1CollectForAllocation


Dynamic libraries:
0x00007ff647d40000 - 0x00007ff647d4a000 	C:\Program Files\Android\Android Studio1\jre\bin\java.exe
0x00007ffa622b0000 - 0x00007ffa624a5000 	C:\WINDOWS\SYSTEM32\ntdll.dll
0x00007ffa60310000 - 0x00007ffa603cd000 	C:\WINDOWS\System32\KERNEL32.DLL
0x00007ffa5fb30000 - 0x00007ffa5fdfd000 	C:\WINDOWS\System32\KERNELBASE.dll
0x00007ffa5fe50000 - 0x00007ffa5ff50000 	C:\WINDOWS\System32\ucrtbase.dll
0x00007ffa5b860000 - 0x00007ffa5b877000 	C:\Program Files\Android\Android Studio1\jre\bin\VCRUNTIME140.dll
0x00007ffa5b880000 - 0x00007ffa5b899000 	C:\Program Files\Android\Android Studio1\jre\bin\jli.dll
0x00007ffa61ee0000 - 0x00007ffa62080000 	C:\WINDOWS\System32\USER32.dll
0x00007ffa4ef80000 - 0x00007ffa4f21a000 	C:\WINDOWS\WinSxS\amd64_microsoft.windows.common-controls_6595b64144ccf1df_6.0.19041.1110_none_60b5254171f9507e\COMCTL32.dll
0x00007ffa5f9c0000 - 0x00007ffa5f9e2000 	C:\WINDOWS\System32\win32u.dll
0x00007ffa60b60000 - 0x00007ffa60bfe000 	C:\WINDOWS\System32\msvcrt.dll
0x00007ffa60470000 - 0x00007ffa6049a000 	C:\WINDOWS\System32\GDI32.dll
0x00007ffa5f9f0000 - 0x00007ffa5fafb000 	C:\WINDOWS\System32\gdi32full.dll
0x00007ffa60260000 - 0x00007ffa602fd000 	C:\WINDOWS\System32\msvcp_win.dll
0x00007ffa603d0000 - 0x00007ffa60400000 	C:\WINDOWS\System32\IMM32.DLL
0x00007ffa3f590000 - 0x00007ffa3f62d000 	C:\Program Files\Android\Android Studio1\jre\bin\msvcp140.dll
0x00007ffa22730000 - 0x00007ffa23205000 	C:\Program Files\Android\Android Studio1\jre\bin\server\jvm.dll
0x00007ffa62080000 - 0x00007ffa6212e000 	C:\WINDOWS\System32\ADVAPI32.dll
0x00007ffa60ce0000 - 0x00007ffa60d7c000 	C:\WINDOWS\System32\sechost.dll
0x00007ffa62140000 - 0x00007ffa62265000 	C:\WINDOWS\System32\RPCRT4.dll
0x00007ffa62130000 - 0x00007ffa62138000 	C:\WINDOWS\System32\PSAPI.DLL
0x00007ffa4d8b0000 - 0x00007ffa4d8d7000 	C:\WINDOWS\SYSTEM32\WINMM.dll
0x00007ffa5a2b0000 - 0x00007ffa5a2ba000 	C:\WINDOWS\SYSTEM32\VERSION.dll
0x00007ffa5a990000 - 0x00007ffa5a999000 	C:\WINDOWS\SYSTEM32\WSOCK32.dll
0x00007ffa61e70000 - 0x00007ffa61edb000 	C:\WINDOWS\System32\WS2_32.dll
0x00007ffa5d8a0000 - 0x00007ffa5d8b2000 	C:\WINDOWS\SYSTEM32\kernel.appcore.dll
0x00007ffa4d760000 - 0x00007ffa4d771000 	C:\Program Files\Android\Android Studio1\jre\bin\verify.dll
0x00007ffa3d3b0000 - 0x00007ffa3d594000 	C:\WINDOWS\SYSTEM32\DBGHELP.DLL
0x00007ffa3d360000 - 0x00007ffa3d38c000 	C:\WINDOWS\SYSTEM32\dbgcore.DLL
0x00007ffa5ff50000 - 0x00007ffa5ffd2000 	C:\WINDOWS\System32\bcryptPrimitives.dll
0x00007ffa4c3e0000 - 0x00007ffa4c409000 	C:\Program Files\Android\Android Studio1\jre\bin\java.dll
0x00007ffa589c0000 - 0x00007ffa589cb000 	C:\Program Files\Android\Android Studio1\jre\bin\jimage.dll
0x00007ffa4c3c0000 - 0x00007ffa4c3d8000 	C:\Program Files\Android\Android Studio1\jre\bin\zip.dll
0x00007ffa61530000 - 0x00007ffa61c74000 	C:\WINDOWS\System32\SHELL32.dll
0x00007ffa5daa0000 - 0x00007ffa5e234000 	C:\WINDOWS\SYSTEM32\windows.storage.dll
0x00007ffa60e00000 - 0x00007ffa61154000 	C:\WINDOWS\System32\combase.dll
0x00007ffa5f420000 - 0x00007ffa5f44c000 	C:\WINDOWS\SYSTEM32\Wldp.dll
0x00007ffa61dc0000 - 0x00007ffa61e6d000 	C:\WINDOWS\System32\SHCORE.dll
0x00007ffa60c20000 - 0x00007ffa60c75000 	C:\WINDOWS\System32\shlwapi.dll
0x00007ffa5f900000 - 0x00007ffa5f91f000 	C:\WINDOWS\SYSTEM32\profapi.dll
0x00007ffa4c2f0000 - 0x00007ffa4c30a000 	C:\Program Files\Android\Android Studio1\jre\bin\net.dll
0x00007ffa567f0000 - 0x00007ffa568fa000 	C:\WINDOWS\SYSTEM32\WINHTTP.dll
0x00007ffa5f180000 - 0x00007ffa5f1ea000 	C:\WINDOWS\system32\mswsock.dll
0x00007ffa4c2d0000 - 0x00007ffa4c2e4000 	C:\Program Files\Android\Android Studio1\jre\bin\nio.dll
0x00007ffa379c0000 - 0x00007ffa379e7000 	C:\Users\Nguyen Thi Hong Hanh\.gradle\native\8bec1ad78214c89d9ad589b4d07fe93259594b29d510b10fafb7a158f7737e5d\windows-amd64\native-platform.dll
0x00007ffa25ff0000 - 0x00007ffa2612d000 	C:\Users\Nguyen Thi Hong Hanh\.gradle\native\53dbd7edfb1c66fb8903c78663c9afc45aea4f116125fa6feffd364cf09443e8\windows-amd64\native-platform-file-events.dll
0x00007ffa541e0000 - 0x00007ffa541ea000 	C:\Program Files\Android\Android Studio1\jre\bin\management.dll
0x00007ffa4e790000 - 0x00007ffa4e79d000 	C:\Program Files\Android\Android Studio1\jre\bin\management_ext.dll
0x00007ffa5f370000 - 0x00007ffa5f388000 	C:\WINDOWS\SYSTEM32\CRYPTSP.dll
0x00007ffa5ea90000 - 0x00007ffa5eac4000 	C:\WINDOWS\system32\rsaenh.dll
0x00007ffa5fb00000 - 0x00007ffa5fb27000 	C:\WINDOWS\System32\bcrypt.dll
0x00007ffa5f880000 - 0x00007ffa5f8ae000 	C:\WINDOWS\SYSTEM32\USERENV.dll
0x00007ffa5f390000 - 0x00007ffa5f39c000 	C:\WINDOWS\SYSTEM32\CRYPTBASE.dll
0x00007ffa5ee20000 - 0x00007ffa5ee5b000 	C:\WINDOWS\SYSTEM32\IPHLPAPI.DLL
0x00007ffa60300000 - 0x00007ffa60308000 	C:\WINDOWS\System32\NSI.dll
0x00007ffa56340000 - 0x00007ffa56357000 	C:\WINDOWS\SYSTEM32\dhcpcsvc6.DLL
0x00007ffa56650000 - 0x00007ffa5666d000 	C:\WINDOWS\SYSTEM32\dhcpcsvc.DLL
0x00007ffa5ee70000 - 0x00007ffa5ef3b000 	C:\WINDOWS\SYSTEM32\DNSAPI.dll
0x00007ffa5e6a0000 - 0x00007ffa5e6d3000 	C:\WINDOWS\SYSTEM32\ntmarta.dll
0x00007ffa3df10000 - 0x00007ffa3df37000 	C:\Program Files\Android\Android Studio1\jre\bin\sunec.dll
0x00007ffa50d40000 - 0x00007ffa50d4a000 	C:\Windows\System32\rasadhlp.dll
0x00007ffa50d60000 - 0x00007ffa50de0000 	C:\WINDOWS\System32\fwpuclnt.dll

dbghelp: loaded successfully - version: 4.0.5 - missing functions: none
symbol engine: initialized successfully - sym options: 0x614 - pdb path: .;C:\Program Files\Android\Android Studio1\jre\bin;C:\WINDOWS\SYSTEM32;C:\WINDOWS\WinSxS\amd64_microsoft.windows.common-controls_6595b64144ccf1df_6.0.19041.1110_none_60b5254171f9507e;C:\Program Files\Android\Android Studio1\jre\bin\server;C:\Users\Nguyen Thi Hong Hanh\.gradle\native\8bec1ad78214c89d9ad589b4d07fe93259594b29d510b10fafb7a158f7737e5d\windows-amd64;C:\Users\Nguyen Thi Hong Hanh\.gradle\native\53dbd7edfb1c66fb8903c78663c9afc45aea4f116125fa6feffd364cf09443e8\windows-amd64

VM Arguments:
jvm_args: --add-opens=java.base/java.util=ALL-UNNAMED --add-opens=java.base/java.lang=ALL-UNNAMED --add-opens=java.base/java.lang.invoke=ALL-UNNAMED --add-opens=java.base/java.util=ALL-UNNAMED --add-opens=java.prefs/java.util.prefs=ALL-UNNAMED --add-opens=java.prefs/java.util.prefs=ALL-UNNAMED --add-opens=java.base/java.nio.charset=ALL-UNNAMED --add-opens=java.base/java.net=ALL-UNNAMED --add-opens=java.base/java.util.concurrent.atomic=ALL-UNNAMED -Xmx2048m -Dfile.encoding=UTF-8 -Duser.country=US -Duser.language=en -Duser.variant 
java_command: org.gradle.launcher.daemon.bootstrap.GradleDaemon 7.0.2
java_class_path (initial): C:\Users\Nguyen Thi Hong Hanh\.gradle\wrapper\dists\gradle-7.0.2-all\7era6s5ay7zsbhuvl0oc9g94s\gradle-7.0.2\lib\gradle-launcher-7.0.2.jar
Launcher Type: SUN_STANDARD

[Global flags]
     intx CICompilerCount                          = 3                                         {product} {ergonomic}
     uint ConcGCThreads                            = 1                                         {product} {ergonomic}
     uint G1ConcRefinementThreads                  = 4                                         {product} {ergonomic}
   size_t G1HeapRegionSize                         = 1048576                                   {product} {ergonomic}
    uintx GCDrainStackTargetSize                   = 64                                        {product} {ergonomic}
   size_t InitialHeapSize                          = 65011712                                  {product} {ergonomic}
   size_t MarkStackSize                            = 4194304                                   {product} {ergonomic}
   size_t MaxHeapSize                              = 2147483648                                {product} {command line}
   size_t MaxNewSize                               = 1287651328                                {product} {ergonomic}
   size_t MinHeapDeltaBytes                        = 1048576                                   {product} {ergonomic}
    uintx NonNMethodCodeHeapSize                   = 5830732                                {pd product} {ergonomic}
    uintx NonProfiledCodeHeapSize                  = 122913754                              {pd product} {ergonomic}
    uintx ProfiledCodeHeapSize                     = 122913754                              {pd product} {ergonomic}
    uintx ReservedCodeCacheSize                    = 251658240                              {pd product} {ergonomic}
     bool SegmentedCodeCache                       = true                                      {product} {ergonomic}
     bool UseCompressedClassPointers               = true                                 {lp64_product} {ergonomic}
     bool UseCompressedOops                        = true                                 {lp64_product} {ergonomic}
     bool UseG1GC                                  = true                                      {product} {ergonomic}
     bool UseLargePagesIndividualAllocation        = false                                  {pd product} {ergonomic}

Logging:
Log output configuration:
 #0: stdout all=warning uptime,level,tags
 #1: stderr all=off uptime,level,tags

Environment Variables:
PATH=C:\Program Files (x86)\Microchip\xc8\v1.00\bin;C:\Program Files\Common Files\Oracle\Java\javapath;C:\Program Files (x86)\Common Files\Oracle\Java\javapath;C:\WINDOWS\system32;C:\WINDOWS;C:\WINDOWS\System32\Wbem;C:\WINDOWS\System32\WindowsPowerShell\v1.0\;C:\WINDOWS\System32\OpenSSH\;C:\Program Files\Microsoft SQL Server\Client SDK\ODBC\170\Tools\Binn\;C:\Program Files (x86)\Microsoft SQL Server\150\Tools\Binn\;C:\Program Files\Microsoft SQL Server\150\Tools\Binn\;C:\Program Files\Microsoft SQL Server\150\DTS\Binn\;C:\xampp\php;C:\ProgramData\ComposerSetup\bin;C:\Program Files (x86)\Microchip\xc8\v1.00\bin;C:\Users\Nguyen Thi Hong Hanh\AppData\Local\Microsoft\WindowsApps;C:\Program Files\Azure Data Studio\bin;C:\Users\Nguyen Thi Hong Hanh\AppData\Roaming\Composer\vendor\bin;C:\Program Files\JetBrains\IntelliJ IDEA 2021.3\bin;
USERNAME=Nguyen Thi Hong Hanh
OS=Windows_NT
PROCESSOR_IDENTIFIER=Intel64 Family 6 Model 58 Stepping 9, GenuineIntel



---------------  S Y S T E M  ---------------

OS: Windows 10 , 64 bit Build 19041 (10.0.19041.1706)
OS uptime: 0 days 22:09 hours

CPU:total 4 (initial active 4) (2 cores per cpu, 2 threads per core) family 6 model 58 stepping 9 microcode 0x21, cmov, cx8, fxsr, mmx, sse, sse2, sse3, ssse3, sse4.1, sse4.2, popcnt, avx, clmul, erms, ht, tsc, tscinvbit, tscinv

Memory: 4k page, system-wide physical 3959M (414M free)
TotalPageFile size 12945M (AvailPageFile size 246M)
current process WorkingSet (physical memory assigned to process): 445M, peak: 445M
current process commit charge ("private bytes"): 770M, peak: 1312M

vm_info: OpenJDK 64-Bit Server VM (11.0.11+9-b60-7590822) for windows-amd64 JRE (11.0.11+9-b60-7590822), built on Jul 29 2021 21:43:44 by "builder" with MS VC++ 14.0 (VS2015)

END.
