#
# There is insufficient memory for the Java Runtime Environment to continue.
# Native memory allocation (mmap) failed to map 308281344 bytes for Failed to commit area from 0x0000000094400000 to 0x00000000a6a00000 of length 308281344.
# Possible reasons:
#   The system is out of physical RAM or swap space
#   The process is running with CompressedOops enabled, and the Java Heap may be blocking the growth of the native heap
# Possible solutions:
#   Reduce memory load on the system
#   Increase physical memory or swap space
#   Check if swap backing store is full
#   Decrease Java heap size (-Xmx/-Xms)
#   Decrease number of Java threads
#   Decrease Java thread stack sizes (-Xss)
#   Set larger code cache with -XX:ReservedCodeCacheSize=
#   JVM is running with Unscaled Compressed Oops mode in which the Java heap is
#     placed in the first 4GB address space. The Java Heap base address is the
#     maximum limit for the native heap growth. Please use -XX:HeapBaseMinAddress
#     to set the Java Heap base and to place the Java Heap above 4GB virtual address.
# This output file may be truncated or incomplete.
#
#  Out of Memory Error (./src/hotspot/os/windows/os_windows.cpp:3301), pid=7096, tid=228
#
# JRE version: OpenJDK Runtime Environment (11.0.11+9) (build 11.0.11+9-b60-7590822)
# Java VM: OpenJDK 64-Bit Server VM (11.0.11+9-b60-7590822, mixed mode, tiered, compressed oops, g1 gc, windows-amd64)
# No core dump will be written. Minidumps are not enabled by default on client versions of Windows
#

---------------  S U M M A R Y ------------

Command Line: --add-opens=java.base/java.util=ALL-UNNAMED --add-opens=java.base/java.lang=ALL-UNNAMED --add-opens=java.base/java.lang.invoke=ALL-UNNAMED --add-opens=java.base/java.util=ALL-UNNAMED --add-opens=java.prefs/java.util.prefs=ALL-UNNAMED --add-opens=java.prefs/java.util.prefs=ALL-UNNAMED --add-opens=java.base/java.nio.charset=ALL-UNNAMED --add-opens=java.base/java.net=ALL-UNNAMED --add-opens=java.base/java.util.concurrent.atomic=ALL-UNNAMED -Xmx2048m -Dfile.encoding=UTF-8 -Duser.country=US -Duser.language=en -Duser.variant org.gradle.launcher.daemon.bootstrap.GradleDaemon 7.0.2

Host: Intel(R) Core(TM) i3-3110M CPU @ 2.40GHz, 4 cores, 3G,  Windows 10 , 64 bit Build 19041 (10.0.19041.1706)
Time: Sun May 15 22:08:26 2022 SE Asia Standard Time elapsed time: 116.117623 seconds (0d 0h 1m 56s)

---------------  T H R E A D  ---------------

Current thread (0x0000027c637eb800):  VMThread "VM Thread" [stack: 0x000000db4a400000,0x000000db4a500000] [id=228]

Stack: [0x000000db4a400000,0x000000db4a500000]
[error occurred during error reporting (printing stack bounds), id 0xc0000005, EXCEPTION_ACCESS_VIOLATION (0xc0000005) at pc=0x0000027c4cf80f2d]

Native frames: (J=compiled Java code, j=interpreted, Vv=VM code, C=native code)
V  [jvm.dll+0x5f214a]
V  [jvm.dll+0x726fb5]
V  [jvm.dll+0x7285cd]
V  [jvm.dll+0x728be5]
V  [jvm.dll+0x728b9b]
V  [jvm.dll+0x5f14e8]
V  [jvm.dll+0x5f1c78]
C  [ntdll.dll+0xa209f]
C  [ntdll.dll+0x51454]
C  [ntdll.dll+0xa0bce]
C  0x0000027c4cf80f2d

VM_Operation (0x000000db4bafcc80): G1CollectForAllocation, mode: safepoint, requested by thread 0x0000027c65104800


---------------  P R O C E S S  ---------------

Threads class SMR info:
_java_thread_list=0x0000027c6e8eb730, length=57, elements={
0x0000027c47c9b000, 0x0000027c637ee000, 0x0000027c637f1800, 0x0000027c63807800,
0x0000027c6380a800, 0x0000027c6380b800, 0x0000027c63811800, 0x0000027c6381d800,
0x0000027c6381e800, 0x0000027c642cd800, 0x0000027c65235000, 0x0000027c656bc000,
0x0000027c64212000, 0x0000027c65900800, 0x0000027c65901000, 0x0000027c64fa7000,
0x0000027c66573800, 0x0000027c64454000, 0x0000027c65bf6800, 0x0000027c65bf8000,
0x0000027c65bf7800, 0x0000027c65bf5800, 0x0000027c664d4000, 0x0000027c664d5800,
0x0000027c664d4800, 0x0000027c664d3000, 0x0000027c664d7000, 0x0000027c664d6000,
0x0000027c664d8000, 0x0000027c664dc000, 0x0000027c664db000, 0x0000027c664d8800,
0x0000027c664dd000, 0x0000027c664dd800, 0x0000027c664d9800, 0x0000027c664de800,
0x0000027c664e0000, 0x0000027c664e1000, 0x0000027c65100800, 0x0000027c65101000,
0x0000027c650ff800, 0x0000027c650fd000, 0x0000027c650fb800, 0x0000027c65102000,
0x0000027c650fc000, 0x0000027c65102800, 0x0000027c65103800, 0x0000027c65104800,
0x0000027c650fe800, 0x0000027c65106000, 0x0000027c65107000, 0x0000027c65107800,
0x0000027c65105000, 0x0000027c6510a000, 0x0000027c65108800, 0x0000027c65109000,
0x0000027c723dd000
}

Java Threads: ( => current thread )
  0x0000027c47c9b000 JavaThread "main" [_thread_blocked, id=8848, stack(0x000000db49e00000,0x000000db49f00000)]
  0x0000027c637ee000 JavaThread "Reference Handler" daemon [_thread_blocked, id=11476, stack(0x000000db4a500000,0x000000db4a600000)]
  0x0000027c637f1800 JavaThread "Finalizer" daemon [_thread_blocked, id=10456, stack(0x000000db4a600000,0x000000db4a700000)]
  0x0000027c63807800 JavaThread "Signal Dispatcher" daemon [_thread_blocked, id=7056, stack(0x000000db4a700000,0x000000db4a800000)]
  0x0000027c6380a800 JavaThread "Attach Listener" daemon [_thread_blocked, id=13296, stack(0x000000db4a800000,0x000000db4a900000)]
  0x0000027c6380b800 JavaThread "Service Thread" daemon [_thread_blocked, id=13124, stack(0x000000db4a900000,0x000000db4aa00000)]
  0x0000027c63811800 JavaThread "C2 CompilerThread0" daemon [_thread_blocked, id=4320, stack(0x000000db4aa00000,0x000000db4ab00000)]
  0x0000027c6381d800 JavaThread "C1 CompilerThread0" daemon [_thread_blocked, id=10332, stack(0x000000db4ab00000,0x000000db4ac00000)]
  0x0000027c6381e800 JavaThread "Sweeper thread" daemon [_thread_blocked, id=12128, stack(0x000000db4ac00000,0x000000db4ad00000)]
  0x0000027c642cd800 JavaThread "Common-Cleaner" daemon [_thread_blocked, id=12880, stack(0x000000db4ad00000,0x000000db4ae00000)]
  0x0000027c65235000 JavaThread "Daemon health stats" [_thread_blocked, id=9800, stack(0x000000db4b000000,0x000000db4b100000)]
  0x0000027c656bc000 JavaThread "Incoming local TCP Connector on port 50825" [_thread_in_native, id=5976, stack(0x000000db4b100000,0x000000db4b200000)]
  0x0000027c64212000 JavaThread "Daemon periodic checks" [_thread_blocked, id=4380, stack(0x000000db4b200000,0x000000db4b300000)]
  0x0000027c65900800 JavaThread "Daemon" [_thread_blocked, id=10692, stack(0x000000db4b500000,0x000000db4b600000)]
  0x0000027c65901000 JavaThread "Handler for socket connection from /127.0.0.1:50825 to /127.0.0.1:50826" [_thread_in_native, id=4220, stack(0x000000db4b600000,0x000000db4b700000)]
  0x0000027c64fa7000 JavaThread "Cancel handler" [_thread_blocked, id=1776, stack(0x000000db4b700000,0x000000db4b800000)]
  0x0000027c66573800 JavaThread "Daemon worker" [_thread_blocked, id=3304, stack(0x000000db4b800000,0x000000db4b900000)]
  0x0000027c64454000 JavaThread "Asynchronous log dispatcher for DefaultDaemonConnection: socket connection from /127.0.0.1:50825 to /127.0.0.1:50826" [_thread_blocked, id=7156, stack(0x000000db4b900000,0x000000db4ba00000)]
  0x0000027c65bf6800 JavaThread "Daemon client event forwarder" [_thread_blocked, id=4772, stack(0x000000db4bb00000,0x000000db4bc00000)]
  0x0000027c65bf8000 JavaThread "Cache worker for file hash cache (C:\Users\Nguyen Thi Hong Hanh\.gradle\caches\7.0.2\fileHashes)" [_thread_blocked, id=9976, stack(0x000000db4bc00000,0x000000db4bd00000)]
  0x0000027c65bf7800 JavaThread "File lock request listener" [_thread_in_native, id=12728, stack(0x000000db4bd00000,0x000000db4be00000)]
  0x0000027c65bf5800 JavaThread "Cache worker for journal cache (C:\Users\Nguyen Thi Hong Hanh\.gradle\caches\journal-1)" [_thread_blocked, id=12420, stack(0x000000db4be00000,0x000000db4bf00000)]
  0x0000027c664d4000 JavaThread "Cache worker for file hash cache (D:\AppFinal411\.gradle\7.0.2\fileHashes)" [_thread_blocked, id=12100, stack(0x000000db4bf00000,0x000000db4c000000)]
  0x0000027c664d5800 JavaThread "File watcher server" daemon [_thread_blocked, id=12908, stack(0x000000db4c000000,0x000000db4c100000)]
  0x0000027c664d4800 JavaThread "File watcher consumer" daemon [_thread_blocked, id=8524, stack(0x000000db4c100000,0x000000db4c200000)]
  0x0000027c664d3000 JavaThread "Cache worker for checksums cache (D:\AppFinal411\.gradle\checksums)" [_thread_blocked, id=9120, stack(0x000000db4c200000,0x000000db4c300000)]
  0x0000027c664d7000 JavaThread "Cache worker for cache directory md-supplier (C:\Users\Nguyen Thi Hong Hanh\.gradle\caches\7.0.2\md-supplier)" [_thread_blocked, id=1504, stack(0x000000db4c300000,0x000000db4c400000)]
  0x0000027c664d6000 JavaThread "Cache worker for cache directory md-rule (C:\Users\Nguyen Thi Hong Hanh\.gradle\caches\7.0.2\md-rule)" [_thread_blocked, id=2016, stack(0x000000db4c400000,0x000000db4c500000)]
  0x0000027c664d8000 JavaThread "Cache worker for execution history cache (C:\Users\Nguyen Thi Hong Hanh\.gradle\caches\7.0.2\executionHistory)" [_thread_blocked, id=6984, stack(0x000000db4c500000,0x000000db4c600000)]
  0x0000027c664dc000 JavaThread "jar transforms" [_thread_blocked, id=4236, stack(0x000000db4c600000,0x000000db4c700000)]
  0x0000027c664db000 JavaThread "jar transforms Thread 2" [_thread_blocked, id=3484, stack(0x000000db4c700000,0x000000db4c800000)]
  0x0000027c664d8800 JavaThread "Cache worker for file content cache (C:\Users\Nguyen Thi Hong Hanh\.gradle\caches\7.0.2\fileContent)" [_thread_blocked, id=1180, stack(0x000000db4c800000,0x000000db4c900000)]
  0x0000027c664dd000 JavaThread "Cache worker for dependencies-accessors (D:\AppFinal411\.gradle\7.0.2\dependencies-accessors)" [_thread_blocked, id=11352, stack(0x000000db4c900000,0x000000db4ca00000)]
  0x0000027c664dd800 JavaThread "jar transforms Thread 3" [_thread_blocked, id=6828, stack(0x000000db4ca00000,0x000000db4cb00000)]
  0x0000027c664d9800 JavaThread "Cache worker for Build Output Cleanup Cache (D:\AppFinal411\.gradle\buildOutputCleanup)" [_thread_blocked, id=11176, stack(0x000000db4cb00000,0x000000db4cc00000)]
  0x0000027c664de800 JavaThread "Build operations" [_thread_blocked, id=12860, stack(0x000000db4cc00000,0x000000db4cd00000)]
  0x0000027c664e0000 JavaThread "Build operations Thread 2" [_thread_in_native, id=6084, stack(0x000000db4cd00000,0x000000db4ce00000)]
  0x0000027c664e1000 JavaThread "Build operations Thread 3" [_thread_blocked, id=12968, stack(0x000000db4ce00000,0x000000db4cf00000)]
  0x0000027c65100800 JavaThread "Build operations Thread 4" [_thread_blocked, id=7940, stack(0x000000db4cf00000,0x000000db4d000000)]
  0x0000027c65101000 JavaThread "jar transforms Thread 4" [_thread_blocked, id=13196, stack(0x000000db4d000000,0x000000db4d100000)]
  0x0000027c650ff800 JavaThread "Memory manager" [_thread_blocked, id=3760, stack(0x000000db4d300000,0x000000db4d400000)]
  0x0000027c650fd000 JavaThread "build event listener" [_thread_blocked, id=11152, stack(0x000000db49b00000,0x000000db49c00000)]
  0x0000027c650fb800 JavaThread "Execution worker for ':'" [_thread_blocked, id=2284, stack(0x000000db49c00000,0x000000db49d00000)]
  0x0000027c65102000 JavaThread "Execution worker for ':' Thread 2" [_thread_blocked, id=7404, stack(0x000000db49d00000,0x000000db49e00000)]
  0x0000027c650fc000 JavaThread "Execution worker for ':' Thread 3" [_thread_blocked, id=7636, stack(0x000000db4d400000,0x000000db4d500000)]
  0x0000027c65102800 JavaThread "Cache worker for execution history cache (D:\AppFinal411\.gradle\7.0.2\executionHistory)" [_thread_blocked, id=9604, stack(0x000000db4d500000,0x000000db4d600000)]
  0x0000027c65103800 JavaThread "WorkerExecutor Queue" [_thread_blocked, id=12852, stack(0x000000db4d600000,0x000000db4d700000)]
  0x0000027c65104800 JavaThread "WorkerExecutor Queue Thread 2" [_thread_blocked, id=9108, stack(0x000000db4ba00000,0x000000db4bb00000)]
  0x0000027c650fe800 JavaThread "WorkerExecutor Queue Thread 3" [_thread_blocked, id=11552, stack(0x000000db4d700000,0x000000db4d800000)]
  0x0000027c65106000 JavaThread "WorkerExecutor Queue Thread 5" [_thread_blocked, id=10044, stack(0x000000db4d900000,0x000000db4da00000)]
  0x0000027c65107000 JavaThread "ForkJoinPool-1-worker-3" daemon [_thread_blocked, id=6352, stack(0x000000db4d800000,0x000000db4d900000)]
  0x0000027c65107800 JavaThread "ForkJoinPool-1-worker-5" daemon [_thread_blocked, id=5848, stack(0x000000db4da00000,0x000000db4db00000)]
  0x0000027c65105000 JavaThread "ForkJoinPool-1-worker-7" daemon [_thread_blocked, id=9608, stack(0x000000db4db00000,0x000000db4dc00000)]
  0x0000027c6510a000 JavaThread "ForkJoinPool-1-worker-1" daemon [_thread_blocked, id=12600, stack(0x000000db4dc00000,0x000000db4dd00000)]
  0x0000027c65108800 JavaThread "pool-3-thread-1" [_thread_blocked, id=10124, stack(0x000000db4dd00000,0x000000db4de00000)]
  0x0000027c65109000 JavaThread "stderr" [_thread_in_native, id=3356, stack(0x000000db4de00000,0x000000db4df00000)]
  0x0000027c723dd000 JavaThread "stdout" [_thread_in_native, id=11636, stack(0x000000db4df00000,0x000000db4e000000)]

Other Threads:
=>0x0000027c637eb800 VMThread "VM Thread" [stack: 0x000000db4a400000,0x000000db4a500000] [id=228]
  0x0000027c642f2800 WatcherThread [stack: 0x000000db4ae00000,0x000000db4af00000] [id=12204]
  0x0000027c47cb3800 GCTaskThread "GC Thread#0" [stack: 0x000000db49f00000,0x000000db4a000000] [id=12040]
  0x0000027c64410800 GCTaskThread "GC Thread#1" [stack: 0x000000db4af00000,0x000000db4b000000] [id=13020]
  0x0000027c644a1000 GCTaskThread "GC Thread#2" [stack: 0x000000db4b300000,0x000000db4b400000] [id=4672]
  0x0000027c65498800 GCTaskThread "GC Thread#3" [stack: 0x000000db4b400000,0x000000db4b500000] [id=10688]
  0x0000027c47ce4800 ConcurrentGCThread "G1 Main Marker" [stack: 0x000000db4a000000,0x000000db4a100000] [id=11648]
  0x0000027c47ce7000 ConcurrentGCThread "G1 Conc#0" [stack: 0x000000db4a100000,0x000000db4a200000] [id=8936]
  0x0000027c47d77000 ConcurrentGCThread "G1 Refine#0" [stack: 0x000000db4a200000,0x000000db4a300000] [id=8144]
  0x0000027c47d78000 ConcurrentGCThread "G1 Young RemSet Sampling" [stack: 0x000000db4a300000,0x000000db4a400000] [id=504]

Threads with active compile tasks:
C2 CompilerThread0 116175 16277       4       com.android.tools.r8.internal.Jj::hasNext (217 bytes)

VM state:at safepoint (normal execution)

VM Mutex/Monitor currently owned by a thread:  ([mutex/lock_event])
[0x0000027c47c98070] Threads_lock - owner thread: 0x0000027c637eb800
[0x0000027c47c97ec0] Heap_lock - owner thread: 0x0000027c65104800

Heap address: 0x0000000080000000, size: 2048 MB, Compressed Oops mode: 32-bit
Narrow klass base: 0x0000000000000000, Narrow klass shift: 3
Compressed class space size: 1073741824 Address: 0x0000000100000000

Heap:
 garbage-first heap   total 632832K, used 237568K [0x0000000080000000, 0x0000000100000000)
  region size 1024K, 5 young (5120K), 5 survivors (5120K)
 Metaspace       used 103232K, capacity 106074K, committed 106364K, reserved 1140736K
  class space    used 13184K, capacity 14245K, committed 14336K, reserved 1048576K
Heap Regions: E=young(eden), S=young(survivor), O=old, HS=humongous(starts), HC=humongous(continues), CS=collection set, F=free, A=archive, TAMS=top-at-mark-start (previous, next)
|   0|0x0000000080000000, 0x0000000080100000, 0x0000000080100000|100%|HS|  |TAMS 0x0000000080100000, 0x0000000080000000| Complete 
|   1|0x0000000080100000, 0x0000000080200000, 0x0000000080200000|100%|HC|  |TAMS 0x0000000080200000, 0x0000000080100000| Complete 
|   2|0x0000000080200000, 0x0000000080300000, 0x0000000080300000|100%|HC|  |TAMS 0x0000000080300000, 0x0000000080200000| Complete 
|   3|0x0000000080300000, 0x0000000080400000, 0x0000000080400000|100%| O|  |TAMS 0x0000000080400000, 0x0000000080300000| Untracked 
|   4|0x0000000080400000, 0x0000000080500000, 0x0000000080500000|100%| O|  |TAMS 0x0000000080500000, 0x0000000080400000| Untracked 
|   5|0x0000000080500000, 0x0000000080600000, 0x0000000080600000|100%| O|  |TAMS 0x0000000080600000, 0x0000000080500000| Untracked 
|   6|0x0000000080600000, 0x0000000080700000, 0x0000000080700000|100%| O|  |TAMS 0x0000000080700000, 0x0000000080600000| Untracked 
|   7|0x0000000080700000, 0x0000000080800000, 0x0000000080800000|100%| O|  |TAMS 0x0000000080800000, 0x0000000080700000| Untracked 
|   8|0x0000000080800000, 0x0000000080900000, 0x0000000080900000|100%| O|  |TAMS 0x0000000080900000, 0x0000000080800000| Untracked 
|   9|0x0000000080900000, 0x0000000080a00000, 0x0000000080a00000|100%| O|  |TAMS 0x0000000080a00000, 0x0000000080900000| Untracked 
|  10|0x0000000080a00000, 0x0000000080b00000, 0x0000000080b00000|100%| O|  |TAMS 0x0000000080b00000, 0x0000000080a00000| Untracked 
|  11|0x0000000080b00000, 0x0000000080c00000, 0x0000000080c00000|100%| O|  |TAMS 0x0000000080c00000, 0x0000000080b00000| Untracked 
|  12|0x0000000080c00000, 0x0000000080d00000, 0x0000000080d00000|100%| O|  |TAMS 0x0000000080d00000, 0x0000000080c00000| Untracked 
|  13|0x0000000080d00000, 0x0000000080e00000, 0x0000000080e00000|100%| O|  |TAMS 0x0000000080e00000, 0x0000000080d00000| Untracked 
|  14|0x0000000080e00000, 0x0000000080f00000, 0x0000000080f00000|100%| O|  |TAMS 0x0000000080f00000, 0x0000000080e00000| Untracked 
|  15|0x0000000080f00000, 0x0000000081000000, 0x0000000081000000|100%| O|  |TAMS 0x0000000081000000, 0x0000000080f00000| Untracked 
|  16|0x0000000081000000, 0x0000000081100000, 0x0000000081100000|100%| O|  |TAMS 0x0000000081100000, 0x0000000081000000| Untracked 
|  17|0x0000000081100000, 0x0000000081200000, 0x0000000081200000|100%| O|  |TAMS 0x0000000081200000, 0x0000000081100000| Untracked 
|  18|0x0000000081200000, 0x0000000081300000, 0x0000000081300000|100%| O|  |TAMS 0x0000000081300000, 0x0000000081200000| Untracked 
|  19|0x0000000081300000, 0x0000000081400000, 0x0000000081400000|100%| O|  |TAMS 0x0000000081400000, 0x0000000081300000| Untracked 
|  20|0x0000000081400000, 0x0000000081500000, 0x0000000081500000|100%| O|  |TAMS 0x0000000081500000, 0x0000000081400000| Untracked 
|  21|0x0000000081500000, 0x0000000081600000, 0x0000000081600000|100%| O|  |TAMS 0x0000000081600000, 0x0000000081500000| Untracked 
|  22|0x0000000081600000, 0x0000000081700000, 0x0000000081700000|100%| O|  |TAMS 0x0000000081700000, 0x0000000081600000| Untracked 
|  23|0x0000000081700000, 0x0000000081800000, 0x0000000081800000|100%| O|  |TAMS 0x0000000081800000, 0x0000000081700000| Untracked 
|  24|0x0000000081800000, 0x0000000081900000, 0x0000000081900000|100%| O|  |TAMS 0x0000000081900000, 0x0000000081800000| Untracked 
|  25|0x0000000081900000, 0x0000000081a00000, 0x0000000081a00000|100%| O|  |TAMS 0x0000000081a00000, 0x0000000081900000| Untracked 
|  26|0x0000000081a00000, 0x0000000081b00000, 0x0000000081b00000|100%| O|  |TAMS 0x0000000081b00000, 0x0000000081a00000| Untracked 
|  27|0x0000000081b00000, 0x0000000081c00000, 0x0000000081c00000|100%| O|  |TAMS 0x0000000081c00000, 0x0000000081b00000| Untracked 
|  28|0x0000000081c00000, 0x0000000081d00000, 0x0000000081d00000|100%| O|  |TAMS 0x0000000081d00000, 0x0000000081c00000| Untracked 
|  29|0x0000000081d00000, 0x0000000081e00000, 0x0000000081e00000|100%| O|  |TAMS 0x0000000081e00000, 0x0000000081d00000| Untracked 
|  30|0x0000000081e00000, 0x0000000081f00000, 0x0000000081f00000|100%| O|  |TAMS 0x0000000081f00000, 0x0000000081e00000| Untracked 
|  31|0x0000000081f00000, 0x0000000082000000, 0x0000000082000000|100%| O|  |TAMS 0x0000000082000000, 0x0000000081f00000| Untracked 
|  32|0x0000000082000000, 0x0000000082100000, 0x0000000082100000|100%|HS|  |TAMS 0x0000000082100000, 0x0000000082000000| Complete 
|  33|0x0000000082100000, 0x0000000082200000, 0x0000000082200000|100%|HS|  |TAMS 0x0000000082200000, 0x0000000082100000| Complete 
|  34|0x0000000082200000, 0x0000000082300000, 0x0000000082300000|100%| O|  |TAMS 0x0000000082300000, 0x0000000082200000| Untracked 
|  35|0x0000000082300000, 0x0000000082400000, 0x0000000082400000|100%| O|  |TAMS 0x0000000082400000, 0x0000000082300000| Untracked 
|  36|0x0000000082400000, 0x0000000082500000, 0x0000000082500000|100%| O|  |TAMS 0x0000000082500000, 0x0000000082400000| Untracked 
|  37|0x0000000082500000, 0x0000000082600000, 0x0000000082600000|100%|HS|  |TAMS 0x0000000082600000, 0x0000000082500000| Complete 
|  38|0x0000000082600000, 0x0000000082700000, 0x0000000082700000|100%|HC|  |TAMS 0x0000000082700000, 0x0000000082600000| Complete 
|  39|0x0000000082700000, 0x0000000082800000, 0x0000000082800000|100%| O|  |TAMS 0x0000000082800000, 0x0000000082700000| Untracked 
|  40|0x0000000082800000, 0x0000000082900000, 0x0000000082900000|100%| O|  |TAMS 0x0000000082900000, 0x0000000082800000| Untracked 
|  41|0x0000000082900000, 0x0000000082a00000, 0x0000000082a00000|100%| O|  |TAMS 0x0000000082a00000, 0x0000000082900000| Untracked 
|  42|0x0000000082a00000, 0x0000000082b00000, 0x0000000082b00000|100%| O|  |TAMS 0x0000000082b00000, 0x0000000082a00000| Untracked 
|  43|0x0000000082b00000, 0x0000000082c00000, 0x0000000082c00000|100%| O|  |TAMS 0x0000000082c00000, 0x0000000082b00000| Untracked 
|  44|0x0000000082c00000, 0x0000000082d00000, 0x0000000082d00000|100%| O|  |TAMS 0x0000000082d00000, 0x0000000082c00000| Untracked 
|  45|0x0000000082d00000, 0x0000000082e00000, 0x0000000082e00000|100%| O|  |TAMS 0x0000000082e00000, 0x0000000082d00000| Untracked 
|  46|0x0000000082e00000, 0x0000000082f00000, 0x0000000082f00000|100%| O|  |TAMS 0x0000000082f00000, 0x0000000082e00000| Untracked 
|  47|0x0000000082f00000, 0x0000000083000000, 0x0000000083000000|100%| O|  |TAMS 0x0000000083000000, 0x0000000082f00000| Untracked 
|  48|0x0000000083000000, 0x0000000083100000, 0x0000000083100000|100%| O|  |TAMS 0x0000000083100000, 0x0000000083000000| Untracked 
|  49|0x0000000083100000, 0x0000000083200000, 0x0000000083200000|100%| O|  |TAMS 0x0000000083200000, 0x0000000083100000| Untracked 
|  50|0x0000000083200000, 0x0000000083300000, 0x0000000083300000|100%| O|  |TAMS 0x0000000083300000, 0x0000000083200000| Untracked 
|  51|0x0000000083300000, 0x0000000083400000, 0x0000000083400000|100%| O|  |TAMS 0x0000000083400000, 0x0000000083300000| Untracked 
|  52|0x0000000083400000, 0x0000000083500000, 0x0000000083500000|100%| O|  |TAMS 0x0000000083500000, 0x0000000083400000| Untracked 
|  53|0x0000000083500000, 0x0000000083600000, 0x0000000083600000|100%| O|  |TAMS 0x0000000083600000, 0x0000000083500000| Untracked 
|  54|0x0000000083600000, 0x0000000083700000, 0x0000000083700000|100%| O|  |TAMS 0x0000000083700000, 0x0000000083600000| Untracked 
|  55|0x0000000083700000, 0x0000000083800000, 0x0000000083800000|100%| O|  |TAMS 0x0000000083800000, 0x0000000083700000| Untracked 
|  56|0x0000000083800000, 0x0000000083900000, 0x0000000083900000|100%| O|  |TAMS 0x0000000083900000, 0x0000000083800000| Untracked 
|  57|0x0000000083900000, 0x0000000083a00000, 0x0000000083a00000|100%| O|  |TAMS 0x0000000083a00000, 0x0000000083900000| Untracked 
|  58|0x0000000083a00000, 0x0000000083b00000, 0x0000000083b00000|100%| O|  |TAMS 0x0000000083b00000, 0x0000000083a00000| Untracked 
|  59|0x0000000083b00000, 0x0000000083c00000, 0x0000000083c00000|100%| O|  |TAMS 0x0000000083c00000, 0x0000000083b00000| Untracked 
|  60|0x0000000083c00000, 0x0000000083d00000, 0x0000000083d00000|100%| O|  |TAMS 0x0000000083d00000, 0x0000000083c00000| Untracked 
|  61|0x0000000083d00000, 0x0000000083e00000, 0x0000000083e00000|100%| O|  |TAMS 0x0000000083e00000, 0x0000000083d00000| Untracked 
|  62|0x0000000083e00000, 0x0000000083f00000, 0x0000000083f00000|100%| O|  |TAMS 0x0000000083f00000, 0x0000000083e00000| Untracked 
|  63|0x0000000083f00000, 0x0000000084000000, 0x0000000084000000|100%| O|  |TAMS 0x0000000084000000, 0x0000000083f00000| Untracked 
|  64|0x0000000084000000, 0x0000000084100000, 0x0000000084100000|100%| O|  |TAMS 0x0000000084100000, 0x0000000084000000| Untracked 
|  65|0x0000000084100000, 0x0000000084200000, 0x0000000084200000|100%| O|  |TAMS 0x0000000084200000, 0x0000000084100000| Untracked 
|  66|0x0000000084200000, 0x0000000084300000, 0x0000000084300000|100%| O|  |TAMS 0x0000000084300000, 0x0000000084200000| Untracked 
|  67|0x0000000084300000, 0x0000000084400000, 0x0000000084400000|100%| O|  |TAMS 0x0000000084400000, 0x0000000084300000| Untracked 
|  68|0x0000000084400000, 0x0000000084500000, 0x0000000084500000|100%| O|  |TAMS 0x0000000084500000, 0x0000000084400000| Untracked 
|  69|0x0000000084500000, 0x0000000084600000, 0x0000000084600000|100%| O|  |TAMS 0x0000000084600000, 0x0000000084500000| Untracked 
|  70|0x0000000084600000, 0x0000000084700000, 0x0000000084700000|100%| O|  |TAMS 0x0000000084700000, 0x0000000084600000| Untracked 
|  71|0x0000000084700000, 0x0000000084800000, 0x0000000084800000|100%| O|  |TAMS 0x0000000084800000, 0x0000000084700000| Untracked 
|  72|0x0000000084800000, 0x0000000084900000, 0x0000000084900000|100%| O|  |TAMS 0x0000000084900000, 0x0000000084800000| Untracked 
|  73|0x0000000084900000, 0x0000000084a00000, 0x0000000084a00000|100%| O|  |TAMS 0x0000000084a00000, 0x0000000084900000| Untracked 
|  74|0x0000000084a00000, 0x0000000084b00000, 0x0000000084b00000|100%| O|  |TAMS 0x0000000084a00000, 0x0000000084a00000| Untracked 
|  75|0x0000000084b00000, 0x0000000084c00000, 0x0000000084c00000|100%| O|  |TAMS 0x0000000084b00000, 0x0000000084b00000| Untracked 
|  76|0x0000000084c00000, 0x0000000084d00000, 0x0000000084d00000|100%| O|  |TAMS 0x0000000084d00000, 0x0000000084c00000| Untracked 
|  77|0x0000000084d00000, 0x0000000084e00000, 0x0000000084e00000|100%|HS|  |TAMS 0x0000000084d00000, 0x0000000084d00000| Complete 
|  78|0x0000000084e00000, 0x0000000084f00000, 0x0000000084f00000|100%| O|  |TAMS 0x0000000084e00000, 0x0000000084e00000| Untracked 
|  79|0x0000000084f00000, 0x0000000085000000, 0x0000000085000000|100%| O|  |TAMS 0x0000000084f00000, 0x0000000084f00000| Untracked 
|  80|0x0000000085000000, 0x0000000085100000, 0x0000000085100000|100%| O|  |TAMS 0x0000000085100000, 0x0000000085000000| Untracked 
|  81|0x0000000085100000, 0x0000000085200000, 0x0000000085200000|100%| O|  |TAMS 0x0000000085200000, 0x0000000085100000| Untracked 
|  82|0x0000000085200000, 0x0000000085300000, 0x0000000085300000|100%| O|  |TAMS 0x0000000085300000, 0x0000000085200000| Untracked 
|  83|0x0000000085300000, 0x0000000085400000, 0x0000000085400000|100%| O|  |TAMS 0x0000000085300000, 0x0000000085300000| Untracked 
|  84|0x0000000085400000, 0x0000000085500000, 0x0000000085500000|100%| O|  |TAMS 0x0000000085400000, 0x0000000085400000| Untracked 
|  85|0x0000000085500000, 0x0000000085600000, 0x0000000085600000|100%| O|  |TAMS 0x0000000085600000, 0x0000000085500000| Untracked 
|  86|0x0000000085600000, 0x0000000085700000, 0x0000000085700000|100%| O|  |TAMS 0x0000000085600000, 0x0000000085600000| Untracked 
|  87|0x0000000085700000, 0x0000000085800000, 0x0000000085800000|100%| O|  |TAMS 0x0000000085700000, 0x0000000085700000| Untracked 
|  88|0x0000000085800000, 0x0000000085900000, 0x0000000085900000|100%| O|  |TAMS 0x0000000085800000, 0x0000000085800000| Untracked 
|  89|0x0000000085900000, 0x0000000085a00000, 0x0000000085a00000|100%| O|  |TAMS 0x0000000085900000, 0x0000000085900000| Untracked 
|  90|0x0000000085a00000, 0x0000000085b00000, 0x0000000085b00000|100%|HS|  |TAMS 0x0000000085b00000, 0x0000000085a00000| Complete 
|  91|0x0000000085b00000, 0x0000000085c00000, 0x0000000085c00000|100%| O|  |TAMS 0x0000000085c00000, 0x0000000085b00000| Untracked 
|  92|0x0000000085c00000, 0x0000000085d00000, 0x0000000085d00000|100%| O|  |TAMS 0x0000000085d00000, 0x0000000085c00000| Untracked 
|  93|0x0000000085d00000, 0x0000000085e00000, 0x0000000085e00000|100%| O|  |TAMS 0x0000000085d00000, 0x0000000085d00000| Untracked 
|  94|0x0000000085e00000, 0x0000000085f00000, 0x0000000085f00000|100%| O|  |TAMS 0x0000000085e00000, 0x0000000085e00000| Untracked 
|  95|0x0000000085f00000, 0x0000000086000000, 0x0000000086000000|100%| O|  |TAMS 0x0000000085f00000, 0x0000000085f00000| Untracked 
|  96|0x0000000086000000, 0x0000000086100000, 0x0000000086100000|100%| O|  |TAMS 0x0000000086000000, 0x0000000086000000| Untracked 
|  97|0x0000000086100000, 0x0000000086200000, 0x0000000086200000|100%|HS|  |TAMS 0x0000000086200000, 0x0000000086100000| Complete 
|  98|0x0000000086200000, 0x0000000086300000, 0x0000000086300000|100%|HS|  |TAMS 0x0000000086200000, 0x0000000086200000| Complete 
|  99|0x0000000086300000, 0x0000000086400000, 0x0000000086400000|100%| O|  |TAMS 0x0000000086300000, 0x0000000086300000| Untracked 
| 100|0x0000000086400000, 0x0000000086500000, 0x0000000086500000|100%| O|  |TAMS 0x0000000086500000, 0x0000000086400000| Untracked 
| 101|0x0000000086500000, 0x0000000086600000, 0x0000000086600000|100%| O|  |TAMS 0x0000000086600000, 0x0000000086500000| Untracked 
| 102|0x0000000086600000, 0x0000000086700000, 0x0000000086700000|100%| O|  |TAMS 0x0000000086600000, 0x0000000086600000| Untracked 
| 103|0x0000000086700000, 0x0000000086800000, 0x0000000086800000|100%| O|  |TAMS 0x0000000086700000, 0x0000000086700000| Untracked 
| 104|0x0000000086800000, 0x0000000086900000, 0x0000000086900000|100%| O|  |TAMS 0x0000000086800000, 0x0000000086800000| Untracked 
| 105|0x0000000086900000, 0x0000000086a00000, 0x0000000086a00000|100%| O|  |TAMS 0x0000000086900000, 0x0000000086900000| Untracked 
| 106|0x0000000086a00000, 0x0000000086b00000, 0x0000000086b00000|100%| O|  |TAMS 0x0000000086a00000, 0x0000000086a00000| Untracked 
| 107|0x0000000086b00000, 0x0000000086c00000, 0x0000000086c00000|100%| O|  |TAMS 0x0000000086b00000, 0x0000000086b00000| Untracked 
| 108|0x0000000086c00000, 0x0000000086d00000, 0x0000000086d00000|100%| O|  |TAMS 0x0000000086c00000, 0x0000000086c00000| Untracked 
| 109|0x0000000086d00000, 0x0000000086e00000, 0x0000000086e00000|100%| O|  |TAMS 0x0000000086e00000, 0x0000000086d00000| Untracked 
| 110|0x0000000086e00000, 0x0000000086f00000, 0x0000000086f00000|100%| O|  |TAMS 0x0000000086e00000, 0x0000000086e00000| Untracked 
| 111|0x0000000086f00000, 0x0000000087000000, 0x0000000087000000|100%| O|  |TAMS 0x0000000087000000, 0x0000000086f00000| Untracked 
| 112|0x0000000087000000, 0x0000000087100000, 0x0000000087100000|100%| O|  |TAMS 0x0000000087000000, 0x0000000087000000| Untracked 
| 113|0x0000000087100000, 0x0000000087200000, 0x0000000087200000|100%| O|  |TAMS 0x0000000087100000, 0x0000000087100000| Untracked 
| 114|0x0000000087200000, 0x0000000087300000, 0x0000000087300000|100%| O|  |TAMS 0x0000000087200000, 0x0000000087200000| Untracked 
| 115|0x0000000087300000, 0x0000000087400000, 0x0000000087400000|100%| O|  |TAMS 0x0000000087300000, 0x0000000087300000| Untracked 
| 116|0x0000000087400000, 0x0000000087500000, 0x0000000087500000|100%|HS|  |TAMS 0x0000000087500000, 0x0000000087400000| Complete 
| 117|0x0000000087500000, 0x0000000087600000, 0x0000000087600000|100%|HC|  |TAMS 0x0000000087600000, 0x0000000087500000| Complete 
| 118|0x0000000087600000, 0x0000000087700000, 0x0000000087700000|100%|HS|  |TAMS 0x0000000087700000, 0x0000000087600000| Complete 
| 119|0x0000000087700000, 0x0000000087800000, 0x0000000087800000|100%|HS|  |TAMS 0x0000000087800000, 0x0000000087700000| Complete 
| 120|0x0000000087800000, 0x0000000087900000, 0x0000000087900000|100%|HS|  |TAMS 0x0000000087900000, 0x0000000087800000| Complete 
| 121|0x0000000087900000, 0x0000000087a00000, 0x0000000087a00000|100%|HC|  |TAMS 0x0000000087a00000, 0x0000000087900000| Complete 
| 122|0x0000000087a00000, 0x0000000087b00000, 0x0000000087b00000|100%|HC|  |TAMS 0x0000000087b00000, 0x0000000087a00000| Complete 
| 123|0x0000000087b00000, 0x0000000087c00000, 0x0000000087c00000|100%|HS|  |TAMS 0x0000000087c00000, 0x0000000087b00000| Complete 
| 124|0x0000000087c00000, 0x0000000087d00000, 0x0000000087d00000|100%|HS|  |TAMS 0x0000000087d00000, 0x0000000087c00000| Complete 
| 125|0x0000000087d00000, 0x0000000087e00000, 0x0000000087e00000|100%|HC|  |TAMS 0x0000000087e00000, 0x0000000087d00000| Complete 
| 126|0x0000000087e00000, 0x0000000087f00000, 0x0000000087f00000|100%| O|  |TAMS 0x0000000087e00000, 0x0000000087e00000| Untracked 
| 127|0x0000000087f00000, 0x0000000088000000, 0x0000000088000000|100%| O|  |TAMS 0x0000000087f00000, 0x0000000087f00000| Untracked 
| 128|0x0000000088000000, 0x0000000088100000, 0x0000000088100000|100%|HS|  |TAMS 0x0000000088100000, 0x0000000088000000| Complete 
| 129|0x0000000088100000, 0x0000000088200000, 0x0000000088200000|100%|HC|  |TAMS 0x0000000088200000, 0x0000000088100000| Complete 
| 130|0x0000000088200000, 0x0000000088300000, 0x0000000088300000|100%| O|  |TAMS 0x0000000088200000, 0x0000000088200000| Untracked 
| 131|0x0000000088300000, 0x0000000088400000, 0x0000000088400000|100%|HS|  |TAMS 0x0000000088400000, 0x0000000088300000| Complete 
| 132|0x0000000088400000, 0x0000000088500000, 0x0000000088500000|100%| O|  |TAMS 0x0000000088400000, 0x0000000088400000| Untracked 
| 133|0x0000000088500000, 0x0000000088600000, 0x0000000088600000|100%|HS|  |TAMS 0x0000000088600000, 0x0000000088500000| Complete 
| 134|0x0000000088600000, 0x0000000088700000, 0x0000000088700000|100%| O|  |TAMS 0x0000000088600000, 0x0000000088600000| Untracked 
| 135|0x0000000088700000, 0x0000000088800000, 0x0000000088800000|100%|HS|  |TAMS 0x0000000088800000, 0x0000000088700000| Complete 
| 136|0x0000000088800000, 0x0000000088900000, 0x0000000088900000|100%| O|  |TAMS 0x0000000088800000, 0x0000000088800000| Untracked 
| 137|0x0000000088900000, 0x0000000088a00000, 0x0000000088a00000|100%|HS|  |TAMS 0x0000000088a00000, 0x0000000088900000| Complete 
| 138|0x0000000088a00000, 0x0000000088b00000, 0x0000000088b00000|100%| O|  |TAMS 0x0000000088a00000, 0x0000000088a00000| Untracked 
| 139|0x0000000088b00000, 0x0000000088c00000, 0x0000000088c00000|100%| O|  |TAMS 0x0000000088b00000, 0x0000000088b00000| Untracked 
| 140|0x0000000088c00000, 0x0000000088d00000, 0x0000000088d00000|100%| O|  |TAMS 0x0000000088c00000, 0x0000000088c00000| Untracked 
| 141|0x0000000088d00000, 0x0000000088e00000, 0x0000000088e00000|100%|HS|  |TAMS 0x0000000088e00000, 0x0000000088d00000| Complete 
| 142|0x0000000088e00000, 0x0000000088f00000, 0x0000000088f00000|100%|HC|  |TAMS 0x0000000088f00000, 0x0000000088e00000| Complete 
| 143|0x0000000088f00000, 0x0000000089000000, 0x0000000089000000|100%|HC|  |TAMS 0x0000000089000000, 0x0000000088f00000| Complete 
| 144|0x0000000089000000, 0x0000000089100000, 0x0000000089100000|100%| O|  |TAMS 0x0000000089000000, 0x0000000089000000| Untracked 
| 145|0x0000000089100000, 0x0000000089200000, 0x0000000089200000|100%|HS|  |TAMS 0x0000000089200000, 0x0000000089100000| Complete 
| 146|0x0000000089200000, 0x0000000089300000, 0x0000000089300000|100%| O|  |TAMS 0x0000000089200000, 0x0000000089200000| Untracked 
| 147|0x0000000089300000, 0x0000000089400000, 0x0000000089400000|100%| O|  |TAMS 0x0000000089300000, 0x0000000089300000| Untracked 
| 148|0x0000000089400000, 0x0000000089500000, 0x0000000089500000|100%|HS|  |TAMS 0x0000000089500000, 0x0000000089400000| Complete 
| 149|0x0000000089500000, 0x0000000089600000, 0x0000000089600000|100%|HC|  |TAMS 0x0000000089600000, 0x0000000089500000| Complete 
| 150|0x0000000089600000, 0x0000000089700000, 0x0000000089700000|100%| O|  |TAMS 0x0000000089600000, 0x0000000089600000| Untracked 
| 151|0x0000000089700000, 0x0000000089800000, 0x0000000089800000|100%| O|  |TAMS 0x0000000089700000, 0x0000000089700000| Untracked 
| 152|0x0000000089800000, 0x0000000089900000, 0x0000000089900000|100%| O|  |TAMS 0x0000000089800000, 0x0000000089800000| Untracked 
| 153|0x0000000089900000, 0x0000000089a00000, 0x0000000089a00000|100%| O|  |TAMS 0x0000000089900000, 0x0000000089900000| Untracked 
| 154|0x0000000089a00000, 0x0000000089b00000, 0x0000000089b00000|100%| O|  |TAMS 0x0000000089a00000, 0x0000000089a00000| Untracked 
| 155|0x0000000089b00000, 0x0000000089c00000, 0x0000000089c00000|100%| O|  |TAMS 0x0000000089b00000, 0x0000000089b00000| Untracked 
| 156|0x0000000089c00000, 0x0000000089d00000, 0x0000000089d00000|100%| O|  |TAMS 0x0000000089c00000, 0x0000000089c00000| Untracked 
| 157|0x0000000089d00000, 0x0000000089e00000, 0x0000000089e00000|100%| O|  |TAMS 0x0000000089d00000, 0x0000000089d00000| Untracked 
| 158|0x0000000089e00000, 0x0000000089f00000, 0x0000000089f00000|100%| O|  |TAMS 0x0000000089e00000, 0x0000000089e00000| Untracked 
| 159|0x0000000089f00000, 0x000000008a000000, 0x000000008a000000|100%| O|  |TAMS 0x0000000089f00000, 0x0000000089f00000| Untracked 
| 160|0x000000008a000000, 0x000000008a100000, 0x000000008a100000|100%| O|  |TAMS 0x000000008a000000, 0x000000008a000000| Untracked 
| 161|0x000000008a100000, 0x000000008a200000, 0x000000008a200000|100%| O|  |TAMS 0x000000008a100000, 0x000000008a100000| Untracked 
| 162|0x000000008a200000, 0x000000008a300000, 0x000000008a300000|100%| O|  |TAMS 0x000000008a200000, 0x000000008a200000| Untracked 
| 163|0x000000008a300000, 0x000000008a400000, 0x000000008a400000|100%| O|  |TAMS 0x000000008a300000, 0x000000008a300000| Untracked 
| 164|0x000000008a400000, 0x000000008a500000, 0x000000008a500000|100%| O|  |TAMS 0x000000008a400000, 0x000000008a400000| Untracked 
| 165|0x000000008a500000, 0x000000008a600000, 0x000000008a600000|100%| O|  |TAMS 0x000000008a500000, 0x000000008a500000| Untracked 
| 166|0x000000008a600000, 0x000000008a700000, 0x000000008a700000|100%| O|  |TAMS 0x000000008a600000, 0x000000008a600000| Untracked 
| 167|0x000000008a700000, 0x000000008a800000, 0x000000008a800000|100%| O|  |TAMS 0x000000008a700000, 0x000000008a700000| Untracked 
| 168|0x000000008a800000, 0x000000008a900000, 0x000000008a900000|100%| O|  |TAMS 0x000000008a800000, 0x000000008a800000| Untracked 
| 169|0x000000008a900000, 0x000000008aa00000, 0x000000008aa00000|100%| O|  |TAMS 0x000000008a900000, 0x000000008a900000| Untracked 
| 170|0x000000008aa00000, 0x000000008ab00000, 0x000000008ab00000|100%| O|  |TAMS 0x000000008aa00000, 0x000000008aa00000| Untracked 
| 171|0x000000008ab00000, 0x000000008ac00000, 0x000000008ac00000|100%| O|  |TAMS 0x000000008ab00000, 0x000000008ab00000| Untracked 
| 172|0x000000008ac00000, 0x000000008ad00000, 0x000000008ad00000|100%| O|  |TAMS 0x000000008ac00000, 0x000000008ac00000| Untracked 
| 173|0x000000008ad00000, 0x000000008ae00000, 0x000000008ae00000|100%| O|  |TAMS 0x000000008ad00000, 0x000000008ad00000| Untracked 
| 174|0x000000008ae00000, 0x000000008af00000, 0x000000008af00000|100%| O|  |TAMS 0x000000008ae00000, 0x000000008ae00000| Untracked 
| 175|0x000000008af00000, 0x000000008b000000, 0x000000008b000000|100%| O|  |TAMS 0x000000008af00000, 0x000000008af00000| Untracked 
| 176|0x000000008b000000, 0x000000008b100000, 0x000000008b100000|100%| O|  |TAMS 0x000000008b000000, 0x000000008b000000| Untracked 
| 177|0x000000008b100000, 0x000000008b200000, 0x000000008b200000|100%| O|  |TAMS 0x000000008b100000, 0x000000008b100000| Untracked 
| 178|0x000000008b200000, 0x000000008b300000, 0x000000008b300000|100%| O|  |TAMS 0x000000008b200000, 0x000000008b200000| Untracked 
| 179|0x000000008b300000, 0x000000008b400000, 0x000000008b400000|100%| O|  |TAMS 0x000000008b300000, 0x000000008b300000| Untracked 
| 180|0x000000008b400000, 0x000000008b500000, 0x000000008b500000|100%| O|  |TAMS 0x000000008b400000, 0x000000008b400000| Untracked 
| 181|0x000000008b500000, 0x000000008b600000, 0x000000008b600000|100%| O|  |TAMS 0x000000008b500000, 0x000000008b500000| Untracked 
| 182|0x000000008b600000, 0x000000008b700000, 0x000000008b700000|100%| O|  |TAMS 0x000000008b600000, 0x000000008b600000| Untracked 
| 183|0x000000008b700000, 0x000000008b800000, 0x000000008b800000|100%| O|  |TAMS 0x000000008b700000, 0x000000008b700000| Untracked 
| 184|0x000000008b800000, 0x000000008b900000, 0x000000008b900000|100%| O|  |TAMS 0x000000008b800000, 0x000000008b800000| Untracked 
| 185|0x000000008b900000, 0x000000008ba00000, 0x000000008ba00000|100%| O|  |TAMS 0x000000008b900000, 0x000000008b900000| Untracked 
| 186|0x000000008ba00000, 0x000000008bb00000, 0x000000008bb00000|100%| O|  |TAMS 0x000000008ba00000, 0x000000008ba00000| Untracked 
| 187|0x000000008bb00000, 0x000000008bc00000, 0x000000008bc00000|100%| O|  |TAMS 0x000000008bb00000, 0x000000008bb00000| Untracked 
| 188|0x000000008bc00000, 0x000000008bd00000, 0x000000008bd00000|100%| O|  |TAMS 0x000000008bc00000, 0x000000008bc00000| Untracked 
| 189|0x000000008bd00000, 0x000000008be00000, 0x000000008be00000|100%| O|  |TAMS 0x000000008bd00000, 0x000000008bd00000| Untracked 
| 190|0x000000008be00000, 0x000000008bf00000, 0x000000008bf00000|100%| O|  |TAMS 0x000000008be00000, 0x000000008be00000| Untracked 
| 191|0x000000008bf00000, 0x000000008c000000, 0x000000008c000000|100%| O|  |TAMS 0x000000008bf00000, 0x000000008bf00000| Untracked 
| 192|0x000000008c000000, 0x000000008c100000, 0x000000008c100000|100%| O|  |TAMS 0x000000008c000000, 0x000000008c000000| Untracked 
| 193|0x000000008c100000, 0x000000008c200000, 0x000000008c200000|100%| O|  |TAMS 0x000000008c100000, 0x000000008c100000| Untracked 
| 194|0x000000008c200000, 0x000000008c300000, 0x000000008c300000|100%| O|  |TAMS 0x000000008c200000, 0x000000008c200000| Untracked 
| 195|0x000000008c300000, 0x000000008c400000, 0x000000008c400000|100%| O|  |TAMS 0x000000008c300000, 0x000000008c300000| Untracked 
| 196|0x000000008c400000, 0x000000008c500000, 0x000000008c500000|100%| O|  |TAMS 0x000000008c400000, 0x000000008c400000| Untracked 
| 197|0x000000008c500000, 0x000000008c600000, 0x000000008c600000|100%| O|  |TAMS 0x000000008c500000, 0x000000008c500000| Untracked 
| 198|0x000000008c600000, 0x000000008c700000, 0x000000008c700000|100%| O|  |TAMS 0x000000008c600000, 0x000000008c600000| Untracked 
| 199|0x000000008c700000, 0x000000008c800000, 0x000000008c800000|100%| O|  |TAMS 0x000000008c700000, 0x000000008c700000| Untracked 
| 200|0x000000008c800000, 0x000000008c900000, 0x000000008c900000|100%| O|  |TAMS 0x000000008c800000, 0x000000008c800000| Untracked 
| 201|0x000000008c900000, 0x000000008ca00000, 0x000000008ca00000|100%| O|  |TAMS 0x000000008c900000, 0x000000008c900000| Untracked 
| 202|0x000000008ca00000, 0x000000008cb00000, 0x000000008cb00000|100%| O|  |TAMS 0x000000008ca00000, 0x000000008ca00000| Untracked 
| 203|0x000000008cb00000, 0x000000008cc00000, 0x000000008cc00000|100%| O|  |TAMS 0x000000008cb00000, 0x000000008cb00000| Untracked 
| 204|0x000000008cc00000, 0x000000008cd00000, 0x000000008cd00000|100%| O|  |TAMS 0x000000008cc00000, 0x000000008cc00000| Untracked 
| 205|0x000000008cd00000, 0x000000008ce00000, 0x000000008ce00000|100%| O|  |TAMS 0x000000008cd00000, 0x000000008cd00000| Untracked 
| 206|0x000000008ce00000, 0x000000008cf00000, 0x000000008cf00000|100%| O|  |TAMS 0x000000008ce00000, 0x000000008ce00000| Untracked 
| 207|0x000000008cf00000, 0x000000008d000000, 0x000000008d000000|100%| O|  |TAMS 0x000000008cf00000, 0x000000008cf00000| Untracked 
| 208|0x000000008d000000, 0x000000008d100000, 0x000000008d100000|100%| O|  |TAMS 0x000000008d000000, 0x000000008d000000| Untracked 
| 209|0x000000008d100000, 0x000000008d200000, 0x000000008d200000|100%| O|  |TAMS 0x000000008d100000, 0x000000008d100000| Untracked 
| 210|0x000000008d200000, 0x000000008d300000, 0x000000008d300000|100%| O|  |TAMS 0x000000008d200000, 0x000000008d200000| Untracked 
| 211|0x000000008d300000, 0x000000008d400000, 0x000000008d400000|100%| O|  |TAMS 0x000000008d300000, 0x000000008d300000| Untracked 
| 212|0x000000008d400000, 0x000000008d500000, 0x000000008d500000|100%| O|  |TAMS 0x000000008d400000, 0x000000008d400000| Untracked 
| 213|0x000000008d500000, 0x000000008d600000, 0x000000008d600000|100%| O|  |TAMS 0x000000008d500000, 0x000000008d500000| Untracked 
| 214|0x000000008d600000, 0x000000008d700000, 0x000000008d700000|100%| O|  |TAMS 0x000000008d600000, 0x000000008d600000| Untracked 
| 215|0x000000008d700000, 0x000000008d800000, 0x000000008d800000|100%| O|  |TAMS 0x000000008d700000, 0x000000008d700000| Untracked 
| 216|0x000000008d800000, 0x000000008d900000, 0x000000008d900000|100%| O|  |TAMS 0x000000008d800000, 0x000000008d800000| Untracked 
| 217|0x000000008d900000, 0x000000008da00000, 0x000000008da00000|100%| O|  |TAMS 0x000000008d900000, 0x000000008d900000| Untracked 
| 218|0x000000008da00000, 0x000000008da00000, 0x000000008db00000|  0%| F|  |TAMS 0x000000008da00000, 0x000000008da00000| Untracked 
| 219|0x000000008db00000, 0x000000008db00000, 0x000000008dc00000|  0%| F|  |TAMS 0x000000008db00000, 0x000000008db00000| Untracked 
| 220|0x000000008dc00000, 0x000000008dc00000, 0x000000008dd00000|  0%| F|  |TAMS 0x000000008dc00000, 0x000000008dc00000| Untracked 
| 221|0x000000008dd00000, 0x000000008dd00000, 0x000000008de00000|  0%| F|  |TAMS 0x000000008dd00000, 0x000000008dd00000| Untracked 
| 222|0x000000008de00000, 0x000000008de00000, 0x000000008df00000|  0%| F|  |TAMS 0x000000008de00000, 0x000000008de00000| Untracked 
| 223|0x000000008df00000, 0x000000008df00000, 0x000000008e000000|  0%| F|  |TAMS 0x000000008df00000, 0x000000008df00000| Untracked 
| 224|0x000000008e000000, 0x000000008e000000, 0x000000008e100000|  0%| F|  |TAMS 0x000000008e000000, 0x000000008e000000| Untracked 
| 225|0x000000008e100000, 0x000000008e200000, 0x000000008e200000|100%| O|  |TAMS 0x000000008e200000, 0x000000008e100000| Untracked 
| 226|0x000000008e200000, 0x000000008e300000, 0x000000008e300000|100%| O|  |TAMS 0x000000008e300000, 0x000000008e200000| Untracked 
| 227|0x000000008e300000, 0x000000008e400000, 0x000000008e400000|100%| O|  |TAMS 0x000000008e400000, 0x000000008e300000| Untracked 
| 228|0x000000008e400000, 0x000000008e500000, 0x000000008e500000|100%| O|  |TAMS 0x000000008e500000, 0x000000008e400000| Untracked 
| 229|0x000000008e500000, 0x000000008e600000, 0x000000008e600000|100%| O|  |TAMS 0x000000008e600000, 0x000000008e500000| Untracked 
| 230|0x000000008e600000, 0x000000008e700000, 0x000000008e700000|100%| O|  |TAMS 0x000000008e700000, 0x000000008e600000| Untracked 
| 231|0x000000008e700000, 0x000000008e800000, 0x000000008e800000|100%| O|  |TAMS 0x000000008e800000, 0x000000008e700000| Untracked 
| 232|0x000000008e800000, 0x000000008e900000, 0x000000008e900000|100%| O|  |TAMS 0x000000008e900000, 0x000000008e800000| Untracked 
| 233|0x000000008e900000, 0x000000008ea00000, 0x000000008ea00000|100%| O|  |TAMS 0x000000008e9f6600, 0x000000008e900000| Untracked 
| 234|0x000000008ea00000, 0x000000008ea00000, 0x000000008eb00000|  0%| F|  |TAMS 0x000000008ea00000, 0x000000008ea00000| Untracked 
| 235|0x000000008eb00000, 0x000000008eb00000, 0x000000008ec00000|  0%| F|  |TAMS 0x000000008eb00000, 0x000000008eb00000| Untracked 
| 236|0x000000008ec00000, 0x000000008ec00000, 0x000000008ed00000|  0%| F|  |TAMS 0x000000008ec00000, 0x000000008ec00000| Untracked 
| 237|0x000000008ed00000, 0x000000008ed00000, 0x000000008ee00000|  0%| F|  |TAMS 0x000000008ed00000, 0x000000008ed00000| Untracked 
| 238|0x000000008ee00000, 0x000000008ee00000, 0x000000008ef00000|  0%| F|  |TAMS 0x000000008ee00000, 0x000000008ee00000| Untracked 
| 239|0x000000008ef00000, 0x000000008ef00000, 0x000000008f000000|  0%| F|  |TAMS 0x000000008ef00000, 0x000000008ef00000| Untracked 
| 240|0x000000008f000000, 0x000000008f000000, 0x000000008f100000|  0%| F|  |TAMS 0x000000008f000000, 0x000000008f000000| Untracked 
| 241|0x000000008f100000, 0x000000008f100000, 0x000000008f200000|  0%| F|  |TAMS 0x000000008f100000, 0x000000008f100000| Untracked 
| 242|0x000000008f200000, 0x000000008f200000, 0x000000008f300000|  0%| F|  |TAMS 0x000000008f200000, 0x000000008f200000| Untracked 
| 243|0x000000008f300000, 0x000000008f300000, 0x000000008f400000|  0%| F|  |TAMS 0x000000008f300000, 0x000000008f300000| Untracked 
| 244|0x000000008f400000, 0x000000008f400000, 0x000000008f500000|  0%| F|  |TAMS 0x000000008f400000, 0x000000008f400000| Untracked 
| 245|0x000000008f500000, 0x000000008f500000, 0x000000008f600000|  0%| F|  |TAMS 0x000000008f500000, 0x000000008f500000| Untracked 
| 246|0x000000008f600000, 0x000000008f600000, 0x000000008f700000|  0%| F|  |TAMS 0x000000008f600000, 0x000000008f600000| Untracked 
| 247|0x000000008f700000, 0x000000008f700000, 0x000000008f800000|  0%| F|  |TAMS 0x000000008f700000, 0x000000008f700000| Untracked 
| 248|0x000000008f800000, 0x000000008f800000, 0x000000008f900000|  0%| F|  |TAMS 0x000000008f800000, 0x000000008f800000| Untracked 
| 249|0x000000008f900000, 0x000000008f900000, 0x000000008fa00000|  0%| F|  |TAMS 0x000000008f900000, 0x000000008f900000| Untracked 
| 250|0x000000008fa00000, 0x000000008fa00000, 0x000000008fb00000|  0%| F|  |TAMS 0x000000008fa00000, 0x000000008fa00000| Untracked 
| 251|0x000000008fb00000, 0x000000008fb00000, 0x000000008fc00000|  0%| F|  |TAMS 0x000000008fb00000, 0x000000008fb00000| Untracked 
| 252|0x000000008fc00000, 0x000000008fc00000, 0x000000008fd00000|  0%| F|  |TAMS 0x000000008fc00000, 0x000000008fc00000| Untracked 
| 253|0x000000008fd00000, 0x000000008fd00000, 0x000000008fe00000|  0%| F|  |TAMS 0x000000008fd00000, 0x000000008fd00000| Untracked 
| 254|0x000000008fe00000, 0x000000008fe00000, 0x000000008ff00000|  0%| F|  |TAMS 0x000000008fe00000, 0x000000008fe00000| Untracked 
| 255|0x000000008ff00000, 0x000000008ff00000, 0x0000000090000000|  0%| F|  |TAMS 0x000000008ff00000, 0x000000008ff00000| Untracked 
| 256|0x0000000090000000, 0x0000000090000000, 0x0000000090100000|  0%| F|  |TAMS 0x0000000090000000, 0x0000000090000000| Untracked 
| 257|0x0000000090100000, 0x0000000090100000, 0x0000000090200000|  0%| F|  |TAMS 0x0000000090100000, 0x0000000090100000| Untracked 
| 258|0x0000000090200000, 0x0000000090200000, 0x0000000090300000|  0%| F|  |TAMS 0x0000000090200000, 0x0000000090200000| Untracked 
| 259|0x0000000090300000, 0x0000000090300000, 0x0000000090400000|  0%| F|  |TAMS 0x0000000090300000, 0x0000000090300000| Untracked 
| 260|0x0000000090400000, 0x0000000090400000, 0x0000000090500000|  0%| F|  |TAMS 0x0000000090400000, 0x0000000090400000| Untracked 
| 261|0x0000000090500000, 0x0000000090500000, 0x0000000090600000|  0%| F|  |TAMS 0x0000000090500000, 0x0000000090500000| Untracked 
| 262|0x0000000090600000, 0x0000000090600000, 0x0000000090700000|  0%| F|  |TAMS 0x0000000090600000, 0x0000000090600000| Untracked 
| 263|0x0000000090700000, 0x0000000090700000, 0x0000000090800000|  0%| F|  |TAMS 0x0000000090700000, 0x0000000090700000| Untracked 
| 264|0x0000000090800000, 0x0000000090800000, 0x0000000090900000|  0%| F|  |TAMS 0x0000000090800000, 0x0000000090800000| Untracked 
| 265|0x0000000090900000, 0x0000000090900000, 0x0000000090a00000|  0%| F|  |TAMS 0x0000000090900000, 0x0000000090900000| Untracked 
| 266|0x0000000090a00000, 0x0000000090a00000, 0x0000000090b00000|  0%| F|  |TAMS 0x0000000090a00000, 0x0000000090a00000| Untracked 
| 267|0x0000000090b00000, 0x0000000090b00000, 0x0000000090c00000|  0%| F|  |TAMS 0x0000000090b00000, 0x0000000090b00000| Untracked 
| 268|0x0000000090c00000, 0x0000000090c00000, 0x0000000090d00000|  0%| F|  |TAMS 0x0000000090c00000, 0x0000000090c00000| Untracked 
| 269|0x0000000090d00000, 0x0000000090d00000, 0x0000000090e00000|  0%| F|  |TAMS 0x0000000090d00000, 0x0000000090d00000| Untracked 
| 270|0x0000000090e00000, 0x0000000090e00000, 0x0000000090f00000|  0%| F|  |TAMS 0x0000000090e00000, 0x0000000090e00000| Untracked 
| 271|0x0000000090f00000, 0x0000000090f00000, 0x0000000091000000|  0%| F|  |TAMS 0x0000000090f00000, 0x0000000090f00000| Untracked 
| 272|0x0000000091000000, 0x0000000091000000, 0x0000000091100000|  0%| F|  |TAMS 0x0000000091000000, 0x0000000091000000| Untracked 
| 273|0x0000000091100000, 0x0000000091100000, 0x0000000091200000|  0%| F|  |TAMS 0x0000000091100000, 0x0000000091100000| Untracked 
| 274|0x0000000091200000, 0x0000000091200000, 0x0000000091300000|  0%| F|  |TAMS 0x0000000091200000, 0x0000000091200000| Untracked 
| 275|0x0000000091300000, 0x0000000091300000, 0x0000000091400000|  0%| F|  |TAMS 0x0000000091300000, 0x0000000091300000| Untracked 
| 276|0x0000000091400000, 0x0000000091400000, 0x0000000091500000|  0%| F|  |TAMS 0x0000000091400000, 0x0000000091400000| Untracked 
| 277|0x0000000091500000, 0x0000000091500000, 0x0000000091600000|  0%| F|  |TAMS 0x0000000091500000, 0x0000000091500000| Untracked 
| 278|0x0000000091600000, 0x0000000091600000, 0x0000000091700000|  0%| F|  |TAMS 0x0000000091600000, 0x0000000091600000| Untracked 
| 279|0x0000000091700000, 0x0000000091700000, 0x0000000091800000|  0%| F|  |TAMS 0x0000000091700000, 0x0000000091700000| Untracked 
| 280|0x0000000091800000, 0x0000000091800000, 0x0000000091900000|  0%| F|  |TAMS 0x0000000091800000, 0x0000000091800000| Untracked 
| 281|0x0000000091900000, 0x0000000091900000, 0x0000000091a00000|  0%| F|  |TAMS 0x0000000091900000, 0x0000000091900000| Untracked 
| 282|0x0000000091a00000, 0x0000000091a00000, 0x0000000091b00000|  0%| F|  |TAMS 0x0000000091a00000, 0x0000000091a00000| Untracked 
| 283|0x0000000091b00000, 0x0000000091b00000, 0x0000000091c00000|  0%| F|  |TAMS 0x0000000091b00000, 0x0000000091b00000| Untracked 
| 284|0x0000000091c00000, 0x0000000091c00000, 0x0000000091d00000|  0%| F|  |TAMS 0x0000000091c00000, 0x0000000091c00000| Untracked 
| 285|0x0000000091d00000, 0x0000000091d00000, 0x0000000091e00000|  0%| F|  |TAMS 0x0000000091d00000, 0x0000000091d00000| Untracked 
| 286|0x0000000091e00000, 0x0000000091f00000, 0x0000000091f00000|100%| S|CS|TAMS 0x0000000091e00000, 0x0000000091e00000| Complete 
| 287|0x0000000091f00000, 0x0000000092000000, 0x0000000092000000|100%| S|CS|TAMS 0x0000000091f00000, 0x0000000091f00000| Complete 
| 288|0x0000000092000000, 0x0000000092100000, 0x0000000092100000|100%| S|CS|TAMS 0x0000000092000000, 0x0000000092000000| Complete 
| 289|0x0000000092100000, 0x0000000092200000, 0x0000000092200000|100%| S|CS|TAMS 0x0000000092100000, 0x0000000092100000| Complete 
| 290|0x0000000092200000, 0x0000000092300000, 0x0000000092300000|100%| S|CS|TAMS 0x0000000092200000, 0x0000000092200000| Complete 
| 291|0x0000000092300000, 0x0000000092300000, 0x0000000092400000|  0%| F|  |TAMS 0x0000000092300000, 0x0000000092300000| Untracked 
| 292|0x0000000092400000, 0x0000000092400000, 0x0000000092500000|  0%| F|  |TAMS 0x0000000092400000, 0x0000000092400000| Untracked 
| 293|0x0000000092500000, 0x0000000092500000, 0x0000000092600000|  0%| F|  |TAMS 0x0000000092500000, 0x0000000092500000| Untracked 
| 294|0x0000000092600000, 0x0000000092600000, 0x0000000092700000|  0%| F|  |TAMS 0x0000000092600000, 0x0000000092600000| Untracked 
| 295|0x0000000092700000, 0x0000000092700000, 0x0000000092800000|  0%| F|  |TAMS 0x0000000092700000, 0x0000000092700000| Untracked 
| 296|0x0000000092800000, 0x0000000092800000, 0x0000000092900000|  0%| F|  |TAMS 0x0000000092800000, 0x0000000092800000| Untracked 
| 297|0x0000000092900000, 0x0000000092900000, 0x0000000092a00000|  0%| F|  |TAMS 0x0000000092900000, 0x0000000092900000| Untracked 
| 298|0x0000000092a00000, 0x0000000092a00000, 0x0000000092b00000|  0%| F|  |TAMS 0x0000000092a00000, 0x0000000092a00000| Untracked 
| 299|0x0000000092b00000, 0x0000000092b00000, 0x0000000092c00000|  0%| F|  |TAMS 0x0000000092b00000, 0x0000000092b00000| Untracked 
| 300|0x0000000092c00000, 0x0000000092c00000, 0x0000000092d00000|  0%| F|  |TAMS 0x0000000092c00000, 0x0000000092c00000| Untracked 
| 301|0x0000000092d00000, 0x0000000092d00000, 0x0000000092e00000|  0%| F|  |TAMS 0x0000000092d00000, 0x0000000092d00000| Untracked 
| 302|0x0000000092e00000, 0x0000000092e00000, 0x0000000092f00000|  0%| F|  |TAMS 0x0000000092e00000, 0x0000000092e00000| Untracked 
| 303|0x0000000092f00000, 0x0000000092f00000, 0x0000000093000000|  0%| F|  |TAMS 0x0000000092f00000, 0x0000000092f00000| Untracked 
| 304|0x0000000093000000, 0x0000000093000000, 0x0000000093100000|  0%| F|  |TAMS 0x0000000093000000, 0x0000000093000000| Untracked 
| 305|0x0000000093100000, 0x0000000093100000, 0x0000000093200000|  0%| F|  |TAMS 0x0000000093100000, 0x0000000093100000| Untracked 
| 306|0x0000000093200000, 0x0000000093200000, 0x0000000093300000|  0%| F|  |TAMS 0x0000000093200000, 0x0000000093200000| Untracked 
| 307|0x0000000093300000, 0x0000000093300000, 0x0000000093400000|  0%| F|  |TAMS 0x0000000093300000, 0x0000000093300000| Untracked 
| 308|0x0000000093400000, 0x0000000093400000, 0x0000000093500000|  0%| F|  |TAMS 0x0000000093400000, 0x0000000093400000| Untracked 
| 309|0x0000000093500000, 0x0000000093500000, 0x0000000093600000|  0%| F|  |TAMS 0x0000000093500000, 0x0000000093500000| Untracked 
| 310|0x0000000093600000, 0x0000000093600000, 0x0000000093700000|  0%| F|  |TAMS 0x0000000093600000, 0x0000000093600000| Untracked 
| 311|0x0000000093700000, 0x0000000093700000, 0x0000000093800000|  0%| F|  |TAMS 0x0000000093700000, 0x0000000093700000| Untracked 
| 312|0x0000000093800000, 0x0000000093800000, 0x0000000093900000|  0%| F|  |TAMS 0x0000000093800000, 0x0000000093800000| Untracked 
| 313|0x0000000093900000, 0x0000000093900000, 0x0000000093a00000|  0%| F|  |TAMS 0x0000000093900000, 0x0000000093900000| Untracked 
| 314|0x0000000093a00000, 0x0000000093a00000, 0x0000000093b00000|  0%| F|  |TAMS 0x0000000093a00000, 0x0000000093a00000| Untracked 
| 315|0x0000000093b00000, 0x0000000093b00000, 0x0000000093c00000|  0%| F|  |TAMS 0x0000000093b00000, 0x0000000093b00000| Untracked 
| 316|0x0000000093c00000, 0x0000000093c00000, 0x0000000093d00000|  0%| F|  |TAMS 0x0000000093c00000, 0x0000000093c00000| Untracked 
| 317|0x0000000093d00000, 0x0000000093d00000, 0x0000000093e00000|  0%| F|  |TAMS 0x0000000093d00000, 0x0000000093d00000| Untracked 
| 318|0x0000000093e00000, 0x0000000093e00000, 0x0000000093f00000|  0%| F|  |TAMS 0x0000000093e00000, 0x0000000093e00000| Untracked 
| 319|0x0000000093f00000, 0x0000000093f00000, 0x0000000094000000|  0%| F|  |TAMS 0x0000000093f00000, 0x0000000093f00000| Untracked 
| 320|0x0000000094000000, 0x0000000094000000, 0x0000000094100000|  0%| F|  |TAMS 0x0000000094000000, 0x0000000094000000| Untracked 
| 321|0x0000000094100000, 0x0000000094100000, 0x0000000094200000|  0%| F|  |TAMS 0x0000000094100000, 0x0000000094100000| Untracked 
| 322|0x0000000094200000, 0x0000000094200000, 0x0000000094300000|  0%| F|  |TAMS 0x0000000094200000, 0x0000000094200000| Untracked 
| 323|0x0000000094300000, 0x0000000094300000, 0x0000000094400000|  0%| F|  |TAMS 0x0000000094300000, 0x0000000094300000| Untracked 

Card table byte_map: [0x0000027c5c9b0000,0x0000027c5cdb0000] _byte_map_base: 0x0000027c5c5b0000

Marking Bits (Prev, Next): (CMBitMap*) 0x0000027c47cdbae0, (CMBitMap*) 0x0000027c47cdbaa8
 Prev Bits: [0x0000027c5f1b0000, 0x0000027c611b0000)
 Next Bits: [0x0000027c5d1b0000, 0x0000027c5f1b0000)

Polling page: 0x0000027c47d80000

Metaspace:

Usage:
  Non-class:     89.68 MB capacity,    87.94 MB ( 98%) used,     1.41 MB (  2%) free+waste,   338.00 KB ( <1%) overhead. 
      Class:     13.91 MB capacity,    12.88 MB ( 93%) used,   912.02 KB (  6%) free+waste,   148.50 KB (  1%) overhead. 
       Both:    103.59 MB capacity,   100.81 MB ( 97%) used,     2.30 MB (  2%) free+waste,   486.50 KB ( <1%) overhead. 

Virtual space:
  Non-class space:       90.00 MB reserved,      89.87 MB (>99%) committed 
      Class space:        1.00 GB reserved,      14.00 MB (  1%) committed 
             Both:        1.09 GB reserved,     103.87 MB (  9%) committed 

Chunk freelists:
   Non-Class:  7.00 KB
       Class:  0 bytes
        Both:  7.00 KB

MaxMetaspaceSize: 17179869184.00 GB
CompressedClassSpaceSize: 1.00 GB

CodeHeap 'non-profiled nmethods': size=120064Kb used=8717Kb max_used=8717Kb free=111346Kb
 bounds [0x0000027c54a40000, 0x0000027c552d0000, 0x0000027c5bf80000]
CodeHeap 'profiled nmethods': size=120000Kb used=36774Kb max_used=36774Kb free=83226Kb
 bounds [0x0000027c4d510000, 0x0000027c4f900000, 0x0000027c54a40000]
CodeHeap 'non-nmethods': size=5696Kb used=2318Kb max_used=2381Kb free=3377Kb
 bounds [0x0000027c4cf80000, 0x0000027c4d1f0000, 0x0000027c4d510000]
 total_blobs=17014 nmethods=16085 adapters=838
 compilation: enabled
              stopped_count=0, restarted_count=0
 full_count=0

Compilation events (20 events):
Event: 115.340 Thread 0x0000027c6381d800 16561       2       java.util.IdentityHashMap::remove (102 bytes)
Event: 115.340 Thread 0x0000027c6381d800 nmethod 16561 0x0000027c4f8f5290 code [0x0000027c4f8f5460, 0x0000027c4f8f5758]
Event: 115.343 Thread 0x0000027c6381d800 16562 %     3       java.util.IdentityHashMap::get @ 22 (60 bytes)
Event: 115.344 Thread 0x0000027c6381d800 nmethod 16562% 0x0000027c4f8f5910 code [0x0000027c4f8f5b00, 0x0000027c4f8f5fc8]
Event: 115.345 Thread 0x0000027c6381d800 16563       3       java.util.IdentityHashMap::get (60 bytes)
Event: 115.346 Thread 0x0000027c6381d800 nmethod 16563 0x0000027c4f8f6210 code [0x0000027c4f8f6400, 0x0000027c4f8f6848]
Event: 115.348 Thread 0x0000027c6381d800 16564 %     3       java.util.IdentityHashMap::containsKey @ 22 (55 bytes)
Event: 115.349 Thread 0x0000027c6381d800 nmethod 16564% 0x0000027c4f8f6a90 code [0x0000027c4f8f6c80, 0x0000027c4f8f7128]
Event: 115.349 Thread 0x0000027c6381d800 16565       2       com.android.tools.r8.internal.qr::d (53 bytes)
Event: 115.350 Thread 0x0000027c6381d800 nmethod 16565 0x0000027c4f8f7390 code [0x0000027c4f8f75a0, 0x0000027c4f8f79f8]
Event: 115.350 Thread 0x0000027c6381d800 16566       3       java.util.IdentityHashMap::containsKey (55 bytes)
Event: 115.350 Thread 0x0000027c6381d800 nmethod 16566 0x0000027c4f8f7c10 code [0x0000027c4f8f7e00, 0x0000027c4f8f8228]
Event: 115.352 Thread 0x0000027c6381d800 16567       2       com.android.tools.r8.internal.qr$$Lambda$1023/0x0000000100bd5040::iterator (8 bytes)
Event: 115.352 Thread 0x0000027c6381d800 nmethod 16567 0x0000027c4f8f8410 code [0x0000027c4f8f8600, 0x0000027c4f8f8af8]
Event: 115.352 Thread 0x0000027c6381d800 16568       2       com.android.tools.r8.internal.qr::k (25 bytes)
Event: 115.353 Thread 0x0000027c6381d800 nmethod 16568 0x0000027c4f8f8d10 code [0x0000027c4f8f8f00, 0x0000027c4f8f93d8]
Event: 115.353 Thread 0x0000027c6381d800 16569       2       com.android.tools.r8.internal.qr$$Lambda$1024/0x0000000100bd4840::get$Lambda (9 bytes)
Event: 115.354 Thread 0x0000027c6381d800 nmethod 16569 0x0000027c4f8f9590 code [0x0000027c4f8f9740, 0x0000027c4f8f98b8]
Event: 115.354 Thread 0x0000027c6381d800 16570       2       com.android.tools.r8.internal.qr$$Lambda$1024/0x0000000100bd4840::<init> (10 bytes)
Event: 115.354 Thread 0x0000027c6381d800 nmethod 16570 0x0000027c4f8f9990 code [0x0000027c4f8f9b40, 0x0000027c4f8f9c78]

GC Heap History (20 events):
Event: 103.144 GC heap after
{Heap after GC invocations=91 (full 0):
 garbage-first heap   total 220160K, used 106184K [0x0000000080000000, 0x0000000100000000)
  region size 1024K, 1 young (1024K), 1 survivors (1024K)
 Metaspace       used 97003K, capacity 99499K, committed 99580K, reserved 1136640K
  class space    used 12545K, capacity 13430K, committed 13440K, reserved 1048576K
}
Event: 104.213 GC heap before
{Heap before GC invocations=91 (full 0):
 garbage-first heap   total 220160K, used 188104K [0x0000000080000000, 0x0000000100000000)
  region size 1024K, 81 young (82944K), 1 survivors (1024K)
 Metaspace       used 97022K, capacity 99507K, committed 99580K, reserved 1136640K
  class space    used 12549K, capacity 13433K, committed 13440K, reserved 1048576K
}
Event: 104.220 GC heap after
{Heap after GC invocations=92 (full 0):
 garbage-first heap   total 220160K, used 106578K [0x0000000080000000, 0x0000000100000000)
  region size 1024K, 2 young (2048K), 2 survivors (2048K)
 Metaspace       used 97022K, capacity 99507K, committed 99580K, reserved 1136640K
  class space    used 12549K, capacity 13433K, committed 13440K, reserved 1048576K
}
Event: 105.902 GC heap before
{Heap before GC invocations=93 (full 0):
 garbage-first heap   total 220160K, used 190546K [0x0000000080000000, 0x0000000100000000)
  region size 1024K, 82 young (83968K), 2 survivors (2048K)
 Metaspace       used 98522K, capacity 101100K, committed 101372K, reserved 1136640K
  class space    used 12716K, capacity 13672K, committed 13696K, reserved 1048576K
}
Event: 105.928 GC heap after
{Heap after GC invocations=94 (full 0):
 garbage-first heap   total 220160K, used 113513K [0x0000000080000000, 0x0000000100000000)
  region size 1024K, 7 young (7168K), 7 survivors (7168K)
 Metaspace       used 98522K, capacity 101100K, committed 101372K, reserved 1136640K
  class space    used 12716K, capacity 13672K, committed 13696K, reserved 1048576K
}
Event: 106.025 GC heap before
{Heap before GC invocations=94 (full 0):
 garbage-first heap   total 220160K, used 116585K [0x0000000080000000, 0x0000000100000000)
  region size 1024K, 10 young (10240K), 7 survivors (7168K)
 Metaspace       used 98593K, capacity 101142K, committed 101372K, reserved 1136640K
  class space    used 12724K, capacity 13684K, committed 13696K, reserved 1048576K
}
Event: 106.052 GC heap after
{Heap after GC invocations=95 (full 0):
 garbage-first heap   total 220160K, used 112320K [0x0000000080000000, 0x0000000100000000)
  region size 1024K, 1 young (1024K), 1 survivors (1024K)
 Metaspace       used 98593K, capacity 101142K, committed 101372K, reserved 1136640K
  class space    used 12724K, capacity 13684K, committed 13696K, reserved 1048576K
}
Event: 107.701 GC heap before
{Heap before GC invocations=95 (full 0):
 garbage-first heap   total 220160K, used 217792K [0x0000000080000000, 0x0000000100000000)
  region size 1024K, 65 young (66560K), 1 survivors (1024K)
 Metaspace       used 100156K, capacity 102814K, committed 102908K, reserved 1138688K
  class space    used 12909K, capacity 13912K, committed 13952K, reserved 1048576K
}
Event: 107.764 GC heap after
{Heap after GC invocations=96 (full 0):
 garbage-first heap   total 239616K, used 156633K [0x0000000080000000, 0x0000000100000000)
  region size 1024K, 10 young (10240K), 10 survivors (10240K)
 Metaspace       used 100156K, capacity 102814K, committed 102908K, reserved 1138688K
  class space    used 12909K, capacity 13912K, committed 13952K, reserved 1048576K
}
Event: 108.559 GC heap before
{Heap before GC invocations=97 (full 0):
 garbage-first heap   total 239616K, used 194521K [0x0000000080000000, 0x0000000100000000)
  region size 1024K, 49 young (50176K), 10 survivors (10240K)
 Metaspace       used 100518K, capacity 103180K, committed 103420K, reserved 1138688K
  class space    used 12943K, capacity 13949K, committed 13952K, reserved 1048576K
}
Event: 108.628 GC heap after
{Heap after GC invocations=98 (full 0):
 garbage-first heap   total 239616K, used 167538K [0x0000000080000000, 0x0000000100000000)
  region size 1024K, 7 young (7168K), 7 survivors (7168K)
 Metaspace       used 100518K, capacity 103180K, committed 103420K, reserved 1138688K
  class space    used 12943K, capacity 13949K, committed 13952K, reserved 1048576K
}
Event: 108.684 GC heap before
{Heap before GC invocations=98 (full 0):
 garbage-first heap   total 239616K, used 171634K [0x0000000080000000, 0x0000000100000000)
  region size 1024K, 11 young (11264K), 7 survivors (7168K)
 Metaspace       used 100571K, capacity 103183K, committed 103420K, reserved 1138688K
  class space    used 12947K, capacity 13950K, committed 13952K, reserved 1048576K
}
Event: 108.743 GC heap after
{Heap after GC invocations=99 (full 0):
 garbage-first heap   total 331776K, used 148764K [0x0000000080000000, 0x0000000100000000)
  region size 1024K, 2 young (2048K), 2 survivors (2048K)
 Metaspace       used 100571K, capacity 103183K, committed 103420K, reserved 1138688K
  class space    used 12947K, capacity 13950K, committed 13952K, reserved 1048576K
}
Event: 111.035 GC heap before
{Heap before GC invocations=99 (full 0):
 garbage-first heap   total 331776K, used 229660K [0x0000000080000000, 0x0000000100000000)
  region size 1024K, 82 young (83968K), 2 survivors (2048K)
 Metaspace       used 102433K, capacity 105095K, committed 105212K, reserved 1140736K
  class space    used 13107K, capacity 14133K, committed 14208K, reserved 1048576K
}
Event: 111.120 GC heap after
{Heap after GC invocations=100 (full 0):
 garbage-first heap   total 331776K, used 183690K [0x0000000080000000, 0x0000000100000000)
  region size 1024K, 11 young (11264K), 11 survivors (11264K)
 Metaspace       used 102433K, capacity 105095K, committed 105212K, reserved 1140736K
  class space    used 13107K, capacity 14133K, committed 14208K, reserved 1048576K
}
Event: 111.721 GC heap before
{Heap before GC invocations=100 (full 0):
 garbage-first heap   total 331776K, used 242058K [0x0000000080000000, 0x0000000100000000)
  region size 1024K, 69 young (70656K), 11 survivors (11264K)
 Metaspace       used 102720K, capacity 105500K, committed 105724K, reserved 1140736K
  class space    used 13128K, capacity 14142K, committed 14208K, reserved 1048576K
}
Event: 111.879 GC heap after
{Heap after GC invocations=101 (full 0):
 garbage-first heap   total 331776K, used 212480K [0x0000000080000000, 0x0000000100000000)
  region size 1024K, 9 young (9216K), 9 survivors (9216K)
 Metaspace       used 102720K, capacity 105500K, committed 105724K, reserved 1140736K
  class space    used 13128K, capacity 14142K, committed 14208K, reserved 1048576K
}
Event: 113.389 GC heap before
{Heap before GC invocations=101 (full 0):
 garbage-first heap   total 331776K, used 254464K [0x0000000080000000, 0x0000000100000000)
  region size 1024K, 51 young (52224K), 9 survivors (9216K)
 Metaspace       used 102897K, capacity 105638K, committed 105724K, reserved 1140736K
  class space    used 13135K, capacity 14145K, committed 14208K, reserved 1048576K
}
Event: 113.450 GC heap after
{Heap after GC invocations=102 (full 0):
 garbage-first heap   total 331776K, used 230912K [0x0000000080000000, 0x0000000100000000)
  region size 1024K, 7 young (7168K), 7 survivors (7168K)
 Metaspace       used 102897K, capacity 105638K, committed 105724K, reserved 1140736K
  class space    used 13135K, capacity 14145K, committed 14208K, reserved 1048576K
}
Event: 115.355 GC heap before
{Heap before GC invocations=102 (full 0):
 garbage-first heap   total 331776K, used 263680K [0x0000000080000000, 0x0000000100000000)
  region size 1024K, 40 young (40960K), 7 survivors (7168K)
 Metaspace       used 103232K, capacity 106074K, committed 106364K, reserved 1140736K
  class space    used 13184K, capacity 14245K, committed 14336K, reserved 1048576K
}

Deoptimization events (20 events):
Event: 115.113 Thread 0x0000027c65104800 Uncommon trap: trap_request=0xffffffc6 fr.pc=0x0000027c5524348c relative=0x000000000000084c
Event: 115.113 Thread 0x0000027c65104800 Uncommon trap: reason=bimorphic_or_optimized_type_check action=maybe_recompile pc=0x0000027c5524348c method=com.android.tools.r8.internal.DA.a(Ljava/lang/Object;[Lcom/android/tools/r8/internal/zf;I)Ljava/lang/Object; @ 13 c2
Event: 115.113 Thread 0x0000027c65104800 DEOPT PACKING pc=0x0000027c5524348c sp=0x000000db4bafd430
Event: 115.113 Thread 0x0000027c65104800 DEOPT UNPACKING pc=0x0000027c4cfa65af sp=0x000000db4bafd3e0 mode 2
Event: 115.264 Thread 0x0000027c65104800 Uncommon trap: trap_request=0xffffff4d fr.pc=0x0000027c54fa8fc0 relative=0x0000000000000180
Event: 115.264 Thread 0x0000027c65104800 Uncommon trap: reason=unstable_if action=reinterpret pc=0x0000027c54fa8fc0 method=java.util.IdentityHashMap.maskNull(Ljava/lang/Object;)Ljava/lang/Object; @ 1 c2
Event: 115.264 Thread 0x0000027c65104800 DEOPT PACKING pc=0x0000027c54fa8fc0 sp=0x000000db4bafd200
Event: 115.264 Thread 0x0000027c65104800 DEOPT UNPACKING pc=0x0000027c4cfa65af sp=0x000000db4bafd118 mode 2
Event: 115.264 Thread 0x0000027c65104800 Uncommon trap: trap_request=0xffffff4d fr.pc=0x0000027c54ffa908 relative=0x0000000000000148
Event: 115.264 Thread 0x0000027c65104800 Uncommon trap: reason=unstable_if action=reinterpret pc=0x0000027c54ffa908 method=java.util.IdentityHashMap.maskNull(Ljava/lang/Object;)Ljava/lang/Object; @ 1 c2
Event: 115.264 Thread 0x0000027c65104800 DEOPT PACKING pc=0x0000027c54ffa908 sp=0x000000db4bafd200
Event: 115.264 Thread 0x0000027c65104800 DEOPT UNPACKING pc=0x0000027c4cfa65af sp=0x000000db4bafd118 mode 2
Event: 115.264 Thread 0x0000027c65104800 Uncommon trap: trap_request=0xffffff4d fr.pc=0x0000027c550e8828 relative=0x00000000000008c8
Event: 115.264 Thread 0x0000027c65104800 Uncommon trap: reason=unstable_if action=reinterpret pc=0x0000027c550e8828 method=java.util.IdentityHashMap.maskNull(Ljava/lang/Object;)Ljava/lang/Object; @ 1 c2
Event: 115.264 Thread 0x0000027c65104800 DEOPT PACKING pc=0x0000027c550e8828 sp=0x000000db4bafd290
Event: 115.264 Thread 0x0000027c65104800 DEOPT UNPACKING pc=0x0000027c4cfa65af sp=0x000000db4bafd1f0 mode 2
Event: 115.305 Thread 0x0000027c65104800 Uncommon trap: trap_request=0xffffff4d fr.pc=0x0000027c54fc8b54 relative=0x0000000000000034
Event: 115.305 Thread 0x0000027c65104800 Uncommon trap: reason=unstable_if action=reinterpret pc=0x0000027c54fc8b54 method=java.util.IdentityHashMap.maskNull(Ljava/lang/Object;)Ljava/lang/Object; @ 1 c2
Event: 115.305 Thread 0x0000027c65104800 DEOPT PACKING pc=0x0000027c54fc8b54 sp=0x000000db4bafd0f0
Event: 115.305 Thread 0x0000027c65104800 DEOPT UNPACKING pc=0x0000027c4cfa65af sp=0x000000db4bafd090 mode 2

Classes redefined (0 events):
No events

Internal exceptions (20 events):
Event: 104.883 Thread 0x0000027c65100800 Exception <a 'java/lang/NoSuchMethodError'{0x000000008b5adbd0}: 'void java.lang.invoke.DirectMethodHandle$Holder.invokeSpecial(java.lang.Object, java.lang.Object, java.lang.Object, java.lang.Object, java.lang.Object, java.lang.Object, java.lang.Object, java.lang.Object, java.lang.Object)'> (0x000000008b5adbd0) thrown at [./src/hotspot/share/interpreter/linkResolver.cpp, line 773]
Event: 104.888 Thread 0x0000027c65100800 Exception <a 'java/lang/NoSuchMethodError'{0x000000008b5c89a0}: 'void java.lang.invoke.DirectMethodHandle$Holder.invokeStatic(java.lang.Object, java.lang.Object, java.lang.Object, java.lang.Object, java.lang.Object, java.lang.Object, java.lang.Object, java.lang.Object)'> (0x000000008b5c89a0) thrown at [./src/hotspot/share/interpreter/linkResolver.cpp, line 773]
Event: 105.288 Thread 0x0000027c65100800 Exception <a 'java/lang/IncompatibleClassChangeError'{0x000000008a1ddc38}: Found class java.lang.Object, but interface was expected> (0x000000008a1ddc38) thrown at [./src/hotspot/share/interpreter/linkResolver.cpp, line 839]
Event: 105.834 Thread 0x0000027c65100800 Exception <a 'java/lang/NoSuchMethodError'{0x0000000088727210}: 'void java.lang.invoke.DirectMethodHandle$Holder.invokeVirtual(java.lang.Object, java.lang.Object, int)'> (0x0000000088727210) thrown at [./src/hotspot/share/interpreter/linkResolver.cpp, line 773]
Event: 106.228 Thread 0x0000027c65100800 Exception <a 'sun/nio/fs/WindowsException'{0x000000008d5f3300}> (0x000000008d5f3300) thrown at [./src/hotspot/share/prims/jni.cpp, line 615]
Event: 107.240 Thread 0x0000027c650fb800 Exception <a 'sun/nio/fs/WindowsException'{0x000000008b4b9a58}> (0x000000008b4b9a58) thrown at [./src/hotspot/share/prims/jni.cpp, line 615]
Event: 107.240 Thread 0x0000027c650fb800 Exception <a 'sun/nio/fs/WindowsException'{0x000000008b4ba8b8}> (0x000000008b4ba8b8) thrown at [./src/hotspot/share/prims/jni.cpp, line 615]
Event: 107.240 Thread 0x0000027c650fb800 Exception <a 'sun/nio/fs/WindowsException'{0x000000008b4bab30}> (0x000000008b4bab30) thrown at [./src/hotspot/share/prims/jni.cpp, line 615]
Event: 107.312 Thread 0x0000027c650fb800 Exception <a 'sun/nio/fs/WindowsException'{0x000000008b3bfda0}> (0x000000008b3bfda0) thrown at [./src/hotspot/share/prims/jni.cpp, line 615]
Event: 107.312 Thread 0x0000027c650fb800 Exception <a 'sun/nio/fs/WindowsException'{0x000000008b3c0c20}> (0x000000008b3c0c20) thrown at [./src/hotspot/share/prims/jni.cpp, line 615]
Event: 107.313 Thread 0x0000027c65104800 Exception <a 'sun/nio/fs/WindowsException'{0x000000008b3866a8}> (0x000000008b3866a8) thrown at [./src/hotspot/share/prims/jni.cpp, line 615]
Event: 110.057 Thread 0x0000027c65107000 Exception <a 'java/lang/NoSuchMethodError'{0x0000000092977de0}: 'long java.lang.invoke.DirectMethodHandle$Holder.invokeStatic(java.lang.Object, java.lang.Object, java.lang.Object)'> (0x0000000092977de0) thrown at [./src/hotspot/share/interpreter/linkResolver.cpp, line 773]
Event: 111.524 Thread 0x0000027c664e1000 Exception <a 'java/lang/NoSuchMethodError'{0x0000000092bee0a0}: 'void java.lang.invoke.DirectMethodHandle$Holder.invokeStatic(java.lang.Object, long)'> (0x0000000092bee0a0) thrown at [./src/hotspot/share/interpreter/linkResolver.cpp, line 773]
Event: 111.528 Thread 0x0000027c664e1000 Exception <a 'java/lang/NoSuchMethodError'{0x00000000919c4c68}: 'java.lang.Object java.lang.invoke.DirectMethodHandle$Holder.invokeStaticInit(java.lang.Object, java.lang.Object, long, java.lang.Object)'> (0x00000000919c4c68) thrown at [./src/hotspot/share/interpreter/linkResolver.cpp, line 773]
Event: 111.529 Thread 0x0000027c664e1000 Exception <a 'java/lang/NoSuchMethodError'{0x00000000919cb3f8}: 'java.lang.Object java.lang.invoke.DirectMethodHandle$Holder.invokeStatic(java.lang.Object, java.lang.Object, long)'> (0x00000000919cb3f8) thrown at [./src/hotspot/share/interpreter/linkResolver.cpp, line 773]
Event: 111.530 Thread 0x0000027c664e1000 Exception <a 'java/lang/NoSuchMethodError'{0x0000000091804e38}: 'java.lang.Object java.lang.invoke.Invokers$Holder.linkToTargetMethod(java.lang.Object, long, java.lang.Object)'> (0x0000000091804e38) thrown at [./src/hotspot/share/interpreter/linkResolver.cpp, line 773]
Event: 114.090 Thread 0x0000027c65104800 Exception <a 'java/lang/IncompatibleClassChangeError'{0x0000000092aa36a0}: Found class java.lang.Object, but interface was expected> (0x0000000092aa36a0) thrown at [./src/hotspot/share/interpreter/linkResolver.cpp, line 839]
Event: 115.264 Thread 0x0000027c65104800 Implicit null exception at 0x0000027c54fa8e6f to 0x0000027c54fa8fac
Event: 115.264 Thread 0x0000027c65104800 Implicit null exception at 0x0000027c54ffa7ef to 0x0000027c54ffa8f4
Event: 115.264 Thread 0x0000027c65104800 Implicit null exception at 0x0000027c550e7f92 to 0x0000027c550e8814

Events (20 events):
Event: 115.106 loading class com/android/tools/r8/graph/d0 done
Event: 115.108 loading class com/android/tools/r8/synthesis/d
Event: 115.108 loading class com/android/tools/r8/synthesis/d done
Event: 115.111 loading class com/android/tools/r8/synthesis/d
Event: 115.111 loading class com/android/tools/r8/synthesis/d done
Event: 115.112 loading class com/android/tools/r8/internal/Ht
Event: 115.112 loading class com/android/tools/r8/internal/Ht done
Event: 115.112 loading class com/android/tools/r8/internal/Ht
Event: 115.112 loading class com/android/tools/r8/internal/Ht done
Event: 115.193 loading class com/android/tools/r8/graph/Z
Event: 115.193 loading class com/android/tools/r8/graph/Z done
Event: 115.193 loading class com/android/tools/r8/graph/d0
Event: 115.193 loading class com/android/tools/r8/graph/d0 done
Event: 115.193 loading class com/android/tools/r8/graph/Z0
Event: 115.193 loading class com/android/tools/r8/graph/Z0 done
Event: 115.194 loading class com/android/tools/r8/graph/O$a
Event: 115.194 loading class com/android/tools/r8/graph/O$a done
Event: 115.265 loading class com/android/tools/r8/graph/P$b
Event: 115.265 loading class com/android/tools/r8/graph/P$b done
Event: 115.355 Executing VM operation: G1CollectForAllocation


Dynamic libraries:
0x00007ff647d40000 - 0x00007ff647d4a000 	C:\Program Files\Android\Android Studio1\jre\bin\java.exe
0x00007ffa622b0000 - 0x00007ffa624a5000 	C:\WINDOWS\SYSTEM32\ntdll.dll
0x00007ffa60310000 - 0x00007ffa603cd000 	C:\WINDOWS\System32\KERNEL32.DLL
0x00007ffa5fb30000 - 0x00007ffa5fdfd000 	C:\WINDOWS\System32\KERNELBASE.dll
0x00007ffa5fe50000 - 0x00007ffa5ff50000 	C:\WINDOWS\System32\ucrtbase.dll
0x00007ffa5b860000 - 0x00007ffa5b877000 	C:\Program Files\Android\Android Studio1\jre\bin\VCRUNTIME140.dll
0x00007ffa5b880000 - 0x00007ffa5b899000 	C:\Program Files\Android\Android Studio1\jre\bin\jli.dll
0x00007ffa61ee0000 - 0x00007ffa62080000 	C:\WINDOWS\System32\USER32.dll
0x00007ffa5f9c0000 - 0x00007ffa5f9e2000 	C:\WINDOWS\System32\win32u.dll
0x00007ffa60470000 - 0x00007ffa6049a000 	C:\WINDOWS\System32\GDI32.dll
0x00007ffa4ef80000 - 0x00007ffa4f21a000 	C:\WINDOWS\WinSxS\amd64_microsoft.windows.common-controls_6595b64144ccf1df_6.0.19041.1110_none_60b5254171f9507e\COMCTL32.dll
0x00007ffa5f9f0000 - 0x00007ffa5fafb000 	C:\WINDOWS\System32\gdi32full.dll
0x00007ffa60260000 - 0x00007ffa602fd000 	C:\WINDOWS\System32\msvcp_win.dll
0x00007ffa60b60000 - 0x00007ffa60bfe000 	C:\WINDOWS\System32\msvcrt.dll
0x00007ffa603d0000 - 0x00007ffa60400000 	C:\WINDOWS\System32\IMM32.DLL
0x00007ffa3f590000 - 0x00007ffa3f62d000 	C:\Program Files\Android\Android Studio1\jre\bin\msvcp140.dll
0x00007ffa22730000 - 0x00007ffa23205000 	C:\Program Files\Android\Android Studio1\jre\bin\server\jvm.dll
0x00007ffa62080000 - 0x00007ffa6212e000 	C:\WINDOWS\System32\ADVAPI32.dll
0x00007ffa60ce0000 - 0x00007ffa60d7c000 	C:\WINDOWS\System32\sechost.dll
0x00007ffa62140000 - 0x00007ffa62265000 	C:\WINDOWS\System32\RPCRT4.dll
0x00007ffa62130000 - 0x00007ffa62138000 	C:\WINDOWS\System32\PSAPI.DLL
0x00007ffa5a990000 - 0x00007ffa5a999000 	C:\WINDOWS\SYSTEM32\WSOCK32.dll
0x00007ffa4d8b0000 - 0x00007ffa4d8d7000 	C:\WINDOWS\SYSTEM32\WINMM.dll
0x00007ffa61e70000 - 0x00007ffa61edb000 	C:\WINDOWS\System32\WS2_32.dll
0x00007ffa5a2b0000 - 0x00007ffa5a2ba000 	C:\WINDOWS\SYSTEM32\VERSION.dll
0x00007ffa5d8a0000 - 0x00007ffa5d8b2000 	C:\WINDOWS\SYSTEM32\kernel.appcore.dll
0x00007ffa4d760000 - 0x00007ffa4d771000 	C:\Program Files\Android\Android Studio1\jre\bin\verify.dll
0x00007ffa3d3b0000 - 0x00007ffa3d594000 	C:\WINDOWS\SYSTEM32\DBGHELP.DLL
0x00007ffa3d360000 - 0x00007ffa3d38c000 	C:\WINDOWS\SYSTEM32\dbgcore.DLL
0x00007ffa5ff50000 - 0x00007ffa5ffd2000 	C:\WINDOWS\System32\bcryptPrimitives.dll
0x00007ffa4c3e0000 - 0x00007ffa4c409000 	C:\Program Files\Android\Android Studio1\jre\bin\java.dll
0x00007ffa589c0000 - 0x00007ffa589cb000 	C:\Program Files\Android\Android Studio1\jre\bin\jimage.dll
0x00007ffa4c3c0000 - 0x00007ffa4c3d8000 	C:\Program Files\Android\Android Studio1\jre\bin\zip.dll
0x00007ffa61530000 - 0x00007ffa61c74000 	C:\WINDOWS\System32\SHELL32.dll
0x00007ffa5daa0000 - 0x00007ffa5e234000 	C:\WINDOWS\SYSTEM32\windows.storage.dll
0x00007ffa60e00000 - 0x00007ffa61154000 	C:\WINDOWS\System32\combase.dll
0x00007ffa5f420000 - 0x00007ffa5f44c000 	C:\WINDOWS\SYSTEM32\Wldp.dll
0x00007ffa61dc0000 - 0x00007ffa61e6d000 	C:\WINDOWS\System32\SHCORE.dll
0x00007ffa60c20000 - 0x00007ffa60c75000 	C:\WINDOWS\System32\shlwapi.dll
0x00007ffa5f900000 - 0x00007ffa5f91f000 	C:\WINDOWS\SYSTEM32\profapi.dll
0x00007ffa4c2f0000 - 0x00007ffa4c30a000 	C:\Program Files\Android\Android Studio1\jre\bin\net.dll
0x00007ffa567f0000 - 0x00007ffa568fa000 	C:\WINDOWS\SYSTEM32\WINHTTP.dll
0x00007ffa5f180000 - 0x00007ffa5f1ea000 	C:\WINDOWS\system32\mswsock.dll
0x00007ffa4c2d0000 - 0x00007ffa4c2e4000 	C:\Program Files\Android\Android Studio1\jre\bin\nio.dll
0x00007ffa379c0000 - 0x00007ffa379e7000 	C:\Users\Nguyen Thi Hong Hanh\.gradle\native\8bec1ad78214c89d9ad589b4d07fe93259594b29d510b10fafb7a158f7737e5d\windows-amd64\native-platform.dll
0x00007ffa25ff0000 - 0x00007ffa2612d000 	C:\Users\Nguyen Thi Hong Hanh\.gradle\native\53dbd7edfb1c66fb8903c78663c9afc45aea4f116125fa6feffd364cf09443e8\windows-amd64\native-platform-file-events.dll
0x00007ffa541e0000 - 0x00007ffa541ea000 	C:\Program Files\Android\Android Studio1\jre\bin\management.dll
0x00007ffa4e790000 - 0x00007ffa4e79d000 	C:\Program Files\Android\Android Studio1\jre\bin\management_ext.dll
0x00007ffa5f370000 - 0x00007ffa5f388000 	C:\WINDOWS\SYSTEM32\CRYPTSP.dll
0x00007ffa5ea90000 - 0x00007ffa5eac4000 	C:\WINDOWS\system32\rsaenh.dll
0x00007ffa5fb00000 - 0x00007ffa5fb27000 	C:\WINDOWS\System32\bcrypt.dll
0x00007ffa5f880000 - 0x00007ffa5f8ae000 	C:\WINDOWS\SYSTEM32\USERENV.dll
0x00007ffa5f390000 - 0x00007ffa5f39c000 	C:\WINDOWS\SYSTEM32\CRYPTBASE.dll
0x00007ffa5ee20000 - 0x00007ffa5ee5b000 	C:\WINDOWS\SYSTEM32\IPHLPAPI.DLL
0x00007ffa60300000 - 0x00007ffa60308000 	C:\WINDOWS\System32\NSI.dll
0x00007ffa56340000 - 0x00007ffa56357000 	C:\WINDOWS\SYSTEM32\dhcpcsvc6.DLL
0x00007ffa56650000 - 0x00007ffa5666d000 	C:\WINDOWS\SYSTEM32\dhcpcsvc.DLL
0x00007ffa5ee70000 - 0x00007ffa5ef3b000 	C:\WINDOWS\SYSTEM32\DNSAPI.dll

dbghelp: loaded successfully - version: 4.0.5 - missing functions: none
symbol engine: initialized successfully - sym options: 0x614 - pdb path: .;C:\Program Files\Android\Android Studio1\jre\bin;C:\WINDOWS\SYSTEM32;C:\WINDOWS\WinSxS\amd64_microsoft.windows.common-controls_6595b64144ccf1df_6.0.19041.1110_none_60b5254171f9507e;C:\Program Files\Android\Android Studio1\jre\bin\server;C:\Users\Nguyen Thi Hong Hanh\.gradle\native\8bec1ad78214c89d9ad589b4d07fe93259594b29d510b10fafb7a158f7737e5d\windows-amd64;C:\Users\Nguyen Thi Hong Hanh\.gradle\native\53dbd7edfb1c66fb8903c78663c9afc45aea4f116125fa6feffd364cf09443e8\windows-amd64

VM Arguments:
jvm_args: --add-opens=java.base/java.util=ALL-UNNAMED --add-opens=java.base/java.lang=ALL-UNNAMED --add-opens=java.base/java.lang.invoke=ALL-UNNAMED --add-opens=java.base/java.util=ALL-UNNAMED --add-opens=java.prefs/java.util.prefs=ALL-UNNAMED --add-opens=java.prefs/java.util.prefs=ALL-UNNAMED --add-opens=java.base/java.nio.charset=ALL-UNNAMED --add-opens=java.base/java.net=ALL-UNNAMED --add-opens=java.base/java.util.concurrent.atomic=ALL-UNNAMED -Xmx2048m -Dfile.encoding=UTF-8 -Duser.country=US -Duser.language=en -Duser.variant 
java_command: org.gradle.launcher.daemon.bootstrap.GradleDaemon 7.0.2
java_class_path (initial): C:\Users\Nguyen Thi Hong Hanh\.gradle\wrapper\dists\gradle-7.0.2-all\7era6s5ay7zsbhuvl0oc9g94s\gradle-7.0.2\lib\gradle-launcher-7.0.2.jar
Launcher Type: SUN_STANDARD

[Global flags]
     intx CICompilerCount                          = 3                                         {product} {ergonomic}
     uint ConcGCThreads                            = 1                                         {product} {ergonomic}
     uint G1ConcRefinementThreads                  = 4                                         {product} {ergonomic}
   size_t G1HeapRegionSize                         = 1048576                                   {product} {ergonomic}
    uintx GCDrainStackTargetSize                   = 64                                        {product} {ergonomic}
   size_t InitialHeapSize                          = 65011712                                  {product} {ergonomic}
   size_t MarkStackSize                            = 4194304                                   {product} {ergonomic}
   size_t MaxHeapSize                              = 2147483648                                {product} {command line}
   size_t MaxNewSize                               = 1287651328                                {product} {ergonomic}
   size_t MinHeapDeltaBytes                        = 1048576                                   {product} {ergonomic}
    uintx NonNMethodCodeHeapSize                   = 5830732                                {pd product} {ergonomic}
    uintx NonProfiledCodeHeapSize                  = 122913754                              {pd product} {ergonomic}
    uintx ProfiledCodeHeapSize                     = 122913754                              {pd product} {ergonomic}
    uintx ReservedCodeCacheSize                    = 251658240                              {pd product} {ergonomic}
     bool SegmentedCodeCache                       = true                                      {product} {ergonomic}
     bool UseCompressedClassPointers               = true                                 {lp64_product} {ergonomic}
     bool UseCompressedOops                        = true                                 {lp64_product} {ergonomic}
     bool UseG1GC                                  = true                                      {product} {ergonomic}
     bool UseLargePagesIndividualAllocation        = false                                  {pd product} {ergonomic}

Logging:
Log output configuration:
 #0: stdout all=warning uptime,level,tags
 #1: stderr all=off uptime,level,tags

Environment Variables:
PATH=C:\Program Files (x86)\Microchip\xc8\v1.00\bin;C:\Program Files\Common Files\Oracle\Java\javapath;C:\Program Files (x86)\Common Files\Oracle\Java\javapath;C:\WINDOWS\system32;C:\WINDOWS;C:\WINDOWS\System32\Wbem;C:\WINDOWS\System32\WindowsPowerShell\v1.0\;C:\WINDOWS\System32\OpenSSH\;C:\Program Files\Microsoft SQL Server\Client SDK\ODBC\170\Tools\Binn\;C:\Program Files (x86)\Microsoft SQL Server\150\Tools\Binn\;C:\Program Files\Microsoft SQL Server\150\Tools\Binn\;C:\Program Files\Microsoft SQL Server\150\DTS\Binn\;C:\xampp\php;C:\ProgramData\ComposerSetup\bin;C:\Program Files (x86)\Microchip\xc8\v1.00\bin;C:\Users\Nguyen Thi Hong Hanh\AppData\Local\Microsoft\WindowsApps;C:\Program Files\Azure Data Studio\bin;C:\Users\Nguyen Thi Hong Hanh\AppData\Roaming\Composer\vendor\bin;C:\Program Files\JetBrains\IntelliJ IDEA 2021.3\bin;
USERNAME=Nguyen Thi Hong Hanh
OS=Windows_NT
PROCESSOR_IDENTIFIER=Intel64 Family 6 Model 58 Stepping 9, GenuineIntel



---------------  S Y S T E M  ---------------

OS: Windows 10 , 64 bit Build 19041 (10.0.19041.1706)
OS uptime: 0 days 22:19 hours

CPU:total 4 (initial active 4) (2 cores per cpu, 2 threads per core) family 6 model 58 stepping 9 microcode 0x21, cmov, cx8, fxsr, mmx, sse, sse2, sse3, ssse3, sse4.1, sse4.2, popcnt, avx, clmul, erms, ht, tsc, tscinvbit, tscinv

Memory: 4k page, system-wide physical 3959M (307M free)
TotalPageFile size 12945M (AvailPageFile size 237M)
current process WorkingSet (physical memory assigned to process): 534M, peak: 537M
current process commit charge ("private bytes"): 663M, peak: 957M

vm_info: OpenJDK 64-Bit Server VM (11.0.11+9-b60-7590822) for windows-amd64 JRE (11.0.11+9-b60-7590822), built on Jul 29 2021 21:43:44 by "builder" with MS VC++ 14.0 (VS2015)

END.
