#
# There is insufficient memory for the Java Runtime Environment to continue.
# Native memory allocation (mmap) failed to map 254803968 bytes for Failed to commit area from 0x000000008fc00000 to 0x000000009ef00000 of length 254803968.
# Possible reasons:
#   The system is out of physical RAM or swap space
#   The process is running with CompressedOops enabled, and the Java Heap may be blocking the growth of the native heap
# Possible solutions:
#   Reduce memory load on the system
#   Increase physical memory or swap space
#   Check if swap backing store is full
#   Decrease Java heap size (-Xmx/-Xms)
#   Decrease number of Java threads
#   Decrease Java thread stack sizes (-Xss)
#   Set larger code cache with -XX:ReservedCodeCacheSize=
#   JVM is running with Unscaled Compressed Oops mode in which the Java heap is
#     placed in the first 4GB address space. The Java Heap base address is the
#     maximum limit for the native heap growth. Please use -XX:HeapBaseMinAddress
#     to set the Java Heap base and to place the Java Heap above 4GB virtual address.
# This output file may be truncated or incomplete.
#
#  Out of Memory Error (./src/hotspot/os/windows/os_windows.cpp:3301), pid=12932, tid=9160
#
# JRE version: OpenJDK Runtime Environment (11.0.11+9) (build 11.0.11+9-b60-7590822)
# Java VM: OpenJDK 64-Bit Server VM (11.0.11+9-b60-7590822, mixed mode, tiered, compressed oops, g1 gc, windows-amd64)
# No core dump will be written. Minidumps are not enabled by default on client versions of Windows
#

---------------  S U M M A R Y ------------

Command Line: --add-opens=java.base/java.util=ALL-UNNAMED --add-opens=java.base/java.lang=ALL-UNNAMED --add-opens=java.base/java.lang.invoke=ALL-UNNAMED --add-opens=java.base/java.util=ALL-UNNAMED --add-opens=java.prefs/java.util.prefs=ALL-UNNAMED --add-opens=java.prefs/java.util.prefs=ALL-UNNAMED --add-opens=java.base/java.nio.charset=ALL-UNNAMED --add-opens=java.base/java.net=ALL-UNNAMED --add-opens=java.base/java.util.concurrent.atomic=ALL-UNNAMED -Xmx2048m -Dfile.encoding=UTF-8 -Duser.country=US -Duser.language=en -Duser.variant org.gradle.launcher.daemon.bootstrap.GradleDaemon 7.0.2

Host: Intel(R) Core(TM) i3-3110M CPU @ 2.40GHz, 4 cores, 3G,  Windows 10 , 64 bit Build 19041 (10.0.19041.1706)
Time: Sun May 15 22:18:52 2022 SE Asia Standard Time elapsed time: 55.337800 seconds (0d 0h 0m 55s)

---------------  T H R E A D  ---------------

Current thread (0x00000264ecc67000):  VMThread "VM Thread" [stack: 0x000000db78f00000,0x000000db79000000] [id=9160]

Stack: [0x000000db78f00000,0x000000db79000000]
[error occurred during error reporting (printing stack bounds), id 0xc0000005, EXCEPTION_ACCESS_VIOLATION (0xc0000005) at pc=0x00000264d6440f2d]

Native frames: (J=compiled Java code, j=interpreted, Vv=VM code, C=native code)
V  [jvm.dll+0x5f214a]
V  [jvm.dll+0x726fb5]
V  [jvm.dll+0x7285cd]
V  [jvm.dll+0x728be5]
V  [jvm.dll+0x728b9b]
V  [jvm.dll+0x5f14e8]
V  [jvm.dll+0x5f1c78]
C  [ntdll.dll+0xa209f]
C  [ntdll.dll+0x51454]
C  [ntdll.dll+0xa0bce]
C  0x00000264d6440f2d

VM_Operation (0x000000db7cafe1d0): G1CollectForAllocation, mode: safepoint, requested by thread 0x00000264f37db800


---------------  P R O C E S S  ---------------

Threads class SMR info:
_java_thread_list=0x00000264f31ebcf0, length=58, elements={
0x00000264d114e000, 0x00000264ecc69000, 0x00000264ecc6c800, 0x00000264eccc7000,
0x00000264eccc9000, 0x00000264ecccb000, 0x00000264eccce800, 0x00000264eccd3800,
0x00000264eccd4800, 0x00000264ed73e800, 0x00000264eeb54800, 0x00000264ee697800,
0x00000264eee71800, 0x00000264ee110800, 0x00000264ef3ca800, 0x00000264ef176000,
0x00000264edac8000, 0x00000264edac4800, 0x00000264eeed9000, 0x00000264ee7e5800,
0x00000264ee7e0800, 0x00000264ee7e6000, 0x00000264ee7e1000, 0x00000264ee7e3000,
0x00000264ee7e4800, 0x00000264ee7e3800, 0x00000264ee7e7000, 0x00000264ee7e2000,
0x00000264ef890800, 0x00000264ef891000, 0x00000264ef893800, 0x00000264ef897000,
0x00000264ef896000, 0x00000264ef894800, 0x00000264ef895800, 0x00000264ef893000,
0x00000264ef89d800, 0x00000264ef89e800, 0x00000264ef89f000, 0x00000264ef899800,
0x00000264ef89c000, 0x00000264ef89a000, 0x00000264ef89b000, 0x00000264ef89c800,
0x00000264f37d7000, 0x00000264f37d4800, 0x00000264f37d6800, 0x00000264f37d5800,
0x00000264f37d8000, 0x00000264f37d3000, 0x00000264f37d4000, 0x00000264f37d2800,
0x00000264f37d9800, 0x00000264f37dc000, 0x00000264f37db800, 0x00000264f37da800,
0x00000264f37d9000, 0x00000264f37e1000
}

Java Threads: ( => current thread )
  0x00000264d114e000 JavaThread "main" [_thread_blocked, id=10316, stack(0x000000db78900000,0x000000db78a00000)]
  0x00000264ecc69000 JavaThread "Reference Handler" daemon [_thread_blocked, id=10964, stack(0x000000db79000000,0x000000db79100000)]
  0x00000264ecc6c800 JavaThread "Finalizer" daemon [_thread_blocked, id=1220, stack(0x000000db79100000,0x000000db79200000)]
  0x00000264eccc7000 JavaThread "Signal Dispatcher" daemon [_thread_blocked, id=9588, stack(0x000000db79200000,0x000000db79300000)]
  0x00000264eccc9000 JavaThread "Attach Listener" daemon [_thread_blocked, id=10300, stack(0x000000db79300000,0x000000db79400000)]
  0x00000264ecccb000 JavaThread "Service Thread" daemon [_thread_blocked, id=1180, stack(0x000000db79400000,0x000000db79500000)]
  0x00000264eccce800 JavaThread "C2 CompilerThread0" daemon [_thread_blocked, id=12636, stack(0x000000db79500000,0x000000db79600000)]
  0x00000264eccd3800 JavaThread "C1 CompilerThread0" daemon [_thread_blocked, id=2236, stack(0x000000db79600000,0x000000db79700000)]
  0x00000264eccd4800 JavaThread "Sweeper thread" daemon [_thread_blocked, id=2568, stack(0x000000db79700000,0x000000db79800000)]
  0x00000264ed73e800 JavaThread "Common-Cleaner" daemon [_thread_blocked, id=12732, stack(0x000000db79800000,0x000000db79900000)]
  0x00000264eeb54800 JavaThread "Daemon health stats" [_thread_blocked, id=5020, stack(0x000000db79b00000,0x000000db79c00000)]
  0x00000264ee697800 JavaThread "Incoming local TCP Connector on port 50950" [_thread_in_native, id=1580, stack(0x000000db79c00000,0x000000db79d00000)]
  0x00000264eee71800 JavaThread "Daemon periodic checks" [_thread_blocked, id=12620, stack(0x000000db79d00000,0x000000db79e00000)]
  0x00000264ee110800 JavaThread "Daemon" [_thread_blocked, id=11388, stack(0x000000db79e00000,0x000000db79f00000)]
  0x00000264ef3ca800 JavaThread "Handler for socket connection from /127.0.0.1:50950 to /127.0.0.1:50951" [_thread_in_native, id=7868, stack(0x000000db79f00000,0x000000db7a000000)]
  0x00000264ef176000 JavaThread "Cancel handler" [_thread_blocked, id=10972, stack(0x000000db7a000000,0x000000db7a100000)]
  0x00000264edac8000 JavaThread "Daemon worker" [_thread_blocked, id=11692, stack(0x000000db7a100000,0x000000db7a200000)]
  0x00000264edac4800 JavaThread "Asynchronous log dispatcher for DefaultDaemonConnection: socket connection from /127.0.0.1:50950 to /127.0.0.1:50951" [_thread_blocked, id=3120, stack(0x000000db7a200000,0x000000db7a300000)]
  0x00000264eeed9000 JavaThread "Stdin handler" [_thread_blocked, id=4856, stack(0x000000db7a300000,0x000000db7a400000)]
  0x00000264ee7e5800 JavaThread "Daemon client event forwarder" [_thread_blocked, id=11468, stack(0x000000db7a600000,0x000000db7a700000)]
  0x00000264ee7e0800 JavaThread "Cache worker for file hash cache (C:\Users\Nguyen Thi Hong Hanh\.gradle\caches\7.0.2\fileHashes)" [_thread_blocked, id=9232, stack(0x000000db7a700000,0x000000db7a800000)]
  0x00000264ee7e6000 JavaThread "File lock request listener" [_thread_in_native, id=10748, stack(0x000000db7a800000,0x000000db7a900000)]
  0x00000264ee7e1000 JavaThread "Cache worker for journal cache (C:\Users\Nguyen Thi Hong Hanh\.gradle\caches\journal-1)" [_thread_blocked, id=9336, stack(0x000000db7a900000,0x000000db7aa00000)]
  0x00000264ee7e3000 JavaThread "Cache worker for file hash cache (D:\AppFinal411\.gradle\7.0.2\fileHashes)" [_thread_blocked, id=6628, stack(0x000000db7aa00000,0x000000db7ab00000)]
  0x00000264ee7e4800 JavaThread "File watcher server" daemon [_thread_blocked, id=1416, stack(0x000000db7ab00000,0x000000db7ac00000)]
  0x00000264ee7e3800 JavaThread "File watcher consumer" daemon [_thread_blocked, id=11740, stack(0x000000db7ac00000,0x000000db7ad00000)]
  0x00000264ee7e7000 JavaThread "Cache worker for checksums cache (D:\AppFinal411\.gradle\checksums)" [_thread_blocked, id=12704, stack(0x000000db7ad00000,0x000000db7ae00000)]
  0x00000264ee7e2000 JavaThread "Cache worker for cache directory md-supplier (C:\Users\Nguyen Thi Hong Hanh\.gradle\caches\7.0.2\md-supplier)" [_thread_blocked, id=9996, stack(0x000000db7ae00000,0x000000db7af00000)]
  0x00000264ef890800 JavaThread "Cache worker for cache directory md-rule (C:\Users\Nguyen Thi Hong Hanh\.gradle\caches\7.0.2\md-rule)" [_thread_blocked, id=11936, stack(0x000000db7af00000,0x000000db7b000000)]
  0x00000264ef891000 JavaThread "Cache worker for execution history cache (C:\Users\Nguyen Thi Hong Hanh\.gradle\caches\7.0.2\executionHistory)" [_thread_blocked, id=7360, stack(0x000000db7b000000,0x000000db7b100000)]
  0x00000264ef893800 JavaThread "jar transforms" [_thread_blocked, id=12040, stack(0x000000db7b100000,0x000000db7b200000)]
  0x00000264ef897000 JavaThread "jar transforms Thread 2" [_thread_blocked, id=9800, stack(0x000000db7b200000,0x000000db7b300000)]
  0x00000264ef896000 JavaThread "Cache worker for file content cache (C:\Users\Nguyen Thi Hong Hanh\.gradle\caches\7.0.2\fileContent)" [_thread_blocked, id=12204, stack(0x000000db7b300000,0x000000db7b400000)]
  0x00000264ef894800 JavaThread "Cache worker for dependencies-accessors (D:\AppFinal411\.gradle\7.0.2\dependencies-accessors)" [_thread_blocked, id=12880, stack(0x000000db7b400000,0x000000db7b500000)]
  0x00000264ef895800 JavaThread "jar transforms Thread 3" [_thread_blocked, id=13020, stack(0x000000db7b500000,0x000000db7b600000)]
  0x00000264ef893000 JavaThread "Cache worker for Build Output Cleanup Cache (D:\AppFinal411\.gradle\buildOutputCleanup)" [_thread_blocked, id=12716, stack(0x000000db7b600000,0x000000db7b700000)]
  0x00000264ef89d800 JavaThread "Build operations" [_thread_blocked, id=7408, stack(0x000000db7b700000,0x000000db7b800000)]
  0x00000264ef89e800 JavaThread "Build operations Thread 2" [_thread_blocked, id=9284, stack(0x000000db7b800000,0x000000db7b900000)]
  0x00000264ef89f000 JavaThread "Build operations Thread 3" [_thread_blocked, id=2192, stack(0x000000db7b900000,0x000000db7ba00000)]
  0x00000264ef899800 JavaThread "Build operations Thread 4" [_thread_blocked, id=10456, stack(0x000000db7ba00000,0x000000db7bb00000)]
  0x00000264ef89c000 JavaThread "jar transforms Thread 4" [_thread_blocked, id=3912, stack(0x000000db7bb00000,0x000000db7bc00000)]
  0x00000264ef89a000 JavaThread "Memory manager" [_thread_blocked, id=8016, stack(0x000000db7bc00000,0x000000db7bd00000)]
  0x00000264ef89b000 JavaThread "build event listener" [_thread_blocked, id=11592, stack(0x000000db78800000,0x000000db78900000)]
  0x00000264ef89c800 JavaThread "Execution worker for ':'" [_thread_blocked, id=2068, stack(0x000000db7bd00000,0x000000db7be00000)]
  0x00000264f37d7000 JavaThread "Execution worker for ':' Thread 2" [_thread_blocked, id=5520, stack(0x000000db7be00000,0x000000db7bf00000)]
  0x00000264f37d4800 JavaThread "Execution worker for ':' Thread 3" [_thread_blocked, id=6680, stack(0x000000db7bf00000,0x000000db7c000000)]
  0x00000264f37d6800 JavaThread "Cache worker for execution history cache (D:\AppFinal411\.gradle\7.0.2\executionHistory)" [_thread_blocked, id=4460, stack(0x000000db7c000000,0x000000db7c100000)]
  0x00000264f37d5800 JavaThread "pool-2-thread-1" [_thread_blocked, id=2276, stack(0x000000db7c300000,0x000000db7c400000)]
  0x00000264f37d8000 JavaThread "stderr" [_thread_in_native, id=12416, stack(0x000000db7c400000,0x000000db7c500000)]
  0x00000264f37d3000 JavaThread "stdout" [_thread_in_native, id=8392, stack(0x000000db7c500000,0x000000db7c600000)]
  0x00000264f37d4000 JavaThread "WorkerExecutor Queue" [_thread_blocked, id=12356, stack(0x000000db7c600000,0x000000db7c700000)]
  0x00000264f37d2800 JavaThread "WorkerExecutor Queue Thread 2" [_thread_blocked, id=12136, stack(0x000000db7c700000,0x000000db7c800000)]
  0x00000264f37d9800 JavaThread "WorkerExecutor Queue Thread 3" [_thread_blocked, id=9368, stack(0x000000db7c800000,0x000000db7c900000)]
  0x00000264f37dc000 JavaThread "WorkerExecutor Queue Thread 4" [_thread_blocked, id=4340, stack(0x000000db7c900000,0x000000db7ca00000)]
  0x00000264f37db800 JavaThread "ForkJoinPool-1-worker-3" daemon [_thread_blocked, id=12612, stack(0x000000db7ca00000,0x000000db7cb00000)]
  0x00000264f37da800 JavaThread "ForkJoinPool-1-worker-5" daemon [_thread_blocked, id=7636, stack(0x000000db7cb00000,0x000000db7cc00000)]
  0x00000264f37d9000 JavaThread "ForkJoinPool-1-worker-7" daemon [_thread_blocked, id=1584, stack(0x000000db7cc00000,0x000000db7cd00000)]
  0x00000264f37e1000 JavaThread "ForkJoinPool-1-worker-1" daemon [_thread_blocked, id=12812, stack(0x000000db7cd00000,0x000000db7ce00000)]

Other Threads:
=>0x00000264ecc67000 VMThread "VM Thread" [stack: 0x000000db78f00000,0x000000db79000000] [id=9160]
  0x00000264ed777000 WatcherThread [stack: 0x000000db79900000,0x000000db79a00000] [id=9916]
  0x00000264d1165800 GCTaskThread "GC Thread#0" [stack: 0x000000db78a00000,0x000000db78b00000] [id=6848]
  0x00000264ed65a000 GCTaskThread "GC Thread#1" [stack: 0x000000db79a00000,0x000000db79b00000] [id=7200]
  0x00000264ed655800 GCTaskThread "GC Thread#2" [stack: 0x000000db7a400000,0x000000db7a500000] [id=6352]
  0x00000264ed659000 GCTaskThread "GC Thread#3" [stack: 0x000000db7a500000,0x000000db7a600000] [id=10112]
  0x00000264d1197800 ConcurrentGCThread "G1 Main Marker" [stack: 0x000000db78b00000,0x000000db78c00000] [id=12308]
  0x00000264d119a800 ConcurrentGCThread "G1 Conc#0" [stack: 0x000000db78c00000,0x000000db78d00000] [id=2684]
  0x00000264d11f4800 ConcurrentGCThread "G1 Refine#0" [stack: 0x000000db78d00000,0x000000db78e00000] [id=8632]
  0x00000264d11f5800 ConcurrentGCThread "G1 Young RemSet Sampling" [stack: 0x000000db78e00000,0x000000db78f00000] [id=12896]

Threads with active compile tasks:
C2 CompilerThread0  55396 11920 %     4       com.android.tools.r8.dex.j::a @ 315 (1038 bytes)

VM state:at safepoint (normal execution)

VM Mutex/Monitor currently owned by a thread:  ([mutex/lock_event])
[0x00000264d1148f80] Threads_lock - owner thread: 0x00000264ecc67000
[0x00000264d1149be0] Heap_lock - owner thread: 0x00000264f37db800

Heap address: 0x0000000080000000, size: 2048 MB, Compressed Oops mode: 32-bit
Narrow klass base: 0x0000000000000000, Narrow klass shift: 3
Compressed class space size: 1073741824 Address: 0x0000000100000000

Heap:
 garbage-first heap   total 506880K, used 203264K [0x0000000080000000, 0x0000000100000000)
  region size 1024K, 3 young (3072K), 3 survivors (3072K)
 Metaspace       used 92680K, capacity 94956K, committed 95100K, reserved 1132544K
  class space    used 11995K, capacity 12785K, committed 12800K, reserved 1048576K
Heap Regions: E=young(eden), S=young(survivor), O=old, HS=humongous(starts), HC=humongous(continues), CS=collection set, F=free, A=archive, TAMS=top-at-mark-start (previous, next)
|   0|0x0000000080000000, 0x0000000080100000, 0x0000000080100000|100%|HS|  |TAMS 0x0000000080100000, 0x0000000080000000| Complete 
|   1|0x0000000080100000, 0x0000000080200000, 0x0000000080200000|100%|HC|  |TAMS 0x0000000080200000, 0x0000000080100000| Complete 
|   2|0x0000000080200000, 0x0000000080300000, 0x0000000080300000|100%|HC|  |TAMS 0x0000000080300000, 0x0000000080200000| Complete 
|   3|0x0000000080300000, 0x0000000080400000, 0x0000000080400000|100%| O|  |TAMS 0x0000000080400000, 0x0000000080300000| Untracked 
|   4|0x0000000080400000, 0x0000000080500000, 0x0000000080500000|100%| O|  |TAMS 0x0000000080500000, 0x0000000080400000| Untracked 
|   5|0x0000000080500000, 0x0000000080600000, 0x0000000080600000|100%| O|  |TAMS 0x0000000080600000, 0x0000000080500000| Untracked 
|   6|0x0000000080600000, 0x0000000080700000, 0x0000000080700000|100%| O|  |TAMS 0x0000000080700000, 0x0000000080600000| Untracked 
|   7|0x0000000080700000, 0x0000000080800000, 0x0000000080800000|100%| O|  |TAMS 0x0000000080800000, 0x0000000080700000| Untracked 
|   8|0x0000000080800000, 0x0000000080900000, 0x0000000080900000|100%| O|  |TAMS 0x0000000080900000, 0x0000000080800000| Untracked 
|   9|0x0000000080900000, 0x0000000080a00000, 0x0000000080a00000|100%| O|  |TAMS 0x0000000080a00000, 0x0000000080900000| Untracked 
|  10|0x0000000080a00000, 0x0000000080b00000, 0x0000000080b00000|100%| O|  |TAMS 0x0000000080b00000, 0x0000000080a00000| Untracked 
|  11|0x0000000080b00000, 0x0000000080c00000, 0x0000000080c00000|100%| O|  |TAMS 0x0000000080c00000, 0x0000000080b00000| Untracked 
|  12|0x0000000080c00000, 0x0000000080d00000, 0x0000000080d00000|100%| O|  |TAMS 0x0000000080d00000, 0x0000000080c00000| Untracked 
|  13|0x0000000080d00000, 0x0000000080e00000, 0x0000000080e00000|100%| O|  |TAMS 0x0000000080e00000, 0x0000000080d00000| Untracked 
|  14|0x0000000080e00000, 0x0000000080f00000, 0x0000000080f00000|100%| O|  |TAMS 0x0000000080f00000, 0x0000000080e00000| Untracked 
|  15|0x0000000080f00000, 0x0000000081000000, 0x0000000081000000|100%| O|  |TAMS 0x0000000081000000, 0x0000000080f00000| Untracked 
|  16|0x0000000081000000, 0x0000000081100000, 0x0000000081100000|100%| O|  |TAMS 0x0000000081100000, 0x0000000081000000| Untracked 
|  17|0x0000000081100000, 0x0000000081200000, 0x0000000081200000|100%| O|  |TAMS 0x0000000081200000, 0x0000000081100000| Untracked 
|  18|0x0000000081200000, 0x0000000081300000, 0x0000000081300000|100%| O|  |TAMS 0x0000000081300000, 0x0000000081200000| Untracked 
|  19|0x0000000081300000, 0x0000000081400000, 0x0000000081400000|100%| O|  |TAMS 0x0000000081400000, 0x0000000081300000| Untracked 
|  20|0x0000000081400000, 0x0000000081500000, 0x0000000081500000|100%| O|  |TAMS 0x0000000081500000, 0x0000000081400000| Untracked 
|  21|0x0000000081500000, 0x0000000081600000, 0x0000000081600000|100%| O|  |TAMS 0x0000000081600000, 0x0000000081500000| Untracked 
|  22|0x0000000081600000, 0x0000000081700000, 0x0000000081700000|100%| O|  |TAMS 0x0000000081700000, 0x0000000081600000| Untracked 
|  23|0x0000000081700000, 0x0000000081800000, 0x0000000081800000|100%| O|  |TAMS 0x0000000081800000, 0x0000000081700000| Untracked 
|  24|0x0000000081800000, 0x0000000081900000, 0x0000000081900000|100%| O|  |TAMS 0x0000000081900000, 0x0000000081800000| Untracked 
|  25|0x0000000081900000, 0x0000000081a00000, 0x0000000081a00000|100%| O|  |TAMS 0x0000000081a00000, 0x0000000081900000| Untracked 
|  26|0x0000000081a00000, 0x0000000081b00000, 0x0000000081b00000|100%| O|  |TAMS 0x0000000081b00000, 0x0000000081a00000| Untracked 
|  27|0x0000000081b00000, 0x0000000081c00000, 0x0000000081c00000|100%| O|  |TAMS 0x0000000081c00000, 0x0000000081b00000| Untracked 
|  28|0x0000000081c00000, 0x0000000081d00000, 0x0000000081d00000|100%| O|  |TAMS 0x0000000081d00000, 0x0000000081c00000| Untracked 
|  29|0x0000000081d00000, 0x0000000081e00000, 0x0000000081e00000|100%|HS|  |TAMS 0x0000000081e00000, 0x0000000081d00000| Complete 
|  30|0x0000000081e00000, 0x0000000081f00000, 0x0000000081f00000|100%|HS|  |TAMS 0x0000000081f00000, 0x0000000081e00000| Complete 
|  31|0x0000000081f00000, 0x0000000082000000, 0x0000000082000000|100%|HS|  |TAMS 0x0000000082000000, 0x0000000081f00000| Complete 
|  32|0x0000000082000000, 0x0000000082100000, 0x0000000082100000|100%|HC|  |TAMS 0x0000000082100000, 0x0000000082000000| Complete 
|  33|0x0000000082100000, 0x0000000082200000, 0x0000000082200000|100%| O|  |TAMS 0x0000000082200000, 0x0000000082100000| Untracked 
|  34|0x0000000082200000, 0x0000000082300000, 0x0000000082300000|100%| O|  |TAMS 0x0000000082300000, 0x0000000082200000| Untracked 
|  35|0x0000000082300000, 0x0000000082400000, 0x0000000082400000|100%| O|  |TAMS 0x0000000082400000, 0x0000000082300000| Untracked 
|  36|0x0000000082400000, 0x0000000082500000, 0x0000000082500000|100%| O|  |TAMS 0x0000000082500000, 0x0000000082400000| Untracked 
|  37|0x0000000082500000, 0x0000000082600000, 0x0000000082600000|100%| O|  |TAMS 0x0000000082600000, 0x0000000082500000| Untracked 
|  38|0x0000000082600000, 0x0000000082700000, 0x0000000082700000|100%| O|  |TAMS 0x0000000082700000, 0x0000000082600000| Untracked 
|  39|0x0000000082700000, 0x0000000082800000, 0x0000000082800000|100%| O|  |TAMS 0x0000000082800000, 0x0000000082700000| Untracked 
|  40|0x0000000082800000, 0x0000000082900000, 0x0000000082900000|100%| O|  |TAMS 0x0000000082900000, 0x0000000082800000| Untracked 
|  41|0x0000000082900000, 0x0000000082a00000, 0x0000000082a00000|100%| O|  |TAMS 0x0000000082a00000, 0x0000000082900000| Untracked 
|  42|0x0000000082a00000, 0x0000000082b00000, 0x0000000082b00000|100%| O|  |TAMS 0x0000000082b00000, 0x0000000082a00000| Untracked 
|  43|0x0000000082b00000, 0x0000000082c00000, 0x0000000082c00000|100%| O|  |TAMS 0x0000000082c00000, 0x0000000082b00000| Untracked 
|  44|0x0000000082c00000, 0x0000000082d00000, 0x0000000082d00000|100%| O|  |TAMS 0x0000000082d00000, 0x0000000082c00000| Untracked 
|  45|0x0000000082d00000, 0x0000000082e00000, 0x0000000082e00000|100%| O|  |TAMS 0x0000000082e00000, 0x0000000082d00000| Untracked 
|  46|0x0000000082e00000, 0x0000000082f00000, 0x0000000082f00000|100%| O|  |TAMS 0x0000000082f00000, 0x0000000082e00000| Untracked 
|  47|0x0000000082f00000, 0x0000000083000000, 0x0000000083000000|100%| O|  |TAMS 0x0000000083000000, 0x0000000082f00000| Untracked 
|  48|0x0000000083000000, 0x0000000083100000, 0x0000000083100000|100%| O|  |TAMS 0x0000000083100000, 0x0000000083000000| Untracked 
|  49|0x0000000083100000, 0x0000000083200000, 0x0000000083200000|100%| O|  |TAMS 0x0000000083200000, 0x0000000083100000| Untracked 
|  50|0x0000000083200000, 0x0000000083300000, 0x0000000083300000|100%| O|  |TAMS 0x0000000083300000, 0x0000000083200000| Untracked 
|  51|0x0000000083300000, 0x0000000083400000, 0x0000000083400000|100%| O|  |TAMS 0x0000000083400000, 0x0000000083300000| Untracked 
|  52|0x0000000083400000, 0x0000000083500000, 0x0000000083500000|100%| O|  |TAMS 0x0000000083500000, 0x0000000083400000| Untracked 
|  53|0x0000000083500000, 0x0000000083600000, 0x0000000083600000|100%| O|  |TAMS 0x0000000083600000, 0x0000000083500000| Untracked 
|  54|0x0000000083600000, 0x0000000083700000, 0x0000000083700000|100%| O|  |TAMS 0x0000000083700000, 0x0000000083600000| Untracked 
|  55|0x0000000083700000, 0x0000000083800000, 0x0000000083800000|100%| O|  |TAMS 0x0000000083800000, 0x0000000083700000| Untracked 
|  56|0x0000000083800000, 0x0000000083900000, 0x0000000083900000|100%| O|  |TAMS 0x0000000083900000, 0x0000000083800000| Untracked 
|  57|0x0000000083900000, 0x0000000083a00000, 0x0000000083a00000|100%| O|  |TAMS 0x0000000083a00000, 0x0000000083900000| Untracked 
|  58|0x0000000083a00000, 0x0000000083b00000, 0x0000000083b00000|100%| O|  |TAMS 0x0000000083b00000, 0x0000000083a00000| Untracked 
|  59|0x0000000083b00000, 0x0000000083c00000, 0x0000000083c00000|100%| O|  |TAMS 0x0000000083c00000, 0x0000000083b00000| Untracked 
|  60|0x0000000083c00000, 0x0000000083d00000, 0x0000000083d00000|100%| O|  |TAMS 0x0000000083d00000, 0x0000000083c00000| Untracked 
|  61|0x0000000083d00000, 0x0000000083e00000, 0x0000000083e00000|100%| O|  |TAMS 0x0000000083e00000, 0x0000000083d00000| Untracked 
|  62|0x0000000083e00000, 0x0000000083f00000, 0x0000000083f00000|100%| O|  |TAMS 0x0000000083f00000, 0x0000000083e00000| Untracked 
|  63|0x0000000083f00000, 0x0000000084000000, 0x0000000084000000|100%| O|  |TAMS 0x0000000084000000, 0x0000000083f00000| Untracked 
|  64|0x0000000084000000, 0x0000000084100000, 0x0000000084100000|100%| O|  |TAMS 0x0000000084100000, 0x0000000084000000| Untracked 
|  65|0x0000000084100000, 0x0000000084200000, 0x0000000084200000|100%| O|  |TAMS 0x0000000084200000, 0x0000000084100000| Untracked 
|  66|0x0000000084200000, 0x0000000084300000, 0x0000000084300000|100%| O|  |TAMS 0x0000000084300000, 0x0000000084200000| Untracked 
|  67|0x0000000084300000, 0x0000000084400000, 0x0000000084400000|100%| O|  |TAMS 0x0000000084400000, 0x0000000084300000| Untracked 
|  68|0x0000000084400000, 0x0000000084500000, 0x0000000084500000|100%| O|  |TAMS 0x0000000084500000, 0x0000000084400000| Untracked 
|  69|0x0000000084500000, 0x0000000084600000, 0x0000000084600000|100%| O|  |TAMS 0x0000000084600000, 0x0000000084500000| Untracked 
|  70|0x0000000084600000, 0x0000000084700000, 0x0000000084700000|100%| O|  |TAMS 0x0000000084700000, 0x0000000084600000| Untracked 
|  71|0x0000000084700000, 0x0000000084800000, 0x0000000084800000|100%| O|  |TAMS 0x0000000084800000, 0x0000000084700000| Untracked 
|  72|0x0000000084800000, 0x0000000084900000, 0x0000000084900000|100%| O|  |TAMS 0x0000000084900000, 0x0000000084800000| Untracked 
|  73|0x0000000084900000, 0x0000000084a00000, 0x0000000084a00000|100%| O|  |TAMS 0x0000000084a00000, 0x0000000084900000| Untracked 
|  74|0x0000000084a00000, 0x0000000084b00000, 0x0000000084b00000|100%| O|  |TAMS 0x0000000084b00000, 0x0000000084a00000| Untracked 
|  75|0x0000000084b00000, 0x0000000084c00000, 0x0000000084c00000|100%| O|  |TAMS 0x0000000084c00000, 0x0000000084b00000| Untracked 
|  76|0x0000000084c00000, 0x0000000084d00000, 0x0000000084d00000|100%|HS|  |TAMS 0x0000000084d00000, 0x0000000084c00000| Complete 
|  77|0x0000000084d00000, 0x0000000084e00000, 0x0000000084e00000|100%|HC|  |TAMS 0x0000000084e00000, 0x0000000084d00000| Complete 
|  78|0x0000000084e00000, 0x0000000084f00000, 0x0000000084f00000|100%|HS|  |TAMS 0x0000000084f00000, 0x0000000084e00000| Complete 
|  79|0x0000000084f00000, 0x0000000085000000, 0x0000000085000000|100%|HS|  |TAMS 0x0000000085000000, 0x0000000084f00000| Complete 
|  80|0x0000000085000000, 0x0000000085100000, 0x0000000085100000|100%|HS|  |TAMS 0x0000000085100000, 0x0000000085000000| Complete 
|  81|0x0000000085100000, 0x0000000085200000, 0x0000000085200000|100%|HS|  |TAMS 0x0000000085200000, 0x0000000085100000| Complete 
|  82|0x0000000085200000, 0x0000000085300000, 0x0000000085300000|100%|HS|  |TAMS 0x0000000085300000, 0x0000000085200000| Complete 
|  83|0x0000000085300000, 0x0000000085400000, 0x0000000085400000|100%|HC|  |TAMS 0x0000000085400000, 0x0000000085300000| Complete 
|  84|0x0000000085400000, 0x0000000085500000, 0x0000000085500000|100%|HC|  |TAMS 0x0000000085500000, 0x0000000085400000| Complete 
|  85|0x0000000085500000, 0x0000000085600000, 0x0000000085600000|100%| O|  |TAMS 0x0000000085600000, 0x0000000085500000| Untracked 
|  86|0x0000000085600000, 0x0000000085700000, 0x0000000085700000|100%| O|  |TAMS 0x0000000085700000, 0x0000000085600000| Untracked 
|  87|0x0000000085700000, 0x0000000085800000, 0x0000000085800000|100%| O|  |TAMS 0x0000000085800000, 0x0000000085700000| Untracked 
|  88|0x0000000085800000, 0x0000000085900000, 0x0000000085900000|100%|HS|  |TAMS 0x0000000085900000, 0x0000000085800000| Complete 
|  89|0x0000000085900000, 0x0000000085a00000, 0x0000000085a00000|100%|HS|  |TAMS 0x0000000085a00000, 0x0000000085900000| Complete 
|  90|0x0000000085a00000, 0x0000000085b00000, 0x0000000085b00000|100%|HC|  |TAMS 0x0000000085b00000, 0x0000000085a00000| Complete 
|  91|0x0000000085b00000, 0x0000000085c00000, 0x0000000085c00000|100%| O|  |TAMS 0x0000000085c00000, 0x0000000085b00000| Untracked 
|  92|0x0000000085c00000, 0x0000000085d00000, 0x0000000085d00000|100%| O|  |TAMS 0x0000000085d00000, 0x0000000085c00000| Untracked 
|  93|0x0000000085d00000, 0x0000000085e00000, 0x0000000085e00000|100%| O|  |TAMS 0x0000000085e00000, 0x0000000085d00000| Untracked 
|  94|0x0000000085e00000, 0x0000000085f00000, 0x0000000085f00000|100%| O|  |TAMS 0x0000000085f00000, 0x0000000085e00000| Untracked 
|  95|0x0000000085f00000, 0x0000000086000000, 0x0000000086000000|100%| O|  |TAMS 0x0000000086000000, 0x0000000085f00000| Untracked 
|  96|0x0000000086000000, 0x0000000086100000, 0x0000000086100000|100%| O|  |TAMS 0x0000000086100000, 0x0000000086000000| Untracked 
|  97|0x0000000086100000, 0x0000000086200000, 0x0000000086200000|100%| O|  |TAMS 0x0000000086200000, 0x0000000086100000| Untracked 
|  98|0x0000000086200000, 0x0000000086300000, 0x0000000086300000|100%|HS|  |TAMS 0x0000000086300000, 0x0000000086200000| Complete 
|  99|0x0000000086300000, 0x0000000086400000, 0x0000000086400000|100%|HC|  |TAMS 0x0000000086400000, 0x0000000086300000| Complete 
| 100|0x0000000086400000, 0x0000000086500000, 0x0000000086500000|100%| O|  |TAMS 0x0000000086500000, 0x0000000086400000| Untracked 
| 101|0x0000000086500000, 0x0000000086600000, 0x0000000086600000|100%|HS|  |TAMS 0x0000000086600000, 0x0000000086500000| Complete 
| 102|0x0000000086600000, 0x0000000086700000, 0x0000000086700000|100%| O|  |TAMS 0x0000000086700000, 0x0000000086600000| Untracked 
| 103|0x0000000086700000, 0x0000000086800000, 0x0000000086800000|100%|HS|  |TAMS 0x0000000086800000, 0x0000000086700000| Complete 
| 104|0x0000000086800000, 0x0000000086900000, 0x0000000086900000|100%| O|  |TAMS 0x0000000086900000, 0x0000000086800000| Untracked 
| 105|0x0000000086900000, 0x0000000086a00000, 0x0000000086a00000|100%|HS|  |TAMS 0x0000000086a00000, 0x0000000086900000| Complete 
| 106|0x0000000086a00000, 0x0000000086b00000, 0x0000000086b00000|100%| O|  |TAMS 0x0000000086b00000, 0x0000000086a00000| Untracked 
| 107|0x0000000086b00000, 0x0000000086c00000, 0x0000000086c00000|100%|HS|  |TAMS 0x0000000086c00000, 0x0000000086b00000| Complete 
| 108|0x0000000086c00000, 0x0000000086d00000, 0x0000000086d00000|100%| O|  |TAMS 0x0000000086d00000, 0x0000000086c00000| Untracked 
| 109|0x0000000086d00000, 0x0000000086e00000, 0x0000000086e00000|100%| O|  |TAMS 0x0000000086e00000, 0x0000000086d00000| Untracked 
| 110|0x0000000086e00000, 0x0000000086f00000, 0x0000000086f00000|100%|HS|  |TAMS 0x0000000086f00000, 0x0000000086e00000| Complete 
| 111|0x0000000086f00000, 0x0000000087000000, 0x0000000087000000|100%|HS|  |TAMS 0x0000000087000000, 0x0000000086f00000| Complete 
| 112|0x0000000087000000, 0x0000000087100000, 0x0000000087100000|100%|HC|  |TAMS 0x0000000087100000, 0x0000000087000000| Complete 
| 113|0x0000000087100000, 0x0000000087200000, 0x0000000087200000|100%|HC|  |TAMS 0x0000000087200000, 0x0000000087100000| Complete 
| 114|0x0000000087200000, 0x0000000087300000, 0x0000000087300000|100%|HS|  |TAMS 0x0000000087300000, 0x0000000087200000| Complete 
| 115|0x0000000087300000, 0x0000000087400000, 0x0000000087400000|100%|HS|  |TAMS 0x0000000087400000, 0x0000000087300000| Complete 
| 116|0x0000000087400000, 0x0000000087500000, 0x0000000087500000|100%| O|  |TAMS 0x0000000087500000, 0x0000000087400000| Untracked 
| 117|0x0000000087500000, 0x0000000087600000, 0x0000000087600000|100%| O|  |TAMS 0x0000000087600000, 0x0000000087500000| Untracked 
| 118|0x0000000087600000, 0x0000000087700000, 0x0000000087700000|100%|HS|  |TAMS 0x0000000087700000, 0x0000000087600000| Complete 
| 119|0x0000000087700000, 0x0000000087800000, 0x0000000087800000|100%|HC|  |TAMS 0x0000000087800000, 0x0000000087700000| Complete 
| 120|0x0000000087800000, 0x0000000087900000, 0x0000000087900000|100%| O|  |TAMS 0x0000000087900000, 0x0000000087800000| Untracked 
| 121|0x0000000087900000, 0x0000000087a00000, 0x0000000087a00000|100%| O|  |TAMS 0x0000000087a00000, 0x0000000087900000| Untracked 
| 122|0x0000000087a00000, 0x0000000087b00000, 0x0000000087b00000|100%| O|  |TAMS 0x0000000087b00000, 0x0000000087a00000| Untracked 
| 123|0x0000000087b00000, 0x0000000087c00000, 0x0000000087c00000|100%| O|  |TAMS 0x0000000087c00000, 0x0000000087b00000| Untracked 
| 124|0x0000000087c00000, 0x0000000087d00000, 0x0000000087d00000|100%| O|  |TAMS 0x0000000087d00000, 0x0000000087c00000| Untracked 
| 125|0x0000000087d00000, 0x0000000087e00000, 0x0000000087e00000|100%| O|  |TAMS 0x0000000087e00000, 0x0000000087d00000| Untracked 
| 126|0x0000000087e00000, 0x0000000087f00000, 0x0000000087f00000|100%| O|  |TAMS 0x0000000087f00000, 0x0000000087e00000| Untracked 
| 127|0x0000000087f00000, 0x0000000088000000, 0x0000000088000000|100%| O|  |TAMS 0x0000000088000000, 0x0000000087f00000| Untracked 
| 128|0x0000000088000000, 0x0000000088100000, 0x0000000088100000|100%| O|  |TAMS 0x0000000088100000, 0x0000000088000000| Untracked 
| 129|0x0000000088100000, 0x0000000088200000, 0x0000000088200000|100%| O|  |TAMS 0x0000000088200000, 0x0000000088100000| Untracked 
| 130|0x0000000088200000, 0x0000000088300000, 0x0000000088300000|100%| O|  |TAMS 0x0000000088300000, 0x0000000088200000| Untracked 
| 131|0x0000000088300000, 0x0000000088400000, 0x0000000088400000|100%| O|  |TAMS 0x0000000088400000, 0x0000000088300000| Untracked 
| 132|0x0000000088400000, 0x0000000088500000, 0x0000000088500000|100%| O|  |TAMS 0x0000000088500000, 0x0000000088400000| Untracked 
| 133|0x0000000088500000, 0x0000000088600000, 0x0000000088600000|100%| O|  |TAMS 0x0000000088600000, 0x0000000088500000| Untracked 
| 134|0x0000000088600000, 0x0000000088700000, 0x0000000088700000|100%| O|  |TAMS 0x0000000088700000, 0x0000000088600000| Untracked 
| 135|0x0000000088700000, 0x0000000088800000, 0x0000000088800000|100%| O|  |TAMS 0x0000000088800000, 0x0000000088700000| Untracked 
| 136|0x0000000088800000, 0x0000000088900000, 0x0000000088900000|100%| O|  |TAMS 0x0000000088900000, 0x0000000088800000| Untracked 
| 137|0x0000000088900000, 0x0000000088a00000, 0x0000000088a00000|100%| O|  |TAMS 0x0000000088a00000, 0x0000000088900000| Untracked 
| 138|0x0000000088a00000, 0x0000000088b00000, 0x0000000088b00000|100%| O|  |TAMS 0x0000000088b00000, 0x0000000088a00000| Untracked 
| 139|0x0000000088b00000, 0x0000000088c00000, 0x0000000088c00000|100%| O|  |TAMS 0x0000000088c00000, 0x0000000088b00000| Untracked 
| 140|0x0000000088c00000, 0x0000000088d00000, 0x0000000088d00000|100%| O|  |TAMS 0x0000000088d00000, 0x0000000088c00000| Untracked 
| 141|0x0000000088d00000, 0x0000000088e00000, 0x0000000088e00000|100%| O|  |TAMS 0x0000000088e00000, 0x0000000088d00000| Untracked 
| 142|0x0000000088e00000, 0x0000000088f00000, 0x0000000088f00000|100%| O|  |TAMS 0x0000000088f00000, 0x0000000088e00000| Untracked 
| 143|0x0000000088f00000, 0x0000000089000000, 0x0000000089000000|100%| O|  |TAMS 0x0000000089000000, 0x0000000088f00000| Untracked 
| 144|0x0000000089000000, 0x0000000089100000, 0x0000000089100000|100%| O|  |TAMS 0x0000000089100000, 0x0000000089000000| Untracked 
| 145|0x0000000089100000, 0x0000000089200000, 0x0000000089200000|100%| O|  |TAMS 0x0000000089200000, 0x0000000089100000| Untracked 
| 146|0x0000000089200000, 0x0000000089300000, 0x0000000089300000|100%| O|  |TAMS 0x0000000089300000, 0x0000000089200000| Untracked 
| 147|0x0000000089300000, 0x0000000089400000, 0x0000000089400000|100%| O|  |TAMS 0x0000000089400000, 0x0000000089300000| Untracked 
| 148|0x0000000089400000, 0x0000000089500000, 0x0000000089500000|100%| O|  |TAMS 0x0000000089500000, 0x0000000089400000| Untracked 
| 149|0x0000000089500000, 0x0000000089600000, 0x0000000089600000|100%| O|  |TAMS 0x0000000089600000, 0x0000000089500000| Untracked 
| 150|0x0000000089600000, 0x0000000089700000, 0x0000000089700000|100%| O|  |TAMS 0x0000000089700000, 0x0000000089600000| Untracked 
| 151|0x0000000089700000, 0x0000000089800000, 0x0000000089800000|100%| O|  |TAMS 0x0000000089800000, 0x0000000089700000| Untracked 
| 152|0x0000000089800000, 0x0000000089900000, 0x0000000089900000|100%| O|  |TAMS 0x0000000089900000, 0x0000000089800000| Untracked 
| 153|0x0000000089900000, 0x0000000089a00000, 0x0000000089a00000|100%| O|  |TAMS 0x0000000089a00000, 0x0000000089900000| Untracked 
| 154|0x0000000089a00000, 0x0000000089b00000, 0x0000000089b00000|100%| O|  |TAMS 0x0000000089b00000, 0x0000000089a00000| Untracked 
| 155|0x0000000089b00000, 0x0000000089c00000, 0x0000000089c00000|100%| O|  |TAMS 0x0000000089c00000, 0x0000000089b00000| Untracked 
| 156|0x0000000089c00000, 0x0000000089d00000, 0x0000000089d00000|100%| O|  |TAMS 0x0000000089d00000, 0x0000000089c00000| Untracked 
| 157|0x0000000089d00000, 0x0000000089e00000, 0x0000000089e00000|100%| O|  |TAMS 0x0000000089e00000, 0x0000000089d00000| Untracked 
| 158|0x0000000089e00000, 0x0000000089f00000, 0x0000000089f00000|100%| O|  |TAMS 0x0000000089f00000, 0x0000000089e00000| Untracked 
| 159|0x0000000089f00000, 0x000000008a000000, 0x000000008a000000|100%| O|  |TAMS 0x000000008a000000, 0x0000000089f00000| Untracked 
| 160|0x000000008a000000, 0x000000008a100000, 0x000000008a100000|100%| O|  |TAMS 0x000000008a100000, 0x000000008a000000| Untracked 
| 161|0x000000008a100000, 0x000000008a200000, 0x000000008a200000|100%| O|  |TAMS 0x000000008a200000, 0x000000008a100000| Untracked 
| 162|0x000000008a200000, 0x000000008a300000, 0x000000008a300000|100%| O|  |TAMS 0x000000008a300000, 0x000000008a200000| Untracked 
| 163|0x000000008a300000, 0x000000008a400000, 0x000000008a400000|100%| O|  |TAMS 0x000000008a400000, 0x000000008a300000| Untracked 
| 164|0x000000008a400000, 0x000000008a500000, 0x000000008a500000|100%| O|  |TAMS 0x000000008a500000, 0x000000008a400000| Untracked 
| 165|0x000000008a500000, 0x000000008a600000, 0x000000008a600000|100%| O|  |TAMS 0x000000008a600000, 0x000000008a500000| Untracked 
| 166|0x000000008a600000, 0x000000008a700000, 0x000000008a700000|100%| O|  |TAMS 0x000000008a700000, 0x000000008a600000| Untracked 
| 167|0x000000008a700000, 0x000000008a800000, 0x000000008a800000|100%| O|  |TAMS 0x000000008a800000, 0x000000008a700000| Untracked 
| 168|0x000000008a800000, 0x000000008a900000, 0x000000008a900000|100%| O|  |TAMS 0x000000008a900000, 0x000000008a800000| Untracked 
| 169|0x000000008a900000, 0x000000008aa00000, 0x000000008aa00000|100%| O|  |TAMS 0x000000008aa00000, 0x000000008a900000| Untracked 
| 170|0x000000008aa00000, 0x000000008ab00000, 0x000000008ab00000|100%| O|  |TAMS 0x000000008ab00000, 0x000000008aa00000| Untracked 
| 171|0x000000008ab00000, 0x000000008ac00000, 0x000000008ac00000|100%| O|  |TAMS 0x000000008ab00000, 0x000000008ab00000| Untracked 
| 172|0x000000008ac00000, 0x000000008ad00000, 0x000000008ad00000|100%| O|  |TAMS 0x000000008ac00000, 0x000000008ac00000| Untracked 
| 173|0x000000008ad00000, 0x000000008ae00000, 0x000000008ae00000|100%| O|  |TAMS 0x000000008ad00000, 0x000000008ad00000| Untracked 
| 174|0x000000008ae00000, 0x000000008af00000, 0x000000008af00000|100%| O|  |TAMS 0x000000008ae00000, 0x000000008ae00000| Untracked 
| 175|0x000000008af00000, 0x000000008b000000, 0x000000008b000000|100%| O|  |TAMS 0x000000008af00000, 0x000000008af00000| Untracked 
| 176|0x000000008b000000, 0x000000008b100000, 0x000000008b100000|100%| O|  |TAMS 0x000000008b000000, 0x000000008b000000| Untracked 
| 177|0x000000008b100000, 0x000000008b200000, 0x000000008b200000|100%| O|  |TAMS 0x000000008b100000, 0x000000008b100000| Untracked 
| 178|0x000000008b200000, 0x000000008b300000, 0x000000008b300000|100%| O|  |TAMS 0x000000008b200000, 0x000000008b200000| Untracked 
| 179|0x000000008b300000, 0x000000008b400000, 0x000000008b400000|100%| O|  |TAMS 0x000000008b300000, 0x000000008b300000| Untracked 
| 180|0x000000008b400000, 0x000000008b500000, 0x000000008b500000|100%| O|  |TAMS 0x000000008b400000, 0x000000008b400000| Untracked 
| 181|0x000000008b500000, 0x000000008b600000, 0x000000008b600000|100%| O|  |TAMS 0x000000008b500000, 0x000000008b500000| Untracked 
| 182|0x000000008b600000, 0x000000008b700000, 0x000000008b700000|100%| O|  |TAMS 0x000000008b600000, 0x000000008b600000| Untracked 
| 183|0x000000008b700000, 0x000000008b800000, 0x000000008b800000|100%| O|  |TAMS 0x000000008b700000, 0x000000008b700000| Untracked 
| 184|0x000000008b800000, 0x000000008b900000, 0x000000008b900000|100%| O|  |TAMS 0x000000008b800000, 0x000000008b800000| Untracked 
| 185|0x000000008b900000, 0x000000008ba00000, 0x000000008ba00000|100%| O|  |TAMS 0x000000008b900000, 0x000000008b900000| Untracked 
| 186|0x000000008ba00000, 0x000000008bb00000, 0x000000008bb00000|100%| O|  |TAMS 0x000000008ba00000, 0x000000008ba00000| Untracked 
| 187|0x000000008bb00000, 0x000000008bc00000, 0x000000008bc00000|100%| O|  |TAMS 0x000000008bb00000, 0x000000008bb00000| Untracked 
| 188|0x000000008bc00000, 0x000000008bd00000, 0x000000008bd00000|100%| O|  |TAMS 0x000000008bd00000, 0x000000008bc00000| Untracked 
| 189|0x000000008bd00000, 0x000000008be00000, 0x000000008be00000|100%| O|  |TAMS 0x000000008be00000, 0x000000008bd00000| Untracked 
| 190|0x000000008be00000, 0x000000008bf00000, 0x000000008bf00000|100%| O|  |TAMS 0x000000008bf00000, 0x000000008be00000| Untracked 
| 191|0x000000008bf00000, 0x000000008c000000, 0x000000008c000000|100%| O|  |TAMS 0x000000008c000000, 0x000000008bf00000| Untracked 
| 192|0x000000008c000000, 0x000000008c100000, 0x000000008c100000|100%| O|  |TAMS 0x000000008c100000, 0x000000008c000000| Untracked 
| 193|0x000000008c100000, 0x000000008c200000, 0x000000008c200000|100%| O|  |TAMS 0x000000008c100000, 0x000000008c100000| Untracked 
| 194|0x000000008c200000, 0x000000008c300000, 0x000000008c300000|100%| O|  |TAMS 0x000000008c200000, 0x000000008c200000| Untracked 
| 195|0x000000008c300000, 0x000000008c380000, 0x000000008c400000| 50%| O|  |TAMS 0x000000008c300000, 0x000000008c300000| Untracked 
| 196|0x000000008c400000, 0x000000008c400000, 0x000000008c500000|  0%| F|  |TAMS 0x000000008c400000, 0x000000008c400000| Untracked 
| 197|0x000000008c500000, 0x000000008c500000, 0x000000008c600000|  0%| F|  |TAMS 0x000000008c500000, 0x000000008c500000| Untracked 
| 198|0x000000008c600000, 0x000000008c600000, 0x000000008c700000|  0%| F|  |TAMS 0x000000008c600000, 0x000000008c600000| Untracked 
| 199|0x000000008c700000, 0x000000008c700000, 0x000000008c800000|  0%| F|  |TAMS 0x000000008c700000, 0x000000008c700000| Untracked 
| 200|0x000000008c800000, 0x000000008c800000, 0x000000008c900000|  0%| F|  |TAMS 0x000000008c800000, 0x000000008c800000| Untracked 
| 201|0x000000008c900000, 0x000000008c900000, 0x000000008ca00000|  0%| F|  |TAMS 0x000000008c900000, 0x000000008c900000| Untracked 
| 202|0x000000008ca00000, 0x000000008ca00000, 0x000000008cb00000|  0%| F|  |TAMS 0x000000008ca00000, 0x000000008ca00000| Untracked 
| 203|0x000000008cb00000, 0x000000008cb00000, 0x000000008cc00000|  0%| F|  |TAMS 0x000000008cb00000, 0x000000008cb00000| Untracked 
| 204|0x000000008cc00000, 0x000000008cc00000, 0x000000008cd00000|  0%| F|  |TAMS 0x000000008cc00000, 0x000000008cc00000| Untracked 
| 205|0x000000008cd00000, 0x000000008cd00000, 0x000000008ce00000|  0%| F|  |TAMS 0x000000008cd00000, 0x000000008cd00000| Untracked 
| 206|0x000000008ce00000, 0x000000008ce00000, 0x000000008cf00000|  0%| F|  |TAMS 0x000000008ce00000, 0x000000008ce00000| Untracked 
| 207|0x000000008cf00000, 0x000000008cf00000, 0x000000008d000000|  0%| F|  |TAMS 0x000000008cf00000, 0x000000008cf00000| Untracked 
| 208|0x000000008d000000, 0x000000008d000000, 0x000000008d100000|  0%| F|  |TAMS 0x000000008d000000, 0x000000008d000000| Untracked 
| 209|0x000000008d100000, 0x000000008d100000, 0x000000008d200000|  0%| F|  |TAMS 0x000000008d100000, 0x000000008d100000| Untracked 
| 210|0x000000008d200000, 0x000000008d200000, 0x000000008d300000|  0%| F|  |TAMS 0x000000008d200000, 0x000000008d200000| Untracked 
| 211|0x000000008d300000, 0x000000008d300000, 0x000000008d400000|  0%| F|  |TAMS 0x000000008d300000, 0x000000008d300000| Untracked 
| 212|0x000000008d400000, 0x000000008d400000, 0x000000008d500000|  0%| F|  |TAMS 0x000000008d400000, 0x000000008d400000| Untracked 
| 213|0x000000008d500000, 0x000000008d500000, 0x000000008d600000|  0%| F|  |TAMS 0x000000008d500000, 0x000000008d500000| Untracked 
| 214|0x000000008d600000, 0x000000008d600000, 0x000000008d700000|  0%| F|  |TAMS 0x000000008d600000, 0x000000008d600000| Untracked 
| 215|0x000000008d700000, 0x000000008d700000, 0x000000008d800000|  0%| F|  |TAMS 0x000000008d700000, 0x000000008d700000| Untracked 
| 216|0x000000008d800000, 0x000000008d800000, 0x000000008d900000|  0%| F|  |TAMS 0x000000008d800000, 0x000000008d800000| Untracked 
| 217|0x000000008d900000, 0x000000008d900000, 0x000000008da00000|  0%| F|  |TAMS 0x000000008d900000, 0x000000008d900000| Untracked 
| 218|0x000000008da00000, 0x000000008da00000, 0x000000008db00000|  0%| F|  |TAMS 0x000000008da00000, 0x000000008da00000| Untracked 
| 219|0x000000008db00000, 0x000000008db00000, 0x000000008dc00000|  0%| F|  |TAMS 0x000000008db00000, 0x000000008db00000| Untracked 
| 220|0x000000008dc00000, 0x000000008dc00000, 0x000000008dd00000|  0%| F|  |TAMS 0x000000008dc00000, 0x000000008dc00000| Untracked 
| 221|0x000000008dd00000, 0x000000008dd00000, 0x000000008de00000|  0%| F|  |TAMS 0x000000008dd00000, 0x000000008dd00000| Untracked 
| 222|0x000000008de00000, 0x000000008de00000, 0x000000008df00000|  0%| F|  |TAMS 0x000000008de00000, 0x000000008de00000| Untracked 
| 223|0x000000008df00000, 0x000000008df00000, 0x000000008e000000|  0%| F|  |TAMS 0x000000008df00000, 0x000000008df00000| Untracked 
| 224|0x000000008e000000, 0x000000008e000000, 0x000000008e100000|  0%| F|  |TAMS 0x000000008e000000, 0x000000008e000000| Untracked 
| 225|0x000000008e100000, 0x000000008e100000, 0x000000008e200000|  0%| F|  |TAMS 0x000000008e100000, 0x000000008e100000| Untracked 
| 226|0x000000008e200000, 0x000000008e200000, 0x000000008e300000|  0%| F|  |TAMS 0x000000008e200000, 0x000000008e200000| Untracked 
| 227|0x000000008e300000, 0x000000008e300000, 0x000000008e400000|  0%| F|  |TAMS 0x000000008e300000, 0x000000008e300000| Untracked 
| 228|0x000000008e400000, 0x000000008e400000, 0x000000008e500000|  0%| F|  |TAMS 0x000000008e400000, 0x000000008e400000| Untracked 
| 229|0x000000008e500000, 0x000000008e500000, 0x000000008e600000|  0%| F|  |TAMS 0x000000008e500000, 0x000000008e500000| Untracked 
| 230|0x000000008e600000, 0x000000008e600000, 0x000000008e700000|  0%| F|  |TAMS 0x000000008e600000, 0x000000008e600000| Untracked 
| 231|0x000000008e700000, 0x000000008e700000, 0x000000008e800000|  0%| F|  |TAMS 0x000000008e700000, 0x000000008e700000| Untracked 
| 232|0x000000008e800000, 0x000000008e800000, 0x000000008e900000|  0%| F|  |TAMS 0x000000008e800000, 0x000000008e800000| Untracked 
| 233|0x000000008e900000, 0x000000008e900000, 0x000000008ea00000|  0%| F|  |TAMS 0x000000008e900000, 0x000000008e900000| Untracked 
| 234|0x000000008ea00000, 0x000000008eb00000, 0x000000008eb00000|100%| S|CS|TAMS 0x000000008ea00000, 0x000000008ea00000| Complete 
| 235|0x000000008eb00000, 0x000000008ec00000, 0x000000008ec00000|100%| S|CS|TAMS 0x000000008eb00000, 0x000000008eb00000| Complete 
| 236|0x000000008ec00000, 0x000000008ed00000, 0x000000008ed00000|100%| S|CS|TAMS 0x000000008ec00000, 0x000000008ec00000| Complete 
| 237|0x000000008ed00000, 0x000000008ed00000, 0x000000008ee00000|  0%| F|  |TAMS 0x000000008ed00000, 0x000000008ed00000| Untracked 
| 238|0x000000008ee00000, 0x000000008ee00000, 0x000000008ef00000|  0%| F|  |TAMS 0x000000008ee00000, 0x000000008ee00000| Untracked 
| 239|0x000000008ef00000, 0x000000008ef00000, 0x000000008f000000|  0%| F|  |TAMS 0x000000008ef00000, 0x000000008ef00000| Untracked 
| 240|0x000000008f000000, 0x000000008f000000, 0x000000008f100000|  0%| F|  |TAMS 0x000000008f000000, 0x000000008f000000| Untracked 
| 241|0x000000008f100000, 0x000000008f100000, 0x000000008f200000|  0%| F|  |TAMS 0x000000008f100000, 0x000000008f100000| Untracked 
| 242|0x000000008f200000, 0x000000008f200000, 0x000000008f300000|  0%| F|  |TAMS 0x000000008f200000, 0x000000008f200000| Untracked 
| 243|0x000000008f300000, 0x000000008f300000, 0x000000008f400000|  0%| F|  |TAMS 0x000000008f300000, 0x000000008f300000| Untracked 
| 244|0x000000008f400000, 0x000000008f400000, 0x000000008f500000|  0%| F|  |TAMS 0x000000008f400000, 0x000000008f400000| Untracked 
| 245|0x000000008f500000, 0x000000008f500000, 0x000000008f600000|  0%| F|  |TAMS 0x000000008f500000, 0x000000008f500000| Untracked 
| 246|0x000000008f600000, 0x000000008f600000, 0x000000008f700000|  0%| F|  |TAMS 0x000000008f600000, 0x000000008f600000| Untracked 
| 247|0x000000008f700000, 0x000000008f700000, 0x000000008f800000|  0%| F|  |TAMS 0x000000008f700000, 0x000000008f700000| Untracked 
| 248|0x000000008f800000, 0x000000008f800000, 0x000000008f900000|  0%| F|  |TAMS 0x000000008f800000, 0x000000008f800000| Untracked 
| 249|0x000000008f900000, 0x000000008f900000, 0x000000008fa00000|  0%| F|  |TAMS 0x000000008f900000, 0x000000008f900000| Untracked 
| 250|0x000000008fa00000, 0x000000008fa00000, 0x000000008fb00000|  0%| F|  |TAMS 0x000000008fa00000, 0x000000008fa00000| Untracked 
| 251|0x000000008fb00000, 0x000000008fb00000, 0x000000008fc00000|  0%| F|  |TAMS 0x000000008fb00000, 0x000000008fb00000| Untracked 

Card table byte_map: [0x00000264e5e60000,0x00000264e6260000] _byte_map_base: 0x00000264e5a60000

Marking Bits (Prev, Next): (CMBitMap*) 0x00000264d118e748, (CMBitMap*) 0x00000264d118e780
 Prev Bits: [0x00000264e6660000, 0x00000264e8660000)
 Next Bits: [0x00000264e8660000, 0x00000264ea660000)

Polling page: 0x00000264d1230000

Metaspace:

Usage:
  Non-class:     80.25 MB capacity,    78.79 MB ( 98%) used,     1.20 MB (  1%) free+waste,   258.31 KB ( <1%) overhead. 
      Class:     12.49 MB capacity,    11.71 MB ( 94%) used,   674.52 KB (  5%) free+waste,   115.38 KB ( <1%) overhead. 
       Both:     92.73 MB capacity,    90.51 MB ( 98%) used,     1.86 MB (  2%) free+waste,   373.69 KB ( <1%) overhead. 

Virtual space:
  Non-class space:       82.00 MB reserved,      80.37 MB ( 98%) committed 
      Class space:        1.00 GB reserved,      12.50 MB (  1%) committed 
             Both:        1.08 GB reserved,      92.87 MB (  8%) committed 

Chunk freelists:
   Non-Class:  65.00 KB
       Class:  15.00 KB
        Both:  80.00 KB

MaxMetaspaceSize: 17179869184.00 GB
CompressedClassSpaceSize: 1.00 GB

CodeHeap 'non-profiled nmethods': size=120064Kb used=5908Kb max_used=5908Kb free=114155Kb
 bounds [0x00000264ddf00000, 0x00000264de4d0000, 0x00000264e5440000]
CodeHeap 'profiled nmethods': size=120000Kb used=26600Kb max_used=26600Kb free=93400Kb
 bounds [0x00000264d69d0000, 0x00000264d83d0000, 0x00000264ddf00000]
CodeHeap 'non-nmethods': size=5696Kb used=2312Kb max_used=2365Kb free=3383Kb
 bounds [0x00000264d6440000, 0x00000264d66b0000, 0x00000264d69d0000]
 total_blobs=12798 nmethods=11882 adapters=827
 compilation: enabled
              stopped_count=0, restarted_count=0
 full_count=0

Compilation events (20 events):
Event: 54.992 Thread 0x00000264eccd3800 12094       2       com.android.tools.r8.code.z2::<init> (7 bytes)
Event: 54.992 Thread 0x00000264eccd3800 nmethod 12094 0x00000264d83c6d10 code [0x00000264d83c6ee0, 0x00000264d83c7118]
Event: 54.996 Thread 0x00000264eccd3800 12095       2       com.android.tools.r8.code.f::<init> (7 bytes)
Event: 54.997 Thread 0x00000264eccd3800 nmethod 12095 0x00000264d83c7310 code [0x00000264d83c74e0, 0x00000264d83c7718]
Event: 54.998 Thread 0x00000264eccd3800 12096       2       com.android.tools.r8.code.r::<init> (7 bytes)
Event: 54.999 Thread 0x00000264eccd3800 nmethod 12096 0x00000264d83c7910 code [0x00000264d83c7ac0, 0x00000264d83c7c18]
Event: 55.001 Thread 0x00000264eccd3800 12097       2       com.android.tools.r8.internal.mu$f::<init> (41 bytes)
Event: 55.001 Thread 0x00000264eccd3800 nmethod 12097 0x00000264d83c7d10 code [0x00000264d83c7ec0, 0x00000264d83c8038]
Event: 55.124 Thread 0x00000264eccd3800 12099       2       com.android.tools.r8.code.M3::<init> (7 bytes)
Event: 55.125 Thread 0x00000264eccd3800 nmethod 12099 0x00000264d83c8110 code [0x00000264d83c82c0, 0x00000264d83c8418]
Event: 55.143 Thread 0x00000264eccd3800 12101       2       com.android.tools.r8.code.Z3::<init> (7 bytes)
Event: 55.143 Thread 0x00000264eccd3800 nmethod 12101 0x00000264d83c8510 code [0x00000264d83c86c0, 0x00000264d83c8818]
Event: 55.166 Thread 0x00000264eccd3800 12102       2       com.android.tools.r8.code.v2::<init> (7 bytes)
Event: 55.167 Thread 0x00000264eccd3800 nmethod 12102 0x00000264d83c8910 code [0x00000264d83c8ae0, 0x00000264d83c8d18]
Event: 55.258 Thread 0x00000264eccd3800 12104       2       com.android.tools.r8.code.t::<init> (7 bytes)
Event: 55.258 Thread 0x00000264eccd3800 nmethod 12104 0x00000264d83c8f10 code [0x00000264d83c90e0, 0x00000264d83c92a8]
Event: 55.262 Thread 0x00000264eccd3800 12105       2       com.android.tools.r8.code.t3::<init> (7 bytes)
Event: 55.262 Thread 0x00000264eccd3800 nmethod 12105 0x00000264d83c9410 code [0x00000264d83c95e0, 0x00000264d83c9818]
Event: 55.270 Thread 0x00000264eccd3800 12106       2       com.android.tools.r8.code.p0::<init> (7 bytes)
Event: 55.270 Thread 0x00000264eccd3800 nmethod 12106 0x00000264d83c9a10 code [0x00000264d83c9be0, 0x00000264d83c9e18]

GC Heap History (20 events):
Event: 49.142 GC heap after
{Heap after GC invocations=56 (full 0):
 garbage-first heap   total 159744K, used 95317K [0x0000000080000000, 0x0000000100000000)
  region size 1024K, 6 young (6144K), 6 survivors (6144K)
 Metaspace       used 87627K, capacity 89834K, committed 89852K, reserved 1128448K
  class space    used 11129K, capacity 11886K, committed 11904K, reserved 1048576K
}
Event: 49.824 GC heap before
{Heap before GC invocations=57 (full 0):
 garbage-first heap   total 159744K, used 107605K [0x0000000080000000, 0x0000000100000000)
  region size 1024K, 17 young (17408K), 6 survivors (6144K)
 Metaspace       used 89840K, capacity 92060K, committed 92284K, reserved 1130496K
  class space    used 11447K, capacity 12223K, committed 12288K, reserved 1048576K
}
Event: 49.838 GC heap after
{Heap after GC invocations=58 (full 0):
 garbage-first heap   total 192512K, used 101287K [0x0000000080000000, 0x0000000100000000)
  region size 1024K, 4 young (4096K), 4 survivors (4096K)
 Metaspace       used 89840K, capacity 92060K, committed 92284K, reserved 1130496K
  class space    used 11447K, capacity 12223K, committed 12288K, reserved 1048576K
}
Event: 50.650 GC heap before
{Heap before GC invocations=59 (full 0):
 garbage-first heap   total 192512K, used 171943K [0x0000000080000000, 0x0000000100000000)
  region size 1024K, 50 young (51200K), 4 survivors (4096K)
 Metaspace       used 90349K, capacity 92602K, committed 92924K, reserved 1130496K
  class space    used 11523K, capacity 12299K, committed 12416K, reserved 1048576K
}
Event: 50.702 GC heap after
{Heap after GC invocations=60 (full 0):
 garbage-first heap   total 197632K, used 133501K [0x0000000080000000, 0x0000000100000000)
  region size 1024K, 7 young (7168K), 7 survivors (7168K)
 Metaspace       used 90349K, capacity 92602K, committed 92924K, reserved 1130496K
  class space    used 11523K, capacity 12299K, committed 12416K, reserved 1048576K
}
Event: 50.751 GC heap before
{Heap before GC invocations=60 (full 0):
 garbage-first heap   total 197632K, used 136573K [0x0000000080000000, 0x0000000100000000)
  region size 1024K, 11 young (11264K), 7 survivors (7168K)
 Metaspace       used 90350K, capacity 92602K, committed 92924K, reserved 1130496K
  class space    used 11523K, capacity 12299K, committed 12416K, reserved 1048576K
}
Event: 50.780 GC heap after
{Heap after GC invocations=61 (full 0):
 garbage-first heap   total 197632K, used 136349K [0x0000000080000000, 0x0000000100000000)
  region size 1024K, 2 young (2048K), 2 survivors (2048K)
 Metaspace       used 90350K, capacity 92602K, committed 92924K, reserved 1130496K
  class space    used 11523K, capacity 12299K, committed 12416K, reserved 1048576K
}
Event: 51.027 GC heap before
{Heap before GC invocations=61 (full 0):
 garbage-first heap   total 197632K, used 155805K [0x0000000080000000, 0x0000000100000000)
  region size 1024K, 20 young (20480K), 2 survivors (2048K)
 Metaspace       used 90350K, capacity 92602K, committed 92924K, reserved 1130496K
  class space    used 11523K, capacity 12299K, committed 12416K, reserved 1048576K
}
Event: 51.057 GC heap after
{Heap after GC invocations=62 (full 0):
 garbage-first heap   total 197632K, used 146068K [0x0000000080000000, 0x0000000100000000)
  region size 1024K, 3 young (3072K), 3 survivors (3072K)
 Metaspace       used 90350K, capacity 92602K, committed 92924K, reserved 1130496K
  class space    used 11523K, capacity 12299K, committed 12416K, reserved 1048576K
}
Event: 51.526 GC heap before
{Heap before GC invocations=63 (full 0):
 garbage-first heap   total 197632K, used 159380K [0x0000000080000000, 0x0000000100000000)
  region size 1024K, 17 young (17408K), 3 survivors (3072K)
 Metaspace       used 91735K, capacity 94016K, committed 94332K, reserved 1130496K
  class space    used 11906K, capacity 12709K, committed 12800K, reserved 1048576K
}
Event: 51.559 GC heap after
{Heap after GC invocations=64 (full 0):
 garbage-first heap   total 197632K, used 151288K [0x0000000080000000, 0x0000000100000000)
  region size 1024K, 3 young (3072K), 3 survivors (3072K)
 Metaspace       used 91735K, capacity 94016K, committed 94332K, reserved 1130496K
  class space    used 11906K, capacity 12709K, committed 12800K, reserved 1048576K
}
Event: 51.879 GC heap before
{Heap before GC invocations=64 (full 0):
 garbage-first heap   total 197632K, used 163576K [0x0000000080000000, 0x0000000100000000)
  region size 1024K, 15 young (15360K), 3 survivors (3072K)
 Metaspace       used 92608K, capacity 94913K, committed 95100K, reserved 1132544K
  class space    used 12001K, capacity 12796K, committed 12800K, reserved 1048576K
}
Event: 51.905 GC heap after
{Heap after GC invocations=65 (full 0):
 garbage-first heap   total 258048K, used 157553K [0x0000000080000000, 0x0000000100000000)
  region size 1024K, 2 young (2048K), 2 survivors (2048K)
 Metaspace       used 92608K, capacity 94913K, committed 95100K, reserved 1132544K
  class space    used 12001K, capacity 12796K, committed 12800K, reserved 1048576K
}
Event: 52.806 GC heap before
{Heap before GC invocations=66 (full 0):
 garbage-first heap   total 258048K, used 186225K [0x0000000080000000, 0x0000000100000000)
  region size 1024K, 30 young (30720K), 2 survivors (2048K)
 Metaspace       used 92684K, capacity 94983K, committed 95100K, reserved 1132544K
  class space    used 12001K, capacity 12796K, committed 12800K, reserved 1048576K
}
Event: 52.911 GC heap after
{Heap after GC invocations=67 (full 0):
 garbage-first heap   total 258048K, used 171909K [0x0000000080000000, 0x0000000100000000)
  region size 1024K, 4 young (4096K), 4 survivors (4096K)
 Metaspace       used 92684K, capacity 94983K, committed 95100K, reserved 1132544K
  class space    used 12001K, capacity 12796K, committed 12800K, reserved 1048576K
}
Event: 53.710 GC heap before
{Heap before GC invocations=67 (full 0):
 garbage-first heap   total 258048K, used 196485K [0x0000000080000000, 0x0000000100000000)
  region size 1024K, 28 young (28672K), 4 survivors (4096K)
 Metaspace       used 92693K, capacity 94984K, committed 95100K, reserved 1132544K
  class space    used 12001K, capacity 12796K, committed 12800K, reserved 1048576K
}
Event: 53.759 GC heap after
{Heap after GC invocations=68 (full 0):
 garbage-first heap   total 258048K, used 184320K [0x0000000080000000, 0x0000000100000000)
  region size 1024K, 4 young (4096K), 4 survivors (4096K)
 Metaspace       used 92693K, capacity 94984K, committed 95100K, reserved 1132544K
  class space    used 12001K, capacity 12796K, committed 12800K, reserved 1048576K
}
Event: 55.017 GC heap before
{Heap before GC invocations=68 (full 0):
 garbage-first heap   total 258048K, used 204800K [0x0000000080000000, 0x0000000100000000)
  region size 1024K, 24 young (24576K), 4 survivors (4096K)
 Metaspace       used 92679K, capacity 94956K, committed 95100K, reserved 1132544K
  class space    used 11995K, capacity 12785K, committed 12800K, reserved 1048576K
}
Event: 55.067 GC heap after
{Heap after GC invocations=69 (full 0):
 garbage-first heap   total 258048K, used 195072K [0x0000000080000000, 0x0000000100000000)
  region size 1024K, 3 young (3072K), 3 survivors (3072K)
 Metaspace       used 92679K, capacity 94956K, committed 95100K, reserved 1132544K
  class space    used 11995K, capacity 12785K, committed 12800K, reserved 1048576K
}
Event: 55.277 GC heap before
{Heap before GC invocations=70 (full 0):
 garbage-first heap   total 258048K, used 210432K [0x0000000080000000, 0x0000000100000000)
  region size 1024K, 18 young (18432K), 3 survivors (3072K)
 Metaspace       used 92680K, capacity 94956K, committed 95100K, reserved 1132544K
  class space    used 11995K, capacity 12785K, committed 12800K, reserved 1048576K
}

Deoptimization events (20 events):
Event: 51.788 Thread 0x00000264f37da800 DEOPT PACKING pc=0x00000264d8260ee0 sp=0x000000db7cbfe860
Event: 51.788 Thread 0x00000264f37da800 DEOPT UNPACKING pc=0x00000264d6466d5e sp=0x000000db7cbfde88 mode 0
Event: 51.798 Thread 0x00000264f37da800 DEOPT PACKING pc=0x00000264d8260ee0 sp=0x000000db7cbfe880
Event: 51.798 Thread 0x00000264f37da800 DEOPT UNPACKING pc=0x00000264d6466d5e sp=0x000000db7cbfdea8 mode 0
Event: 51.837 Thread 0x00000264f37db800 DEOPT PACKING pc=0x00000264d82541b9 sp=0x000000db7cafe6e0
Event: 51.837 Thread 0x00000264f37db800 DEOPT UNPACKING pc=0x00000264d6466d5e sp=0x000000db7cafdda0 mode 0
Event: 52.069 Thread 0x00000264f37da800 DEOPT PACKING pc=0x00000264d81f84d3 sp=0x000000db7cbfe590
Event: 52.069 Thread 0x00000264f37da800 DEOPT UNPACKING pc=0x00000264d6466d5e sp=0x000000db7cbfdae8 mode 0
Event: 52.673 Thread 0x00000264f37db800 Uncommon trap: trap_request=0xffffff4d fr.pc=0x00000264de49bd08 relative=0x00000000000083e8
Event: 52.673 Thread 0x00000264f37db800 Uncommon trap: reason=unstable_if action=reinterpret pc=0x00000264de49bd08 method=com.android.tools.r8.code.w1.a(Ljava/nio/ShortBuffer;IILcom/android/tools/r8/internal/av;)[Lcom/android/tools/r8/code/v1; @ 38 c2
Event: 52.673 Thread 0x00000264f37db800 DEOPT PACKING pc=0x00000264de49bd08 sp=0x000000db7cafe9d0
Event: 52.673 Thread 0x00000264f37db800 DEOPT UNPACKING pc=0x00000264d64665af sp=0x000000db7cafe9b8 mode 2
Event: 52.987 Thread 0x00000264f37e1000 DEOPT PACKING pc=0x00000264d8311f35 sp=0x000000db7cdfdf40
Event: 52.987 Thread 0x00000264f37e1000 DEOPT UNPACKING pc=0x00000264d6466d5e sp=0x000000db7cdfdb70 mode 0
Event: 53.027 Thread 0x00000264f37e1000 DEOPT PACKING pc=0x00000264d8311f35 sp=0x000000db7cdfdf40
Event: 53.027 Thread 0x00000264f37e1000 DEOPT UNPACKING pc=0x00000264d6466d5e sp=0x000000db7cdfdb70 mode 0
Event: 54.894 Thread 0x00000264f37d9000 Uncommon trap: trap_request=0xffffff4d fr.pc=0x00000264de4bbc04 relative=0x000000000000aac4
Event: 54.894 Thread 0x00000264f37d9000 Uncommon trap: reason=unstable_if action=reinterpret pc=0x00000264de4bbc04 method=com.android.tools.r8.code.w1.a(Ljava/nio/ShortBuffer;IILcom/android/tools/r8/internal/av;)[Lcom/android/tools/r8/code/v1; @ 541 c2
Event: 54.894 Thread 0x00000264f37d9000 DEOPT PACKING pc=0x00000264de4bbc04 sp=0x000000db7ccfeb70
Event: 54.894 Thread 0x00000264f37d9000 DEOPT UNPACKING pc=0x00000264d64665af sp=0x000000db7ccfeb58 mode 2

Classes redefined (0 events):
No events

Internal exceptions (20 events):
Event: 46.051 Thread 0x00000264ef89c800 Exception <a 'sun/nio/fs/WindowsException'{0x0000000087b89b40}> (0x0000000087b89b40) thrown at [./src/hotspot/share/prims/jni.cpp, line 615]
Event: 46.051 Thread 0x00000264ef89c800 Exception <a 'sun/nio/fs/WindowsException'{0x0000000087b89f00}> (0x0000000087b89f00) thrown at [./src/hotspot/share/prims/jni.cpp, line 615]
Event: 46.052 Thread 0x00000264ef89c800 Exception <a 'sun/nio/fs/WindowsException'{0x0000000087b8afa0}> (0x0000000087b8afa0) thrown at [./src/hotspot/share/prims/jni.cpp, line 615]
Event: 46.052 Thread 0x00000264ef89c800 Exception <a 'sun/nio/fs/WindowsException'{0x0000000087b8b268}> (0x0000000087b8b268) thrown at [./src/hotspot/share/prims/jni.cpp, line 615]
Event: 46.052 Thread 0x00000264ef89c800 Exception <a 'sun/nio/fs/WindowsException'{0x0000000087b8c0e0}> (0x0000000087b8c0e0) thrown at [./src/hotspot/share/prims/jni.cpp, line 615]
Event: 46.052 Thread 0x00000264ef89c800 Exception <a 'sun/nio/fs/WindowsException'{0x0000000087b8c348}> (0x0000000087b8c348) thrown at [./src/hotspot/share/prims/jni.cpp, line 615]
Event: 46.052 Thread 0x00000264ef89c800 Exception <a 'sun/nio/fs/WindowsException'{0x0000000087b8d190}> (0x0000000087b8d190) thrown at [./src/hotspot/share/prims/jni.cpp, line 615]
Event: 46.076 Thread 0x00000264ef89c800 Exception <a 'java/lang/NoSuchMethodError'{0x000000008790d738}: <clinit>> (0x000000008790d738) thrown at [./src/hotspot/share/prims/jni.cpp, line 1362]
Event: 46.079 Thread 0x00000264ef89c800 Exception <a 'java/lang/NoSuchMethodError'{0x0000000087943e60}: <clinit>> (0x0000000087943e60) thrown at [./src/hotspot/share/prims/jni.cpp, line 1362]
Event: 46.084 Thread 0x00000264ef89c800 Exception <a 'java/lang/NoSuchMethodError'{0x000000008797cba8}: <clinit>> (0x000000008797cba8) thrown at [./src/hotspot/share/prims/jni.cpp, line 1362]
Event: 46.086 Thread 0x00000264ef89c800 Exception <a 'java/lang/NoSuchMethodError'{0x000000008798fb78}: <clinit>> (0x000000008798fb78) thrown at [./src/hotspot/share/prims/jni.cpp, line 1362]
Event: 48.489 Thread 0x00000264f37d4000 Exception <a 'java/lang/NoSuchMethodError'{0x00000000883c1698}: 'int java.lang.invoke.DirectMethodHandle$Holder.invokeSpecialIFC(java.lang.Object, java.lang.Object, java.lang.Object)'> (0x00000000883c1698) thrown at [./src/hotspot/share/interpreter/linkResolver.cpp, line 773]
Event: 49.458 Thread 0x00000264f37d9800 Exception <a 'sun/nio/fs/WindowsException'{0x00000000897a5b98}> (0x00000000897a5b98) thrown at [./src/hotspot/share/prims/jni.cpp, line 615]
Event: 49.915 Thread 0x00000264f37d9800 Exception <a 'java/lang/NoSuchMethodError'{0x000000008bbd51f0}: 'java.lang.Object java.lang.invoke.DirectMethodHandle$Holder.invokeStatic(java.lang.Object, java.lang.Object, java.lang.Object, java.lang.Object, java.lang.Object, java.lang.Object, java.lang.Object, java.lang.Object, java.lang.Object, java.lang.Object, java.lang.Object, java.lang.Object, java.lang.Object, java.lang.Object, java.lang.Object, java.lang.Object, java.lang.Object, java.lang.Object, int, java.lang.Object)'> (0x000000008bbd51f0) thr
Event: 49.915 Thread 0x00000264f37d9800 Exception <a 'java/lang/NoSuchMethodError'{0x000000008bbdae08}: 'java.lang.Object java.lang.invoke.DirectMethodHandle$Holder.invokeStaticInit(java.lang.Object, java.lang.Object, java.lang.Object, java.lang.Object, java.lang.Object, java.lang.Object, java.lang.Object, java.lang.Object, java.lang.Object, java.lang.Object, java.lang.Object, java.lang.Object, java.lang.Object, java.lang.Object, java.lang.Object, java.lang.Object, java.lang.Object, java.lang.Object, int, java.lang.Object)'> (0x000000008bbdae08)
Event: 51.422 Thread 0x00000264f37db800 Exception <a 'java/lang/NoSuchMethodError'{0x000000008b0503f0}: 'java.lang.Object java.lang.invoke.DirectMethodHandle$Holder.newInvokeSpecial(java.lang.Object, int)'> (0x000000008b0503f0) thrown at [./src/hotspot/share/interpreter/linkResolver.cpp, line 773]
Event: 51.571 Thread 0x00000264f37db800 Exception <a 'java/lang/IncompatibleClassChangeError'{0x000000008bb3fa30}: Found class java.lang.Object, but interface was expected> (0x000000008bb3fa30) thrown at [./src/hotspot/share/interpreter/linkResolver.cpp, line 839]
Event: 51.572 Thread 0x00000264f37d9000 Exception <a 'java/lang/NoSuchMethodError'{0x000000008bb38c28}: 'long java.lang.invoke.DirectMethodHandle$Holder.invokeStatic(java.lang.Object, java.lang.Object, java.lang.Object)'> (0x000000008bb38c28) thrown at [./src/hotspot/share/interpreter/linkResolver.cpp, line 773]
Event: 51.579 Thread 0x00000264f37db800 Exception <a 'java/lang/IncompatibleClassChangeError'{0x000000008bb8be78}: Found class java.lang.Object, but interface was expected> (0x000000008bb8be78) thrown at [./src/hotspot/share/interpreter/linkResolver.cpp, line 839]
Event: 51.580 Thread 0x00000264f37db800 Exception <a 'java/lang/IncompatibleClassChangeError'{0x000000008bb97278}: Found class java.lang.Object, but interface was expected> (0x000000008bb97278) thrown at [./src/hotspot/share/interpreter/linkResolver.cpp, line 839]

Events (20 events):
Event: 51.664 loading class com/android/tools/r8/internal/nu done
Event: 51.666 loading class com/android/tools/r8/internal/Zc
Event: 51.666 loading class com/android/tools/r8/internal/Zc done
Event: 51.876 Executing VM operation: G1CollectForAllocation
Event: 51.905 Executing VM operation: G1CollectForAllocation done
Event: 52.394 Executing VM operation: CGC_Operation
Event: 52.421 Executing VM operation: CGC_Operation done
Event: 52.727 Executing VM operation: CGC_Operation
Event: 52.775 Executing VM operation: CGC_Operation done
Event: 52.804 Executing VM operation: G1CollectForAllocation
Event: 52.911 Executing VM operation: G1CollectForAllocation done
Event: 53.703 Executing VM operation: G1CollectForAllocation
Event: 53.759 Executing VM operation: G1CollectForAllocation done
Event: 54.597 Executing VM operation: CGC_Operation
Event: 54.852 Executing VM operation: CGC_Operation done
Event: 55.016 Executing VM operation: G1CollectForAllocation
Event: 55.067 Executing VM operation: G1CollectForAllocation done
Event: 55.244 Executing VM operation: CGC_Operation
Event: 55.246 Executing VM operation: CGC_Operation done
Event: 55.271 Executing VM operation: G1CollectForAllocation


Dynamic libraries:
0x00007ff647d40000 - 0x00007ff647d4a000 	C:\Program Files\Android\Android Studio1\jre\bin\java.exe
0x00007ffa622b0000 - 0x00007ffa624a5000 	C:\WINDOWS\SYSTEM32\ntdll.dll
0x00007ffa60310000 - 0x00007ffa603cd000 	C:\WINDOWS\System32\KERNEL32.DLL
0x00007ffa5fb30000 - 0x00007ffa5fdfd000 	C:\WINDOWS\System32\KERNELBASE.dll
0x00007ffa5fe50000 - 0x00007ffa5ff50000 	C:\WINDOWS\System32\ucrtbase.dll
0x00007ffa5b860000 - 0x00007ffa5b877000 	C:\Program Files\Android\Android Studio1\jre\bin\VCRUNTIME140.dll
0x00007ffa5b880000 - 0x00007ffa5b899000 	C:\Program Files\Android\Android Studio1\jre\bin\jli.dll
0x00007ffa61ee0000 - 0x00007ffa62080000 	C:\WINDOWS\System32\USER32.dll
0x00007ffa5f9c0000 - 0x00007ffa5f9e2000 	C:\WINDOWS\System32\win32u.dll
0x00007ffa60470000 - 0x00007ffa6049a000 	C:\WINDOWS\System32\GDI32.dll
0x00007ffa5f9f0000 - 0x00007ffa5fafb000 	C:\WINDOWS\System32\gdi32full.dll
0x00007ffa4ef80000 - 0x00007ffa4f21a000 	C:\WINDOWS\WinSxS\amd64_microsoft.windows.common-controls_6595b64144ccf1df_6.0.19041.1110_none_60b5254171f9507e\COMCTL32.dll
0x00007ffa60260000 - 0x00007ffa602fd000 	C:\WINDOWS\System32\msvcp_win.dll
0x00007ffa60b60000 - 0x00007ffa60bfe000 	C:\WINDOWS\System32\msvcrt.dll
0x00007ffa603d0000 - 0x00007ffa60400000 	C:\WINDOWS\System32\IMM32.DLL
0x00007ffa3f590000 - 0x00007ffa3f62d000 	C:\Program Files\Android\Android Studio1\jre\bin\msvcp140.dll
0x00007ffa22730000 - 0x00007ffa23205000 	C:\Program Files\Android\Android Studio1\jre\bin\server\jvm.dll
0x00007ffa62080000 - 0x00007ffa6212e000 	C:\WINDOWS\System32\ADVAPI32.dll
0x00007ffa60ce0000 - 0x00007ffa60d7c000 	C:\WINDOWS\System32\sechost.dll
0x00007ffa62140000 - 0x00007ffa62265000 	C:\WINDOWS\System32\RPCRT4.dll
0x00007ffa62130000 - 0x00007ffa62138000 	C:\WINDOWS\System32\PSAPI.DLL
0x00007ffa4d8b0000 - 0x00007ffa4d8d7000 	C:\WINDOWS\SYSTEM32\WINMM.dll
0x00007ffa5a990000 - 0x00007ffa5a999000 	C:\WINDOWS\SYSTEM32\WSOCK32.dll
0x00007ffa5a2b0000 - 0x00007ffa5a2ba000 	C:\WINDOWS\SYSTEM32\VERSION.dll
0x00007ffa61e70000 - 0x00007ffa61edb000 	C:\WINDOWS\System32\WS2_32.dll
0x00007ffa5d8a0000 - 0x00007ffa5d8b2000 	C:\WINDOWS\SYSTEM32\kernel.appcore.dll
0x00007ffa4d760000 - 0x00007ffa4d771000 	C:\Program Files\Android\Android Studio1\jre\bin\verify.dll
0x00007ffa3d3b0000 - 0x00007ffa3d594000 	C:\WINDOWS\SYSTEM32\DBGHELP.DLL
0x00007ffa3d360000 - 0x00007ffa3d38c000 	C:\WINDOWS\SYSTEM32\dbgcore.DLL
0x00007ffa5ff50000 - 0x00007ffa5ffd2000 	C:\WINDOWS\System32\bcryptPrimitives.dll
0x00007ffa4c3e0000 - 0x00007ffa4c409000 	C:\Program Files\Android\Android Studio1\jre\bin\java.dll
0x00007ffa589c0000 - 0x00007ffa589cb000 	C:\Program Files\Android\Android Studio1\jre\bin\jimage.dll
0x00007ffa4c3c0000 - 0x00007ffa4c3d8000 	C:\Program Files\Android\Android Studio1\jre\bin\zip.dll
0x00007ffa61530000 - 0x00007ffa61c74000 	C:\WINDOWS\System32\SHELL32.dll
0x00007ffa5daa0000 - 0x00007ffa5e234000 	C:\WINDOWS\SYSTEM32\windows.storage.dll
0x00007ffa60e00000 - 0x00007ffa61154000 	C:\WINDOWS\System32\combase.dll
0x00007ffa5f420000 - 0x00007ffa5f44c000 	C:\WINDOWS\SYSTEM32\Wldp.dll
0x00007ffa61dc0000 - 0x00007ffa61e6d000 	C:\WINDOWS\System32\SHCORE.dll
0x00007ffa60c20000 - 0x00007ffa60c75000 	C:\WINDOWS\System32\shlwapi.dll
0x00007ffa5f900000 - 0x00007ffa5f91f000 	C:\WINDOWS\SYSTEM32\profapi.dll
0x00007ffa4c2f0000 - 0x00007ffa4c30a000 	C:\Program Files\Android\Android Studio1\jre\bin\net.dll
0x00007ffa567f0000 - 0x00007ffa568fa000 	C:\WINDOWS\SYSTEM32\WINHTTP.dll
0x00007ffa5f180000 - 0x00007ffa5f1ea000 	C:\WINDOWS\system32\mswsock.dll
0x00007ffa4c2d0000 - 0x00007ffa4c2e4000 	C:\Program Files\Android\Android Studio1\jre\bin\nio.dll
0x00007ffa379c0000 - 0x00007ffa379e7000 	C:\Users\Nguyen Thi Hong Hanh\.gradle\native\8bec1ad78214c89d9ad589b4d07fe93259594b29d510b10fafb7a158f7737e5d\windows-amd64\native-platform.dll
0x00007ffa25ff0000 - 0x00007ffa2612d000 	C:\Users\Nguyen Thi Hong Hanh\.gradle\native\53dbd7edfb1c66fb8903c78663c9afc45aea4f116125fa6feffd364cf09443e8\windows-amd64\native-platform-file-events.dll
0x00007ffa541e0000 - 0x00007ffa541ea000 	C:\Program Files\Android\Android Studio1\jre\bin\management.dll
0x00007ffa4e790000 - 0x00007ffa4e79d000 	C:\Program Files\Android\Android Studio1\jre\bin\management_ext.dll
0x00007ffa5f370000 - 0x00007ffa5f388000 	C:\WINDOWS\SYSTEM32\CRYPTSP.dll
0x00007ffa5ea90000 - 0x00007ffa5eac4000 	C:\WINDOWS\system32\rsaenh.dll
0x00007ffa5fb00000 - 0x00007ffa5fb27000 	C:\WINDOWS\System32\bcrypt.dll
0x00007ffa5f880000 - 0x00007ffa5f8ae000 	C:\WINDOWS\SYSTEM32\USERENV.dll
0x00007ffa5f390000 - 0x00007ffa5f39c000 	C:\WINDOWS\SYSTEM32\CRYPTBASE.dll
0x00007ffa5ee20000 - 0x00007ffa5ee5b000 	C:\WINDOWS\SYSTEM32\IPHLPAPI.DLL
0x00007ffa60300000 - 0x00007ffa60308000 	C:\WINDOWS\System32\NSI.dll
0x00007ffa56340000 - 0x00007ffa56357000 	C:\WINDOWS\SYSTEM32\dhcpcsvc6.DLL
0x00007ffa56650000 - 0x00007ffa5666d000 	C:\WINDOWS\SYSTEM32\dhcpcsvc.DLL
0x00007ffa5ee70000 - 0x00007ffa5ef3b000 	C:\WINDOWS\SYSTEM32\DNSAPI.dll

dbghelp: loaded successfully - version: 4.0.5 - missing functions: none
symbol engine: initialized successfully - sym options: 0x614 - pdb path: .;C:\Program Files\Android\Android Studio1\jre\bin;C:\WINDOWS\SYSTEM32;C:\WINDOWS\WinSxS\amd64_microsoft.windows.common-controls_6595b64144ccf1df_6.0.19041.1110_none_60b5254171f9507e;C:\Program Files\Android\Android Studio1\jre\bin\server;C:\Users\Nguyen Thi Hong Hanh\.gradle\native\8bec1ad78214c89d9ad589b4d07fe93259594b29d510b10fafb7a158f7737e5d\windows-amd64;C:\Users\Nguyen Thi Hong Hanh\.gradle\native\53dbd7edfb1c66fb8903c78663c9afc45aea4f116125fa6feffd364cf09443e8\windows-amd64

VM Arguments:
jvm_args: --add-opens=java.base/java.util=ALL-UNNAMED --add-opens=java.base/java.lang=ALL-UNNAMED --add-opens=java.base/java.lang.invoke=ALL-UNNAMED --add-opens=java.base/java.util=ALL-UNNAMED --add-opens=java.prefs/java.util.prefs=ALL-UNNAMED --add-opens=java.prefs/java.util.prefs=ALL-UNNAMED --add-opens=java.base/java.nio.charset=ALL-UNNAMED --add-opens=java.base/java.net=ALL-UNNAMED --add-opens=java.base/java.util.concurrent.atomic=ALL-UNNAMED -Xmx2048m -Dfile.encoding=UTF-8 -Duser.country=US -Duser.language=en -Duser.variant 
java_command: org.gradle.launcher.daemon.bootstrap.GradleDaemon 7.0.2
java_class_path (initial): C:\Users\Nguyen Thi Hong Hanh\.gradle\wrapper\dists\gradle-7.0.2-all\7era6s5ay7zsbhuvl0oc9g94s\gradle-7.0.2\lib\gradle-launcher-7.0.2.jar
Launcher Type: SUN_STANDARD

[Global flags]
     intx CICompilerCount                          = 3                                         {product} {ergonomic}
     uint ConcGCThreads                            = 1                                         {product} {ergonomic}
     uint G1ConcRefinementThreads                  = 4                                         {product} {ergonomic}
   size_t G1HeapRegionSize                         = 1048576                                   {product} {ergonomic}
    uintx GCDrainStackTargetSize                   = 64                                        {product} {ergonomic}
   size_t InitialHeapSize                          = 65011712                                  {product} {ergonomic}
   size_t MarkStackSize                            = 4194304                                   {product} {ergonomic}
   size_t MaxHeapSize                              = 2147483648                                {product} {command line}
   size_t MaxNewSize                               = 1287651328                                {product} {ergonomic}
   size_t MinHeapDeltaBytes                        = 1048576                                   {product} {ergonomic}
    uintx NonNMethodCodeHeapSize                   = 5830732                                {pd product} {ergonomic}
    uintx NonProfiledCodeHeapSize                  = 122913754                              {pd product} {ergonomic}
    uintx ProfiledCodeHeapSize                     = 122913754                              {pd product} {ergonomic}
    uintx ReservedCodeCacheSize                    = 251658240                              {pd product} {ergonomic}
     bool SegmentedCodeCache                       = true                                      {product} {ergonomic}
     bool UseCompressedClassPointers               = true                                 {lp64_product} {ergonomic}
     bool UseCompressedOops                        = true                                 {lp64_product} {ergonomic}
     bool UseG1GC                                  = true                                      {product} {ergonomic}
     bool UseLargePagesIndividualAllocation        = false                                  {pd product} {ergonomic}

Logging:
Log output configuration:
 #0: stdout all=warning uptime,level,tags
 #1: stderr all=off uptime,level,tags

Environment Variables:
PATH=C:\Program Files (x86)\Microchip\xc8\v1.00\bin;C:\Program Files\Common Files\Oracle\Java\javapath;C:\Program Files (x86)\Common Files\Oracle\Java\javapath;C:\WINDOWS\system32;C:\WINDOWS;C:\WINDOWS\System32\Wbem;C:\WINDOWS\System32\WindowsPowerShell\v1.0\;C:\WINDOWS\System32\OpenSSH\;C:\Program Files\Microsoft SQL Server\Client SDK\ODBC\170\Tools\Binn\;C:\Program Files (x86)\Microsoft SQL Server\150\Tools\Binn\;C:\Program Files\Microsoft SQL Server\150\Tools\Binn\;C:\Program Files\Microsoft SQL Server\150\DTS\Binn\;C:\xampp\php;C:\ProgramData\ComposerSetup\bin;C:\Program Files (x86)\Microchip\xc8\v1.00\bin;C:\Users\Nguyen Thi Hong Hanh\AppData\Local\Microsoft\WindowsApps;C:\Program Files\Azure Data Studio\bin;C:\Users\Nguyen Thi Hong Hanh\AppData\Roaming\Composer\vendor\bin;C:\Program Files\JetBrains\IntelliJ IDEA 2021.3\bin;
USERNAME=Nguyen Thi Hong Hanh
OS=Windows_NT
PROCESSOR_IDENTIFIER=Intel64 Family 6 Model 58 Stepping 9, GenuineIntel



---------------  S Y S T E M  ---------------

OS: Windows 10 , 64 bit Build 19041 (10.0.19041.1706)
OS uptime: 0 days 22:29 hours

CPU:total 4 (initial active 4) (2 cores per cpu, 2 threads per core) family 6 model 58 stepping 9 microcode 0x21, cmov, cx8, fxsr, mmx, sse, sse2, sse3, ssse3, sse4.1, sse4.2, popcnt, avx, clmul, erms, ht, tsc, tscinvbit, tscinv

Memory: 4k page, system-wide physical 3959M (192M free)
TotalPageFile size 12945M (AvailPageFile size 244M)
current process WorkingSet (physical memory assigned to process): 383M, peak: 399M
current process commit charge ("private bytes"): 551M, peak: 794M

vm_info: OpenJDK 64-Bit Server VM (11.0.11+9-b60-7590822) for windows-amd64 JRE (11.0.11+9-b60-7590822), built on Jul 29 2021 21:43:44 by "builder" with MS VC++ 14.0 (VS2015)

END.
