#
# There is insufficient memory for the Java Runtime Environment to continue.
# Native memory allocation (mmap) failed to map 354418688 bytes for Failed to commit area from 0x000000009a000000 to 0x00000000af200000 of length 354418688.
# Possible reasons:
#   The system is out of physical RAM or swap space
#   The process is running with CompressedOops enabled, and the Java Heap may be blocking the growth of the native heap
# Possible solutions:
#   Reduce memory load on the system
#   Increase physical memory or swap space
#   Check if swap backing store is full
#   Decrease Java heap size (-Xmx/-Xms)
#   Decrease number of Java threads
#   Decrease Java thread stack sizes (-Xss)
#   Set larger code cache with -XX:ReservedCodeCacheSize=
#   JVM is running with Unscaled Compressed Oops mode in which the Java heap is
#     placed in the first 4GB address space. The Java Heap base address is the
#     maximum limit for the native heap growth. Please use -XX:HeapBaseMinAddress
#     to set the Java Heap base and to place the Java Heap above 4GB virtual address.
# This output file may be truncated or incomplete.
#
#  Out of Memory Error (./src/hotspot/os/windows/os_windows.cpp:3301), pid=10352, tid=9664
#
# JRE version: OpenJDK Runtime Environment (11.0.11+9) (build 11.0.11+9-b60-7590822)
# Java VM: OpenJDK 64-Bit Server VM (11.0.11+9-b60-7590822, mixed mode, tiered, compressed oops, g1 gc, windows-amd64)
# No core dump will be written. Minidumps are not enabled by default on client versions of Windows
#

---------------  S U M M A R Y ------------

Command Line: --add-opens=java.base/java.util=ALL-UNNAMED --add-opens=java.base/java.lang=ALL-UNNAMED --add-opens=java.base/java.lang.invoke=ALL-UNNAMED --add-opens=java.base/java.util=ALL-UNNAMED --add-opens=java.prefs/java.util.prefs=ALL-UNNAMED --add-opens=java.prefs/java.util.prefs=ALL-UNNAMED --add-opens=java.base/java.nio.charset=ALL-UNNAMED --add-opens=java.base/java.net=ALL-UNNAMED --add-opens=java.base/java.util.concurrent.atomic=ALL-UNNAMED -Xmx2048m -Dfile.encoding=UTF-8 -Duser.country=US -Duser.language=en -Duser.variant org.gradle.launcher.daemon.bootstrap.GradleDaemon 7.0.2

Host: Intel(R) Core(TM) i3-3110M CPU @ 2.40GHz, 4 cores, 3G,  Windows 10 , 64 bit Build 19041 (10.0.19041.1706)
Time: Sun May 15 22:06:10 2022 SE Asia Standard Time elapsed time: 104.932957 seconds (0d 0h 1m 44s)

---------------  T H R E A D  ---------------

Current thread (0x00000202ffd73800):  VMThread "VM Thread" [stack: 0x000000ea51200000,0x000000ea51300000] [id=9664]

Stack: [0x000000ea51200000,0x000000ea51300000]
[error occurred during error reporting (printing stack bounds), id 0xc0000005, EXCEPTION_ACCESS_VIOLATION (0xc0000005) at pc=0x00000202ebcd0f2d]

Native frames: (J=compiled Java code, j=interpreted, Vv=VM code, C=native code)
V  [jvm.dll+0x5f214a]
V  [jvm.dll+0x726fb5]
V  [jvm.dll+0x7285cd]
V  [jvm.dll+0x728be5]
V  [jvm.dll+0x728b9b]
V  [jvm.dll+0x5f14e8]
V  [jvm.dll+0x5f1c78]
C  [ntdll.dll+0xa209f]
C  [ntdll.dll+0x51454]
C  [ntdll.dll+0xa0bce]
C  0x00000202ebcd0f2d

VM_Operation (0x000000ea53bf9370): G1CollectForAllocation, mode: safepoint, requested by thread 0x00000202853b6800


---------------  P R O C E S S  ---------------

Threads class SMR info:
_java_thread_list=0x000002028f7839b0, length=48, elements={
0x00000202e81cd800, 0x00000202ffd76800, 0x00000202ffd79800, 0x00000202ffdd4800,
0x00000202ffdd7000, 0x00000202ffdd9000, 0x00000202ffddc800, 0x00000202ffde1800,
0x00000202ffde2800, 0x000002028293b800, 0x00000202838d9800, 0x0000020283ec2000,
0x00000202840a8000, 0x00000202840a7800, 0x0000020285238800, 0x00000202842d4800,
0x00000202842d1800, 0x0000020284445800, 0x000002028426d800, 0x000002028426c000,
0x0000020284271800, 0x0000020284272800, 0x000002028426e800, 0x000002028426c800,
0x0000020284270000, 0x000002028426f000, 0x0000020284270800, 0x00000202853ab000,
0x00000202853af000, 0x00000202853ae800, 0x00000202853b1000, 0x00000202853b0000,
0x00000202853b5800, 0x00000202853b7800, 0x00000202853b5000, 0x00000202853b4000,
0x00000202853b6800, 0x00000202853b2800, 0x00000202853b8000, 0x00000202853b9000,
0x00000202853b3800, 0x000002028a938800, 0x000002028a93d000, 0x000002028a93b000,
0x000002028a937800, 0x000002028a93b800, 0x000002028a93c800, 0x00000202918b8800
}

Java Threads: ( => current thread )
  0x00000202e81cd800 JavaThread "main" [_thread_blocked, id=4668, stack(0x000000ea50c00000,0x000000ea50d00000)]
  0x00000202ffd76800 JavaThread "Reference Handler" daemon [_thread_blocked, id=2352, stack(0x000000ea51300000,0x000000ea51400000)]
  0x00000202ffd79800 JavaThread "Finalizer" daemon [_thread_blocked, id=1524, stack(0x000000ea51400000,0x000000ea51500000)]
  0x00000202ffdd4800 JavaThread "Signal Dispatcher" daemon [_thread_blocked, id=9388, stack(0x000000ea51500000,0x000000ea51600000)]
  0x00000202ffdd7000 JavaThread "Attach Listener" daemon [_thread_blocked, id=5820, stack(0x000000ea51600000,0x000000ea51700000)]
  0x00000202ffdd9000 JavaThread "Service Thread" daemon [_thread_blocked, id=13100, stack(0x000000ea51700000,0x000000ea51800000)]
  0x00000202ffddc800 JavaThread "C2 CompilerThread0" daemon [_thread_in_native, id=11280, stack(0x000000ea51800000,0x000000ea51900000)]
  0x00000202ffde1800 JavaThread "C1 CompilerThread0" daemon [_thread_blocked, id=11392, stack(0x000000ea51900000,0x000000ea51a00000)]
  0x00000202ffde2800 JavaThread "Sweeper thread" daemon [_thread_blocked, id=5728, stack(0x000000ea51a00000,0x000000ea51b00000)]
  0x000002028293b800 JavaThread "Common-Cleaner" daemon [_thread_blocked, id=5804, stack(0x000000ea51b00000,0x000000ea51c00000)]
  0x00000202838d9800 JavaThread "Daemon health stats" [_thread_blocked, id=8500, stack(0x000000ea51e00000,0x000000ea51f00000)]
  0x0000020283ec2000 JavaThread "Incoming local TCP Connector on port 50792" [_thread_in_native, id=11456, stack(0x000000ea51f00000,0x000000ea52000000)]
  0x00000202840a8000 JavaThread "Daemon periodic checks" [_thread_blocked, id=10312, stack(0x000000ea52000000,0x000000ea52100000)]
  0x00000202840a7800 JavaThread "Daemon" [_thread_blocked, id=4552, stack(0x000000ea52100000,0x000000ea52200000)]
  0x0000020285238800 JavaThread "Handler for socket connection from /127.0.0.1:50792 to /127.0.0.1:50793" [_thread_in_native, id=10764, stack(0x000000ea52200000,0x000000ea52300000)]
  0x00000202842d4800 JavaThread "Cancel handler" [_thread_blocked, id=8856, stack(0x000000ea52500000,0x000000ea52600000)]
  0x00000202842d1800 JavaThread "Daemon worker" [_thread_blocked, id=11764, stack(0x000000ea52600000,0x000000ea52700000)]
  0x0000020284445800 JavaThread "Asynchronous log dispatcher for DefaultDaemonConnection: socket connection from /127.0.0.1:50792 to /127.0.0.1:50793" [_thread_blocked, id=10032, stack(0x000000ea52700000,0x000000ea52800000)]
  0x000002028426d800 JavaThread "Daemon client event forwarder" [_thread_blocked, id=220, stack(0x000000ea52900000,0x000000ea52a00000)]
  0x000002028426c000 JavaThread "Cache worker for file hash cache (C:\Users\Nguyen Thi Hong Hanh\.gradle\caches\7.0.2\fileHashes)" [_thread_blocked, id=592, stack(0x000000ea52a00000,0x000000ea52b00000)]
  0x0000020284271800 JavaThread "File lock request listener" [_thread_in_native, id=8904, stack(0x000000ea52b00000,0x000000ea52c00000)]
  0x0000020284272800 JavaThread "Cache worker for journal cache (C:\Users\Nguyen Thi Hong Hanh\.gradle\caches\journal-1)" [_thread_blocked, id=7020, stack(0x000000ea52c00000,0x000000ea52d00000)]
  0x000002028426e800 JavaThread "Cache worker for file hash cache (D:\AppFinal411\.gradle\7.0.2\fileHashes)" [_thread_blocked, id=13244, stack(0x000000ea52d00000,0x000000ea52e00000)]
  0x000002028426c800 JavaThread "File watcher server" daemon [_thread_blocked, id=4276, stack(0x000000ea52e00000,0x000000ea52f00000)]
  0x0000020284270000 JavaThread "File watcher consumer" daemon [_thread_blocked, id=10108, stack(0x000000ea52f00000,0x000000ea53000000)]
  0x000002028426f000 JavaThread "Cache worker for checksums cache (D:\AppFinal411\.gradle\checksums)" [_thread_blocked, id=5816, stack(0x000000ea53000000,0x000000ea53100000)]
  0x0000020284270800 JavaThread "Cache worker for cache directory md-supplier (C:\Users\Nguyen Thi Hong Hanh\.gradle\caches\7.0.2\md-supplier)" [_thread_blocked, id=496, stack(0x000000ea53100000,0x000000ea53200000)]
  0x00000202853ab000 JavaThread "Cache worker for cache directory md-rule (C:\Users\Nguyen Thi Hong Hanh\.gradle\caches\7.0.2\md-rule)" [_thread_blocked, id=892, stack(0x000000ea53200000,0x000000ea53300000)]
  0x00000202853af000 JavaThread "Cache worker for execution history cache (C:\Users\Nguyen Thi Hong Hanh\.gradle\caches\7.0.2\executionHistory)" [_thread_blocked, id=9192, stack(0x000000ea53300000,0x000000ea53400000)]
  0x00000202853ae800 JavaThread "jar transforms" [_thread_blocked, id=328, stack(0x000000ea53400000,0x000000ea53500000)]
  0x00000202853b1000 JavaThread "jar transforms Thread 2" [_thread_blocked, id=11972, stack(0x000000ea53500000,0x000000ea53600000)]
  0x00000202853b0000 JavaThread "Cache worker for file content cache (C:\Users\Nguyen Thi Hong Hanh\.gradle\caches\7.0.2\fileContent)" [_thread_blocked, id=11256, stack(0x000000ea53600000,0x000000ea53700000)]
  0x00000202853b5800 JavaThread "Cache worker for dependencies-accessors (D:\AppFinal411\.gradle\7.0.2\dependencies-accessors)" [_thread_blocked, id=5156, stack(0x000000ea53700000,0x000000ea53800000)]
  0x00000202853b7800 JavaThread "jar transforms Thread 3" [_thread_blocked, id=11796, stack(0x000000ea53800000,0x000000ea53900000)]
  0x00000202853b5000 JavaThread "Cache worker for Build Output Cleanup Cache (D:\AppFinal411\.gradle\buildOutputCleanup)" [_thread_blocked, id=5072, stack(0x000000ea53900000,0x000000ea53a00000)]
  0x00000202853b4000 JavaThread "Build operations" [_thread_blocked, id=10856, stack(0x000000ea53a00000,0x000000ea53b00000)]
  0x00000202853b6800 JavaThread "Build operations Thread 2" [_thread_blocked, id=8912, stack(0x000000ea53b00000,0x000000ea53c00000)]
  0x00000202853b2800 JavaThread "Build operations Thread 3" [_thread_blocked, id=11348, stack(0x000000ea53c00000,0x000000ea53d00000)]
  0x00000202853b8000 JavaThread "Build operations Thread 4" [_thread_blocked, id=11756, stack(0x000000ea53d00000,0x000000ea53e00000)]
  0x00000202853b9000 JavaThread "jar transforms Thread 4" [_thread_blocked, id=4936, stack(0x000000ea53e00000,0x000000ea53f00000)]
  0x00000202853b3800 JavaThread "Memory manager" [_thread_blocked, id=1412, stack(0x000000ea53f00000,0x000000ea54000000)]
  0x000002028a938800 JavaThread "build event listener" [_thread_blocked, id=2684, stack(0x000000ea50900000,0x000000ea50a00000)]
  0x000002028a93d000 JavaThread "Execution worker for ':'" [_thread_blocked, id=12932, stack(0x000000ea54000000,0x000000ea54100000)]
  0x000002028a93b000 JavaThread "Execution worker for ':' Thread 2" [_thread_blocked, id=10712, stack(0x000000ea54100000,0x000000ea54200000)]
  0x000002028a937800 JavaThread "Execution worker for ':' Thread 3" [_thread_blocked, id=7684, stack(0x000000ea54200000,0x000000ea54300000)]
  0x000002028a93b800 JavaThread "Cache worker for execution history cache (D:\AppFinal411\.gradle\7.0.2\executionHistory)" [_thread_blocked, id=12488, stack(0x000000ea54300000,0x000000ea54400000)]
  0x000002028a93c800 JavaThread "WorkerExecutor Queue" [_thread_blocked, id=11752, stack(0x000000ea54400000,0x000000ea54500000)]
  0x00000202918b8800 JavaThread "C2 CompilerThread1" daemon [_thread_in_native, id=12924, stack(0x000000ea50a00000,0x000000ea50b00000)]

Other Threads:
=>0x00000202ffd73800 VMThread "VM Thread" [stack: 0x000000ea51200000,0x000000ea51300000] [id=9664]
  0x0000020282979800 WatcherThread [stack: 0x000000ea51c00000,0x000000ea51d00000] [id=12980]
  0x00000202e81e5000 GCTaskThread "GC Thread#0" [stack: 0x000000ea50d00000,0x000000ea50e00000] [id=10080]
  0x0000020282ca2800 GCTaskThread "GC Thread#1" [stack: 0x000000ea51d00000,0x000000ea51e00000] [id=12456]
  0x0000020283977800 GCTaskThread "GC Thread#2" [stack: 0x000000ea52300000,0x000000ea52400000] [id=8248]
  0x000002028402e000 GCTaskThread "GC Thread#3" [stack: 0x000000ea52400000,0x000000ea52500000] [id=11008]
  0x00000202e8216800 ConcurrentGCThread "G1 Main Marker" [stack: 0x000000ea50e00000,0x000000ea50f00000] [id=11424]
  0x00000202e8218800 ConcurrentGCThread "G1 Conc#0" [stack: 0x000000ea50f00000,0x000000ea51000000] [id=10560]
  0x00000202e826e800 ConcurrentGCThread "G1 Refine#0" [stack: 0x000000ea51000000,0x000000ea51100000] [id=1316]
  0x00000202e8270800 ConcurrentGCThread "G1 Young RemSet Sampling" [stack: 0x000000ea51100000,0x000000ea51200000] [id=4592]

Threads with active compile tasks:
C2 CompilerThread0 104987 15895       4       com.android.tools.r8.internal.F7::a (704 bytes)
C2 CompilerThread1 104987 15883       4       com.android.tools.r8.internal.X4::a (1165 bytes)

VM state:at safepoint (normal execution)

VM Mutex/Monitor currently owned by a thread:  ([mutex/lock_event])
[0x00000202e81c9ef0] Threads_lock - owner thread: 0x00000202ffd73800
[0x00000202e81ca010] Heap_lock - owner thread: 0x00000202853b6800

Heap address: 0x0000000080000000, size: 2048 MB, Compressed Oops mode: 32-bit
Narrow klass base: 0x0000000000000000, Narrow klass shift: 3
Compressed class space size: 1073741824 Address: 0x0000000100000000

Heap:
 garbage-first heap   total 772096K, used 153428K [0x0000000080000000, 0x0000000100000000)
  region size 1024K, 15 young (15360K), 15 survivors (15360K)
 Metaspace       used 98744K, capacity 101375K, committed 101500K, reserved 1136640K
  class space    used 12760K, capacity 13772K, committed 13824K, reserved 1048576K
Heap Regions: E=young(eden), S=young(survivor), O=old, HS=humongous(starts), HC=humongous(continues), CS=collection set, F=free, A=archive, TAMS=top-at-mark-start (previous, next)
|   0|0x0000000080000000, 0x0000000080100000, 0x0000000080100000|100%|HS|  |TAMS 0x0000000080100000, 0x0000000080000000| Complete 
|   1|0x0000000080100000, 0x0000000080200000, 0x0000000080200000|100%|HC|  |TAMS 0x0000000080200000, 0x0000000080100000| Complete 
|   2|0x0000000080200000, 0x0000000080300000, 0x0000000080300000|100%|HC|  |TAMS 0x0000000080300000, 0x0000000080200000| Complete 
|   3|0x0000000080300000, 0x0000000080400000, 0x0000000080400000|100%| O|  |TAMS 0x0000000080400000, 0x0000000080300000| Untracked 
|   4|0x0000000080400000, 0x0000000080500000, 0x0000000080500000|100%| O|  |TAMS 0x0000000080500000, 0x0000000080400000| Untracked 
|   5|0x0000000080500000, 0x0000000080600000, 0x0000000080600000|100%| O|  |TAMS 0x0000000080600000, 0x0000000080500000| Untracked 
|   6|0x0000000080600000, 0x0000000080700000, 0x0000000080700000|100%| O|  |TAMS 0x0000000080700000, 0x0000000080600000| Untracked 
|   7|0x0000000080700000, 0x0000000080800000, 0x0000000080800000|100%| O|  |TAMS 0x0000000080800000, 0x0000000080700000| Untracked 
|   8|0x0000000080800000, 0x0000000080900000, 0x0000000080900000|100%| O|  |TAMS 0x0000000080900000, 0x0000000080800000| Untracked 
|   9|0x0000000080900000, 0x0000000080a00000, 0x0000000080a00000|100%| O|  |TAMS 0x0000000080a00000, 0x0000000080900000| Untracked 
|  10|0x0000000080a00000, 0x0000000080b00000, 0x0000000080b00000|100%| O|  |TAMS 0x0000000080b00000, 0x0000000080a00000| Untracked 
|  11|0x0000000080b00000, 0x0000000080c00000, 0x0000000080c00000|100%| O|  |TAMS 0x0000000080c00000, 0x0000000080b00000| Untracked 
|  12|0x0000000080c00000, 0x0000000080d00000, 0x0000000080d00000|100%| O|  |TAMS 0x0000000080d00000, 0x0000000080c00000| Untracked 
|  13|0x0000000080d00000, 0x0000000080e00000, 0x0000000080e00000|100%| O|  |TAMS 0x0000000080e00000, 0x0000000080d00000| Untracked 
|  14|0x0000000080e00000, 0x0000000080f00000, 0x0000000080f00000|100%| O|  |TAMS 0x0000000080f00000, 0x0000000080e00000| Untracked 
|  15|0x0000000080f00000, 0x0000000081000000, 0x0000000081000000|100%| O|  |TAMS 0x0000000081000000, 0x0000000080f00000| Untracked 
|  16|0x0000000081000000, 0x0000000081100000, 0x0000000081100000|100%| O|  |TAMS 0x0000000081100000, 0x0000000081000000| Untracked 
|  17|0x0000000081100000, 0x0000000081200000, 0x0000000081200000|100%| O|  |TAMS 0x0000000081200000, 0x0000000081100000| Untracked 
|  18|0x0000000081200000, 0x0000000081300000, 0x0000000081300000|100%| O|  |TAMS 0x0000000081300000, 0x0000000081200000| Untracked 
|  19|0x0000000081300000, 0x0000000081400000, 0x0000000081400000|100%| O|  |TAMS 0x0000000081400000, 0x0000000081300000| Untracked 
|  20|0x0000000081400000, 0x0000000081500000, 0x0000000081500000|100%| O|  |TAMS 0x0000000081500000, 0x0000000081400000| Untracked 
|  21|0x0000000081500000, 0x0000000081600000, 0x0000000081600000|100%| O|  |TAMS 0x0000000081600000, 0x0000000081500000| Untracked 
|  22|0x0000000081600000, 0x0000000081700000, 0x0000000081700000|100%| O|  |TAMS 0x0000000081700000, 0x0000000081600000| Untracked 
|  23|0x0000000081700000, 0x0000000081800000, 0x0000000081800000|100%| O|  |TAMS 0x0000000081800000, 0x0000000081700000| Untracked 
|  24|0x0000000081800000, 0x0000000081900000, 0x0000000081900000|100%| O|  |TAMS 0x0000000081900000, 0x0000000081800000| Untracked 
|  25|0x0000000081900000, 0x0000000081a00000, 0x0000000081a00000|100%| O|  |TAMS 0x0000000081a00000, 0x0000000081900000| Untracked 
|  26|0x0000000081a00000, 0x0000000081b00000, 0x0000000081b00000|100%| O|  |TAMS 0x0000000081b00000, 0x0000000081a00000| Untracked 
|  27|0x0000000081b00000, 0x0000000081c00000, 0x0000000081c00000|100%| O|  |TAMS 0x0000000081c00000, 0x0000000081b00000| Untracked 
|  28|0x0000000081c00000, 0x0000000081d00000, 0x0000000081d00000|100%| O|  |TAMS 0x0000000081d00000, 0x0000000081c00000| Untracked 
|  29|0x0000000081d00000, 0x0000000081e00000, 0x0000000081e00000|100%| O|  |TAMS 0x0000000081e00000, 0x0000000081d00000| Untracked 
|  30|0x0000000081e00000, 0x0000000081f00000, 0x0000000081f00000|100%| O|  |TAMS 0x0000000081f00000, 0x0000000081e00000| Untracked 
|  31|0x0000000081f00000, 0x0000000082000000, 0x0000000082000000|100%| O|  |TAMS 0x0000000082000000, 0x0000000081f00000| Untracked 
|  32|0x0000000082000000, 0x0000000082100000, 0x0000000082100000|100%|HS|  |TAMS 0x0000000082100000, 0x0000000082000000| Complete 
|  33|0x0000000082100000, 0x0000000082200000, 0x0000000082200000|100%|HS|  |TAMS 0x0000000082200000, 0x0000000082100000| Complete 
|  34|0x0000000082200000, 0x0000000082300000, 0x0000000082300000|100%| O|  |TAMS 0x0000000082300000, 0x0000000082200000| Untracked 
|  35|0x0000000082300000, 0x0000000082400000, 0x0000000082400000|100%| O|  |TAMS 0x0000000082400000, 0x0000000082300000| Untracked 
|  36|0x0000000082400000, 0x0000000082500000, 0x0000000082500000|100%|HS|  |TAMS 0x0000000082500000, 0x0000000082400000| Complete 
|  37|0x0000000082500000, 0x0000000082600000, 0x0000000082600000|100%|HC|  |TAMS 0x0000000082600000, 0x0000000082500000| Complete 
|  38|0x0000000082600000, 0x0000000082700000, 0x0000000082700000|100%| O|  |TAMS 0x0000000082700000, 0x0000000082600000| Untracked 
|  39|0x0000000082700000, 0x0000000082800000, 0x0000000082800000|100%| O|  |TAMS 0x0000000082800000, 0x0000000082700000| Untracked 
|  40|0x0000000082800000, 0x0000000082900000, 0x0000000082900000|100%| O|  |TAMS 0x0000000082900000, 0x0000000082800000| Untracked 
|  41|0x0000000082900000, 0x0000000082a00000, 0x0000000082a00000|100%| O|  |TAMS 0x0000000082a00000, 0x0000000082900000| Untracked 
|  42|0x0000000082a00000, 0x0000000082b00000, 0x0000000082b00000|100%| O|  |TAMS 0x0000000082b00000, 0x0000000082a00000| Untracked 
|  43|0x0000000082b00000, 0x0000000082c00000, 0x0000000082c00000|100%| O|  |TAMS 0x0000000082c00000, 0x0000000082b00000| Untracked 
|  44|0x0000000082c00000, 0x0000000082d00000, 0x0000000082d00000|100%| O|  |TAMS 0x0000000082d00000, 0x0000000082c00000| Untracked 
|  45|0x0000000082d00000, 0x0000000082e00000, 0x0000000082e00000|100%| O|  |TAMS 0x0000000082e00000, 0x0000000082d00000| Untracked 
|  46|0x0000000082e00000, 0x0000000082f00000, 0x0000000082f00000|100%| O|  |TAMS 0x0000000082f00000, 0x0000000082e00000| Untracked 
|  47|0x0000000082f00000, 0x0000000083000000, 0x0000000083000000|100%| O|  |TAMS 0x0000000083000000, 0x0000000082f00000| Untracked 
|  48|0x0000000083000000, 0x0000000083100000, 0x0000000083100000|100%| O|  |TAMS 0x0000000083100000, 0x0000000083000000| Untracked 
|  49|0x0000000083100000, 0x0000000083200000, 0x0000000083200000|100%| O|  |TAMS 0x0000000083200000, 0x0000000083100000| Untracked 
|  50|0x0000000083200000, 0x0000000083300000, 0x0000000083300000|100%| O|  |TAMS 0x0000000083300000, 0x0000000083200000| Untracked 
|  51|0x0000000083300000, 0x0000000083400000, 0x0000000083400000|100%| O|  |TAMS 0x0000000083400000, 0x0000000083300000| Untracked 
|  52|0x0000000083400000, 0x0000000083500000, 0x0000000083500000|100%| O|  |TAMS 0x0000000083500000, 0x0000000083400000| Untracked 
|  53|0x0000000083500000, 0x0000000083600000, 0x0000000083600000|100%| O|  |TAMS 0x0000000083600000, 0x0000000083500000| Untracked 
|  54|0x0000000083600000, 0x0000000083700000, 0x0000000083700000|100%| O|  |TAMS 0x0000000083700000, 0x0000000083600000| Untracked 
|  55|0x0000000083700000, 0x0000000083800000, 0x0000000083800000|100%| O|  |TAMS 0x0000000083800000, 0x0000000083700000| Untracked 
|  56|0x0000000083800000, 0x0000000083900000, 0x0000000083900000|100%| O|  |TAMS 0x0000000083900000, 0x0000000083800000| Untracked 
|  57|0x0000000083900000, 0x0000000083a00000, 0x0000000083a00000|100%| O|  |TAMS 0x0000000083a00000, 0x0000000083900000| Untracked 
|  58|0x0000000083a00000, 0x0000000083b00000, 0x0000000083b00000|100%| O|  |TAMS 0x0000000083b00000, 0x0000000083a00000| Untracked 
|  59|0x0000000083b00000, 0x0000000083c00000, 0x0000000083c00000|100%| O|  |TAMS 0x0000000083c00000, 0x0000000083b00000| Untracked 
|  60|0x0000000083c00000, 0x0000000083d00000, 0x0000000083d00000|100%| O|  |TAMS 0x0000000083d00000, 0x0000000083c00000| Untracked 
|  61|0x0000000083d00000, 0x0000000083e00000, 0x0000000083e00000|100%| O|  |TAMS 0x0000000083e00000, 0x0000000083d00000| Untracked 
|  62|0x0000000083e00000, 0x0000000083f00000, 0x0000000083f00000|100%| O|  |TAMS 0x0000000083f00000, 0x0000000083e00000| Untracked 
|  63|0x0000000083f00000, 0x0000000084000000, 0x0000000084000000|100%| O|  |TAMS 0x0000000084000000, 0x0000000083f00000| Untracked 
|  64|0x0000000084000000, 0x0000000084100000, 0x0000000084100000|100%| O|  |TAMS 0x0000000084100000, 0x0000000084000000| Untracked 
|  65|0x0000000084100000, 0x0000000084200000, 0x0000000084200000|100%| O|  |TAMS 0x0000000084200000, 0x0000000084100000| Untracked 
|  66|0x0000000084200000, 0x0000000084300000, 0x0000000084300000|100%| O|  |TAMS 0x0000000084300000, 0x0000000084200000| Untracked 
|  67|0x0000000084300000, 0x0000000084400000, 0x0000000084400000|100%| O|  |TAMS 0x0000000084400000, 0x0000000084300000| Untracked 
|  68|0x0000000084400000, 0x0000000084500000, 0x0000000084500000|100%| O|  |TAMS 0x0000000084500000, 0x0000000084400000| Untracked 
|  69|0x0000000084500000, 0x0000000084600000, 0x0000000084600000|100%| O|  |TAMS 0x0000000084600000, 0x0000000084500000| Untracked 
|  70|0x0000000084600000, 0x0000000084700000, 0x0000000084700000|100%| O|  |TAMS 0x0000000084700000, 0x0000000084600000| Untracked 
|  71|0x0000000084700000, 0x0000000084800000, 0x0000000084800000|100%| O|  |TAMS 0x0000000084800000, 0x0000000084700000| Untracked 
|  72|0x0000000084800000, 0x0000000084900000, 0x0000000084900000|100%| O|  |TAMS 0x0000000084900000, 0x0000000084800000| Untracked 
|  73|0x0000000084900000, 0x0000000084a00000, 0x0000000084a00000|100%| O|  |TAMS 0x0000000084a00000, 0x0000000084900000| Untracked 
|  74|0x0000000084a00000, 0x0000000084b00000, 0x0000000084b00000|100%| O|  |TAMS 0x0000000084b00000, 0x0000000084a00000| Untracked 
|  75|0x0000000084b00000, 0x0000000084c00000, 0x0000000084c00000|100%| O|  |TAMS 0x0000000084c00000, 0x0000000084b00000| Untracked 
|  76|0x0000000084c00000, 0x0000000084d00000, 0x0000000084d00000|100%| O|  |TAMS 0x0000000084d00000, 0x0000000084c00000| Untracked 
|  77|0x0000000084d00000, 0x0000000084e00000, 0x0000000084e00000|100%| O|  |TAMS 0x0000000084e00000, 0x0000000084d00000| Untracked 
|  78|0x0000000084e00000, 0x0000000084f00000, 0x0000000084f00000|100%| O|  |TAMS 0x0000000084f00000, 0x0000000084e00000| Untracked 
|  79|0x0000000084f00000, 0x0000000085000000, 0x0000000085000000|100%| O|  |TAMS 0x0000000085000000, 0x0000000084f00000| Untracked 
|  80|0x0000000085000000, 0x0000000085100000, 0x0000000085100000|100%| O|  |TAMS 0x0000000085100000, 0x0000000085000000| Untracked 
|  81|0x0000000085100000, 0x0000000085200000, 0x0000000085200000|100%| O|  |TAMS 0x0000000085200000, 0x0000000085100000| Untracked 
|  82|0x0000000085200000, 0x0000000085300000, 0x0000000085300000|100%| O|  |TAMS 0x0000000085300000, 0x0000000085200000| Untracked 
|  83|0x0000000085300000, 0x0000000085400000, 0x0000000085400000|100%| O|  |TAMS 0x0000000085400000, 0x0000000085300000| Untracked 
|  84|0x0000000085400000, 0x0000000085500000, 0x0000000085500000|100%| O|  |TAMS 0x0000000085500000, 0x0000000085400000| Untracked 
|  85|0x0000000085500000, 0x0000000085600000, 0x0000000085600000|100%| O|  |TAMS 0x0000000085600000, 0x0000000085500000| Untracked 
|  86|0x0000000085600000, 0x0000000085700000, 0x0000000085700000|100%| O|  |TAMS 0x0000000085700000, 0x0000000085600000| Untracked 
|  87|0x0000000085700000, 0x0000000085800000, 0x0000000085800000|100%| O|  |TAMS 0x0000000085800000, 0x0000000085700000| Untracked 
|  88|0x0000000085800000, 0x0000000085900000, 0x0000000085900000|100%| O|  |TAMS 0x0000000085900000, 0x0000000085800000| Untracked 
|  89|0x0000000085900000, 0x0000000085a00000, 0x0000000085a00000|100%| O|  |TAMS 0x0000000085a00000, 0x0000000085900000| Untracked 
|  90|0x0000000085a00000, 0x0000000085b00000, 0x0000000085b00000|100%| O|  |TAMS 0x0000000085b00000, 0x0000000085a00000| Untracked 
|  91|0x0000000085b00000, 0x0000000085c00000, 0x0000000085c00000|100%| O|  |TAMS 0x0000000085c00000, 0x0000000085b00000| Untracked 
|  92|0x0000000085c00000, 0x0000000085d00000, 0x0000000085d00000|100%| O|  |TAMS 0x0000000085d00000, 0x0000000085c00000| Untracked 
|  93|0x0000000085d00000, 0x0000000085e00000, 0x0000000085e00000|100%| O|  |TAMS 0x0000000085e00000, 0x0000000085d00000| Untracked 
|  94|0x0000000085e00000, 0x0000000085f00000, 0x0000000085f00000|100%| O|  |TAMS 0x0000000085f00000, 0x0000000085e00000| Untracked 
|  95|0x0000000085f00000, 0x0000000086000000, 0x0000000086000000|100%| O|  |TAMS 0x0000000086000000, 0x0000000085f00000| Untracked 
|  96|0x0000000086000000, 0x0000000086100000, 0x0000000086100000|100%| O|  |TAMS 0x0000000086100000, 0x0000000086000000| Untracked 
|  97|0x0000000086100000, 0x0000000086200000, 0x0000000086200000|100%| O|  |TAMS 0x0000000086200000, 0x0000000086100000| Untracked 
|  98|0x0000000086200000, 0x0000000086300000, 0x0000000086300000|100%| O|  |TAMS 0x0000000086300000, 0x0000000086200000| Untracked 
|  99|0x0000000086300000, 0x0000000086400000, 0x0000000086400000|100%| O|  |TAMS 0x0000000086400000, 0x0000000086300000| Untracked 
| 100|0x0000000086400000, 0x0000000086500000, 0x0000000086500000|100%| O|  |TAMS 0x0000000086500000, 0x0000000086400000| Untracked 
| 101|0x0000000086500000, 0x0000000086600000, 0x0000000086600000|100%| O|  |TAMS 0x0000000086600000, 0x0000000086500000| Untracked 
| 102|0x0000000086600000, 0x0000000086700000, 0x0000000086700000|100%| O|  |TAMS 0x0000000086700000, 0x0000000086600000| Untracked 
| 103|0x0000000086700000, 0x0000000086800000, 0x0000000086800000|100%| O|  |TAMS 0x0000000086800000, 0x0000000086700000| Untracked 
| 104|0x0000000086800000, 0x0000000086900000, 0x0000000086900000|100%| O|  |TAMS 0x0000000086900000, 0x0000000086800000| Untracked 
| 105|0x0000000086900000, 0x0000000086a00000, 0x0000000086a00000|100%| O|  |TAMS 0x0000000086a00000, 0x0000000086900000| Untracked 
| 106|0x0000000086a00000, 0x0000000086b00000, 0x0000000086b00000|100%| O|  |TAMS 0x0000000086b00000, 0x0000000086a00000| Untracked 
| 107|0x0000000086b00000, 0x0000000086c00000, 0x0000000086c00000|100%| O|  |TAMS 0x0000000086c00000, 0x0000000086b00000| Untracked 
| 108|0x0000000086c00000, 0x0000000086d00000, 0x0000000086d00000|100%| O|  |TAMS 0x0000000086d00000, 0x0000000086c00000| Untracked 
| 109|0x0000000086d00000, 0x0000000086e00000, 0x0000000086e00000|100%| O|  |TAMS 0x0000000086e00000, 0x0000000086d00000| Untracked 
| 110|0x0000000086e00000, 0x0000000086f00000, 0x0000000086f00000|100%| O|  |TAMS 0x0000000086f00000, 0x0000000086e00000| Untracked 
| 111|0x0000000086f00000, 0x0000000087000000, 0x0000000087000000|100%| O|  |TAMS 0x0000000087000000, 0x0000000086f00000| Untracked 
| 112|0x0000000087000000, 0x0000000087100000, 0x0000000087100000|100%| O|  |TAMS 0x0000000087100000, 0x0000000087000000| Untracked 
| 113|0x0000000087100000, 0x0000000087200000, 0x0000000087200000|100%| O|  |TAMS 0x0000000087200000, 0x0000000087100000| Untracked 
| 114|0x0000000087200000, 0x0000000087300000, 0x0000000087300000|100%| O|  |TAMS 0x00000000872b3400, 0x0000000087200000| Untracked 
| 115|0x0000000087300000, 0x0000000087400000, 0x0000000087400000|100%| O|  |TAMS 0x0000000087300000, 0x0000000087300000| Untracked 
| 116|0x0000000087400000, 0x0000000087500000, 0x0000000087500000|100%| O|  |TAMS 0x0000000087400000, 0x0000000087400000| Untracked 
| 117|0x0000000087500000, 0x0000000087600000, 0x0000000087600000|100%| O|  |TAMS 0x0000000087500000, 0x0000000087500000| Untracked 
| 118|0x0000000087600000, 0x0000000087700000, 0x0000000087700000|100%|HS|  |TAMS 0x0000000087600000, 0x0000000087600000| Complete 
| 119|0x0000000087700000, 0x0000000087800000, 0x0000000087800000|100%| O|  |TAMS 0x0000000087700000, 0x0000000087700000| Untracked 
| 120|0x0000000087800000, 0x0000000087900000, 0x0000000087900000|100%| O|  |TAMS 0x0000000087800000, 0x0000000087800000| Untracked 
| 121|0x0000000087900000, 0x0000000087a00000, 0x0000000087a00000|100%| O|  |TAMS 0x0000000087900000, 0x0000000087900000| Untracked 
| 122|0x0000000087a00000, 0x0000000087b00000, 0x0000000087b00000|100%| O|  |TAMS 0x0000000087a00000, 0x0000000087a00000| Untracked 
| 123|0x0000000087b00000, 0x0000000087c00000, 0x0000000087c00000|100%| O|  |TAMS 0x0000000087b00000, 0x0000000087b00000| Untracked 
| 124|0x0000000087c00000, 0x0000000087d00000, 0x0000000087d00000|100%| O|  |TAMS 0x0000000087c00000, 0x0000000087c00000| Untracked 
| 125|0x0000000087d00000, 0x0000000087e00000, 0x0000000087e00000|100%| O|  |TAMS 0x0000000087d00000, 0x0000000087d00000| Untracked 
| 126|0x0000000087e00000, 0x0000000087f00000, 0x0000000087f00000|100%| O|  |TAMS 0x0000000087e00000, 0x0000000087e00000| Untracked 
| 127|0x0000000087f00000, 0x0000000088000000, 0x0000000088000000|100%| O|  |TAMS 0x0000000087f00000, 0x0000000087f00000| Untracked 
| 128|0x0000000088000000, 0x0000000088100000, 0x0000000088100000|100%| O|  |TAMS 0x0000000088000000, 0x0000000088000000| Untracked 
| 129|0x0000000088100000, 0x0000000088200000, 0x0000000088200000|100%| O|  |TAMS 0x0000000088100000, 0x0000000088100000| Untracked 
| 130|0x0000000088200000, 0x0000000088300000, 0x0000000088300000|100%| O|  |TAMS 0x0000000088200000, 0x0000000088200000| Untracked 
| 131|0x0000000088300000, 0x0000000088400000, 0x0000000088400000|100%| O|  |TAMS 0x0000000088300000, 0x0000000088300000| Untracked 
| 132|0x0000000088400000, 0x0000000088500000, 0x0000000088500000|100%| O|  |TAMS 0x0000000088400000, 0x0000000088400000| Untracked 
| 133|0x0000000088500000, 0x0000000088600000, 0x0000000088600000|100%| O|  |TAMS 0x0000000088500000, 0x0000000088500000| Untracked 
| 134|0x0000000088600000, 0x00000000886d5000, 0x0000000088700000| 83%| O|  |TAMS 0x0000000088600000, 0x0000000088600000| Untracked 
| 135|0x0000000088700000, 0x0000000088700000, 0x0000000088800000|  0%| F|  |TAMS 0x0000000088700000, 0x0000000088700000| Untracked 
| 136|0x0000000088800000, 0x0000000088800000, 0x0000000088900000|  0%| F|  |TAMS 0x0000000088800000, 0x0000000088800000| Untracked 
| 137|0x0000000088900000, 0x0000000088900000, 0x0000000088a00000|  0%| F|  |TAMS 0x0000000088900000, 0x0000000088900000| Untracked 
| 138|0x0000000088a00000, 0x0000000088a00000, 0x0000000088b00000|  0%| F|  |TAMS 0x0000000088a00000, 0x0000000088a00000| Untracked 
| 139|0x0000000088b00000, 0x0000000088b00000, 0x0000000088c00000|  0%| F|  |TAMS 0x0000000088b00000, 0x0000000088b00000| Untracked 
| 140|0x0000000088c00000, 0x0000000088c00000, 0x0000000088d00000|  0%| F|  |TAMS 0x0000000088c00000, 0x0000000088c00000| Untracked 
| 141|0x0000000088d00000, 0x0000000088d00000, 0x0000000088e00000|  0%| F|  |TAMS 0x0000000088d00000, 0x0000000088d00000| Untracked 
| 142|0x0000000088e00000, 0x0000000088e00000, 0x0000000088f00000|  0%| F|  |TAMS 0x0000000088e00000, 0x0000000088e00000| Untracked 
| 143|0x0000000088f00000, 0x0000000088f00000, 0x0000000089000000|  0%| F|  |TAMS 0x0000000088f00000, 0x0000000088f00000| Untracked 
| 144|0x0000000089000000, 0x0000000089000000, 0x0000000089100000|  0%| F|  |TAMS 0x0000000089000000, 0x0000000089000000| Untracked 
| 145|0x0000000089100000, 0x0000000089100000, 0x0000000089200000|  0%| F|  |TAMS 0x0000000089100000, 0x0000000089100000| Untracked 
| 146|0x0000000089200000, 0x0000000089200000, 0x0000000089300000|  0%| F|  |TAMS 0x0000000089200000, 0x0000000089200000| Untracked 
| 147|0x0000000089300000, 0x0000000089300000, 0x0000000089400000|  0%| F|  |TAMS 0x0000000089300000, 0x0000000089300000| Untracked 
| 148|0x0000000089400000, 0x0000000089400000, 0x0000000089500000|  0%| F|  |TAMS 0x0000000089400000, 0x0000000089400000| Untracked 
| 149|0x0000000089500000, 0x0000000089500000, 0x0000000089600000|  0%| F|  |TAMS 0x0000000089500000, 0x0000000089500000| Untracked 
| 150|0x0000000089600000, 0x0000000089600000, 0x0000000089700000|  0%| F|  |TAMS 0x0000000089600000, 0x0000000089600000| Untracked 
| 151|0x0000000089700000, 0x0000000089700000, 0x0000000089800000|  0%| F|  |TAMS 0x0000000089700000, 0x0000000089700000| Untracked 
| 152|0x0000000089800000, 0x0000000089800000, 0x0000000089900000|  0%| F|  |TAMS 0x0000000089800000, 0x0000000089800000| Untracked 
| 153|0x0000000089900000, 0x0000000089900000, 0x0000000089a00000|  0%| F|  |TAMS 0x0000000089900000, 0x0000000089900000| Untracked 
| 154|0x0000000089a00000, 0x0000000089a00000, 0x0000000089b00000|  0%| F|  |TAMS 0x0000000089a00000, 0x0000000089a00000| Untracked 
| 155|0x0000000089b00000, 0x0000000089b00000, 0x0000000089c00000|  0%| F|  |TAMS 0x0000000089b00000, 0x0000000089b00000| Untracked 
| 156|0x0000000089c00000, 0x0000000089c00000, 0x0000000089d00000|  0%| F|  |TAMS 0x0000000089c00000, 0x0000000089c00000| Untracked 
| 157|0x0000000089d00000, 0x0000000089d00000, 0x0000000089e00000|  0%| F|  |TAMS 0x0000000089d00000, 0x0000000089d00000| Untracked 
| 158|0x0000000089e00000, 0x0000000089e00000, 0x0000000089f00000|  0%| F|  |TAMS 0x0000000089e00000, 0x0000000089e00000| Untracked 
| 159|0x0000000089f00000, 0x0000000089f00000, 0x000000008a000000|  0%| F|  |TAMS 0x0000000089f00000, 0x0000000089f00000| Untracked 
| 160|0x000000008a000000, 0x000000008a000000, 0x000000008a100000|  0%| F|  |TAMS 0x000000008a000000, 0x000000008a000000| Untracked 
| 161|0x000000008a100000, 0x000000008a100000, 0x000000008a200000|  0%| F|  |TAMS 0x000000008a100000, 0x000000008a100000| Untracked 
| 162|0x000000008a200000, 0x000000008a200000, 0x000000008a300000|  0%| F|  |TAMS 0x000000008a200000, 0x000000008a200000| Untracked 
| 163|0x000000008a300000, 0x000000008a300000, 0x000000008a400000|  0%| F|  |TAMS 0x000000008a300000, 0x000000008a300000| Untracked 
| 164|0x000000008a400000, 0x000000008a400000, 0x000000008a500000|  0%| F|  |TAMS 0x000000008a400000, 0x000000008a400000| Untracked 
| 165|0x000000008a500000, 0x000000008a500000, 0x000000008a600000|  0%| F|  |TAMS 0x000000008a500000, 0x000000008a500000| Untracked 
| 166|0x000000008a600000, 0x000000008a600000, 0x000000008a700000|  0%| F|  |TAMS 0x000000008a600000, 0x000000008a600000| Untracked 
| 167|0x000000008a700000, 0x000000008a700000, 0x000000008a800000|  0%| F|  |TAMS 0x000000008a700000, 0x000000008a700000| Untracked 
| 168|0x000000008a800000, 0x000000008a800000, 0x000000008a900000|  0%| F|  |TAMS 0x000000008a800000, 0x000000008a800000| Untracked 
| 169|0x000000008a900000, 0x000000008a900000, 0x000000008aa00000|  0%| F|  |TAMS 0x000000008a900000, 0x000000008a900000| Untracked 
| 170|0x000000008aa00000, 0x000000008aa00000, 0x000000008ab00000|  0%| F|  |TAMS 0x000000008aa00000, 0x000000008aa00000| Untracked 
| 171|0x000000008ab00000, 0x000000008ab00000, 0x000000008ac00000|  0%| F|  |TAMS 0x000000008ab00000, 0x000000008ab00000| Untracked 
| 172|0x000000008ac00000, 0x000000008ac00000, 0x000000008ad00000|  0%| F|  |TAMS 0x000000008ac00000, 0x000000008ac00000| Untracked 
| 173|0x000000008ad00000, 0x000000008ad00000, 0x000000008ae00000|  0%| F|  |TAMS 0x000000008ad00000, 0x000000008ad00000| Untracked 
| 174|0x000000008ae00000, 0x000000008ae00000, 0x000000008af00000|  0%| F|  |TAMS 0x000000008ae00000, 0x000000008ae00000| Untracked 
| 175|0x000000008af00000, 0x000000008af00000, 0x000000008b000000|  0%| F|  |TAMS 0x000000008af00000, 0x000000008af00000| Untracked 
| 176|0x000000008b000000, 0x000000008b000000, 0x000000008b100000|  0%| F|  |TAMS 0x000000008b000000, 0x000000008b000000| Untracked 
| 177|0x000000008b100000, 0x000000008b100000, 0x000000008b200000|  0%| F|  |TAMS 0x000000008b100000, 0x000000008b100000| Untracked 
| 178|0x000000008b200000, 0x000000008b200000, 0x000000008b300000|  0%| F|  |TAMS 0x000000008b200000, 0x000000008b200000| Untracked 
| 179|0x000000008b300000, 0x000000008b300000, 0x000000008b400000|  0%| F|  |TAMS 0x000000008b300000, 0x000000008b300000| Untracked 
| 180|0x000000008b400000, 0x000000008b400000, 0x000000008b500000|  0%| F|  |TAMS 0x000000008b400000, 0x000000008b400000| Untracked 
| 181|0x000000008b500000, 0x000000008b500000, 0x000000008b600000|  0%| F|  |TAMS 0x000000008b500000, 0x000000008b500000| Untracked 
| 182|0x000000008b600000, 0x000000008b600000, 0x000000008b700000|  0%| F|  |TAMS 0x000000008b600000, 0x000000008b600000| Untracked 
| 183|0x000000008b700000, 0x000000008b700000, 0x000000008b800000|  0%| F|  |TAMS 0x000000008b700000, 0x000000008b700000| Untracked 
| 184|0x000000008b800000, 0x000000008b800000, 0x000000008b900000|  0%| F|  |TAMS 0x000000008b800000, 0x000000008b800000| Untracked 
| 185|0x000000008b900000, 0x000000008b900000, 0x000000008ba00000|  0%| F|  |TAMS 0x000000008b900000, 0x000000008b900000| Untracked 
| 186|0x000000008ba00000, 0x000000008ba00000, 0x000000008bb00000|  0%| F|  |TAMS 0x000000008ba00000, 0x000000008ba00000| Untracked 
| 187|0x000000008bb00000, 0x000000008bb00000, 0x000000008bc00000|  0%| F|  |TAMS 0x000000008bb00000, 0x000000008bb00000| Untracked 
| 188|0x000000008bc00000, 0x000000008bc00000, 0x000000008bd00000|  0%| F|  |TAMS 0x000000008bc00000, 0x000000008bc00000| Untracked 
| 189|0x000000008bd00000, 0x000000008bd00000, 0x000000008be00000|  0%| F|  |TAMS 0x000000008bd00000, 0x000000008bd00000| Untracked 
| 190|0x000000008be00000, 0x000000008be00000, 0x000000008bf00000|  0%| F|  |TAMS 0x000000008be00000, 0x000000008be00000| Untracked 
| 191|0x000000008bf00000, 0x000000008bf00000, 0x000000008c000000|  0%| F|  |TAMS 0x000000008bf00000, 0x000000008bf00000| Untracked 
| 192|0x000000008c000000, 0x000000008c000000, 0x000000008c100000|  0%| F|  |TAMS 0x000000008c000000, 0x000000008c000000| Untracked 
| 193|0x000000008c100000, 0x000000008c100000, 0x000000008c200000|  0%| F|  |TAMS 0x000000008c100000, 0x000000008c100000| Untracked 
| 194|0x000000008c200000, 0x000000008c200000, 0x000000008c300000|  0%| F|  |TAMS 0x000000008c200000, 0x000000008c200000| Untracked 
| 195|0x000000008c300000, 0x000000008c300000, 0x000000008c400000|  0%| F|  |TAMS 0x000000008c300000, 0x000000008c300000| Untracked 
| 196|0x000000008c400000, 0x000000008c400000, 0x000000008c500000|  0%| F|  |TAMS 0x000000008c400000, 0x000000008c400000| Untracked 
| 197|0x000000008c500000, 0x000000008c500000, 0x000000008c600000|  0%| F|  |TAMS 0x000000008c500000, 0x000000008c500000| Untracked 
| 198|0x000000008c600000, 0x000000008c600000, 0x000000008c700000|  0%| F|  |TAMS 0x000000008c600000, 0x000000008c600000| Untracked 
| 199|0x000000008c700000, 0x000000008c700000, 0x000000008c800000|  0%| F|  |TAMS 0x000000008c700000, 0x000000008c700000| Untracked 
| 200|0x000000008c800000, 0x000000008c800000, 0x000000008c900000|  0%| F|  |TAMS 0x000000008c800000, 0x000000008c800000| Untracked 
| 201|0x000000008c900000, 0x000000008c900000, 0x000000008ca00000|  0%| F|  |TAMS 0x000000008c900000, 0x000000008c900000| Untracked 
| 202|0x000000008ca00000, 0x000000008ca00000, 0x000000008cb00000|  0%| F|  |TAMS 0x000000008ca00000, 0x000000008ca00000| Untracked 
| 203|0x000000008cb00000, 0x000000008cb00000, 0x000000008cc00000|  0%| F|  |TAMS 0x000000008cb00000, 0x000000008cb00000| Untracked 
| 204|0x000000008cc00000, 0x000000008cc00000, 0x000000008cd00000|  0%| F|  |TAMS 0x000000008cc00000, 0x000000008cc00000| Untracked 
| 205|0x000000008cd00000, 0x000000008cd00000, 0x000000008ce00000|  0%| F|  |TAMS 0x000000008cd00000, 0x000000008cd00000| Untracked 
| 206|0x000000008ce00000, 0x000000008ce00000, 0x000000008cf00000|  0%| F|  |TAMS 0x000000008ce00000, 0x000000008ce00000| Untracked 
| 207|0x000000008cf00000, 0x000000008cf00000, 0x000000008d000000|  0%| F|  |TAMS 0x000000008cf00000, 0x000000008cf00000| Untracked 
| 208|0x000000008d000000, 0x000000008d000000, 0x000000008d100000|  0%| F|  |TAMS 0x000000008d000000, 0x000000008d000000| Untracked 
| 209|0x000000008d100000, 0x000000008d100000, 0x000000008d200000|  0%| F|  |TAMS 0x000000008d100000, 0x000000008d100000| Untracked 
| 210|0x000000008d200000, 0x000000008d200000, 0x000000008d300000|  0%| F|  |TAMS 0x000000008d200000, 0x000000008d200000| Untracked 
| 211|0x000000008d300000, 0x000000008d300000, 0x000000008d400000|  0%| F|  |TAMS 0x000000008d300000, 0x000000008d300000| Untracked 
| 212|0x000000008d400000, 0x000000008d400000, 0x000000008d500000|  0%| F|  |TAMS 0x000000008d400000, 0x000000008d400000| Untracked 
| 213|0x000000008d500000, 0x000000008d500000, 0x000000008d600000|  0%| F|  |TAMS 0x000000008d500000, 0x000000008d500000| Untracked 
| 214|0x000000008d600000, 0x000000008d600000, 0x000000008d700000|  0%| F|  |TAMS 0x000000008d600000, 0x000000008d600000| Untracked 
| 215|0x000000008d700000, 0x000000008d700000, 0x000000008d800000|  0%| F|  |TAMS 0x000000008d700000, 0x000000008d700000| Untracked 
| 216|0x000000008d800000, 0x000000008d800000, 0x000000008d900000|  0%| F|  |TAMS 0x000000008d800000, 0x000000008d800000| Untracked 
| 217|0x000000008d900000, 0x000000008d900000, 0x000000008da00000|  0%| F|  |TAMS 0x000000008d900000, 0x000000008d900000| Untracked 
| 218|0x000000008da00000, 0x000000008da00000, 0x000000008db00000|  0%| F|  |TAMS 0x000000008da00000, 0x000000008da00000| Untracked 
| 219|0x000000008db00000, 0x000000008db00000, 0x000000008dc00000|  0%| F|  |TAMS 0x000000008db00000, 0x000000008db00000| Untracked 
| 220|0x000000008dc00000, 0x000000008dc00000, 0x000000008dd00000|  0%| F|  |TAMS 0x000000008dc00000, 0x000000008dc00000| Untracked 
| 221|0x000000008dd00000, 0x000000008dd00000, 0x000000008de00000|  0%| F|  |TAMS 0x000000008dd00000, 0x000000008dd00000| Untracked 
| 222|0x000000008de00000, 0x000000008de00000, 0x000000008df00000|  0%| F|  |TAMS 0x000000008de00000, 0x000000008de00000| Untracked 
| 223|0x000000008df00000, 0x000000008df00000, 0x000000008e000000|  0%| F|  |TAMS 0x000000008df00000, 0x000000008df00000| Untracked 
| 224|0x000000008e000000, 0x000000008e000000, 0x000000008e100000|  0%| F|  |TAMS 0x000000008e000000, 0x000000008e000000| Untracked 
| 225|0x000000008e100000, 0x000000008e100000, 0x000000008e200000|  0%| F|  |TAMS 0x000000008e100000, 0x000000008e100000| Untracked 
| 226|0x000000008e200000, 0x000000008e200000, 0x000000008e300000|  0%| F|  |TAMS 0x000000008e200000, 0x000000008e200000| Untracked 
| 227|0x000000008e300000, 0x000000008e300000, 0x000000008e400000|  0%| F|  |TAMS 0x000000008e300000, 0x000000008e300000| Untracked 
| 228|0x000000008e400000, 0x000000008e400000, 0x000000008e500000|  0%| F|  |TAMS 0x000000008e400000, 0x000000008e400000| Untracked 
| 229|0x000000008e500000, 0x000000008e500000, 0x000000008e600000|  0%| F|  |TAMS 0x000000008e500000, 0x000000008e500000| Untracked 
| 230|0x000000008e600000, 0x000000008e600000, 0x000000008e700000|  0%| F|  |TAMS 0x000000008e600000, 0x000000008e600000| Untracked 
| 231|0x000000008e700000, 0x000000008e700000, 0x000000008e800000|  0%| F|  |TAMS 0x000000008e700000, 0x000000008e700000| Untracked 
| 232|0x000000008e800000, 0x000000008e800000, 0x000000008e900000|  0%| F|  |TAMS 0x000000008e800000, 0x000000008e800000| Untracked 
| 233|0x000000008e900000, 0x000000008e900000, 0x000000008ea00000|  0%| F|  |TAMS 0x000000008e900000, 0x000000008e900000| Untracked 
| 234|0x000000008ea00000, 0x000000008ea00000, 0x000000008eb00000|  0%| F|  |TAMS 0x000000008ea00000, 0x000000008ea00000| Untracked 
| 235|0x000000008eb00000, 0x000000008eb00000, 0x000000008ec00000|  0%| F|  |TAMS 0x000000008eb00000, 0x000000008eb00000| Untracked 
| 236|0x000000008ec00000, 0x000000008ec00000, 0x000000008ed00000|  0%| F|  |TAMS 0x000000008ec00000, 0x000000008ec00000| Untracked 
| 237|0x000000008ed00000, 0x000000008ed00000, 0x000000008ee00000|  0%| F|  |TAMS 0x000000008ed00000, 0x000000008ed00000| Untracked 
| 238|0x000000008ee00000, 0x000000008ee00000, 0x000000008ef00000|  0%| F|  |TAMS 0x000000008ee00000, 0x000000008ee00000| Untracked 
| 239|0x000000008ef00000, 0x000000008ef00000, 0x000000008f000000|  0%| F|  |TAMS 0x000000008ef00000, 0x000000008ef00000| Untracked 
| 240|0x000000008f000000, 0x000000008f000000, 0x000000008f100000|  0%| F|  |TAMS 0x000000008f000000, 0x000000008f000000| Untracked 
| 241|0x000000008f100000, 0x000000008f100000, 0x000000008f200000|  0%| F|  |TAMS 0x000000008f100000, 0x000000008f100000| Untracked 
| 242|0x000000008f200000, 0x000000008f200000, 0x000000008f300000|  0%| F|  |TAMS 0x000000008f200000, 0x000000008f200000| Untracked 
| 243|0x000000008f300000, 0x000000008f300000, 0x000000008f400000|  0%| F|  |TAMS 0x000000008f300000, 0x000000008f300000| Untracked 
| 244|0x000000008f400000, 0x000000008f400000, 0x000000008f500000|  0%| F|  |TAMS 0x000000008f400000, 0x000000008f400000| Untracked 
| 245|0x000000008f500000, 0x000000008f500000, 0x000000008f600000|  0%| F|  |TAMS 0x000000008f500000, 0x000000008f500000| Untracked 
| 246|0x000000008f600000, 0x000000008f600000, 0x000000008f700000|  0%| F|  |TAMS 0x000000008f600000, 0x000000008f600000| Untracked 
| 247|0x000000008f700000, 0x000000008f700000, 0x000000008f800000|  0%| F|  |TAMS 0x000000008f700000, 0x000000008f700000| Untracked 
| 248|0x000000008f800000, 0x000000008f800000, 0x000000008f900000|  0%| F|  |TAMS 0x000000008f800000, 0x000000008f800000| Untracked 
| 249|0x000000008f900000, 0x000000008f900000, 0x000000008fa00000|  0%| F|  |TAMS 0x000000008f900000, 0x000000008f900000| Untracked 
| 250|0x000000008fa00000, 0x000000008fa00000, 0x000000008fb00000|  0%| F|  |TAMS 0x000000008fa00000, 0x000000008fa00000| Untracked 
| 251|0x000000008fb00000, 0x000000008fb00000, 0x000000008fc00000|  0%| F|  |TAMS 0x000000008fb00000, 0x000000008fb00000| Untracked 
| 252|0x000000008fc00000, 0x000000008fc00000, 0x000000008fd00000|  0%| F|  |TAMS 0x000000008fc00000, 0x000000008fc00000| Untracked 
| 253|0x000000008fd00000, 0x000000008fd00000, 0x000000008fe00000|  0%| F|  |TAMS 0x000000008fd00000, 0x000000008fd00000| Untracked 
| 254|0x000000008fe00000, 0x000000008fe00000, 0x000000008ff00000|  0%| F|  |TAMS 0x000000008fe00000, 0x000000008fe00000| Untracked 
| 255|0x000000008ff00000, 0x000000008ff00000, 0x0000000090000000|  0%| F|  |TAMS 0x000000008ff00000, 0x000000008ff00000| Untracked 
| 256|0x0000000090000000, 0x0000000090000000, 0x0000000090100000|  0%| F|  |TAMS 0x0000000090000000, 0x0000000090000000| Untracked 
| 257|0x0000000090100000, 0x0000000090100000, 0x0000000090200000|  0%| F|  |TAMS 0x0000000090100000, 0x0000000090100000| Untracked 
| 258|0x0000000090200000, 0x0000000090200000, 0x0000000090300000|  0%| F|  |TAMS 0x0000000090200000, 0x0000000090200000| Untracked 
| 259|0x0000000090300000, 0x0000000090300000, 0x0000000090400000|  0%| F|  |TAMS 0x0000000090300000, 0x0000000090300000| Untracked 
| 260|0x0000000090400000, 0x0000000090400000, 0x0000000090500000|  0%| F|  |TAMS 0x0000000090400000, 0x0000000090400000| Untracked 
| 261|0x0000000090500000, 0x0000000090500000, 0x0000000090600000|  0%| F|  |TAMS 0x0000000090500000, 0x0000000090500000| Untracked 
| 262|0x0000000090600000, 0x0000000090600000, 0x0000000090700000|  0%| F|  |TAMS 0x0000000090600000, 0x0000000090600000| Untracked 
| 263|0x0000000090700000, 0x0000000090700000, 0x0000000090800000|  0%| F|  |TAMS 0x0000000090700000, 0x0000000090700000| Untracked 
| 264|0x0000000090800000, 0x0000000090800000, 0x0000000090900000|  0%| F|  |TAMS 0x0000000090800000, 0x0000000090800000| Untracked 
| 265|0x0000000090900000, 0x0000000090900000, 0x0000000090a00000|  0%| F|  |TAMS 0x0000000090900000, 0x0000000090900000| Untracked 
| 266|0x0000000090a00000, 0x0000000090a00000, 0x0000000090b00000|  0%| F|  |TAMS 0x0000000090a00000, 0x0000000090a00000| Untracked 
| 267|0x0000000090b00000, 0x0000000090b00000, 0x0000000090c00000|  0%| F|  |TAMS 0x0000000090b00000, 0x0000000090b00000| Untracked 
| 268|0x0000000090c00000, 0x0000000090c00000, 0x0000000090d00000|  0%| F|  |TAMS 0x0000000090c00000, 0x0000000090c00000| Untracked 
| 269|0x0000000090d00000, 0x0000000090d00000, 0x0000000090e00000|  0%| F|  |TAMS 0x0000000090d00000, 0x0000000090d00000| Untracked 
| 270|0x0000000090e00000, 0x0000000090e00000, 0x0000000090f00000|  0%| F|  |TAMS 0x0000000090e00000, 0x0000000090e00000| Untracked 
| 271|0x0000000090f00000, 0x0000000090f00000, 0x0000000091000000|  0%| F|  |TAMS 0x0000000090f00000, 0x0000000090f00000| Untracked 
| 272|0x0000000091000000, 0x0000000091000000, 0x0000000091100000|  0%| F|  |TAMS 0x0000000091000000, 0x0000000091000000| Untracked 
| 273|0x0000000091100000, 0x0000000091100000, 0x0000000091200000|  0%| F|  |TAMS 0x0000000091100000, 0x0000000091100000| Untracked 
| 274|0x0000000091200000, 0x0000000091200000, 0x0000000091300000|  0%| F|  |TAMS 0x0000000091200000, 0x0000000091200000| Untracked 
| 275|0x0000000091300000, 0x0000000091300000, 0x0000000091400000|  0%| F|  |TAMS 0x0000000091300000, 0x0000000091300000| Untracked 
| 276|0x0000000091400000, 0x0000000091400000, 0x0000000091500000|  0%| F|  |TAMS 0x0000000091400000, 0x0000000091400000| Untracked 
| 277|0x0000000091500000, 0x0000000091500000, 0x0000000091600000|  0%| F|  |TAMS 0x0000000091500000, 0x0000000091500000| Untracked 
| 278|0x0000000091600000, 0x0000000091600000, 0x0000000091700000|  0%| F|  |TAMS 0x0000000091600000, 0x0000000091600000| Untracked 
| 279|0x0000000091700000, 0x0000000091700000, 0x0000000091800000|  0%| F|  |TAMS 0x0000000091700000, 0x0000000091700000| Untracked 
| 280|0x0000000091800000, 0x0000000091800000, 0x0000000091900000|  0%| F|  |TAMS 0x0000000091800000, 0x0000000091800000| Untracked 
| 281|0x0000000091900000, 0x0000000091900000, 0x0000000091a00000|  0%| F|  |TAMS 0x0000000091900000, 0x0000000091900000| Untracked 
| 282|0x0000000091a00000, 0x0000000091a00000, 0x0000000091b00000|  0%| F|  |TAMS 0x0000000091a00000, 0x0000000091a00000| Untracked 
| 283|0x0000000091b00000, 0x0000000091b00000, 0x0000000091c00000|  0%| F|  |TAMS 0x0000000091b00000, 0x0000000091b00000| Untracked 
| 284|0x0000000091c00000, 0x0000000091c00000, 0x0000000091d00000|  0%| F|  |TAMS 0x0000000091c00000, 0x0000000091c00000| Untracked 
| 285|0x0000000091d00000, 0x0000000091d00000, 0x0000000091e00000|  0%| F|  |TAMS 0x0000000091d00000, 0x0000000091d00000| Untracked 
| 286|0x0000000091e00000, 0x0000000091e00000, 0x0000000091f00000|  0%| F|  |TAMS 0x0000000091e00000, 0x0000000091e00000| Untracked 
| 287|0x0000000091f00000, 0x0000000091f00000, 0x0000000092000000|  0%| F|  |TAMS 0x0000000091f00000, 0x0000000091f00000| Untracked 
| 288|0x0000000092000000, 0x0000000092000000, 0x0000000092100000|  0%| F|  |TAMS 0x0000000092000000, 0x0000000092000000| Untracked 
| 289|0x0000000092100000, 0x0000000092100000, 0x0000000092200000|  0%| F|  |TAMS 0x0000000092100000, 0x0000000092100000| Untracked 
| 290|0x0000000092200000, 0x0000000092200000, 0x0000000092300000|  0%| F|  |TAMS 0x0000000092200000, 0x0000000092200000| Untracked 
| 291|0x0000000092300000, 0x0000000092300000, 0x0000000092400000|  0%| F|  |TAMS 0x0000000092300000, 0x0000000092300000| Untracked 
| 292|0x0000000092400000, 0x0000000092500000, 0x0000000092500000|100%| S|CS|TAMS 0x0000000092400000, 0x0000000092400000| Complete 
| 293|0x0000000092500000, 0x0000000092600000, 0x0000000092600000|100%| S|CS|TAMS 0x0000000092500000, 0x0000000092500000| Complete 
| 294|0x0000000092600000, 0x0000000092700000, 0x0000000092700000|100%| S|CS|TAMS 0x0000000092600000, 0x0000000092600000| Complete 
| 295|0x0000000092700000, 0x0000000092800000, 0x0000000092800000|100%| S|CS|TAMS 0x0000000092700000, 0x0000000092700000| Complete 
| 296|0x0000000092800000, 0x0000000092900000, 0x0000000092900000|100%| S|CS|TAMS 0x0000000092800000, 0x0000000092800000| Complete 
| 297|0x0000000092900000, 0x0000000092a00000, 0x0000000092a00000|100%| S|CS|TAMS 0x0000000092900000, 0x0000000092900000| Complete 
| 298|0x0000000092a00000, 0x0000000092b00000, 0x0000000092b00000|100%| S|CS|TAMS 0x0000000092a00000, 0x0000000092a00000| Complete 
| 299|0x0000000092b00000, 0x0000000092c00000, 0x0000000092c00000|100%| S|CS|TAMS 0x0000000092b00000, 0x0000000092b00000| Complete 
| 300|0x0000000092c00000, 0x0000000092d00000, 0x0000000092d00000|100%| S|CS|TAMS 0x0000000092c00000, 0x0000000092c00000| Complete 
| 301|0x0000000092d00000, 0x0000000092e00000, 0x0000000092e00000|100%| S|CS|TAMS 0x0000000092d00000, 0x0000000092d00000| Complete 
| 302|0x0000000092e00000, 0x0000000092f00000, 0x0000000092f00000|100%| S|CS|TAMS 0x0000000092e00000, 0x0000000092e00000| Complete 
| 303|0x0000000092f00000, 0x0000000093000000, 0x0000000093000000|100%| S|CS|TAMS 0x0000000092f00000, 0x0000000092f00000| Complete 
| 304|0x0000000093000000, 0x0000000093100000, 0x0000000093100000|100%| S|CS|TAMS 0x0000000093000000, 0x0000000093000000| Complete 
| 305|0x0000000093100000, 0x0000000093200000, 0x0000000093200000|100%| S|CS|TAMS 0x0000000093100000, 0x0000000093100000| Complete 
| 306|0x0000000093200000, 0x0000000093300000, 0x0000000093300000|100%| S|CS|TAMS 0x0000000093200000, 0x0000000093200000| Complete 
| 307|0x0000000093300000, 0x0000000093300000, 0x0000000093400000|  0%| F|  |TAMS 0x0000000093300000, 0x0000000093300000| Untracked 
| 308|0x0000000093400000, 0x0000000093400000, 0x0000000093500000|  0%| F|  |TAMS 0x0000000093400000, 0x0000000093400000| Untracked 
| 309|0x0000000093500000, 0x0000000093500000, 0x0000000093600000|  0%| F|  |TAMS 0x0000000093500000, 0x0000000093500000| Untracked 
| 310|0x0000000093600000, 0x0000000093600000, 0x0000000093700000|  0%| F|  |TAMS 0x0000000093600000, 0x0000000093600000| Untracked 
| 311|0x0000000093700000, 0x0000000093700000, 0x0000000093800000|  0%| F|  |TAMS 0x0000000093700000, 0x0000000093700000| Untracked 
| 312|0x0000000093800000, 0x0000000093800000, 0x0000000093900000|  0%| F|  |TAMS 0x0000000093800000, 0x0000000093800000| Untracked 
| 313|0x0000000093900000, 0x0000000093900000, 0x0000000093a00000|  0%| F|  |TAMS 0x0000000093900000, 0x0000000093900000| Untracked 
| 314|0x0000000093a00000, 0x0000000093a00000, 0x0000000093b00000|  0%| F|  |TAMS 0x0000000093a00000, 0x0000000093a00000| Untracked 
| 315|0x0000000093b00000, 0x0000000093b00000, 0x0000000093c00000|  0%| F|  |TAMS 0x0000000093b00000, 0x0000000093b00000| Untracked 
| 316|0x0000000093c00000, 0x0000000093c00000, 0x0000000093d00000|  0%| F|  |TAMS 0x0000000093c00000, 0x0000000093c00000| Untracked 
| 317|0x0000000093d00000, 0x0000000093d00000, 0x0000000093e00000|  0%| F|  |TAMS 0x0000000093d00000, 0x0000000093d00000| Untracked 
| 318|0x0000000093e00000, 0x0000000093e00000, 0x0000000093f00000|  0%| F|  |TAMS 0x0000000093e00000, 0x0000000093e00000| Untracked 
| 319|0x0000000093f00000, 0x0000000093f00000, 0x0000000094000000|  0%| F|  |TAMS 0x0000000093f00000, 0x0000000093f00000| Untracked 
| 320|0x0000000094000000, 0x0000000094000000, 0x0000000094100000|  0%| F|  |TAMS 0x0000000094000000, 0x0000000094000000| Untracked 
| 321|0x0000000094100000, 0x0000000094100000, 0x0000000094200000|  0%| F|  |TAMS 0x0000000094100000, 0x0000000094100000| Untracked 
| 322|0x0000000094200000, 0x0000000094200000, 0x0000000094300000|  0%| F|  |TAMS 0x0000000094200000, 0x0000000094200000| Untracked 
| 323|0x0000000094300000, 0x0000000094300000, 0x0000000094400000|  0%| F|  |TAMS 0x0000000094300000, 0x0000000094300000| Untracked 
| 324|0x0000000094400000, 0x0000000094400000, 0x0000000094500000|  0%| F|  |TAMS 0x0000000094400000, 0x0000000094400000| Untracked 
| 325|0x0000000094500000, 0x0000000094500000, 0x0000000094600000|  0%| F|  |TAMS 0x0000000094500000, 0x0000000094500000| Untracked 
| 326|0x0000000094600000, 0x0000000094600000, 0x0000000094700000|  0%| F|  |TAMS 0x0000000094600000, 0x0000000094600000| Untracked 
| 327|0x0000000094700000, 0x0000000094700000, 0x0000000094800000|  0%| F|  |TAMS 0x0000000094700000, 0x0000000094700000| Untracked 
| 328|0x0000000094800000, 0x0000000094800000, 0x0000000094900000|  0%| F|  |TAMS 0x0000000094800000, 0x0000000094800000| Untracked 
| 329|0x0000000094900000, 0x0000000094900000, 0x0000000094a00000|  0%| F|  |TAMS 0x0000000094900000, 0x0000000094900000| Untracked 
| 330|0x0000000094a00000, 0x0000000094a00000, 0x0000000094b00000|  0%| F|  |TAMS 0x0000000094a00000, 0x0000000094a00000| Untracked 
| 331|0x0000000094b00000, 0x0000000094b00000, 0x0000000094c00000|  0%| F|  |TAMS 0x0000000094b00000, 0x0000000094b00000| Untracked 
| 332|0x0000000094c00000, 0x0000000094c00000, 0x0000000094d00000|  0%| F|  |TAMS 0x0000000094c00000, 0x0000000094c00000| Untracked 
| 333|0x0000000094d00000, 0x0000000094d00000, 0x0000000094e00000|  0%| F|  |TAMS 0x0000000094d00000, 0x0000000094d00000| Untracked 
| 334|0x0000000094e00000, 0x0000000094e00000, 0x0000000094f00000|  0%| F|  |TAMS 0x0000000094e00000, 0x0000000094e00000| Untracked 
| 335|0x0000000094f00000, 0x0000000094f00000, 0x0000000095000000|  0%| F|  |TAMS 0x0000000094f00000, 0x0000000094f00000| Untracked 
| 336|0x0000000095000000, 0x0000000095000000, 0x0000000095100000|  0%| F|  |TAMS 0x0000000095000000, 0x0000000095000000| Untracked 
| 337|0x0000000095100000, 0x0000000095100000, 0x0000000095200000|  0%| F|  |TAMS 0x0000000095100000, 0x0000000095100000| Untracked 
| 338|0x0000000095200000, 0x0000000095200000, 0x0000000095300000|  0%| F|  |TAMS 0x0000000095200000, 0x0000000095200000| Untracked 
| 339|0x0000000095300000, 0x0000000095300000, 0x0000000095400000|  0%| F|  |TAMS 0x0000000095300000, 0x0000000095300000| Untracked 
| 340|0x0000000095400000, 0x0000000095400000, 0x0000000095500000|  0%| F|  |TAMS 0x0000000095400000, 0x0000000095400000| Untracked 
| 341|0x0000000095500000, 0x0000000095500000, 0x0000000095600000|  0%| F|  |TAMS 0x0000000095500000, 0x0000000095500000| Untracked 
| 342|0x0000000095600000, 0x0000000095600000, 0x0000000095700000|  0%| F|  |TAMS 0x0000000095600000, 0x0000000095600000| Untracked 
| 343|0x0000000095700000, 0x0000000095700000, 0x0000000095800000|  0%| F|  |TAMS 0x0000000095700000, 0x0000000095700000| Untracked 
| 344|0x0000000095800000, 0x0000000095800000, 0x0000000095900000|  0%| F|  |TAMS 0x0000000095800000, 0x0000000095800000| Untracked 
| 345|0x0000000095900000, 0x0000000095900000, 0x0000000095a00000|  0%| F|  |TAMS 0x0000000095900000, 0x0000000095900000| Untracked 
| 346|0x0000000095a00000, 0x0000000095a00000, 0x0000000095b00000|  0%| F|  |TAMS 0x0000000095a00000, 0x0000000095a00000| Untracked 
| 347|0x0000000095b00000, 0x0000000095b00000, 0x0000000095c00000|  0%| F|  |TAMS 0x0000000095b00000, 0x0000000095b00000| Untracked 
| 348|0x0000000095c00000, 0x0000000095c00000, 0x0000000095d00000|  0%| F|  |TAMS 0x0000000095c00000, 0x0000000095c00000| Untracked 
| 349|0x0000000095d00000, 0x0000000095d00000, 0x0000000095e00000|  0%| F|  |TAMS 0x0000000095d00000, 0x0000000095d00000| Untracked 
| 350|0x0000000095e00000, 0x0000000095e00000, 0x0000000095f00000|  0%| F|  |TAMS 0x0000000095e00000, 0x0000000095e00000| Untracked 
| 351|0x0000000095f00000, 0x0000000095f00000, 0x0000000096000000|  0%| F|  |TAMS 0x0000000095f00000, 0x0000000095f00000| Untracked 
| 352|0x0000000096000000, 0x0000000096000000, 0x0000000096100000|  0%| F|  |TAMS 0x0000000096000000, 0x0000000096000000| Untracked 
| 353|0x0000000096100000, 0x0000000096100000, 0x0000000096200000|  0%| F|  |TAMS 0x0000000096100000, 0x0000000096100000| Untracked 
| 354|0x0000000096200000, 0x0000000096200000, 0x0000000096300000|  0%| F|  |TAMS 0x0000000096200000, 0x0000000096200000| Untracked 
| 355|0x0000000096300000, 0x0000000096300000, 0x0000000096400000|  0%| F|  |TAMS 0x0000000096300000, 0x0000000096300000| Untracked 
| 356|0x0000000096400000, 0x0000000096400000, 0x0000000096500000|  0%| F|  |TAMS 0x0000000096400000, 0x0000000096400000| Untracked 
| 357|0x0000000096500000, 0x0000000096500000, 0x0000000096600000|  0%| F|  |TAMS 0x0000000096500000, 0x0000000096500000| Untracked 
| 358|0x0000000096600000, 0x0000000096600000, 0x0000000096700000|  0%| F|  |TAMS 0x0000000096600000, 0x0000000096600000| Untracked 
| 359|0x0000000096700000, 0x0000000096700000, 0x0000000096800000|  0%| F|  |TAMS 0x0000000096700000, 0x0000000096700000| Untracked 
| 360|0x0000000096800000, 0x0000000096800000, 0x0000000096900000|  0%| F|  |TAMS 0x0000000096800000, 0x0000000096800000| Untracked 
| 361|0x0000000096900000, 0x0000000096900000, 0x0000000096a00000|  0%| F|  |TAMS 0x0000000096900000, 0x0000000096900000| Untracked 
| 362|0x0000000096a00000, 0x0000000096a00000, 0x0000000096b00000|  0%| F|  |TAMS 0x0000000096a00000, 0x0000000096a00000| Untracked 
| 363|0x0000000096b00000, 0x0000000096b00000, 0x0000000096c00000|  0%| F|  |TAMS 0x0000000096b00000, 0x0000000096b00000| Untracked 
| 364|0x0000000096c00000, 0x0000000096c00000, 0x0000000096d00000|  0%| F|  |TAMS 0x0000000096c00000, 0x0000000096c00000| Untracked 
| 365|0x0000000096d00000, 0x0000000096d00000, 0x0000000096e00000|  0%| F|  |TAMS 0x0000000096d00000, 0x0000000096d00000| Untracked 
| 366|0x0000000096e00000, 0x0000000096e00000, 0x0000000096f00000|  0%| F|  |TAMS 0x0000000096e00000, 0x0000000096e00000| Untracked 
| 367|0x0000000096f00000, 0x0000000096f00000, 0x0000000097000000|  0%| F|  |TAMS 0x0000000096f00000, 0x0000000096f00000| Untracked 
| 368|0x0000000097000000, 0x0000000097000000, 0x0000000097100000|  0%| F|  |TAMS 0x0000000097000000, 0x0000000097000000| Untracked 
| 369|0x0000000097100000, 0x0000000097100000, 0x0000000097200000|  0%| F|  |TAMS 0x0000000097100000, 0x0000000097100000| Untracked 
| 370|0x0000000097200000, 0x0000000097200000, 0x0000000097300000|  0%| F|  |TAMS 0x0000000097200000, 0x0000000097200000| Untracked 
| 371|0x0000000097300000, 0x0000000097300000, 0x0000000097400000|  0%| F|  |TAMS 0x0000000097300000, 0x0000000097300000| Untracked 
| 372|0x0000000097400000, 0x0000000097400000, 0x0000000097500000|  0%| F|  |TAMS 0x0000000097400000, 0x0000000097400000| Untracked 
| 373|0x0000000097500000, 0x0000000097500000, 0x0000000097600000|  0%| F|  |TAMS 0x0000000097500000, 0x0000000097500000| Untracked 
| 374|0x0000000097600000, 0x0000000097600000, 0x0000000097700000|  0%| F|  |TAMS 0x0000000097600000, 0x0000000097600000| Untracked 
| 375|0x0000000097700000, 0x0000000097700000, 0x0000000097800000|  0%| F|  |TAMS 0x0000000097700000, 0x0000000097700000| Untracked 
| 376|0x0000000097800000, 0x0000000097800000, 0x0000000097900000|  0%| F|  |TAMS 0x0000000097800000, 0x0000000097800000| Untracked 
| 377|0x0000000097900000, 0x0000000097900000, 0x0000000097a00000|  0%| F|  |TAMS 0x0000000097900000, 0x0000000097900000| Untracked 
| 378|0x0000000097a00000, 0x0000000097a00000, 0x0000000097b00000|  0%| F|  |TAMS 0x0000000097a00000, 0x0000000097a00000| Untracked 
| 379|0x0000000097b00000, 0x0000000097b00000, 0x0000000097c00000|  0%| F|  |TAMS 0x0000000097b00000, 0x0000000097b00000| Untracked 
| 380|0x0000000097c00000, 0x0000000097c00000, 0x0000000097d00000|  0%| F|  |TAMS 0x0000000097c00000, 0x0000000097c00000| Untracked 
| 381|0x0000000097d00000, 0x0000000097d00000, 0x0000000097e00000|  0%| F|  |TAMS 0x0000000097d00000, 0x0000000097d00000| Untracked 
| 382|0x0000000097e00000, 0x0000000097e00000, 0x0000000097f00000|  0%| F|  |TAMS 0x0000000097e00000, 0x0000000097e00000| Untracked 
| 383|0x0000000097f00000, 0x0000000097f00000, 0x0000000098000000|  0%| F|  |TAMS 0x0000000097f00000, 0x0000000097f00000| Untracked 
| 384|0x0000000098000000, 0x0000000098000000, 0x0000000098100000|  0%| F|  |TAMS 0x0000000098000000, 0x0000000098000000| Untracked 
| 385|0x0000000098100000, 0x0000000098100000, 0x0000000098200000|  0%| F|  |TAMS 0x0000000098100000, 0x0000000098100000| Untracked 
| 386|0x0000000098200000, 0x0000000098200000, 0x0000000098300000|  0%| F|  |TAMS 0x0000000098200000, 0x0000000098200000| Untracked 
| 387|0x0000000098300000, 0x0000000098300000, 0x0000000098400000|  0%| F|  |TAMS 0x0000000098300000, 0x0000000098300000| Untracked 
| 388|0x0000000098400000, 0x0000000098400000, 0x0000000098500000|  0%| F|  |TAMS 0x0000000098400000, 0x0000000098400000| Untracked 
| 389|0x0000000098500000, 0x0000000098500000, 0x0000000098600000|  0%| F|  |TAMS 0x0000000098500000, 0x0000000098500000| Untracked 
| 390|0x0000000098600000, 0x0000000098600000, 0x0000000098700000|  0%| F|  |TAMS 0x0000000098600000, 0x0000000098600000| Untracked 
| 391|0x0000000098700000, 0x0000000098700000, 0x0000000098800000|  0%| F|  |TAMS 0x0000000098700000, 0x0000000098700000| Untracked 
| 392|0x0000000098800000, 0x0000000098800000, 0x0000000098900000|  0%| F|  |TAMS 0x0000000098800000, 0x0000000098800000| Untracked 
| 393|0x0000000098900000, 0x0000000098900000, 0x0000000098a00000|  0%| F|  |TAMS 0x0000000098900000, 0x0000000098900000| Untracked 
| 394|0x0000000098a00000, 0x0000000098a00000, 0x0000000098b00000|  0%| F|  |TAMS 0x0000000098a00000, 0x0000000098a00000| Untracked 
| 395|0x0000000098b00000, 0x0000000098b00000, 0x0000000098c00000|  0%| F|  |TAMS 0x0000000098b00000, 0x0000000098b00000| Untracked 
| 396|0x0000000098c00000, 0x0000000098c00000, 0x0000000098d00000|  0%| F|  |TAMS 0x0000000098c00000, 0x0000000098c00000| Untracked 
| 397|0x0000000098d00000, 0x0000000098d00000, 0x0000000098e00000|  0%| F|  |TAMS 0x0000000098d00000, 0x0000000098d00000| Untracked 
| 398|0x0000000098e00000, 0x0000000098e00000, 0x0000000098f00000|  0%| F|  |TAMS 0x0000000098e00000, 0x0000000098e00000| Untracked 
| 399|0x0000000098f00000, 0x0000000098f00000, 0x0000000099000000|  0%| F|  |TAMS 0x0000000098f00000, 0x0000000098f00000| Untracked 
| 400|0x0000000099000000, 0x0000000099000000, 0x0000000099100000|  0%| F|  |TAMS 0x0000000099000000, 0x0000000099000000| Untracked 
| 401|0x0000000099100000, 0x0000000099100000, 0x0000000099200000|  0%| F|  |TAMS 0x0000000099100000, 0x0000000099100000| Untracked 
| 402|0x0000000099200000, 0x0000000099200000, 0x0000000099300000|  0%| F|  |TAMS 0x0000000099200000, 0x0000000099200000| Untracked 
| 403|0x0000000099300000, 0x0000000099300000, 0x0000000099400000|  0%| F|  |TAMS 0x0000000099300000, 0x0000000099300000| Untracked 
| 404|0x0000000099400000, 0x0000000099400000, 0x0000000099500000|  0%| F|  |TAMS 0x0000000099400000, 0x0000000099400000| Untracked 
| 405|0x0000000099500000, 0x0000000099500000, 0x0000000099600000|  0%| F|  |TAMS 0x0000000099500000, 0x0000000099500000| Untracked 
| 406|0x0000000099600000, 0x0000000099600000, 0x0000000099700000|  0%| F|  |TAMS 0x0000000099600000, 0x0000000099600000| Untracked 
| 407|0x0000000099700000, 0x0000000099700000, 0x0000000099800000|  0%| F|  |TAMS 0x0000000099700000, 0x0000000099700000| Untracked 
| 408|0x0000000099800000, 0x0000000099800000, 0x0000000099900000|  0%| F|  |TAMS 0x0000000099800000, 0x0000000099800000| Untracked 
| 409|0x0000000099900000, 0x0000000099900000, 0x0000000099a00000|  0%| F|  |TAMS 0x0000000099900000, 0x0000000099900000| Untracked 
| 410|0x0000000099a00000, 0x0000000099a00000, 0x0000000099b00000|  0%| F|  |TAMS 0x0000000099a00000, 0x0000000099a00000| Untracked 
| 411|0x0000000099b00000, 0x0000000099b00000, 0x0000000099c00000|  0%| F|  |TAMS 0x0000000099b00000, 0x0000000099b00000| Untracked 
| 412|0x0000000099c00000, 0x0000000099c00000, 0x0000000099d00000|  0%| F|  |TAMS 0x0000000099c00000, 0x0000000099c00000| Untracked 
| 413|0x0000000099d00000, 0x0000000099d00000, 0x0000000099e00000|  0%| F|  |TAMS 0x0000000099d00000, 0x0000000099d00000| Untracked 
| 414|0x0000000099e00000, 0x0000000099e00000, 0x0000000099f00000|  0%| F|  |TAMS 0x0000000099e00000, 0x0000000099e00000| Untracked 
| 415|0x0000000099f00000, 0x0000000099f00000, 0x000000009a000000|  0%| F|  |TAMS 0x0000000099f00000, 0x0000000099f00000| Untracked 

Card table byte_map: [0x00000202fb0d0000,0x00000202fb4d0000] _byte_map_base: 0x00000202facd0000

Marking Bits (Prev, Next): (CMBitMap*) 0x00000202e820d9d8, (CMBitMap*) 0x00000202e820da10
 Prev Bits: [0x00000202fb8d0000, 0x00000202fd8d0000)
 Next Bits: [0x00000202fd8d0000, 0x00000202ff8d0000)

Polling page: 0x00000202e61e0000

Metaspace:

Usage:
  Non-class:     85.55 MB capacity,    83.97 MB ( 98%) used,     1.26 MB (  1%) free+waste,   332.25 KB ( <1%) overhead. 
      Class:     13.45 MB capacity,    12.46 MB ( 93%) used,   865.12 KB (  6%) free+waste,   146.06 KB (  1%) overhead. 
       Both:     99.00 MB capacity,    96.43 MB ( 97%) used,     2.10 MB (  2%) free+waste,   478.31 KB ( <1%) overhead. 

Virtual space:
  Non-class space:       86.00 MB reserved,      85.62 MB (>99%) committed 
      Class space:        1.00 GB reserved,      13.50 MB (  1%) committed 
             Both:        1.08 GB reserved,      99.12 MB (  9%) committed 

Chunk freelists:
   Non-Class:  9.00 KB
       Class:  0 bytes
        Both:  9.00 KB

MaxMetaspaceSize: 17179869184.00 GB
CompressedClassSpaceSize: 1.00 GB

CodeHeap 'non-profiled nmethods': size=120064Kb used=8764Kb max_used=8764Kb free=111299Kb
 bounds [0x00000202f3790000, 0x00000202f4020000, 0x00000202facd0000]
CodeHeap 'profiled nmethods': size=120000Kb used=38337Kb max_used=38337Kb free=81662Kb
 bounds [0x00000202ec260000, 0x00000202ee7e0000, 0x00000202f3790000]
CodeHeap 'non-nmethods': size=5696Kb used=2303Kb max_used=2366Kb free=3392Kb
 bounds [0x00000202ebcd0000, 0x00000202ebf40000, 0x00000202ec260000]
 total_blobs=16306 nmethods=15397 adapters=818
 compilation: enabled
              stopped_count=0, restarted_count=0
 full_count=0

Compilation events (20 events):
Event: 104.269 Thread 0x00000202ffde1800 15899       2       java.util.concurrent.atomic.AtomicLong::compareAndSet (13 bytes)
Event: 104.269 Thread 0x00000202ffde1800 nmethod 15899 0x00000202ee7cd790 code [0x00000202ee7cd940, 0x00000202ee7cda58]
Event: 104.274 Thread 0x00000202ffde1800 15900       2       org.gradle.internal.serialize.InputStreamBackedDecoder::readBoolean (8 bytes)
Event: 104.274 Thread 0x00000202ffde1800 nmethod 15900 0x00000202ee7cdb10 code [0x00000202ee7cdce0, 0x00000202ee7cded8]
Event: 104.274 Thread 0x00000202ffde1800 15901       2       java.util.concurrent.atomic.AtomicBoolean::compareAndSet (26 bytes)
Event: 104.279 Thread 0x00000202ffde1800 nmethod 15901 0x00000202ee7ce010 code [0x00000202ee7ce1e0, 0x00000202ee7ce458]
Event: 104.321 Thread 0x00000202918b8800 nmethod 15879 0x00000202f4007690 code [0x00000202f4007e80, 0x00000202f400e1f8]
Event: 104.322 Thread 0x00000202918b8800 15883       4       com.android.tools.r8.internal.X4::a (1165 bytes)
Event: 104.349 Thread 0x00000202ffddc800 nmethod 15882 0x00000202f4014490 code [0x00000202f4014a60, 0x00000202f40199e0]
Event: 104.350 Thread 0x00000202ffddc800 15895       4       com.android.tools.r8.internal.F7::a (704 bytes)
Event: 104.431 Thread 0x00000202ffde1800 15905       2       com.android.tools.r8.ir.regalloc.a::d (16 bytes)
Event: 104.431 Thread 0x00000202ffde1800 nmethod 15905 0x00000202ee7ce590 code [0x00000202ee7ce740, 0x00000202ee7ce868]
Event: 104.473 Thread 0x00000202ffde1800 15907       2       com.android.tools.r8.internal.XF$$Lambda$1649/0x0000000100d72040::accept (12 bytes)
Event: 104.473 Thread 0x00000202ffde1800 nmethod 15907 0x00000202ee7ce990 code [0x00000202ee7ceb40, 0x00000202ee7cec88]
Event: 104.625 Thread 0x00000202ffde1800 15916 %     3       com.android.tools.r8.internal.DA::a @ 23 (55 bytes)
Event: 104.626 Thread 0x00000202ffde1800 nmethod 15916% 0x00000202ee7ced90 code [0x00000202ee7cefa0, 0x00000202ee7cf608]
Event: 104.626 Thread 0x00000202ffde1800 15917       3       com.android.tools.r8.internal.DA::a (55 bytes)
Event: 104.626 Thread 0x00000202ffde1800 nmethod 15917 0x00000202ee7cf810 code [0x00000202ee7cfa20, 0x00000202ee7d0028]
Event: 104.681 Thread 0x00000202ffde1800 15922       2       com.android.tools.r8.internal.Re::z (7 bytes)
Event: 104.681 Thread 0x00000202ffde1800 nmethod 15922 0x00000202ee7d0210 code [0x00000202ee7d03c0, 0x00000202ee7d04e8]

GC Heap History (20 events):
Event: 57.738 GC heap after
{Heap after GC invocations=81 (full 0):
 garbage-first heap   total 356352K, used 125602K [0x0000000080000000, 0x0000000100000000)
  region size 1024K, 8 young (8192K), 8 survivors (8192K)
 Metaspace       used 97696K, capacity 100151K, committed 100348K, reserved 1136640K
  class space    used 12652K, capacity 13623K, committed 13696K, reserved 1048576K
}
Event: 59.191 GC heap before
{Heap before GC invocations=81 (full 0):
 garbage-first heap   total 356352K, used 311970K [0x0000000080000000, 0x0000000100000000)
  region size 1024K, 190 young (194560K), 8 survivors (8192K)
 Metaspace       used 97730K, capacity 100231K, committed 100348K, reserved 1136640K
  class space    used 12655K, capacity 13629K, committed 13696K, reserved 1048576K
}
Event: 59.218 GC heap after
{Heap after GC invocations=82 (full 0):
 garbage-first heap   total 356352K, used 126669K [0x0000000080000000, 0x0000000100000000)
  region size 1024K, 9 young (9216K), 9 survivors (9216K)
 Metaspace       used 97730K, capacity 100231K, committed 100348K, reserved 1136640K
  class space    used 12655K, capacity 13629K, committed 13696K, reserved 1048576K
}
Event: 60.458 GC heap before
{Heap before GC invocations=82 (full 0):
 garbage-first heap   total 356352K, used 310989K [0x0000000080000000, 0x0000000100000000)
  region size 1024K, 189 young (193536K), 9 survivors (9216K)
 Metaspace       used 97743K, capacity 100232K, committed 100348K, reserved 1136640K
  class space    used 12655K, capacity 13629K, committed 13696K, reserved 1048576K
}
Event: 60.492 GC heap after
{Heap after GC invocations=83 (full 0):
 garbage-first heap   total 425984K, used 127341K [0x0000000080000000, 0x0000000100000000)
  region size 1024K, 8 young (8192K), 8 survivors (8192K)
 Metaspace       used 97743K, capacity 100232K, committed 100348K, reserved 1136640K
  class space    used 12655K, capacity 13629K, committed 13696K, reserved 1048576K
}
Event: 63.715 GC heap before
{Heap before GC invocations=83 (full 0):
 garbage-first heap   total 425984K, used 343405K [0x0000000080000000, 0x0000000100000000)
  region size 1024K, 217 young (222208K), 8 survivors (8192K)
 Metaspace       used 97896K, capacity 100464K, committed 100604K, reserved 1136640K
  class space    used 12655K, capacity 13629K, committed 13696K, reserved 1048576K
}
Event: 64.300 GC heap after
{Heap after GC invocations=84 (full 0):
 garbage-first heap   total 425984K, used 128615K [0x0000000080000000, 0x0000000100000000)
  region size 1024K, 7 young (7168K), 7 survivors (7168K)
 Metaspace       used 97896K, capacity 100464K, committed 100604K, reserved 1136640K
  class space    used 12655K, capacity 13629K, committed 13696K, reserved 1048576K
}
Event: 64.427 GC heap before
{Heap before GC invocations=84 (full 0):
 garbage-first heap   total 425984K, used 141927K [0x0000000080000000, 0x0000000100000000)
  region size 1024K, 20 young (20480K), 7 survivors (7168K)
 Metaspace       used 97896K, capacity 100464K, committed 100604K, reserved 1136640K
  class space    used 12655K, capacity 13629K, committed 13696K, reserved 1048576K
}
Event: 64.476 GC heap after
{Heap after GC invocations=85 (full 0):
 garbage-first heap   total 425984K, used 128227K [0x0000000080000000, 0x0000000100000000)
  region size 1024K, 2 young (2048K), 2 survivors (2048K)
 Metaspace       used 97896K, capacity 100464K, committed 100604K, reserved 1136640K
  class space    used 12655K, capacity 13629K, committed 13696K, reserved 1048576K
}
Event: 65.283 GC heap before
{Heap before GC invocations=85 (full 0):
 garbage-first heap   total 425984K, used 182499K [0x0000000080000000, 0x0000000100000000)
  region size 1024K, 55 young (56320K), 2 survivors (2048K)
 Metaspace       used 97900K, capacity 100465K, committed 100604K, reserved 1136640K
  class space    used 12655K, capacity 13629K, committed 13696K, reserved 1048576K
}
Event: 65.289 GC heap after
{Heap after GC invocations=86 (full 0):
 garbage-first heap   total 425984K, used 125802K [0x0000000080000000, 0x0000000100000000)
  region size 1024K, 2 young (2048K), 2 survivors (2048K)
 Metaspace       used 97900K, capacity 100465K, committed 100604K, reserved 1136640K
  class space    used 12655K, capacity 13629K, committed 13696K, reserved 1048576K
}
Event: 66.360 GC heap before
{Heap before GC invocations=86 (full 0):
 garbage-first heap   total 425984K, used 211818K [0x0000000080000000, 0x0000000100000000)
  region size 1024K, 86 young (88064K), 2 survivors (2048K)
 Metaspace       used 97909K, capacity 100476K, committed 100604K, reserved 1136640K
  class space    used 12658K, capacity 13633K, committed 13696K, reserved 1048576K
}
Event: 66.511 GC heap after
{Heap after GC invocations=87 (full 0):
 garbage-first heap   total 425984K, used 126173K [0x0000000080000000, 0x0000000100000000)
  region size 1024K, 2 young (2048K), 2 survivors (2048K)
 Metaspace       used 97909K, capacity 100476K, committed 100604K, reserved 1136640K
  class space    used 12658K, capacity 13633K, committed 13696K, reserved 1048576K
}
Event: 73.701 GC heap before
{Heap before GC invocations=87 (full 0):
 garbage-first heap   total 425984K, used 265437K [0x0000000080000000, 0x0000000100000000)
  region size 1024K, 137 young (140288K), 2 survivors (2048K)
 Metaspace       used 98236K, capacity 100814K, committed 100860K, reserved 1136640K
  class space    used 12700K, capacity 13680K, committed 13696K, reserved 1048576K
}
Event: 73.739 GC heap after
{Heap after GC invocations=88 (full 0):
 garbage-first heap   total 425984K, used 126933K [0x0000000080000000, 0x0000000100000000)
  region size 1024K, 3 young (3072K), 3 survivors (3072K)
 Metaspace       used 98236K, capacity 100814K, committed 100860K, reserved 1136640K
  class space    used 12700K, capacity 13680K, committed 13696K, reserved 1048576K
}
Event: 79.169 GC heap before
{Heap before GC invocations=88 (full 0):
 garbage-first heap   total 425984K, used 241621K [0x0000000080000000, 0x0000000100000000)
  region size 1024K, 115 young (117760K), 3 survivors (3072K)
 Metaspace       used 98587K, capacity 101261K, committed 101500K, reserved 1136640K
  class space    used 12756K, capacity 13765K, committed 13824K, reserved 1048576K
}
Event: 79.234 GC heap after
{Heap after GC invocations=89 (full 0):
 garbage-first heap   total 425984K, used 128925K [0x0000000080000000, 0x0000000100000000)
  region size 1024K, 5 young (5120K), 5 survivors (5120K)
 Metaspace       used 98587K, capacity 101261K, committed 101500K, reserved 1136640K
  class space    used 12756K, capacity 13765K, committed 13824K, reserved 1048576K
}
Event: 95.552 GC heap before
{Heap before GC invocations=89 (full 0):
 garbage-first heap   total 425984K, used 267165K [0x0000000080000000, 0x0000000100000000)
  region size 1024K, 139 young (142336K), 5 survivors (5120K)
 Metaspace       used 98722K, capacity 101361K, committed 101500K, reserved 1136640K
  class space    used 12759K, capacity 13770K, committed 13824K, reserved 1048576K
}
Event: 95.709 GC heap after
{Heap after GC invocations=90 (full 0):
 garbage-first heap   total 425984K, used 135669K [0x0000000080000000, 0x0000000100000000)
  region size 1024K, 10 young (10240K), 10 survivors (10240K)
 Metaspace       used 98722K, capacity 101361K, committed 101500K, reserved 1136640K
  class space    used 12759K, capacity 13770K, committed 13824K, reserved 1048576K
}
Event: 104.734 GC heap before
{Heap before GC invocations=90 (full 0):
 garbage-first heap   total 425984K, used 247285K [0x0000000080000000, 0x0000000100000000)
  region size 1024K, 119 young (121856K), 10 survivors (10240K)
 Metaspace       used 98744K, capacity 101375K, committed 101500K, reserved 1136640K
  class space    used 12760K, capacity 13772K, committed 13824K, reserved 1048576K
}

Deoptimization events (20 events):
Event: 103.127 Thread 0x00000202853b6800 DEOPT PACKING pc=0x00000202f3e9bd7c sp=0x000000ea53bf9c40
Event: 103.127 Thread 0x00000202853b6800 DEOPT UNPACKING pc=0x00000202ebcf65af sp=0x000000ea53bf9bb8 mode 2
Event: 103.130 Thread 0x00000202853b6800 Uncommon trap: trap_request=0xffffffde fr.pc=0x00000202f3fdd088 relative=0x0000000000001ec8
Event: 103.130 Thread 0x00000202853b6800 Uncommon trap: reason=class_check action=maybe_recompile pc=0x00000202f3fdd088 method=com.android.tools.r8.internal.d9.a(Lcom/android/tools/r8/internal/Ne;Lcom/android/tools/r8/internal/pF;)V @ 307 c2
Event: 103.130 Thread 0x00000202853b6800 DEOPT PACKING pc=0x00000202f3fdd088 sp=0x000000ea53bf9cb0
Event: 103.130 Thread 0x00000202853b6800 DEOPT UNPACKING pc=0x00000202ebcf65af sp=0x000000ea53bf9cc0 mode 2
Event: 104.166 Thread 0x00000202853b6800 Uncommon trap: trap_request=0xffffffde fr.pc=0x00000202f3e794a0 relative=0x00000000000070e0
Event: 104.166 Thread 0x00000202853b6800 Uncommon trap: reason=class_check action=maybe_recompile pc=0x00000202f3e794a0 method=com.android.tools.r8.internal.F7.a(Lcom/android/tools/r8/internal/Ne;Lcom/android/tools/r8/internal/i2;Ljava/util/function/Supplier;Ljava/util/Map;Ljava/util/function/Pr
Event: 104.166 Thread 0x00000202853b6800 DEOPT PACKING pc=0x00000202f3e794a0 sp=0x000000ea53bf9a50
Event: 104.166 Thread 0x00000202853b6800 DEOPT UNPACKING pc=0x00000202ebcf65af sp=0x000000ea53bf9a90 mode 2
Event: 104.167 Thread 0x00000202853b6800 Uncommon trap: trap_request=0xffffffde fr.pc=0x00000202f3fdd088 relative=0x0000000000001ec8
Event: 104.167 Thread 0x00000202853b6800 Uncommon trap: reason=class_check action=maybe_recompile pc=0x00000202f3fdd088 method=com.android.tools.r8.internal.d9.a(Lcom/android/tools/r8/internal/Ne;Lcom/android/tools/r8/internal/pF;)V @ 307 c2
Event: 104.167 Thread 0x00000202853b6800 DEOPT PACKING pc=0x00000202f3fdd088 sp=0x000000ea53bf9cb0
Event: 104.167 Thread 0x00000202853b6800 DEOPT UNPACKING pc=0x00000202ebcf65af sp=0x000000ea53bf9cc0 mode 2
Event: 104.627 Thread 0x00000202853b6800 DEOPT PACKING pc=0x00000202ed910b02 sp=0x000000ea53bf9b70
Event: 104.627 Thread 0x00000202853b6800 DEOPT UNPACKING pc=0x00000202ebcf6d5e sp=0x000000ea53bf9060 mode 0
Event: 104.723 Thread 0x00000202853b6800 Uncommon trap: trap_request=0xffffffc6 fr.pc=0x00000202f3f37bd8 relative=0x0000000000003118
Event: 104.723 Thread 0x00000202853b6800 Uncommon trap: reason=bimorphic_or_optimized_type_check action=maybe_recompile pc=0x00000202f3f37bd8 method=com.android.tools.r8.ir.regalloc.a.a()V @ 357 c2
Event: 104.723 Thread 0x00000202853b6800 DEOPT PACKING pc=0x00000202f3f37bd8 sp=0x000000ea53bf9960
Event: 104.723 Thread 0x00000202853b6800 DEOPT UNPACKING pc=0x00000202ebcf65af sp=0x000000ea53bf99e8 mode 2

Classes redefined (0 events):
No events

Internal exceptions (20 events):
Event: 77.075 Thread 0x00000202853b4000 Exception <a 'sun/nio/fs/WindowsException'{0x000000009798e078}> (0x000000009798e078) thrown at [./src/hotspot/share/prims/jni.cpp, line 615]
Event: 78.987 Thread 0x00000202853b6800 Exception <a 'sun/nio/fs/WindowsException'{0x00000000935670e8}> (0x00000000935670e8) thrown at [./src/hotspot/share/prims/jni.cpp, line 615]
Event: 79.106 Thread 0x00000202853b2800 Exception <a 'sun/nio/fs/WindowsException'{0x00000000933ab0a8}> (0x00000000933ab0a8) thrown at [./src/hotspot/share/prims/jni.cpp, line 615]
Event: 79.295 Thread 0x00000202853b2800 Exception <a 'sun/nio/fs/WindowsException'{0x0000000099dda108}> (0x0000000099dda108) thrown at [./src/hotspot/share/prims/jni.cpp, line 615]
Event: 80.711 Thread 0x00000202853b2800 Exception <a 'sun/nio/fs/WindowsException'{0x0000000099941dd8}> (0x0000000099941dd8) thrown at [./src/hotspot/share/prims/jni.cpp, line 615]
Event: 81.345 Thread 0x00000202853b2800 Exception <a 'sun/nio/fs/WindowsException'{0x0000000097b146c0}> (0x0000000097b146c0) thrown at [./src/hotspot/share/prims/jni.cpp, line 615]
Event: 81.583 Thread 0x00000202853b2800 Exception <a 'sun/nio/fs/WindowsException'{0x0000000097b78cd8}> (0x0000000097b78cd8) thrown at [./src/hotspot/share/prims/jni.cpp, line 615]
Event: 82.132 Thread 0x00000202853b4000 Implicit null exception at 0x00000202f38eff6b to 0x00000202f38eff8c
Event: 82.133 Thread 0x00000202853b4000 Implicit null exception at 0x00000202f37b4a15 to 0x00000202f37b4d50
Event: 82.474 Thread 0x00000202853b2800 Exception <a 'sun/nio/fs/WindowsException'{0x0000000095e6fa10}> (0x0000000095e6fa10) thrown at [./src/hotspot/share/prims/jni.cpp, line 615]
Event: 82.707 Thread 0x00000202853b2800 Exception <a 'sun/nio/fs/WindowsException'{0x000000009591f2a8}> (0x000000009591f2a8) thrown at [./src/hotspot/share/prims/jni.cpp, line 615]
Event: 82.795 Thread 0x00000202853b2800 Exception <a 'sun/nio/fs/WindowsException'{0x000000009567e1b8}> (0x000000009567e1b8) thrown at [./src/hotspot/share/prims/jni.cpp, line 615]
Event: 84.029 Thread 0x00000202853b4000 Exception <a 'sun/nio/fs/WindowsException'{0x00000000945cab60}> (0x00000000945cab60) thrown at [./src/hotspot/share/prims/jni.cpp, line 615]
Event: 89.668 Thread 0x00000202853b8000 Exception <a 'sun/nio/fs/WindowsException'{0x000000009404c258}> (0x000000009404c258) thrown at [./src/hotspot/share/prims/jni.cpp, line 615]
Event: 90.368 Thread 0x00000202853b6800 Exception <a 'sun/nio/fs/WindowsException'{0x000000009414cbd0}> (0x000000009414cbd0) thrown at [./src/hotspot/share/prims/jni.cpp, line 615]
Event: 90.620 Thread 0x00000202853b6800 Exception <a 'sun/nio/fs/WindowsException'{0x0000000093ee50a0}> (0x0000000093ee50a0) thrown at [./src/hotspot/share/prims/jni.cpp, line 615]
Event: 90.649 Thread 0x00000202853b8000 Exception <a 'sun/nio/fs/WindowsException'{0x0000000093ddfe70}> (0x0000000093ddfe70) thrown at [./src/hotspot/share/prims/jni.cpp, line 615]
Event: 90.947 Thread 0x00000202853b4000 Exception <a 'sun/nio/fs/WindowsException'{0x0000000093e34338}> (0x0000000093e34338) thrown at [./src/hotspot/share/prims/jni.cpp, line 615]
Event: 90.990 Thread 0x00000202853b4000 Exception <a 'sun/nio/fs/WindowsException'{0x0000000093a4c208}> (0x0000000093a4c208) thrown at [./src/hotspot/share/prims/jni.cpp, line 615]
Event: 94.474 Thread 0x00000202853b6800 Exception <a 'sun/nio/fs/WindowsException'{0x0000000091e45610}> (0x0000000091e45610) thrown at [./src/hotspot/share/prims/jni.cpp, line 615]

Events (20 events):
Event: 78.614 loading class com/android/tools/r8/graph/W0$i done
Event: 78.636 Thread 0x00000202ffde2800 flushing nmethod 0x00000202ece2dc90
Event: 78.740 Executing VM operation: ICBufferFull
Event: 78.743 Executing VM operation: ICBufferFull done
Event: 79.164 Executing VM operation: G1CollectForAllocation
Event: 79.234 Executing VM operation: G1CollectForAllocation done
Event: 81.305 loading class com/android/tools/r8/code/G0
Event: 81.305 loading class com/android/tools/r8/code/G0 done
Event: 81.306 loading class com/android/tools/r8/code/G0
Event: 81.306 loading class com/android/tools/r8/code/G0 done
Event: 90.377 loading class com/android/tools/r8/internal/XF
Event: 90.377 loading class com/android/tools/r8/internal/XF done
Event: 94.571 loading class com/android/tools/r8/graph/B0$a
Event: 94.571 loading class com/android/tools/r8/graph/B0$a done
Event: 95.551 Executing VM operation: G1CollectForAllocation
Event: 95.709 Executing VM operation: G1CollectForAllocation done
Event: 103.138 Thread 0x00000202918b8800 Thread added: 0x00000202918b8800
Event: 104.590 loading class com/android/tools/r8/internal/a5
Event: 104.590 loading class com/android/tools/r8/internal/a5 done
Event: 104.733 Executing VM operation: G1CollectForAllocation


Dynamic libraries:
0x00007ff647d40000 - 0x00007ff647d4a000 	C:\Program Files\Android\Android Studio1\jre\bin\java.exe
0x00007ffa622b0000 - 0x00007ffa624a5000 	C:\WINDOWS\SYSTEM32\ntdll.dll
0x00007ffa60310000 - 0x00007ffa603cd000 	C:\WINDOWS\System32\KERNEL32.DLL
0x00007ffa5fb30000 - 0x00007ffa5fdfd000 	C:\WINDOWS\System32\KERNELBASE.dll
0x00007ffa5fe50000 - 0x00007ffa5ff50000 	C:\WINDOWS\System32\ucrtbase.dll
0x00007ffa5b880000 - 0x00007ffa5b899000 	C:\Program Files\Android\Android Studio1\jre\bin\jli.dll
0x00007ffa5b860000 - 0x00007ffa5b877000 	C:\Program Files\Android\Android Studio1\jre\bin\VCRUNTIME140.dll
0x00007ffa61ee0000 - 0x00007ffa62080000 	C:\WINDOWS\System32\USER32.dll
0x00007ffa5f9c0000 - 0x00007ffa5f9e2000 	C:\WINDOWS\System32\win32u.dll
0x00007ffa60470000 - 0x00007ffa6049a000 	C:\WINDOWS\System32\GDI32.dll
0x00007ffa5f9f0000 - 0x00007ffa5fafb000 	C:\WINDOWS\System32\gdi32full.dll
0x00007ffa60260000 - 0x00007ffa602fd000 	C:\WINDOWS\System32\msvcp_win.dll
0x00007ffa4ef80000 - 0x00007ffa4f21a000 	C:\WINDOWS\WinSxS\amd64_microsoft.windows.common-controls_6595b64144ccf1df_6.0.19041.1110_none_60b5254171f9507e\COMCTL32.dll
0x00007ffa60b60000 - 0x00007ffa60bfe000 	C:\WINDOWS\System32\msvcrt.dll
0x00007ffa603d0000 - 0x00007ffa60400000 	C:\WINDOWS\System32\IMM32.DLL
0x00007ffa3f590000 - 0x00007ffa3f62d000 	C:\Program Files\Android\Android Studio1\jre\bin\msvcp140.dll
0x00007ffa22730000 - 0x00007ffa23205000 	C:\Program Files\Android\Android Studio1\jre\bin\server\jvm.dll
0x00007ffa62080000 - 0x00007ffa6212e000 	C:\WINDOWS\System32\ADVAPI32.dll
0x00007ffa60ce0000 - 0x00007ffa60d7c000 	C:\WINDOWS\System32\sechost.dll
0x00007ffa62140000 - 0x00007ffa62265000 	C:\WINDOWS\System32\RPCRT4.dll
0x00007ffa62130000 - 0x00007ffa62138000 	C:\WINDOWS\System32\PSAPI.DLL
0x00007ffa5a990000 - 0x00007ffa5a999000 	C:\WINDOWS\SYSTEM32\WSOCK32.dll
0x00007ffa61e70000 - 0x00007ffa61edb000 	C:\WINDOWS\System32\WS2_32.dll
0x00007ffa4d8b0000 - 0x00007ffa4d8d7000 	C:\WINDOWS\SYSTEM32\WINMM.dll
0x00007ffa5a2b0000 - 0x00007ffa5a2ba000 	C:\WINDOWS\SYSTEM32\VERSION.dll
0x00007ffa5d8a0000 - 0x00007ffa5d8b2000 	C:\WINDOWS\SYSTEM32\kernel.appcore.dll
0x00007ffa4d760000 - 0x00007ffa4d771000 	C:\Program Files\Android\Android Studio1\jre\bin\verify.dll
0x00007ffa3d3b0000 - 0x00007ffa3d594000 	C:\WINDOWS\SYSTEM32\DBGHELP.DLL
0x00007ffa3d360000 - 0x00007ffa3d38c000 	C:\WINDOWS\SYSTEM32\dbgcore.DLL
0x00007ffa5ff50000 - 0x00007ffa5ffd2000 	C:\WINDOWS\System32\bcryptPrimitives.dll
0x00007ffa4c3e0000 - 0x00007ffa4c409000 	C:\Program Files\Android\Android Studio1\jre\bin\java.dll
0x00007ffa589c0000 - 0x00007ffa589cb000 	C:\Program Files\Android\Android Studio1\jre\bin\jimage.dll
0x00007ffa4c3c0000 - 0x00007ffa4c3d8000 	C:\Program Files\Android\Android Studio1\jre\bin\zip.dll
0x00007ffa61530000 - 0x00007ffa61c74000 	C:\WINDOWS\System32\SHELL32.dll
0x00007ffa5daa0000 - 0x00007ffa5e234000 	C:\WINDOWS\SYSTEM32\windows.storage.dll
0x00007ffa60e00000 - 0x00007ffa61154000 	C:\WINDOWS\System32\combase.dll
0x00007ffa5f420000 - 0x00007ffa5f44c000 	C:\WINDOWS\SYSTEM32\Wldp.dll
0x00007ffa61dc0000 - 0x00007ffa61e6d000 	C:\WINDOWS\System32\SHCORE.dll
0x00007ffa60c20000 - 0x00007ffa60c75000 	C:\WINDOWS\System32\shlwapi.dll
0x00007ffa5f900000 - 0x00007ffa5f91f000 	C:\WINDOWS\SYSTEM32\profapi.dll
0x00007ffa4c2f0000 - 0x00007ffa4c30a000 	C:\Program Files\Android\Android Studio1\jre\bin\net.dll
0x00007ffa567f0000 - 0x00007ffa568fa000 	C:\WINDOWS\SYSTEM32\WINHTTP.dll
0x00007ffa5f180000 - 0x00007ffa5f1ea000 	C:\WINDOWS\system32\mswsock.dll
0x00007ffa4c2d0000 - 0x00007ffa4c2e4000 	C:\Program Files\Android\Android Studio1\jre\bin\nio.dll
0x00007ffa379c0000 - 0x00007ffa379e7000 	C:\Users\Nguyen Thi Hong Hanh\.gradle\native\8bec1ad78214c89d9ad589b4d07fe93259594b29d510b10fafb7a158f7737e5d\windows-amd64\native-platform.dll
0x00007ffa25ff0000 - 0x00007ffa2612d000 	C:\Users\Nguyen Thi Hong Hanh\.gradle\native\53dbd7edfb1c66fb8903c78663c9afc45aea4f116125fa6feffd364cf09443e8\windows-amd64\native-platform-file-events.dll
0x00007ffa541e0000 - 0x00007ffa541ea000 	C:\Program Files\Android\Android Studio1\jre\bin\management.dll
0x00007ffa4e790000 - 0x00007ffa4e79d000 	C:\Program Files\Android\Android Studio1\jre\bin\management_ext.dll
0x00007ffa5f370000 - 0x00007ffa5f388000 	C:\WINDOWS\SYSTEM32\CRYPTSP.dll
0x00007ffa5ea90000 - 0x00007ffa5eac4000 	C:\WINDOWS\system32\rsaenh.dll
0x00007ffa5fb00000 - 0x00007ffa5fb27000 	C:\WINDOWS\System32\bcrypt.dll
0x00007ffa5f880000 - 0x00007ffa5f8ae000 	C:\WINDOWS\SYSTEM32\USERENV.dll
0x00007ffa5f390000 - 0x00007ffa5f39c000 	C:\WINDOWS\SYSTEM32\CRYPTBASE.dll
0x00007ffa5ee20000 - 0x00007ffa5ee5b000 	C:\WINDOWS\SYSTEM32\IPHLPAPI.DLL
0x00007ffa60300000 - 0x00007ffa60308000 	C:\WINDOWS\System32\NSI.dll
0x00007ffa56340000 - 0x00007ffa56357000 	C:\WINDOWS\SYSTEM32\dhcpcsvc6.DLL
0x00007ffa56650000 - 0x00007ffa5666d000 	C:\WINDOWS\SYSTEM32\dhcpcsvc.DLL
0x00007ffa5ee70000 - 0x00007ffa5ef3b000 	C:\WINDOWS\SYSTEM32\DNSAPI.dll

dbghelp: loaded successfully - version: 4.0.5 - missing functions: none
symbol engine: initialized successfully - sym options: 0x614 - pdb path: .;C:\Program Files\Android\Android Studio1\jre\bin;C:\WINDOWS\SYSTEM32;C:\WINDOWS\WinSxS\amd64_microsoft.windows.common-controls_6595b64144ccf1df_6.0.19041.1110_none_60b5254171f9507e;C:\Program Files\Android\Android Studio1\jre\bin\server;C:\Users\Nguyen Thi Hong Hanh\.gradle\native\8bec1ad78214c89d9ad589b4d07fe93259594b29d510b10fafb7a158f7737e5d\windows-amd64;C:\Users\Nguyen Thi Hong Hanh\.gradle\native\53dbd7edfb1c66fb8903c78663c9afc45aea4f116125fa6feffd364cf09443e8\windows-amd64

VM Arguments:
jvm_args: --add-opens=java.base/java.util=ALL-UNNAMED --add-opens=java.base/java.lang=ALL-UNNAMED --add-opens=java.base/java.lang.invoke=ALL-UNNAMED --add-opens=java.base/java.util=ALL-UNNAMED --add-opens=java.prefs/java.util.prefs=ALL-UNNAMED --add-opens=java.prefs/java.util.prefs=ALL-UNNAMED --add-opens=java.base/java.nio.charset=ALL-UNNAMED --add-opens=java.base/java.net=ALL-UNNAMED --add-opens=java.base/java.util.concurrent.atomic=ALL-UNNAMED -Xmx2048m -Dfile.encoding=UTF-8 -Duser.country=US -Duser.language=en -Duser.variant 
java_command: org.gradle.launcher.daemon.bootstrap.GradleDaemon 7.0.2
java_class_path (initial): C:\Users\Nguyen Thi Hong Hanh\.gradle\wrapper\dists\gradle-7.0.2-all\7era6s5ay7zsbhuvl0oc9g94s\gradle-7.0.2\lib\gradle-launcher-7.0.2.jar
Launcher Type: SUN_STANDARD

[Global flags]
     intx CICompilerCount                          = 3                                         {product} {ergonomic}
     uint ConcGCThreads                            = 1                                         {product} {ergonomic}
     uint G1ConcRefinementThreads                  = 4                                         {product} {ergonomic}
   size_t G1HeapRegionSize                         = 1048576                                   {product} {ergonomic}
    uintx GCDrainStackTargetSize                   = 64                                        {product} {ergonomic}
   size_t InitialHeapSize                          = 65011712                                  {product} {ergonomic}
   size_t MarkStackSize                            = 4194304                                   {product} {ergonomic}
   size_t MaxHeapSize                              = 2147483648                                {product} {command line}
   size_t MaxNewSize                               = 1287651328                                {product} {ergonomic}
   size_t MinHeapDeltaBytes                        = 1048576                                   {product} {ergonomic}
    uintx NonNMethodCodeHeapSize                   = 5830732                                {pd product} {ergonomic}
    uintx NonProfiledCodeHeapSize                  = 122913754                              {pd product} {ergonomic}
    uintx ProfiledCodeHeapSize                     = 122913754                              {pd product} {ergonomic}
    uintx ReservedCodeCacheSize                    = 251658240                              {pd product} {ergonomic}
     bool SegmentedCodeCache                       = true                                      {product} {ergonomic}
     bool UseCompressedClassPointers               = true                                 {lp64_product} {ergonomic}
     bool UseCompressedOops                        = true                                 {lp64_product} {ergonomic}
     bool UseG1GC                                  = true                                      {product} {ergonomic}
     bool UseLargePagesIndividualAllocation        = false                                  {pd product} {ergonomic}

Logging:
Log output configuration:
 #0: stdout all=warning uptime,level,tags
 #1: stderr all=off uptime,level,tags

Environment Variables:
PATH=C:\Program Files (x86)\Microchip\xc8\v1.00\bin;C:\Program Files\Common Files\Oracle\Java\javapath;C:\Program Files (x86)\Common Files\Oracle\Java\javapath;C:\WINDOWS\system32;C:\WINDOWS;C:\WINDOWS\System32\Wbem;C:\WINDOWS\System32\WindowsPowerShell\v1.0\;C:\WINDOWS\System32\OpenSSH\;C:\Program Files\Microsoft SQL Server\Client SDK\ODBC\170\Tools\Binn\;C:\Program Files (x86)\Microsoft SQL Server\150\Tools\Binn\;C:\Program Files\Microsoft SQL Server\150\Tools\Binn\;C:\Program Files\Microsoft SQL Server\150\DTS\Binn\;C:\xampp\php;C:\ProgramData\ComposerSetup\bin;C:\Program Files (x86)\Microchip\xc8\v1.00\bin;C:\Users\Nguyen Thi Hong Hanh\AppData\Local\Microsoft\WindowsApps;C:\Program Files\Azure Data Studio\bin;C:\Users\Nguyen Thi Hong Hanh\AppData\Roaming\Composer\vendor\bin;C:\Program Files\JetBrains\IntelliJ IDEA 2021.3\bin;
USERNAME=Nguyen Thi Hong Hanh
OS=Windows_NT
PROCESSOR_IDENTIFIER=Intel64 Family 6 Model 58 Stepping 9, GenuineIntel



---------------  S Y S T E M  ---------------

OS: Windows 10 , 64 bit Build 19041 (10.0.19041.1706)
OS uptime: 0 days 22:17 hours

CPU:total 4 (initial active 4) (2 cores per cpu, 2 threads per core) family 6 model 58 stepping 9 microcode 0x21, cmov, cx8, fxsr, mmx, sse, sse2, sse3, ssse3, sse4.1, sse4.2, popcnt, avx, clmul, erms, ht, tsc, tscinvbit, tscinv

Memory: 4k page, system-wide physical 3959M (499M free)
TotalPageFile size 12945M (AvailPageFile size 122M)
current process WorkingSet (physical memory assigned to process): 339M, peak: 636M
current process commit charge ("private bytes"): 780M, peak: 1120M

vm_info: OpenJDK 64-Bit Server VM (11.0.11+9-b60-7590822) for windows-amd64 JRE (11.0.11+9-b60-7590822), built on Jul 29 2021 21:43:44 by "builder" with MS VC++ 14.0 (VS2015)

END.
