#
# There is insufficient memory for the Java Runtime Environment to continue.
# Native memory allocation (mmap) failed to map 342884352 bytes for Failed to commit area from 0x0000000094f00000 to 0x00000000a9600000 of length 342884352.
# Possible reasons:
#   The system is out of physical RAM or swap space
#   The process is running with CompressedOops enabled, and the Java Heap may be blocking the growth of the native heap
# Possible solutions:
#   Reduce memory load on the system
#   Increase physical memory or swap space
#   Check if swap backing store is full
#   Decrease Java heap size (-Xmx/-Xms)
#   Decrease number of Java threads
#   Decrease Java thread stack sizes (-Xss)
#   Set larger code cache with -XX:ReservedCodeCacheSize=
#   JVM is running with Unscaled Compressed Oops mode in which the Java heap is
#     placed in the first 4GB address space. The Java Heap base address is the
#     maximum limit for the native heap growth. Please use -XX:HeapBaseMinAddress
#     to set the Java Heap base and to place the Java Heap above 4GB virtual address.
# This output file may be truncated or incomplete.
#
#  Out of Memory Error (./src/hotspot/os/windows/os_windows.cpp:3301), pid=4464, tid=10044
#
# JRE version: OpenJDK Runtime Environment (11.0.11+9) (build 11.0.11+9-b60-7590822)
# Java VM: OpenJDK 64-Bit Server VM (11.0.11+9-b60-7590822, mixed mode, tiered, compressed oops, g1 gc, windows-amd64)
# No core dump will be written. Minidumps are not enabled by default on client versions of Windows
#

---------------  S U M M A R Y ------------

Command Line: --add-opens=java.base/java.util=ALL-UNNAMED --add-opens=java.base/java.lang=ALL-UNNAMED --add-opens=java.base/java.lang.invoke=ALL-UNNAMED --add-opens=java.base/java.util=ALL-UNNAMED --add-opens=java.prefs/java.util.prefs=ALL-UNNAMED --add-opens=java.prefs/java.util.prefs=ALL-UNNAMED --add-opens=java.base/java.nio.charset=ALL-UNNAMED --add-opens=java.base/java.net=ALL-UNNAMED --add-opens=java.base/java.util.concurrent.atomic=ALL-UNNAMED -Xmx2048m -Dfile.encoding=UTF-8 -Duser.country=US -Duser.language=en -Duser.variant org.gradle.launcher.daemon.bootstrap.GradleDaemon 7.0.2

Host: Intel(R) Core(TM) i3-3110M CPU @ 2.40GHz, 4 cores, 3G,  Windows 10 , 64 bit Build 19041 (10.0.19041.1706)
Time: Sun May 15 22:03:21 2022 SE Asia Standard Time elapsed time: 134.294812 seconds (0d 0h 2m 14s)

---------------  T H R E A D  ---------------

Current thread (0x00000256cbf57000):  VMThread "VM Thread" [stack: 0x000000dfa5f00000,0x000000dfa6000000] [id=10044]

Stack: [0x000000dfa5f00000,0x000000dfa6000000]
[error occurred during error reporting (printing stack bounds), id 0xc0000005, EXCEPTION_ACCESS_VIOLATION (0xc0000005) at pc=0x00000256b5eb0f2d]

Native frames: (J=compiled Java code, j=interpreted, Vv=VM code, C=native code)
V  [jvm.dll+0x5f214a]
V  [jvm.dll+0x726fb5]
V  [jvm.dll+0x7285cd]
V  [jvm.dll+0x728be5]
V  [jvm.dll+0x728b9b]
V  [jvm.dll+0x5f14e8]
V  [jvm.dll+0x5f1c78]
C  [ntdll.dll+0xa209f]
C  [ntdll.dll+0x51454]
C  [ntdll.dll+0xa0bce]
C  0x00000256b5eb0f2d

VM_Operation (0x000000dfa79fe0b0): G1CollectForAllocation, mode: safepoint, requested by thread 0x00000256cec36800


---------------  P R O C E S S  ---------------

Threads class SMR info:
_java_thread_list=0x00000256ced01ef0, length=47, elements={
0x00000256b23ae800, 0x00000256cbf59800, 0x00000256cbf5e800, 0x00000256cbfb7000,
0x00000256cbfba000, 0x00000256cbfbb000, 0x00000256cbfcc800, 0x00000256cbfcf800,
0x00000256cbfd1000, 0x00000256cca30800, 0x00000256ce4ae800, 0x00000256cdd31800,
0x00000256cddff800, 0x00000256cd7af000, 0x00000256ce7ae000, 0x00000256cec3a000,
0x00000256cec3a800, 0x00000256cec36800, 0x00000256cec39000, 0x00000256cec37800,
0x00000256cff2b800, 0x00000256cff2d000, 0x00000256cff2f000, 0x00000256cff2a800,
0x00000256cff36000, 0x00000256cff34800, 0x00000256ccdb1800, 0x00000256ccdac800,
0x00000256ccdb0000, 0x00000256ccdac000, 0x00000256ccdb3000, 0x00000256ccdad800,
0x00000256ccdb4000, 0x00000256ccdb1000, 0x00000256ccdb5000, 0x00000256ccdaf000,
0x00000256ccdb8000, 0x00000256ccdb5800, 0x00000256ccdb2800, 0x00000256ccdb6800,
0x00000256ccdba800, 0x00000256ccdb7800, 0x00000256ccdba000, 0x00000256cff30800,
0x00000256cff31800, 0x00000256cff2c800, 0x00000256cff37000
}

Java Threads: ( => current thread )
  0x00000256b23ae800 JavaThread "main" [_thread_blocked, id=10356, stack(0x000000dfa5900000,0x000000dfa5a00000)]
  0x00000256cbf59800 JavaThread "Reference Handler" daemon [_thread_blocked, id=5772, stack(0x000000dfa6000000,0x000000dfa6100000)]
  0x00000256cbf5e800 JavaThread "Finalizer" daemon [_thread_blocked, id=8864, stack(0x000000dfa6100000,0x000000dfa6200000)]
  0x00000256cbfb7000 JavaThread "Signal Dispatcher" daemon [_thread_blocked, id=10716, stack(0x000000dfa6200000,0x000000dfa6300000)]
  0x00000256cbfba000 JavaThread "Attach Listener" daemon [_thread_blocked, id=5692, stack(0x000000dfa6300000,0x000000dfa6400000)]
  0x00000256cbfbb000 JavaThread "Service Thread" daemon [_thread_blocked, id=9052, stack(0x000000dfa6400000,0x000000dfa6500000)]
  0x00000256cbfcc800 JavaThread "C2 CompilerThread0" daemon [_thread_in_native, id=1212, stack(0x000000dfa6500000,0x000000dfa6600000)]
  0x00000256cbfcf800 JavaThread "C1 CompilerThread0" daemon [_thread_blocked, id=3676, stack(0x000000dfa6600000,0x000000dfa6700000)]
  0x00000256cbfd1000 JavaThread "Sweeper thread" daemon [_thread_blocked, id=8068, stack(0x000000dfa6700000,0x000000dfa6800000)]
  0x00000256cca30800 JavaThread "Common-Cleaner" daemon [_thread_blocked, id=1892, stack(0x000000dfa6800000,0x000000dfa6900000)]
  0x00000256ce4ae800 JavaThread "Daemon health stats" [_thread_blocked, id=12852, stack(0x000000dfa6c00000,0x000000dfa6d00000)]
  0x00000256cdd31800 JavaThread "Incoming local TCP Connector on port 50484" [_thread_in_native, id=6932, stack(0x000000dfa6a00000,0x000000dfa6b00000)]
  0x00000256cddff800 JavaThread "Daemon periodic checks" [_thread_blocked, id=10972, stack(0x000000dfa6f00000,0x000000dfa7000000)]
  0x00000256cd7af000 JavaThread "Daemon" [_thread_blocked, id=12828, stack(0x000000dfa7000000,0x000000dfa7100000)]
  0x00000256ce7ae000 JavaThread "Daemon worker" [_thread_blocked, id=12848, stack(0x000000dfa7300000,0x000000dfa7400000)]
  0x00000256cec3a000 JavaThread "Cache worker for file hash cache (C:\Users\Nguyen Thi Hong Hanh\.gradle\caches\7.0.2\fileHashes)" [_thread_blocked, id=6936, stack(0x000000dfa7700000,0x000000dfa7800000)]
  0x00000256cec3a800 JavaThread "File lock request listener" [_thread_in_native, id=11732, stack(0x000000dfa7800000,0x000000dfa7900000)]
  0x00000256cec36800 JavaThread "Cache worker for journal cache (C:\Users\Nguyen Thi Hong Hanh\.gradle\caches\journal-1)" [_thread_blocked, id=12480, stack(0x000000dfa7900000,0x000000dfa7a00000)]
  0x00000256cec39000 JavaThread "File watcher server" daemon [_thread_blocked, id=4472, stack(0x000000dfa7c00000,0x000000dfa7d00000)]
  0x00000256cec37800 JavaThread "File watcher consumer" daemon [_thread_blocked, id=4348, stack(0x000000dfa7d00000,0x000000dfa7e00000)]
  0x00000256cff2b800 JavaThread "Cache worker for execution history cache (C:\Users\Nguyen Thi Hong Hanh\.gradle\caches\7.0.2\executionHistory)" [_thread_blocked, id=6600, stack(0x000000dfa8100000,0x000000dfa8200000)]
  0x00000256cff2d000 JavaThread "jar transforms" [_thread_blocked, id=5588, stack(0x000000dfa8200000,0x000000dfa8300000)]
  0x00000256cff2f000 JavaThread "jar transforms Thread 2" [_thread_blocked, id=12316, stack(0x000000dfa8300000,0x000000dfa8400000)]
  0x00000256cff2a800 JavaThread "Cache worker for file content cache (C:\Users\Nguyen Thi Hong Hanh\.gradle\caches\7.0.2\fileContent)" [_thread_blocked, id=12500, stack(0x000000dfa8400000,0x000000dfa8500000)]
  0x00000256cff36000 JavaThread "jar transforms Thread 3" [_thread_blocked, id=3744, stack(0x000000dfa8500000,0x000000dfa8600000)]
  0x00000256cff34800 JavaThread "jar transforms Thread 4" [_thread_blocked, id=6752, stack(0x000000dfa8600000,0x000000dfa8700000)]
  0x00000256ccdb1800 JavaThread "Memory manager" [_thread_blocked, id=12112, stack(0x000000dfa8d00000,0x000000dfa8e00000)]
  0x00000256ccdac800 JavaThread "Handler for socket connection from /127.0.0.1:50484 to /127.0.0.1:50681" [_thread_in_native, id=11300, stack(0x000000dfa5600000,0x000000dfa5700000)]
  0x00000256ccdb0000 JavaThread "Cancel handler" [_thread_blocked, id=12916, stack(0x000000dfa5700000,0x000000dfa5800000)]
  0x00000256ccdac000 JavaThread "Asynchronous log dispatcher for DefaultDaemonConnection: socket connection from /127.0.0.1:50484 to /127.0.0.1:50681" [_thread_blocked, id=6572, stack(0x000000dfa5800000,0x000000dfa5900000)]
  0x00000256ccdb3000 JavaThread "Daemon client event forwarder" [_thread_blocked, id=12276, stack(0x000000dfa7500000,0x000000dfa7600000)]
  0x00000256ccdad800 JavaThread "Cache worker for file hash cache (D:\AppFinal411\.gradle\7.0.2\fileHashes)" [_thread_blocked, id=7564, stack(0x000000dfa7600000,0x000000dfa7700000)]
  0x00000256ccdb4000 JavaThread "Cache worker for checksums cache (D:\AppFinal411\.gradle\checksums)" [_thread_blocked, id=12016, stack(0x000000dfa7a00000,0x000000dfa7b00000)]
  0x00000256ccdb1000 JavaThread "Cache worker for cache directory md-supplier (C:\Users\Nguyen Thi Hong Hanh\.gradle\caches\7.0.2\md-supplier)" [_thread_blocked, id=12396, stack(0x000000dfa7b00000,0x000000dfa7c00000)]
  0x00000256ccdb5000 JavaThread "Cache worker for cache directory md-rule (C:\Users\Nguyen Thi Hong Hanh\.gradle\caches\7.0.2\md-rule)" [_thread_blocked, id=10784, stack(0x000000dfa7e00000,0x000000dfa7f00000)]
  0x00000256ccdaf000 JavaThread "Cache worker for dependencies-accessors (D:\AppFinal411\.gradle\7.0.2\dependencies-accessors)" [_thread_blocked, id=10808, stack(0x000000dfa7f00000,0x000000dfa8000000)]
  0x00000256ccdb8000 JavaThread "Cache worker for Build Output Cleanup Cache (D:\AppFinal411\.gradle\buildOutputCleanup)" [_thread_blocked, id=7804, stack(0x000000dfa8000000,0x000000dfa8100000)]
  0x00000256ccdb5800 JavaThread "Build operations" [_thread_blocked, id=10980, stack(0x000000dfa8700000,0x000000dfa8800000)]
  0x00000256ccdb2800 JavaThread "Build operations Thread 2" [_thread_blocked, id=6868, stack(0x000000dfa8800000,0x000000dfa8900000)]
  0x00000256ccdb6800 JavaThread "Build operations Thread 3" [_thread_blocked, id=7196, stack(0x000000dfa8900000,0x000000dfa8a00000)]
  0x00000256ccdba800 JavaThread "Build operations Thread 4" [_thread_blocked, id=10620, stack(0x000000dfa8a00000,0x000000dfa8b00000)]
  0x00000256ccdb7800 JavaThread "build event listener" [_thread_blocked, id=7544, stack(0x000000dfa8b00000,0x000000dfa8c00000)]
  0x00000256ccdba000 JavaThread "Execution worker for ':'" [_thread_blocked, id=2736, stack(0x000000dfa8c00000,0x000000dfa8d00000)]
  0x00000256cff30800 JavaThread "Execution worker for ':' Thread 2" [_thread_blocked, id=4164, stack(0x000000dfa8e00000,0x000000dfa8f00000)]
  0x00000256cff31800 JavaThread "Execution worker for ':' Thread 3" [_thread_blocked, id=12876, stack(0x000000dfa8f00000,0x000000dfa9000000)]
  0x00000256cff2c800 JavaThread "Cache worker for execution history cache (D:\AppFinal411\.gradle\7.0.2\executionHistory)" [_thread_blocked, id=8692, stack(0x000000dfa9000000,0x000000dfa9100000)]
  0x00000256cff37000 JavaThread "WorkerExecutor Queue" [_thread_blocked, id=12800, stack(0x000000dfa9100000,0x000000dfa9200000)]

Other Threads:
=>0x00000256cbf57000 VMThread "VM Thread" [stack: 0x000000dfa5f00000,0x000000dfa6000000] [id=10044]
  0x00000256cca3d800 WatcherThread [stack: 0x000000dfa6900000,0x000000dfa6a00000] [id=13132]
  0x00000256b23c6800 GCTaskThread "GC Thread#0" [stack: 0x000000dfa5a00000,0x000000dfa5b00000] [id=2148]
  0x00000256ccda2800 GCTaskThread "GC Thread#1" [stack: 0x000000dfa6b00000,0x000000dfa6c00000] [id=6472]
  0x00000256cec95800 GCTaskThread "GC Thread#2" [stack: 0x000000dfa6d00000,0x000000dfa6e00000] [id=11372]
  0x00000256cdf4f000 GCTaskThread "GC Thread#3" [stack: 0x000000dfa6e00000,0x000000dfa6f00000] [id=11396]
  0x00000256b23f7800 ConcurrentGCThread "G1 Main Marker" [stack: 0x000000dfa5b00000,0x000000dfa5c00000] [id=11640]
  0x00000256b23fa000 ConcurrentGCThread "G1 Conc#0" [stack: 0x000000dfa5c00000,0x000000dfa5d00000] [id=5008]
  0x00000256b2457000 ConcurrentGCThread "G1 Refine#0" [stack: 0x000000dfa5d00000,0x000000dfa5e00000] [id=2480]
  0x00000256b2458000 ConcurrentGCThread "G1 Young RemSet Sampling" [stack: 0x000000dfa5e00000,0x000000dfa5f00000] [id=3828]

Threads with active compile tasks:
C2 CompilerThread0 134444 17759       4       com.android.tools.r8.internal.X4::a (1165 bytes)
C1 CompilerThread0 134445 17825       2       com.android.tools.r8.internal.i2::b (325 bytes)

VM state:at safepoint (normal execution)

VM Mutex/Monitor currently owned by a thread:  ([mutex/lock_event])
[0x00000256b23abf50] Threads_lock - owner thread: 0x00000256cbf57000
[0x00000256b23aa690] Heap_lock - owner thread: 0x00000256cec36800

Heap address: 0x0000000080000000, size: 2048 MB, Compressed Oops mode: 32-bit
Narrow klass base: 0x0000000000000000, Narrow klass shift: 3
Compressed class space size: 1073741824 Address: 0x0000000100000000

Heap:
 garbage-first heap   total 677888K, used 138433K [0x0000000080000000, 0x0000000100000000)
  region size 1024K, 2 young (2048K), 2 survivors (2048K)
 Metaspace       used 106415K, capacity 109359K, committed 109680K, reserved 1144832K
  class space    used 13682K, capacity 14756K, committed 14872K, reserved 1048576K
Heap Regions: E=young(eden), S=young(survivor), O=old, HS=humongous(starts), HC=humongous(continues), CS=collection set, F=free, A=archive, TAMS=top-at-mark-start (previous, next)
|   0|0x0000000080000000, 0x0000000080100000, 0x0000000080100000|100%|HS|  |TAMS 0x0000000080100000, 0x0000000080000000| Complete 
|   1|0x0000000080100000, 0x0000000080200000, 0x0000000080200000|100%|HC|  |TAMS 0x0000000080200000, 0x0000000080100000| Complete 
|   2|0x0000000080200000, 0x0000000080300000, 0x0000000080300000|100%|HC|  |TAMS 0x0000000080300000, 0x0000000080200000| Complete 
|   3|0x0000000080300000, 0x0000000080400000, 0x0000000080400000|100%| O|  |TAMS 0x0000000080400000, 0x0000000080300000| Untracked 
|   4|0x0000000080400000, 0x0000000080500000, 0x0000000080500000|100%| O|  |TAMS 0x0000000080500000, 0x0000000080400000| Untracked 
|   5|0x0000000080500000, 0x0000000080600000, 0x0000000080600000|100%| O|  |TAMS 0x0000000080600000, 0x0000000080500000| Untracked 
|   6|0x0000000080600000, 0x0000000080700000, 0x0000000080700000|100%| O|  |TAMS 0x0000000080700000, 0x0000000080600000| Untracked 
|   7|0x0000000080700000, 0x0000000080800000, 0x0000000080800000|100%| O|  |TAMS 0x0000000080800000, 0x0000000080700000| Untracked 
|   8|0x0000000080800000, 0x0000000080900000, 0x0000000080900000|100%| O|  |TAMS 0x0000000080900000, 0x0000000080800000| Untracked 
|   9|0x0000000080900000, 0x0000000080a00000, 0x0000000080a00000|100%| O|  |TAMS 0x0000000080a00000, 0x0000000080900000| Untracked 
|  10|0x0000000080a00000, 0x0000000080b00000, 0x0000000080b00000|100%| O|  |TAMS 0x0000000080b00000, 0x0000000080a00000| Untracked 
|  11|0x0000000080b00000, 0x0000000080c00000, 0x0000000080c00000|100%| O|  |TAMS 0x0000000080c00000, 0x0000000080b00000| Untracked 
|  12|0x0000000080c00000, 0x0000000080d00000, 0x0000000080d00000|100%| O|  |TAMS 0x0000000080d00000, 0x0000000080c00000| Untracked 
|  13|0x0000000080d00000, 0x0000000080e00000, 0x0000000080e00000|100%| O|  |TAMS 0x0000000080e00000, 0x0000000080d00000| Untracked 
|  14|0x0000000080e00000, 0x0000000080f00000, 0x0000000080f00000|100%| O|  |TAMS 0x0000000080f00000, 0x0000000080e00000| Untracked 
|  15|0x0000000080f00000, 0x0000000081000000, 0x0000000081000000|100%| O|  |TAMS 0x0000000081000000, 0x0000000080f00000| Untracked 
|  16|0x0000000081000000, 0x0000000081100000, 0x0000000081100000|100%| O|  |TAMS 0x0000000081100000, 0x0000000081000000| Untracked 
|  17|0x0000000081100000, 0x0000000081200000, 0x0000000081200000|100%| O|  |TAMS 0x0000000081200000, 0x0000000081100000| Untracked 
|  18|0x0000000081200000, 0x0000000081300000, 0x0000000081300000|100%| O|  |TAMS 0x0000000081300000, 0x0000000081200000| Untracked 
|  19|0x0000000081300000, 0x0000000081400000, 0x0000000081400000|100%| O|  |TAMS 0x0000000081400000, 0x0000000081300000| Untracked 
|  20|0x0000000081400000, 0x0000000081500000, 0x0000000081500000|100%| O|  |TAMS 0x0000000081500000, 0x0000000081400000| Untracked 
|  21|0x0000000081500000, 0x0000000081600000, 0x0000000081600000|100%| O|  |TAMS 0x0000000081600000, 0x0000000081500000| Untracked 
|  22|0x0000000081600000, 0x0000000081700000, 0x0000000081700000|100%| O|  |TAMS 0x0000000081700000, 0x0000000081600000| Untracked 
|  23|0x0000000081700000, 0x0000000081800000, 0x0000000081800000|100%| O|  |TAMS 0x0000000081800000, 0x0000000081700000| Untracked 
|  24|0x0000000081800000, 0x0000000081900000, 0x0000000081900000|100%| O|  |TAMS 0x0000000081900000, 0x0000000081800000| Untracked 
|  25|0x0000000081900000, 0x0000000081a00000, 0x0000000081a00000|100%| O|  |TAMS 0x0000000081a00000, 0x0000000081900000| Untracked 
|  26|0x0000000081a00000, 0x0000000081b00000, 0x0000000081b00000|100%| O|  |TAMS 0x0000000081b00000, 0x0000000081a00000| Untracked 
|  27|0x0000000081b00000, 0x0000000081c00000, 0x0000000081c00000|100%| O|  |TAMS 0x0000000081c00000, 0x0000000081b00000| Untracked 
|  28|0x0000000081c00000, 0x0000000081d00000, 0x0000000081d00000|100%| O|  |TAMS 0x0000000081d00000, 0x0000000081c00000| Untracked 
|  29|0x0000000081d00000, 0x0000000081e00000, 0x0000000081e00000|100%| O|  |TAMS 0x0000000081e00000, 0x0000000081d00000| Untracked 
|  30|0x0000000081e00000, 0x0000000081f00000, 0x0000000081f00000|100%| O|  |TAMS 0x0000000081f00000, 0x0000000081e00000| Untracked 
|  31|0x0000000081f00000, 0x0000000082000000, 0x0000000082000000|100%| O|  |TAMS 0x0000000082000000, 0x0000000081f00000| Untracked 
|  32|0x0000000082000000, 0x0000000082100000, 0x0000000082100000|100%| O|  |TAMS 0x0000000082100000, 0x0000000082000000| Untracked 
|  33|0x0000000082100000, 0x0000000082200000, 0x0000000082200000|100%| O|  |TAMS 0x0000000082200000, 0x0000000082100000| Untracked 
|  34|0x0000000082200000, 0x0000000082300000, 0x0000000082300000|100%| O|  |TAMS 0x0000000082300000, 0x0000000082200000| Untracked 
|  35|0x0000000082300000, 0x0000000082400000, 0x0000000082400000|100%| O|  |TAMS 0x0000000082400000, 0x0000000082300000| Untracked 
|  36|0x0000000082400000, 0x0000000082500000, 0x0000000082500000|100%|HS|  |TAMS 0x0000000082500000, 0x0000000082400000| Complete 
|  37|0x0000000082500000, 0x0000000082600000, 0x0000000082600000|100%| O|  |TAMS 0x0000000082600000, 0x0000000082500000| Untracked 
|  38|0x0000000082600000, 0x0000000082700000, 0x0000000082700000|100%| O|  |TAMS 0x0000000082700000, 0x0000000082600000| Untracked 
|  39|0x0000000082700000, 0x0000000082800000, 0x0000000082800000|100%| O|  |TAMS 0x0000000082800000, 0x0000000082700000| Untracked 
|  40|0x0000000082800000, 0x0000000082900000, 0x0000000082900000|100%| O|  |TAMS 0x0000000082900000, 0x0000000082800000| Untracked 
|  41|0x0000000082900000, 0x0000000082a00000, 0x0000000082a00000|100%| O|  |TAMS 0x0000000082a00000, 0x0000000082900000| Untracked 
|  42|0x0000000082a00000, 0x0000000082b00000, 0x0000000082b00000|100%|HS|  |TAMS 0x0000000082b00000, 0x0000000082a00000| Complete 
|  43|0x0000000082b00000, 0x0000000082c00000, 0x0000000082c00000|100%|HS|  |TAMS 0x0000000082c00000, 0x0000000082b00000| Complete 
|  44|0x0000000082c00000, 0x0000000082d00000, 0x0000000082d00000|100%|HC|  |TAMS 0x0000000082d00000, 0x0000000082c00000| Complete 
|  45|0x0000000082d00000, 0x0000000082e00000, 0x0000000082e00000|100%| O|  |TAMS 0x0000000082e00000, 0x0000000082d00000| Untracked 
|  46|0x0000000082e00000, 0x0000000082f00000, 0x0000000082f00000|100%| O|  |TAMS 0x0000000082e00000, 0x0000000082e00000| Untracked 
|  47|0x0000000082f00000, 0x0000000083000000, 0x0000000083000000|100%| O|  |TAMS 0x0000000083000000, 0x0000000082f00000| Untracked 
|  48|0x0000000083000000, 0x0000000083100000, 0x0000000083100000|100%| O|  |TAMS 0x0000000083100000, 0x0000000083000000| Untracked 
|  49|0x0000000083100000, 0x0000000083200000, 0x0000000083200000|100%| O|  |TAMS 0x0000000083200000, 0x0000000083100000| Untracked 
|  50|0x0000000083200000, 0x0000000083300000, 0x0000000083300000|100%| O|  |TAMS 0x0000000083300000, 0x0000000083200000| Untracked 
|  51|0x0000000083300000, 0x0000000083344400, 0x0000000083400000| 26%| O|  |TAMS 0x0000000083300000, 0x0000000083300000| Untracked 
|  52|0x0000000083400000, 0x0000000083500000, 0x0000000083500000|100%| O|  |TAMS 0x0000000083500000, 0x0000000083400000| Untracked 
|  53|0x0000000083500000, 0x0000000083600000, 0x0000000083600000|100%| O|  |TAMS 0x0000000083600000, 0x0000000083500000| Untracked 
|  54|0x0000000083600000, 0x0000000083700000, 0x0000000083700000|100%| O|  |TAMS 0x0000000083700000, 0x0000000083600000| Untracked 
|  55|0x0000000083700000, 0x0000000083800000, 0x0000000083800000|100%| O|  |TAMS 0x0000000083800000, 0x0000000083700000| Untracked 
|  56|0x0000000083800000, 0x0000000083900000, 0x0000000083900000|100%| O|  |TAMS 0x0000000083900000, 0x0000000083800000| Untracked 
|  57|0x0000000083900000, 0x0000000083a00000, 0x0000000083a00000|100%| O|  |TAMS 0x0000000083a00000, 0x0000000083900000| Untracked 
|  58|0x0000000083a00000, 0x0000000083b00000, 0x0000000083b00000|100%| O|  |TAMS 0x0000000083b00000, 0x0000000083a00000| Untracked 
|  59|0x0000000083b00000, 0x0000000083c00000, 0x0000000083c00000|100%| O|  |TAMS 0x0000000083c00000, 0x0000000083b00000| Untracked 
|  60|0x0000000083c00000, 0x0000000083d00000, 0x0000000083d00000|100%| O|  |TAMS 0x0000000083d00000, 0x0000000083c00000| Untracked 
|  61|0x0000000083d00000, 0x0000000083e00000, 0x0000000083e00000|100%| O|  |TAMS 0x0000000083e00000, 0x0000000083d00000| Untracked 
|  62|0x0000000083e00000, 0x0000000083f00000, 0x0000000083f00000|100%| O|  |TAMS 0x0000000083f00000, 0x0000000083e00000| Untracked 
|  63|0x0000000083f00000, 0x0000000084000000, 0x0000000084000000|100%| O|  |TAMS 0x0000000084000000, 0x0000000083f00000| Untracked 
|  64|0x0000000084000000, 0x0000000084100000, 0x0000000084100000|100%| O|  |TAMS 0x0000000084100000, 0x0000000084000000| Untracked 
|  65|0x0000000084100000, 0x0000000084200000, 0x0000000084200000|100%| O|  |TAMS 0x0000000084200000, 0x0000000084100000| Untracked 
|  66|0x0000000084200000, 0x0000000084300000, 0x0000000084300000|100%| O|  |TAMS 0x0000000084300000, 0x0000000084200000| Untracked 
|  67|0x0000000084300000, 0x0000000084400000, 0x0000000084400000|100%| O|  |TAMS 0x0000000084400000, 0x0000000084300000| Untracked 
|  68|0x0000000084400000, 0x0000000084400000, 0x0000000084500000|  0%| F|  |TAMS 0x0000000084400000, 0x0000000084400000| Untracked 
|  69|0x0000000084500000, 0x0000000084600000, 0x0000000084600000|100%| O|  |TAMS 0x0000000084600000, 0x0000000084500000| Untracked 
|  70|0x0000000084600000, 0x0000000084700000, 0x0000000084700000|100%| O|  |TAMS 0x0000000084700000, 0x0000000084600000| Untracked 
|  71|0x0000000084700000, 0x0000000084800000, 0x0000000084800000|100%| O|  |TAMS 0x0000000084800000, 0x0000000084700000| Untracked 
|  72|0x0000000084800000, 0x0000000084900000, 0x0000000084900000|100%| O|  |TAMS 0x0000000084900000, 0x0000000084800000| Untracked 
|  73|0x0000000084900000, 0x0000000084a00000, 0x0000000084a00000|100%| O|  |TAMS 0x0000000084a00000, 0x0000000084900000| Untracked 
|  74|0x0000000084a00000, 0x0000000084b00000, 0x0000000084b00000|100%| O|  |TAMS 0x0000000084b00000, 0x0000000084a00000| Untracked 
|  75|0x0000000084b00000, 0x0000000084c00000, 0x0000000084c00000|100%| O|  |TAMS 0x0000000084c00000, 0x0000000084b00000| Untracked 
|  76|0x0000000084c00000, 0x0000000084d00000, 0x0000000084d00000|100%| O|  |TAMS 0x0000000084d00000, 0x0000000084c00000| Untracked 
|  77|0x0000000084d00000, 0x0000000084e00000, 0x0000000084e00000|100%| O|  |TAMS 0x0000000084e00000, 0x0000000084d00000| Untracked 
|  78|0x0000000084e00000, 0x0000000084f00000, 0x0000000084f00000|100%| O|  |TAMS 0x0000000084f00000, 0x0000000084e00000| Untracked 
|  79|0x0000000084f00000, 0x0000000085000000, 0x0000000085000000|100%| O|  |TAMS 0x0000000085000000, 0x0000000084f00000| Untracked 
|  80|0x0000000085000000, 0x0000000085100000, 0x0000000085100000|100%| O|  |TAMS 0x0000000085100000, 0x0000000085000000| Untracked 
|  81|0x0000000085100000, 0x0000000085200000, 0x0000000085200000|100%| O|  |TAMS 0x0000000085200000, 0x0000000085100000| Untracked 
|  82|0x0000000085200000, 0x0000000085300000, 0x0000000085300000|100%| O|  |TAMS 0x0000000085300000, 0x0000000085200000| Untracked 
|  83|0x0000000085300000, 0x0000000085400000, 0x0000000085400000|100%| O|  |TAMS 0x0000000085400000, 0x0000000085300000| Untracked 
|  84|0x0000000085400000, 0x0000000085500000, 0x0000000085500000|100%| O|  |TAMS 0x0000000085500000, 0x0000000085400000| Untracked 
|  85|0x0000000085500000, 0x0000000085600000, 0x0000000085600000|100%| O|  |TAMS 0x0000000085600000, 0x0000000085500000| Untracked 
|  86|0x0000000085600000, 0x0000000085700000, 0x0000000085700000|100%| O|  |TAMS 0x0000000085700000, 0x0000000085600000| Untracked 
|  87|0x0000000085700000, 0x0000000085800000, 0x0000000085800000|100%| O|  |TAMS 0x0000000085800000, 0x0000000085700000| Untracked 
|  88|0x0000000085800000, 0x0000000085900000, 0x0000000085900000|100%| O|  |TAMS 0x0000000085800000, 0x0000000085800000| Untracked 
|  89|0x0000000085900000, 0x0000000085a00000, 0x0000000085a00000|100%| O|  |TAMS 0x0000000085a00000, 0x0000000085900000| Untracked 
|  90|0x0000000085a00000, 0x0000000085b00000, 0x0000000085b00000|100%| O|  |TAMS 0x0000000085b00000, 0x0000000085a00000| Untracked 
|  91|0x0000000085b00000, 0x0000000085c00000, 0x0000000085c00000|100%| O|  |TAMS 0x0000000085c00000, 0x0000000085b00000| Untracked 
|  92|0x0000000085c00000, 0x0000000085d00000, 0x0000000085d00000|100%| O|  |TAMS 0x0000000085d00000, 0x0000000085c00000| Untracked 
|  93|0x0000000085d00000, 0x0000000085e00000, 0x0000000085e00000|100%| O|  |TAMS 0x0000000085e00000, 0x0000000085d00000| Untracked 
|  94|0x0000000085e00000, 0x0000000085f00000, 0x0000000085f00000|100%| O|  |TAMS 0x0000000085f00000, 0x0000000085e00000| Untracked 
|  95|0x0000000085f00000, 0x0000000086000000, 0x0000000086000000|100%| O|  |TAMS 0x0000000086000000, 0x0000000085f00000| Untracked 
|  96|0x0000000086000000, 0x0000000086100000, 0x0000000086100000|100%| O|  |TAMS 0x0000000086100000, 0x0000000086000000| Untracked 
|  97|0x0000000086100000, 0x0000000086200000, 0x0000000086200000|100%| O|  |TAMS 0x0000000086200000, 0x0000000086100000| Untracked 
|  98|0x0000000086200000, 0x0000000086300000, 0x0000000086300000|100%| O|  |TAMS 0x0000000086300000, 0x0000000086200000| Untracked 
|  99|0x0000000086300000, 0x0000000086400000, 0x0000000086400000|100%| O|  |TAMS 0x0000000086400000, 0x0000000086300000| Untracked 
| 100|0x0000000086400000, 0x0000000086500000, 0x0000000086500000|100%| O|  |TAMS 0x0000000086500000, 0x0000000086400000| Untracked 
| 101|0x0000000086500000, 0x0000000086600000, 0x0000000086600000|100%| O|  |TAMS 0x0000000086600000, 0x0000000086500000| Untracked 
| 102|0x0000000086600000, 0x0000000086600000, 0x0000000086700000|  0%| F|  |TAMS 0x0000000086600000, 0x0000000086600000| Untracked 
| 103|0x0000000086700000, 0x0000000086800000, 0x0000000086800000|100%| O|  |TAMS 0x0000000086800000, 0x0000000086700000| Untracked 
| 104|0x0000000086800000, 0x0000000086900000, 0x0000000086900000|100%| O|  |TAMS 0x0000000086900000, 0x0000000086800000| Untracked 
| 105|0x0000000086900000, 0x0000000086a00000, 0x0000000086a00000|100%| O|  |TAMS 0x0000000086900000, 0x0000000086900000| Untracked 
| 106|0x0000000086a00000, 0x0000000086b00000, 0x0000000086b00000|100%| O|  |TAMS 0x0000000086b00000, 0x0000000086a00000| Untracked 
| 107|0x0000000086b00000, 0x0000000086c00000, 0x0000000086c00000|100%| O|  |TAMS 0x0000000086c00000, 0x0000000086b00000| Untracked 
| 108|0x0000000086c00000, 0x0000000086d00000, 0x0000000086d00000|100%| O|  |TAMS 0x0000000086d00000, 0x0000000086c00000| Untracked 
| 109|0x0000000086d00000, 0x0000000086e00000, 0x0000000086e00000|100%| O|  |TAMS 0x0000000086e00000, 0x0000000086d00000| Untracked 
| 110|0x0000000086e00000, 0x0000000086f00000, 0x0000000086f00000|100%| O|  |TAMS 0x0000000086f00000, 0x0000000086e00000| Untracked 
| 111|0x0000000086f00000, 0x0000000087000000, 0x0000000087000000|100%| O|  |TAMS 0x0000000087000000, 0x0000000086f00000| Untracked 
| 112|0x0000000087000000, 0x0000000087100000, 0x0000000087100000|100%| O|  |TAMS 0x0000000087100000, 0x0000000087000000| Untracked 
| 113|0x0000000087100000, 0x0000000087200000, 0x0000000087200000|100%| O|  |TAMS 0x0000000087200000, 0x0000000087100000| Untracked 
| 114|0x0000000087200000, 0x0000000087300000, 0x0000000087300000|100%| O|  |TAMS 0x0000000087200000, 0x0000000087200000| Untracked 
| 115|0x0000000087300000, 0x0000000087400000, 0x0000000087400000|100%| O|  |TAMS 0x0000000087400000, 0x0000000087300000| Untracked 
| 116|0x0000000087400000, 0x0000000087500000, 0x0000000087500000|100%| O|  |TAMS 0x0000000087500000, 0x0000000087400000| Untracked 
| 117|0x0000000087500000, 0x0000000087600000, 0x0000000087600000|100%| O|  |TAMS 0x0000000087600000, 0x0000000087500000| Untracked 
| 118|0x0000000087600000, 0x0000000087700000, 0x0000000087700000|100%| O|  |TAMS 0x0000000087700000, 0x0000000087600000| Untracked 
| 119|0x0000000087700000, 0x0000000087800000, 0x0000000087800000|100%| O|  |TAMS 0x0000000087800000, 0x0000000087700000| Untracked 
| 120|0x0000000087800000, 0x0000000087900000, 0x0000000087900000|100%| O|  |TAMS 0x0000000087900000, 0x0000000087800000| Untracked 
| 121|0x0000000087900000, 0x0000000087a00000, 0x0000000087a00000|100%| O|  |TAMS 0x0000000087a00000, 0x0000000087900000| Untracked 
| 122|0x0000000087a00000, 0x0000000087b00000, 0x0000000087b00000|100%| O|  |TAMS 0x0000000087b00000, 0x0000000087a00000| Untracked 
| 123|0x0000000087b00000, 0x0000000087b00000, 0x0000000087c00000|  0%| F|  |TAMS 0x0000000087b00000, 0x0000000087b00000| Untracked 
| 124|0x0000000087c00000, 0x0000000087d00000, 0x0000000087d00000|100%| O|  |TAMS 0x0000000087c00000, 0x0000000087c00000| Untracked 
| 125|0x0000000087d00000, 0x0000000087e00000, 0x0000000087e00000|100%| O|  |TAMS 0x0000000087e00000, 0x0000000087d00000| Untracked 
| 126|0x0000000087e00000, 0x0000000087f00000, 0x0000000087f00000|100%| O|  |TAMS 0x0000000087f00000, 0x0000000087e00000| Untracked 
| 127|0x0000000087f00000, 0x0000000088000000, 0x0000000088000000|100%| O|  |TAMS 0x0000000088000000, 0x0000000087f00000| Untracked 
| 128|0x0000000088000000, 0x0000000088100000, 0x0000000088100000|100%| O|  |TAMS 0x0000000088100000, 0x0000000088000000| Untracked 
| 129|0x0000000088100000, 0x0000000088200000, 0x0000000088200000|100%| O|  |TAMS 0x0000000088200000, 0x0000000088100000| Untracked 
| 130|0x0000000088200000, 0x0000000088300000, 0x0000000088300000|100%| O|  |TAMS 0x0000000088300000, 0x0000000088200000| Untracked 
| 131|0x0000000088300000, 0x0000000088400000, 0x0000000088400000|100%| O|  |TAMS 0x0000000088400000, 0x0000000088300000| Untracked 
| 132|0x0000000088400000, 0x0000000088400000, 0x0000000088500000|  0%| F|  |TAMS 0x0000000088400000, 0x0000000088400000| Untracked 
| 133|0x0000000088500000, 0x0000000088600000, 0x0000000088600000|100%| O|  |TAMS 0x0000000088600000, 0x0000000088500000| Untracked 
| 134|0x0000000088600000, 0x0000000088700000, 0x0000000088700000|100%| O|  |TAMS 0x0000000088700000, 0x0000000088600000| Untracked 
| 135|0x0000000088700000, 0x0000000088800000, 0x0000000088800000|100%| O|  |TAMS 0x00000000887fc200, 0x0000000088700000| Untracked 
| 136|0x0000000088800000, 0x0000000088900000, 0x0000000088900000|100%| O|  |TAMS 0x0000000088800000, 0x0000000088800000| Untracked 
| 137|0x0000000088900000, 0x0000000088a00000, 0x0000000088a00000|100%| O|  |TAMS 0x0000000088900000, 0x0000000088900000| Untracked 
| 138|0x0000000088a00000, 0x0000000088a00000, 0x0000000088b00000|  0%| F|  |TAMS 0x0000000088a00000, 0x0000000088a00000| Untracked 
| 139|0x0000000088b00000, 0x0000000088b00000, 0x0000000088c00000|  0%| F|  |TAMS 0x0000000088b00000, 0x0000000088b00000| Untracked 
| 140|0x0000000088c00000, 0x0000000088c00000, 0x0000000088d00000|  0%| F|  |TAMS 0x0000000088c00000, 0x0000000088c00000| Untracked 
| 141|0x0000000088d00000, 0x0000000088d00000, 0x0000000088e00000|  0%| F|  |TAMS 0x0000000088d00000, 0x0000000088d00000| Untracked 
| 142|0x0000000088e00000, 0x0000000088e00000, 0x0000000088f00000|  0%| F|  |TAMS 0x0000000088e00000, 0x0000000088e00000| Untracked 
| 143|0x0000000088f00000, 0x0000000088f00000, 0x0000000089000000|  0%| F|  |TAMS 0x0000000088f00000, 0x0000000088f00000| Untracked 
| 144|0x0000000089000000, 0x0000000089000000, 0x0000000089100000|  0%| F|  |TAMS 0x0000000089000000, 0x0000000089000000| Untracked 
| 145|0x0000000089100000, 0x0000000089100000, 0x0000000089200000|  0%| F|  |TAMS 0x0000000089100000, 0x0000000089100000| Untracked 
| 146|0x0000000089200000, 0x0000000089200000, 0x0000000089300000|  0%| F|  |TAMS 0x0000000089200000, 0x0000000089200000| Untracked 
| 147|0x0000000089300000, 0x0000000089300000, 0x0000000089400000|  0%| F|  |TAMS 0x0000000089300000, 0x0000000089300000| Untracked 
| 148|0x0000000089400000, 0x0000000089400000, 0x0000000089500000|  0%| F|  |TAMS 0x0000000089400000, 0x0000000089400000| Untracked 
| 149|0x0000000089500000, 0x0000000089500000, 0x0000000089600000|  0%| F|  |TAMS 0x0000000089500000, 0x0000000089500000| Untracked 
| 150|0x0000000089600000, 0x0000000089600000, 0x0000000089700000|  0%| F|  |TAMS 0x0000000089600000, 0x0000000089600000| Untracked 
| 151|0x0000000089700000, 0x0000000089700000, 0x0000000089800000|  0%| F|  |TAMS 0x0000000089700000, 0x0000000089700000| Untracked 
| 152|0x0000000089800000, 0x0000000089800000, 0x0000000089900000|  0%| F|  |TAMS 0x0000000089800000, 0x0000000089800000| Untracked 
| 153|0x0000000089900000, 0x0000000089900000, 0x0000000089a00000|  0%| F|  |TAMS 0x0000000089900000, 0x0000000089900000| Untracked 
| 154|0x0000000089a00000, 0x0000000089a00000, 0x0000000089b00000|  0%| F|  |TAMS 0x0000000089a00000, 0x0000000089a00000| Untracked 
| 155|0x0000000089b00000, 0x0000000089b00000, 0x0000000089c00000|  0%| F|  |TAMS 0x0000000089b00000, 0x0000000089b00000| Untracked 
| 156|0x0000000089c00000, 0x0000000089c00000, 0x0000000089d00000|  0%| F|  |TAMS 0x0000000089c00000, 0x0000000089c00000| Untracked 
| 157|0x0000000089d00000, 0x0000000089d00000, 0x0000000089e00000|  0%| F|  |TAMS 0x0000000089d00000, 0x0000000089d00000| Untracked 
| 158|0x0000000089e00000, 0x0000000089e00000, 0x0000000089f00000|  0%| F|  |TAMS 0x0000000089e00000, 0x0000000089e00000| Untracked 
| 159|0x0000000089f00000, 0x0000000089f00000, 0x000000008a000000|  0%| F|  |TAMS 0x0000000089f00000, 0x0000000089f00000| Untracked 
| 160|0x000000008a000000, 0x000000008a000000, 0x000000008a100000|  0%| F|  |TAMS 0x000000008a000000, 0x000000008a000000| Untracked 
| 161|0x000000008a100000, 0x000000008a100000, 0x000000008a200000|  0%| F|  |TAMS 0x000000008a100000, 0x000000008a100000| Untracked 
| 162|0x000000008a200000, 0x000000008a200000, 0x000000008a300000|  0%| F|  |TAMS 0x000000008a200000, 0x000000008a200000| Untracked 
| 163|0x000000008a300000, 0x000000008a300000, 0x000000008a400000|  0%| F|  |TAMS 0x000000008a300000, 0x000000008a300000| Untracked 
| 164|0x000000008a400000, 0x000000008a400000, 0x000000008a500000|  0%| F|  |TAMS 0x000000008a400000, 0x000000008a400000| Untracked 
| 165|0x000000008a500000, 0x000000008a500000, 0x000000008a600000|  0%| F|  |TAMS 0x000000008a500000, 0x000000008a500000| Untracked 
| 166|0x000000008a600000, 0x000000008a600000, 0x000000008a700000|  0%| F|  |TAMS 0x000000008a600000, 0x000000008a600000| Untracked 
| 167|0x000000008a700000, 0x000000008a700000, 0x000000008a800000|  0%| F|  |TAMS 0x000000008a700000, 0x000000008a700000| Untracked 
| 168|0x000000008a800000, 0x000000008a800000, 0x000000008a900000|  0%| F|  |TAMS 0x000000008a800000, 0x000000008a800000| Untracked 
| 169|0x000000008a900000, 0x000000008a900000, 0x000000008aa00000|  0%| F|  |TAMS 0x000000008a900000, 0x000000008a900000| Untracked 
| 170|0x000000008aa00000, 0x000000008aa00000, 0x000000008ab00000|  0%| F|  |TAMS 0x000000008aa00000, 0x000000008aa00000| Untracked 
| 171|0x000000008ab00000, 0x000000008ab00000, 0x000000008ac00000|  0%| F|  |TAMS 0x000000008ab00000, 0x000000008ab00000| Untracked 
| 172|0x000000008ac00000, 0x000000008ac00000, 0x000000008ad00000|  0%| F|  |TAMS 0x000000008ac00000, 0x000000008ac00000| Untracked 
| 173|0x000000008ad00000, 0x000000008ad00000, 0x000000008ae00000|  0%| F|  |TAMS 0x000000008ad00000, 0x000000008ad00000| Untracked 
| 174|0x000000008ae00000, 0x000000008ae00000, 0x000000008af00000|  0%| F|  |TAMS 0x000000008ae00000, 0x000000008ae00000| Untracked 
| 175|0x000000008af00000, 0x000000008af00000, 0x000000008b000000|  0%| F|  |TAMS 0x000000008af00000, 0x000000008af00000| Untracked 
| 176|0x000000008b000000, 0x000000008b000000, 0x000000008b100000|  0%| F|  |TAMS 0x000000008b000000, 0x000000008b000000| Untracked 
| 177|0x000000008b100000, 0x000000008b100000, 0x000000008b200000|  0%| F|  |TAMS 0x000000008b100000, 0x000000008b100000| Untracked 
| 178|0x000000008b200000, 0x000000008b200000, 0x000000008b300000|  0%| F|  |TAMS 0x000000008b200000, 0x000000008b200000| Untracked 
| 179|0x000000008b300000, 0x000000008b300000, 0x000000008b400000|  0%| F|  |TAMS 0x000000008b300000, 0x000000008b300000| Untracked 
| 180|0x000000008b400000, 0x000000008b400000, 0x000000008b500000|  0%| F|  |TAMS 0x000000008b400000, 0x000000008b400000| Untracked 
| 181|0x000000008b500000, 0x000000008b500000, 0x000000008b600000|  0%| F|  |TAMS 0x000000008b500000, 0x000000008b500000| Untracked 
| 182|0x000000008b600000, 0x000000008b600000, 0x000000008b700000|  0%| F|  |TAMS 0x000000008b600000, 0x000000008b600000| Untracked 
| 183|0x000000008b700000, 0x000000008b700000, 0x000000008b800000|  0%| F|  |TAMS 0x000000008b700000, 0x000000008b700000| Untracked 
| 184|0x000000008b800000, 0x000000008b800000, 0x000000008b900000|  0%| F|  |TAMS 0x000000008b800000, 0x000000008b800000| Untracked 
| 185|0x000000008b900000, 0x000000008b900000, 0x000000008ba00000|  0%| F|  |TAMS 0x000000008b900000, 0x000000008b900000| Untracked 
| 186|0x000000008ba00000, 0x000000008ba00000, 0x000000008bb00000|  0%| F|  |TAMS 0x000000008ba00000, 0x000000008ba00000| Untracked 
| 187|0x000000008bb00000, 0x000000008bb00000, 0x000000008bc00000|  0%| F|  |TAMS 0x000000008bb00000, 0x000000008bb00000| Untracked 
| 188|0x000000008bc00000, 0x000000008bc00000, 0x000000008bd00000|  0%| F|  |TAMS 0x000000008bc00000, 0x000000008bc00000| Untracked 
| 189|0x000000008bd00000, 0x000000008bd00000, 0x000000008be00000|  0%| F|  |TAMS 0x000000008bd00000, 0x000000008bd00000| Untracked 
| 190|0x000000008be00000, 0x000000008be00000, 0x000000008bf00000|  0%| F|  |TAMS 0x000000008be00000, 0x000000008be00000| Untracked 
| 191|0x000000008bf00000, 0x000000008bf00000, 0x000000008c000000|  0%| F|  |TAMS 0x000000008bf00000, 0x000000008bf00000| Untracked 
| 192|0x000000008c000000, 0x000000008c000000, 0x000000008c100000|  0%| F|  |TAMS 0x000000008c000000, 0x000000008c000000| Untracked 
| 193|0x000000008c100000, 0x000000008c100000, 0x000000008c200000|  0%| F|  |TAMS 0x000000008c100000, 0x000000008c100000| Untracked 
| 194|0x000000008c200000, 0x000000008c200000, 0x000000008c300000|  0%| F|  |TAMS 0x000000008c200000, 0x000000008c200000| Untracked 
| 195|0x000000008c300000, 0x000000008c300000, 0x000000008c400000|  0%| F|  |TAMS 0x000000008c300000, 0x000000008c300000| Untracked 
| 196|0x000000008c400000, 0x000000008c400000, 0x000000008c500000|  0%| F|  |TAMS 0x000000008c400000, 0x000000008c400000| Untracked 
| 197|0x000000008c500000, 0x000000008c500000, 0x000000008c600000|  0%| F|  |TAMS 0x000000008c500000, 0x000000008c500000| Untracked 
| 198|0x000000008c600000, 0x000000008c600000, 0x000000008c700000|  0%| F|  |TAMS 0x000000008c600000, 0x000000008c600000| Untracked 
| 199|0x000000008c700000, 0x000000008c700000, 0x000000008c800000|  0%| F|  |TAMS 0x000000008c700000, 0x000000008c700000| Untracked 
| 200|0x000000008c800000, 0x000000008c800000, 0x000000008c900000|  0%| F|  |TAMS 0x000000008c800000, 0x000000008c800000| Untracked 
| 201|0x000000008c900000, 0x000000008c900000, 0x000000008ca00000|  0%| F|  |TAMS 0x000000008c900000, 0x000000008c900000| Untracked 
| 202|0x000000008ca00000, 0x000000008ca00000, 0x000000008cb00000|  0%| F|  |TAMS 0x000000008ca00000, 0x000000008ca00000| Untracked 
| 203|0x000000008cb00000, 0x000000008cb00000, 0x000000008cc00000|  0%| F|  |TAMS 0x000000008cb00000, 0x000000008cb00000| Untracked 
| 204|0x000000008cc00000, 0x000000008cc00000, 0x000000008cd00000|  0%| F|  |TAMS 0x000000008cc00000, 0x000000008cc00000| Untracked 
| 205|0x000000008cd00000, 0x000000008cd00000, 0x000000008ce00000|  0%| F|  |TAMS 0x000000008cd00000, 0x000000008cd00000| Untracked 
| 206|0x000000008ce00000, 0x000000008ce00000, 0x000000008cf00000|  0%| F|  |TAMS 0x000000008ce00000, 0x000000008ce00000| Untracked 
| 207|0x000000008cf00000, 0x000000008cf00000, 0x000000008d000000|  0%| F|  |TAMS 0x000000008cf00000, 0x000000008cf00000| Untracked 
| 208|0x000000008d000000, 0x000000008d000000, 0x000000008d100000|  0%| F|  |TAMS 0x000000008d000000, 0x000000008d000000| Untracked 
| 209|0x000000008d100000, 0x000000008d100000, 0x000000008d200000|  0%| F|  |TAMS 0x000000008d100000, 0x000000008d100000| Untracked 
| 210|0x000000008d200000, 0x000000008d200000, 0x000000008d300000|  0%| F|  |TAMS 0x000000008d200000, 0x000000008d200000| Untracked 
| 211|0x000000008d300000, 0x000000008d300000, 0x000000008d400000|  0%| F|  |TAMS 0x000000008d300000, 0x000000008d300000| Untracked 
| 212|0x000000008d400000, 0x000000008d400000, 0x000000008d500000|  0%| F|  |TAMS 0x000000008d400000, 0x000000008d400000| Untracked 
| 213|0x000000008d500000, 0x000000008d500000, 0x000000008d600000|  0%| F|  |TAMS 0x000000008d500000, 0x000000008d500000| Untracked 
| 214|0x000000008d600000, 0x000000008d600000, 0x000000008d700000|  0%| F|  |TAMS 0x000000008d600000, 0x000000008d600000| Untracked 
| 215|0x000000008d700000, 0x000000008d700000, 0x000000008d800000|  0%| F|  |TAMS 0x000000008d700000, 0x000000008d700000| Untracked 
| 216|0x000000008d800000, 0x000000008d800000, 0x000000008d900000|  0%| F|  |TAMS 0x000000008d800000, 0x000000008d800000| Untracked 
| 217|0x000000008d900000, 0x000000008d900000, 0x000000008da00000|  0%| F|  |TAMS 0x000000008d900000, 0x000000008d900000| Untracked 
| 218|0x000000008da00000, 0x000000008da00000, 0x000000008db00000|  0%| F|  |TAMS 0x000000008da00000, 0x000000008da00000| Untracked 
| 219|0x000000008db00000, 0x000000008db00000, 0x000000008dc00000|  0%| F|  |TAMS 0x000000008db00000, 0x000000008db00000| Untracked 
| 220|0x000000008dc00000, 0x000000008dc00000, 0x000000008dd00000|  0%| F|  |TAMS 0x000000008dc00000, 0x000000008dc00000| Untracked 
| 221|0x000000008dd00000, 0x000000008dd00000, 0x000000008de00000|  0%| F|  |TAMS 0x000000008dd00000, 0x000000008dd00000| Untracked 
| 222|0x000000008de00000, 0x000000008de00000, 0x000000008df00000|  0%| F|  |TAMS 0x000000008de00000, 0x000000008de00000| Untracked 
| 223|0x000000008df00000, 0x000000008df00000, 0x000000008e000000|  0%| F|  |TAMS 0x000000008df00000, 0x000000008df00000| Untracked 
| 224|0x000000008e000000, 0x000000008e000000, 0x000000008e100000|  0%| F|  |TAMS 0x000000008e000000, 0x000000008e000000| Untracked 
| 225|0x000000008e100000, 0x000000008e100000, 0x000000008e200000|  0%| F|  |TAMS 0x000000008e100000, 0x000000008e100000| Untracked 
| 226|0x000000008e200000, 0x000000008e200000, 0x000000008e300000|  0%| F|  |TAMS 0x000000008e200000, 0x000000008e200000| Untracked 
| 227|0x000000008e300000, 0x000000008e300000, 0x000000008e400000|  0%| F|  |TAMS 0x000000008e300000, 0x000000008e300000| Untracked 
| 228|0x000000008e400000, 0x000000008e400000, 0x000000008e500000|  0%| F|  |TAMS 0x000000008e400000, 0x000000008e400000| Untracked 
| 229|0x000000008e500000, 0x000000008e500000, 0x000000008e600000|  0%| F|  |TAMS 0x000000008e500000, 0x000000008e500000| Untracked 
| 230|0x000000008e600000, 0x000000008e600000, 0x000000008e700000|  0%| F|  |TAMS 0x000000008e600000, 0x000000008e600000| Untracked 
| 231|0x000000008e700000, 0x000000008e700000, 0x000000008e800000|  0%| F|  |TAMS 0x000000008e700000, 0x000000008e700000| Untracked 
| 232|0x000000008e800000, 0x000000008e800000, 0x000000008e900000|  0%| F|  |TAMS 0x000000008e800000, 0x000000008e800000| Untracked 
| 233|0x000000008e900000, 0x000000008e900000, 0x000000008ea00000|  0%| F|  |TAMS 0x000000008e900000, 0x000000008e900000| Untracked 
| 234|0x000000008ea00000, 0x000000008ea00000, 0x000000008eb00000|  0%| F|  |TAMS 0x000000008ea00000, 0x000000008ea00000| Untracked 
| 235|0x000000008eb00000, 0x000000008eb00000, 0x000000008ec00000|  0%| F|  |TAMS 0x000000008eb00000, 0x000000008eb00000| Untracked 
| 236|0x000000008ec00000, 0x000000008ec00000, 0x000000008ed00000|  0%| F|  |TAMS 0x000000008ec00000, 0x000000008ec00000| Untracked 
| 237|0x000000008ed00000, 0x000000008ed00000, 0x000000008ee00000|  0%| F|  |TAMS 0x000000008ed00000, 0x000000008ed00000| Untracked 
| 238|0x000000008ee00000, 0x000000008ee00000, 0x000000008ef00000|  0%| F|  |TAMS 0x000000008ee00000, 0x000000008ee00000| Untracked 
| 239|0x000000008ef00000, 0x000000008ef00000, 0x000000008f000000|  0%| F|  |TAMS 0x000000008ef00000, 0x000000008ef00000| Untracked 
| 240|0x000000008f000000, 0x000000008f000000, 0x000000008f100000|  0%| F|  |TAMS 0x000000008f000000, 0x000000008f000000| Untracked 
| 241|0x000000008f100000, 0x000000008f100000, 0x000000008f200000|  0%| F|  |TAMS 0x000000008f100000, 0x000000008f100000| Untracked 
| 242|0x000000008f200000, 0x000000008f200000, 0x000000008f300000|  0%| F|  |TAMS 0x000000008f200000, 0x000000008f200000| Untracked 
| 243|0x000000008f300000, 0x000000008f300000, 0x000000008f400000|  0%| F|  |TAMS 0x000000008f300000, 0x000000008f300000| Untracked 
| 244|0x000000008f400000, 0x000000008f400000, 0x000000008f500000|  0%| F|  |TAMS 0x000000008f400000, 0x000000008f400000| Untracked 
| 245|0x000000008f500000, 0x000000008f500000, 0x000000008f600000|  0%| F|  |TAMS 0x000000008f500000, 0x000000008f500000| Untracked 
| 246|0x000000008f600000, 0x000000008f600000, 0x000000008f700000|  0%| F|  |TAMS 0x000000008f600000, 0x000000008f600000| Untracked 
| 247|0x000000008f700000, 0x000000008f700000, 0x000000008f800000|  0%| F|  |TAMS 0x000000008f700000, 0x000000008f700000| Untracked 
| 248|0x000000008f800000, 0x000000008f800000, 0x000000008f900000|  0%| F|  |TAMS 0x000000008f800000, 0x000000008f800000| Untracked 
| 249|0x000000008f900000, 0x000000008f900000, 0x000000008fa00000|  0%| F|  |TAMS 0x000000008f900000, 0x000000008f900000| Untracked 
| 250|0x000000008fa00000, 0x000000008fa00000, 0x000000008fb00000|  0%| F|  |TAMS 0x000000008fa00000, 0x000000008fa00000| Untracked 
| 251|0x000000008fb00000, 0x000000008fb00000, 0x000000008fc00000|  0%| F|  |TAMS 0x000000008fb00000, 0x000000008fb00000| Untracked 
| 252|0x000000008fc00000, 0x000000008fc00000, 0x000000008fd00000|  0%| F|  |TAMS 0x000000008fc00000, 0x000000008fc00000| Untracked 
| 253|0x000000008fd00000, 0x000000008fd00000, 0x000000008fe00000|  0%| F|  |TAMS 0x000000008fd00000, 0x000000008fd00000| Untracked 
| 254|0x000000008fe00000, 0x000000008fe00000, 0x000000008ff00000|  0%| F|  |TAMS 0x000000008fe00000, 0x000000008fe00000| Untracked 
| 255|0x000000008ff00000, 0x000000008ff00000, 0x0000000090000000|  0%| F|  |TAMS 0x000000008ff00000, 0x000000008ff00000| Untracked 
| 256|0x0000000090000000, 0x0000000090000000, 0x0000000090100000|  0%| F|  |TAMS 0x0000000090000000, 0x0000000090000000| Untracked 
| 257|0x0000000090100000, 0x0000000090100000, 0x0000000090200000|  0%| F|  |TAMS 0x0000000090100000, 0x0000000090100000| Untracked 
| 258|0x0000000090200000, 0x0000000090200000, 0x0000000090300000|  0%| F|  |TAMS 0x0000000090200000, 0x0000000090200000| Untracked 
| 259|0x0000000090300000, 0x0000000090300000, 0x0000000090400000|  0%| F|  |TAMS 0x0000000090300000, 0x0000000090300000| Untracked 
| 260|0x0000000090400000, 0x0000000090400000, 0x0000000090500000|  0%| F|  |TAMS 0x0000000090400000, 0x0000000090400000| Untracked 
| 261|0x0000000090500000, 0x0000000090500000, 0x0000000090600000|  0%| F|  |TAMS 0x0000000090500000, 0x0000000090500000| Untracked 
| 262|0x0000000090600000, 0x0000000090600000, 0x0000000090700000|  0%| F|  |TAMS 0x0000000090600000, 0x0000000090600000| Untracked 
| 263|0x0000000090700000, 0x0000000090700000, 0x0000000090800000|  0%| F|  |TAMS 0x0000000090700000, 0x0000000090700000| Untracked 
| 264|0x0000000090800000, 0x0000000090800000, 0x0000000090900000|  0%| F|  |TAMS 0x0000000090800000, 0x0000000090800000| Untracked 
| 265|0x0000000090900000, 0x0000000090900000, 0x0000000090a00000|  0%| F|  |TAMS 0x0000000090900000, 0x0000000090900000| Untracked 
| 266|0x0000000090a00000, 0x0000000090a00000, 0x0000000090b00000|  0%| F|  |TAMS 0x0000000090a00000, 0x0000000090a00000| Untracked 
| 267|0x0000000090b00000, 0x0000000090b00000, 0x0000000090c00000|  0%| F|  |TAMS 0x0000000090b00000, 0x0000000090b00000| Untracked 
| 268|0x0000000090c00000, 0x0000000090c00000, 0x0000000090d00000|  0%| F|  |TAMS 0x0000000090c00000, 0x0000000090c00000| Untracked 
| 269|0x0000000090d00000, 0x0000000090d00000, 0x0000000090e00000|  0%| F|  |TAMS 0x0000000090d00000, 0x0000000090d00000| Untracked 
| 270|0x0000000090e00000, 0x0000000090e00000, 0x0000000090f00000|  0%| F|  |TAMS 0x0000000090e00000, 0x0000000090e00000| Untracked 
| 271|0x0000000090f00000, 0x0000000090f00000, 0x0000000091000000|  0%| F|  |TAMS 0x0000000090f00000, 0x0000000090f00000| Untracked 
| 272|0x0000000091000000, 0x0000000091000000, 0x0000000091100000|  0%| F|  |TAMS 0x0000000091000000, 0x0000000091000000| Untracked 
| 273|0x0000000091100000, 0x0000000091100000, 0x0000000091200000|  0%| F|  |TAMS 0x0000000091100000, 0x0000000091100000| Untracked 
| 274|0x0000000091200000, 0x0000000091200000, 0x0000000091300000|  0%| F|  |TAMS 0x0000000091200000, 0x0000000091200000| Untracked 
| 275|0x0000000091300000, 0x0000000091300000, 0x0000000091400000|  0%| F|  |TAMS 0x0000000091300000, 0x0000000091300000| Untracked 
| 276|0x0000000091400000, 0x0000000091400000, 0x0000000091500000|  0%| F|  |TAMS 0x0000000091400000, 0x0000000091400000| Untracked 
| 277|0x0000000091500000, 0x0000000091500000, 0x0000000091600000|  0%| F|  |TAMS 0x0000000091500000, 0x0000000091500000| Untracked 
| 278|0x0000000091600000, 0x0000000091600000, 0x0000000091700000|  0%| F|  |TAMS 0x0000000091600000, 0x0000000091600000| Untracked 
| 279|0x0000000091700000, 0x0000000091700000, 0x0000000091800000|  0%| F|  |TAMS 0x0000000091700000, 0x0000000091700000| Untracked 
| 280|0x0000000091800000, 0x0000000091800000, 0x0000000091900000|  0%| F|  |TAMS 0x0000000091800000, 0x0000000091800000| Untracked 
| 281|0x0000000091900000, 0x0000000091900000, 0x0000000091a00000|  0%| F|  |TAMS 0x0000000091900000, 0x0000000091900000| Untracked 
| 282|0x0000000091a00000, 0x0000000091a00000, 0x0000000091b00000|  0%| F|  |TAMS 0x0000000091a00000, 0x0000000091a00000| Untracked 
| 283|0x0000000091b00000, 0x0000000091b00000, 0x0000000091c00000|  0%| F|  |TAMS 0x0000000091b00000, 0x0000000091b00000| Untracked 
| 284|0x0000000091c00000, 0x0000000091c00000, 0x0000000091d00000|  0%| F|  |TAMS 0x0000000091c00000, 0x0000000091c00000| Untracked 
| 285|0x0000000091d00000, 0x0000000091d00000, 0x0000000091e00000|  0%| F|  |TAMS 0x0000000091d00000, 0x0000000091d00000| Untracked 
| 286|0x0000000091e00000, 0x0000000091e00000, 0x0000000091f00000|  0%| F|  |TAMS 0x0000000091e00000, 0x0000000091e00000| Untracked 
| 287|0x0000000091f00000, 0x0000000091f00000, 0x0000000092000000|  0%| F|  |TAMS 0x0000000091f00000, 0x0000000091f00000| Untracked 
| 288|0x0000000092000000, 0x0000000092000000, 0x0000000092100000|  0%| F|  |TAMS 0x0000000092000000, 0x0000000092000000| Untracked 
| 289|0x0000000092100000, 0x0000000092100000, 0x0000000092200000|  0%| F|  |TAMS 0x0000000092100000, 0x0000000092100000| Untracked 
| 290|0x0000000092200000, 0x0000000092200000, 0x0000000092300000|  0%| F|  |TAMS 0x0000000092200000, 0x0000000092200000| Untracked 
| 291|0x0000000092300000, 0x0000000092300000, 0x0000000092400000|  0%| F|  |TAMS 0x0000000092300000, 0x0000000092300000| Untracked 
| 292|0x0000000092400000, 0x0000000092400000, 0x0000000092500000|  0%| F|  |TAMS 0x0000000092400000, 0x0000000092400000| Untracked 
| 293|0x0000000092500000, 0x0000000092500000, 0x0000000092600000|  0%| F|  |TAMS 0x0000000092500000, 0x0000000092500000| Untracked 
| 294|0x0000000092600000, 0x0000000092600000, 0x0000000092700000|  0%| F|  |TAMS 0x0000000092600000, 0x0000000092600000| Untracked 
| 295|0x0000000092700000, 0x0000000092700000, 0x0000000092800000|  0%| F|  |TAMS 0x0000000092700000, 0x0000000092700000| Untracked 
| 296|0x0000000092800000, 0x0000000092800000, 0x0000000092900000|  0%| F|  |TAMS 0x0000000092800000, 0x0000000092800000| Untracked 
| 297|0x0000000092900000, 0x0000000092900000, 0x0000000092a00000|  0%| F|  |TAMS 0x0000000092900000, 0x0000000092900000| Untracked 
| 298|0x0000000092a00000, 0x0000000092a00000, 0x0000000092b00000|  0%| F|  |TAMS 0x0000000092a00000, 0x0000000092a00000| Untracked 
| 299|0x0000000092b00000, 0x0000000092b00000, 0x0000000092c00000|  0%| F|  |TAMS 0x0000000092b00000, 0x0000000092b00000| Untracked 
| 300|0x0000000092c00000, 0x0000000092c00000, 0x0000000092d00000|  0%| F|  |TAMS 0x0000000092c00000, 0x0000000092c00000| Untracked 
| 301|0x0000000092d00000, 0x0000000092dec0b8, 0x0000000092e00000| 92%| S|CS|TAMS 0x0000000092d00000, 0x0000000092d00000| Complete 
| 302|0x0000000092e00000, 0x0000000092f00000, 0x0000000092f00000|100%| S|CS|TAMS 0x0000000092e00000, 0x0000000092e00000| Complete 
| 303|0x0000000092f00000, 0x0000000092f00000, 0x0000000093000000|  0%| F|  |TAMS 0x0000000092f00000, 0x0000000092f00000| Untracked 
| 304|0x0000000093000000, 0x0000000093000000, 0x0000000093100000|  0%| F|  |TAMS 0x0000000093000000, 0x0000000093000000| Untracked 
| 305|0x0000000093100000, 0x0000000093100000, 0x0000000093200000|  0%| F|  |TAMS 0x0000000093100000, 0x0000000093100000| Untracked 
| 306|0x0000000093200000, 0x0000000093200000, 0x0000000093300000|  0%| F|  |TAMS 0x0000000093200000, 0x0000000093200000| Untracked 
| 307|0x0000000093300000, 0x0000000093300000, 0x0000000093400000|  0%| F|  |TAMS 0x0000000093300000, 0x0000000093300000| Untracked 
| 308|0x0000000093400000, 0x0000000093400000, 0x0000000093500000|  0%| F|  |TAMS 0x0000000093400000, 0x0000000093400000| Untracked 
| 309|0x0000000093500000, 0x0000000093500000, 0x0000000093600000|  0%| F|  |TAMS 0x0000000093500000, 0x0000000093500000| Untracked 
| 310|0x0000000093600000, 0x0000000093600000, 0x0000000093700000|  0%| F|  |TAMS 0x0000000093600000, 0x0000000093600000| Untracked 
| 311|0x0000000093700000, 0x0000000093700000, 0x0000000093800000|  0%| F|  |TAMS 0x0000000093700000, 0x0000000093700000| Untracked 
| 312|0x0000000093800000, 0x0000000093800000, 0x0000000093900000|  0%| F|  |TAMS 0x0000000093800000, 0x0000000093800000| Untracked 
| 313|0x0000000093900000, 0x0000000093900000, 0x0000000093a00000|  0%| F|  |TAMS 0x0000000093900000, 0x0000000093900000| Untracked 
| 314|0x0000000093a00000, 0x0000000093a00000, 0x0000000093b00000|  0%| F|  |TAMS 0x0000000093a00000, 0x0000000093a00000| Untracked 
| 315|0x0000000093b00000, 0x0000000093b00000, 0x0000000093c00000|  0%| F|  |TAMS 0x0000000093b00000, 0x0000000093b00000| Untracked 
| 316|0x0000000093c00000, 0x0000000093c00000, 0x0000000093d00000|  0%| F|  |TAMS 0x0000000093c00000, 0x0000000093c00000| Untracked 
| 317|0x0000000093d00000, 0x0000000093d00000, 0x0000000093e00000|  0%| F|  |TAMS 0x0000000093d00000, 0x0000000093d00000| Untracked 
| 318|0x0000000093e00000, 0x0000000093e00000, 0x0000000093f00000|  0%| F|  |TAMS 0x0000000093e00000, 0x0000000093e00000| Untracked 
| 319|0x0000000093f00000, 0x0000000093f00000, 0x0000000094000000|  0%| F|  |TAMS 0x0000000093f00000, 0x0000000093f00000| Untracked 
| 320|0x0000000094000000, 0x0000000094000000, 0x0000000094100000|  0%| F|  |TAMS 0x0000000094000000, 0x0000000094000000| Untracked 
| 321|0x0000000094100000, 0x0000000094100000, 0x0000000094200000|  0%| F|  |TAMS 0x0000000094100000, 0x0000000094100000| Untracked 
| 322|0x0000000094200000, 0x0000000094200000, 0x0000000094300000|  0%| F|  |TAMS 0x0000000094200000, 0x0000000094200000| Untracked 
| 323|0x0000000094300000, 0x0000000094300000, 0x0000000094400000|  0%| F|  |TAMS 0x0000000094300000, 0x0000000094300000| Untracked 
| 324|0x0000000094400000, 0x0000000094400000, 0x0000000094500000|  0%| F|  |TAMS 0x0000000094400000, 0x0000000094400000| Untracked 
| 325|0x0000000094500000, 0x0000000094500000, 0x0000000094600000|  0%| F|  |TAMS 0x0000000094500000, 0x0000000094500000| Untracked 
| 326|0x0000000094600000, 0x0000000094600000, 0x0000000094700000|  0%| F|  |TAMS 0x0000000094600000, 0x0000000094600000| Untracked 
| 327|0x0000000094700000, 0x0000000094700000, 0x0000000094800000|  0%| F|  |TAMS 0x0000000094700000, 0x0000000094700000| Untracked 
| 328|0x0000000094800000, 0x0000000094800000, 0x0000000094900000|  0%| F|  |TAMS 0x0000000094800000, 0x0000000094800000| Untracked 
| 329|0x0000000094900000, 0x0000000094900000, 0x0000000094a00000|  0%| F|  |TAMS 0x0000000094900000, 0x0000000094900000| Untracked 
| 330|0x0000000094a00000, 0x0000000094a00000, 0x0000000094b00000|  0%| F|  |TAMS 0x0000000094a00000, 0x0000000094a00000| Untracked 
| 331|0x0000000094b00000, 0x0000000094b00000, 0x0000000094c00000|  0%| F|  |TAMS 0x0000000094b00000, 0x0000000094b00000| Untracked 
| 332|0x0000000094c00000, 0x0000000094c00000, 0x0000000094d00000|  0%| F|  |TAMS 0x0000000094c00000, 0x0000000094c00000| Untracked 
| 333|0x0000000094d00000, 0x0000000094d00000, 0x0000000094e00000|  0%| F|  |TAMS 0x0000000094d00000, 0x0000000094d00000| Untracked 
| 334|0x0000000094e00000, 0x0000000094e00000, 0x0000000094f00000|  0%| F|  |TAMS 0x0000000094e00000, 0x0000000094e00000| Untracked 

Card table byte_map: [0x00000256c52b0000,0x00000256c56b0000] _byte_map_base: 0x00000256c4eb0000

Marking Bits (Prev, Next): (CMBitMap*) 0x00000256b23eec10, (CMBitMap*) 0x00000256b23eebd8
 Prev Bits: [0x00000256c7ab0000, 0x00000256c9ab0000)
 Next Bits: [0x00000256c5ab0000, 0x00000256c7ab0000)

Polling page: 0x00000256b0560000

Metaspace:

Usage:
  Non-class:     92.39 MB capacity,    90.56 MB ( 98%) used,     1.47 MB (  2%) free+waste,   362.50 KB ( <1%) overhead. 
      Class:     14.41 MB capacity,    13.36 MB ( 93%) used,   912.80 KB (  6%) free+waste,   160.44 KB (  1%) overhead. 
       Both:    106.80 MB capacity,   103.92 MB ( 97%) used,     2.36 MB (  2%) free+waste,   522.94 KB ( <1%) overhead. 

Virtual space:
  Non-class space:       94.00 MB reserved,      92.59 MB ( 98%) committed 
      Class space:        1.00 GB reserved,      14.52 MB (  1%) committed 
             Both:        1.09 GB reserved,     107.11 MB ( 10%) committed 

Chunk freelists:
   Non-Class:  13.00 KB
       Class:  0 bytes
        Both:  13.00 KB

MaxMetaspaceSize: 17179869184.00 GB
CompressedClassSpaceSize: 1.00 GB

CodeHeap 'non-profiled nmethods': size=120064Kb used=8938Kb max_used=9807Kb free=111125Kb
 bounds [0x00000256bd970000, 0x00000256be310000, 0x00000256c4eb0000]
CodeHeap 'profiled nmethods': size=120000Kb used=38704Kb max_used=40804Kb free=81295Kb
 bounds [0x00000256b6440000, 0x00000256b8c20000, 0x00000256bd970000]
CodeHeap 'non-nmethods': size=5696Kb used=2319Kb max_used=2382Kb free=3376Kb
 bounds [0x00000256b5eb0000, 0x00000256b6120000, 0x00000256b6440000]
 total_blobs=17401 nmethods=16467 adapters=842
 compilation: enabled
              stopped_count=0, restarted_count=0
 full_count=0

Compilation events (20 events):
Event: 133.871 Thread 0x00000256cbfcf800 nmethod 17799 0x00000256b6448810 code [0x00000256b6448a20, 0x00000256b6448da8]
Event: 133.871 Thread 0x00000256cbfcf800 17800       2       com.android.tools.r8.internal.ka::a (54 bytes)
Event: 133.872 Thread 0x00000256cbfcf800 nmethod 17800 0x00000256b644e410 code [0x00000256b644e5e0, 0x00000256b644e858]
Event: 133.872 Thread 0x00000256cbfcf800 17802       2       com.android.tools.r8.graph.o0$$Lambda$1581/0x0000000100d46840::accept (12 bytes)
Event: 133.872 Thread 0x00000256cbfcf800 nmethod 17802 0x00000256b644df10 code [0x00000256b644e0e0, 0x00000256b644e278]
Event: 133.872 Thread 0x00000256cbfcf800 17801       2       com.android.tools.r8.internal.ia::<init> (15 bytes)
Event: 133.872 Thread 0x00000256cbfcf800 nmethod 17801 0x00000256b644db10 code [0x00000256b644dcc0, 0x00000256b644de58]
Event: 133.889 Thread 0x00000256cbfcf800 17817       2       com.android.tools.r8.internal.Nz$c::size (8 bytes)
Event: 133.889 Thread 0x00000256cbfcf800 nmethod 17817 0x00000256b6446b10 code [0x00000256b6446cc0, 0x00000256b6446db8]
Event: 133.911 Thread 0x00000256cbfcf800 17818       2       java.io.RandomAccessFile::close (42 bytes)
Event: 133.919 Thread 0x00000256cbfcf800 nmethod 17818 0x00000256b644d210 code [0x00000256b644d420, 0x00000256b644d868]
Event: 133.971 Thread 0x00000256cbfcf800 17819 %     3       com.android.tools.r8.graph.i::X @ 10 (70 bytes)
Event: 133.972 Thread 0x00000256cbfcf800 nmethod 17819% 0x00000256b644c510 code [0x00000256b644c740, 0x00000256b644d058]
Event: 134.053 Thread 0x00000256cbfcf800 17821       1       org.gradle.internal.execution.history.impl.DefaultOutputFilesRepository::access$000 (5 bytes)
Event: 134.055 Thread 0x00000256cbfcf800 nmethod 17821 0x00000256bd98da10 code [0x00000256bd98dbc0, 0x00000256bd98dc58]
Event: 134.067 Thread 0x00000256cbfcf800 17822 %     3       java.util.stream.StreamSpliterators$AbstractWrappingSpliterator::fillBuffer @ 0 (64 bytes)
Event: 134.110 Thread 0x00000256cbfcf800 nmethod 17822% 0x00000256b644b990 code [0x00000256b644bba0, 0x00000256b644c2a8]
Event: 134.110 Thread 0x00000256cbfcf800 17824 %     3       java.util.HashMap::computeIfAbsent @ 114 (330 bytes)
Event: 134.114 Thread 0x00000256cbfcf800 nmethod 17824% 0x00000256b644f990 code [0x00000256b644fce0, 0x00000256b6451788]
Event: 134.114 Thread 0x00000256cbfcf800 17825       2       com.android.tools.r8.internal.i2::b (325 bytes)

GC Heap History (20 events):
Event: 116.020 GC heap after
{Heap after GC invocations=74 (full 0):
 garbage-first heap   total 282624K, used 140213K [0x0000000080000000, 0x0000000100000000)
  region size 1024K, 6 young (6144K), 6 survivors (6144K)
 Metaspace       used 106188K, capacity 109052K, committed 109424K, reserved 1144832K
  class space    used 13678K, capacity 14750K, committed 14872K, reserved 1048576K
}
Event: 116.571 GC heap before
{Heap before GC invocations=74 (full 0):
 garbage-first heap   total 282624K, used 218037K [0x0000000080000000, 0x0000000100000000)
  region size 1024K, 82 young (83968K), 6 survivors (6144K)
 Metaspace       used 106210K, capacity 109052K, committed 109424K, reserved 1144832K
  class space    used 13678K, capacity 14750K, committed 14872K, reserved 1048576K
}
Event: 116.585 GC heap after
{Heap after GC invocations=75 (full 0):
 garbage-first heap   total 282624K, used 140821K [0x0000000080000000, 0x0000000100000000)
  region size 1024K, 6 young (6144K), 6 survivors (6144K)
 Metaspace       used 106210K, capacity 109052K, committed 109424K, reserved 1144832K
  class space    used 13678K, capacity 14750K, committed 14872K, reserved 1048576K
}
Event: 117.600 GC heap before
{Heap before GC invocations=75 (full 0):
 garbage-first heap   total 282624K, used 234005K [0x0000000080000000, 0x0000000100000000)
  region size 1024K, 97 young (99328K), 6 survivors (6144K)
 Metaspace       used 106225K, capacity 109122K, committed 109424K, reserved 1144832K
  class space    used 13679K, capacity 14751K, committed 14872K, reserved 1048576K
}
Event: 117.613 GC heap after
{Heap after GC invocations=76 (full 0):
 garbage-first heap   total 282624K, used 141006K [0x0000000080000000, 0x0000000100000000)
  region size 1024K, 6 young (6144K), 6 survivors (6144K)
 Metaspace       used 106225K, capacity 109122K, committed 109424K, reserved 1144832K
  class space    used 13679K, capacity 14751K, committed 14872K, reserved 1048576K
}
Event: 118.866 GC heap before
{Heap before GC invocations=76 (full 0):
 garbage-first heap   total 282624K, used 237262K [0x0000000080000000, 0x0000000100000000)
  region size 1024K, 100 young (102400K), 6 survivors (6144K)
 Metaspace       used 106240K, capacity 109122K, committed 109424K, reserved 1144832K
  class space    used 13679K, capacity 14751K, committed 14872K, reserved 1048576K
}
Event: 118.881 GC heap after
{Heap after GC invocations=77 (full 0):
 garbage-first heap   total 282624K, used 141006K [0x0000000080000000, 0x0000000100000000)
  region size 1024K, 6 young (6144K), 6 survivors (6144K)
 Metaspace       used 106240K, capacity 109122K, committed 109424K, reserved 1144832K
  class space    used 13679K, capacity 14751K, committed 14872K, reserved 1048576K
}
Event: 119.531 GC heap before
{Heap before GC invocations=77 (full 0):
 garbage-first heap   total 282624K, used 240334K [0x0000000080000000, 0x0000000100000000)
  region size 1024K, 103 young (105472K), 6 survivors (6144K)
 Metaspace       used 106248K, capacity 109122K, committed 109424K, reserved 1144832K
  class space    used 13679K, capacity 14751K, committed 14872K, reserved 1048576K
}
Event: 119.551 GC heap after
{Heap after GC invocations=78 (full 0):
 garbage-first heap   total 343040K, used 141006K [0x0000000080000000, 0x0000000100000000)
  region size 1024K, 6 young (6144K), 6 survivors (6144K)
 Metaspace       used 106248K, capacity 109122K, committed 109424K, reserved 1144832K
  class space    used 13679K, capacity 14751K, committed 14872K, reserved 1048576K
}
Event: 120.406 GC heap before
{Heap before GC invocations=78 (full 0):
 garbage-first heap   total 343040K, used 257742K [0x0000000080000000, 0x0000000100000000)
  region size 1024K, 120 young (122880K), 6 survivors (6144K)
 Metaspace       used 106262K, capacity 109131K, committed 109424K, reserved 1144832K
  class space    used 13681K, capacity 14754K, committed 14872K, reserved 1048576K
}
Event: 120.423 GC heap after
{Heap after GC invocations=79 (full 0):
 garbage-first heap   total 343040K, used 141290K [0x0000000080000000, 0x0000000100000000)
  region size 1024K, 7 young (7168K), 7 survivors (7168K)
 Metaspace       used 106262K, capacity 109131K, committed 109424K, reserved 1144832K
  class space    used 13681K, capacity 14754K, committed 14872K, reserved 1048576K
}
Event: 122.517 GC heap before
{Heap before GC invocations=79 (full 0):
 garbage-first heap   total 343040K, used 269290K [0x0000000080000000, 0x0000000100000000)
  region size 1024K, 132 young (135168K), 7 survivors (7168K)
 Metaspace       used 106269K, capacity 109131K, committed 109424K, reserved 1144832K
  class space    used 13681K, capacity 14754K, committed 14872K, reserved 1048576K
}
Event: 122.538 GC heap after
{Heap after GC invocations=80 (full 0):
 garbage-first heap   total 343040K, used 141302K [0x0000000080000000, 0x0000000100000000)
  region size 1024K, 7 young (7168K), 7 survivors (7168K)
 Metaspace       used 106269K, capacity 109131K, committed 109424K, reserved 1144832K
  class space    used 13681K, capacity 14754K, committed 14872K, reserved 1048576K
}
Event: 126.486 GC heap before
{Heap before GC invocations=80 (full 0):
 garbage-first heap   total 343040K, used 294902K [0x0000000080000000, 0x0000000100000000)
  region size 1024K, 157 young (160768K), 7 survivors (7168K)
 Metaspace       used 106279K, capacity 109134K, committed 109424K, reserved 1144832K
  class space    used 13682K, capacity 14755K, committed 14872K, reserved 1048576K
}
Event: 126.500 GC heap after
{Heap after GC invocations=81 (full 0):
 garbage-first heap   total 343040K, used 140870K [0x0000000080000000, 0x0000000100000000)
  region size 1024K, 6 young (6144K), 6 survivors (6144K)
 Metaspace       used 106279K, capacity 109134K, committed 109424K, reserved 1144832K
  class space    used 13682K, capacity 14755K, committed 14872K, reserved 1048576K
}
Event: 128.786 GC heap before
{Heap before GC invocations=81 (full 0):
 garbage-first heap   total 343040K, used 300614K [0x0000000080000000, 0x0000000100000000)
  region size 1024K, 161 young (164864K), 6 survivors (6144K)
 Metaspace       used 106378K, capacity 109228K, committed 109424K, reserved 1144832K
  class space    used 13682K, capacity 14755K, committed 14872K, reserved 1048576K
}
Event: 128.798 GC heap after
{Heap after GC invocations=82 (full 0):
 garbage-first heap   total 343040K, used 137934K [0x0000000080000000, 0x0000000100000000)
  region size 1024K, 3 young (3072K), 3 survivors (3072K)
 Metaspace       used 106378K, capacity 109228K, committed 109424K, reserved 1144832K
  class space    used 13682K, capacity 14755K, committed 14872K, reserved 1048576K
}
Event: 133.086 GC heap before
{Heap before GC invocations=82 (full 0):
 garbage-first heap   total 343040K, used 301774K [0x0000000080000000, 0x0000000100000000)
  region size 1024K, 163 young (166912K), 3 survivors (3072K)
 Metaspace       used 106408K, capacity 109359K, committed 109680K, reserved 1144832K
  class space    used 13682K, capacity 14756K, committed 14872K, reserved 1048576K
}
Event: 133.669 GC heap after
{Heap after GC invocations=83 (full 0):
 garbage-first heap   total 343040K, used 139129K [0x0000000080000000, 0x0000000100000000)
  region size 1024K, 5 young (5120K), 5 survivors (5120K)
 Metaspace       used 106408K, capacity 109359K, committed 109680K, reserved 1144832K
  class space    used 13682K, capacity 14756K, committed 14872K, reserved 1048576K
}
Event: 134.116 GC heap before
{Heap before GC invocations=83 (full 0):
 garbage-first heap   total 343040K, used 170873K [0x0000000080000000, 0x0000000100000000)
  region size 1024K, 37 young (37888K), 5 survivors (5120K)
 Metaspace       used 106415K, capacity 109359K, committed 109680K, reserved 1144832K
  class space    used 13682K, capacity 14756K, committed 14872K, reserved 1048576K
}

Deoptimization events (20 events):
Event: 130.272 Thread 0x00000256ccdb6800 DEOPT PACKING pc=0x00000256be28d8ec sp=0x000000dfa89f90e0
Event: 130.272 Thread 0x00000256ccdb6800 DEOPT UNPACKING pc=0x00000256b5ed65af sp=0x000000dfa89f9198 mode 2
Event: 130.304 Thread 0x00000256ccdb6800 DEOPT PACKING pc=0x00000256b8626081 sp=0x000000dfa89f8fb0
Event: 130.304 Thread 0x00000256ccdb6800 DEOPT UNPACKING pc=0x00000256b5ed6d5e sp=0x000000dfa89f8770 mode 0
Event: 130.383 Thread 0x00000256ccdb6800 DEOPT PACKING pc=0x00000256b8625ba2 sp=0x000000dfa89f8fb0
Event: 130.383 Thread 0x00000256ccdb6800 DEOPT UNPACKING pc=0x00000256b5ed6d5e sp=0x000000dfa89f8778 mode 0
Event: 130.434 Thread 0x00000256ccdba800 DEOPT PACKING pc=0x00000256b8625ba2 sp=0x000000dfa8af89e0
Event: 130.434 Thread 0x00000256ccdba800 DEOPT UNPACKING pc=0x00000256b5ed6d5e sp=0x000000dfa8af81a8 mode 0
Event: 130.435 Thread 0x00000256ccdba800 Uncommon trap: trap_request=0xffffff4d fr.pc=0x00000256be29c8e4 relative=0x0000000000007864
Event: 130.435 Thread 0x00000256ccdba800 Uncommon trap: reason=unstable_if action=reinterpret pc=0x00000256be29c8e4 method=com.android.tools.r8.ir.regalloc.a.a(Lcom/android/tools/r8/ir/regalloc/a$a;Z)Lcom/android/tools/r8/ir/regalloc/a$a; @ 2942 c2
Event: 130.435 Thread 0x00000256ccdba800 DEOPT PACKING pc=0x00000256be29c8e4 sp=0x000000dfa8af8cd0
Event: 130.435 Thread 0x00000256ccdba800 DEOPT UNPACKING pc=0x00000256b5ed65af sp=0x000000dfa8af8cb0 mode 2
Event: 130.845 Thread 0x00000256ccdb6800 DEOPT PACKING pc=0x00000256b8626081 sp=0x000000dfa89f9380
Event: 130.845 Thread 0x00000256ccdb6800 DEOPT UNPACKING pc=0x00000256b5ed6d5e sp=0x000000dfa89f8b40 mode 0
Event: 131.505 Thread 0x00000256ccdb8000 DEOPT PACKING pc=0x00000256b8a8bb66 sp=0x000000dfa80fe070
Event: 131.507 Thread 0x00000256ccdb8000 DEOPT UNPACKING pc=0x00000256b5ed6d5e sp=0x000000dfa80fd528 mode 0
Event: 132.450 Thread 0x00000256ccdba800 DEOPT PACKING pc=0x00000256b8626081 sp=0x000000dfa8af8db0
Event: 132.450 Thread 0x00000256ccdba800 DEOPT UNPACKING pc=0x00000256b5ed6d5e sp=0x000000dfa8af8570 mode 0
Event: 133.751 Thread 0x00000256ccdba800 DEOPT PACKING pc=0x00000256b8626081 sp=0x000000dfa8af8db0
Event: 133.751 Thread 0x00000256ccdba800 DEOPT UNPACKING pc=0x00000256b5ed6d5e sp=0x000000dfa8af8570 mode 0

Classes redefined (0 events):
No events

Internal exceptions (20 events):
Event: 112.790 Thread 0x00000256ccdb5800 Exception <a 'sun/nio/fs/WindowsException'{0x000000008d7de810}> (0x000000008d7de810) thrown at [./src/hotspot/share/prims/jni.cpp, line 615]
Event: 112.970 Thread 0x00000256ccdb5800 Exception <a 'sun/nio/fs/WindowsException'{0x000000008be6e868}> (0x000000008be6e868) thrown at [./src/hotspot/share/prims/jni.cpp, line 615]
Event: 113.118 Thread 0x00000256ccdb5800 Exception <a 'sun/nio/fs/WindowsException'{0x000000008aef84c0}> (0x000000008aef84c0) thrown at [./src/hotspot/share/prims/jni.cpp, line 615]
Event: 113.547 Thread 0x00000256ccdb5800 Exception <a 'sun/nio/fs/WindowsException'{0x000000008c7ff640}> (0x000000008c7ff640) thrown at [./src/hotspot/share/prims/jni.cpp, line 615]
Event: 113.634 Thread 0x00000256ccdb2800 Exception <a 'sun/nio/fs/WindowsException'{0x000000008beee818}> (0x000000008beee818) thrown at [./src/hotspot/share/prims/jni.cpp, line 615]
Event: 114.196 Thread 0x00000256ccdb2800 Exception <a 'sun/nio/fs/WindowsException'{0x000000008c45c558}> (0x000000008c45c558) thrown at [./src/hotspot/share/prims/jni.cpp, line 615]
Event: 115.158 Thread 0x00000256ccdb5800 Exception <a 'sun/nio/fs/WindowsException'{0x000000008dc55830}> (0x000000008dc55830) thrown at [./src/hotspot/share/prims/jni.cpp, line 615]
Event: 115.334 Thread 0x00000256ccdb2800 Exception <a 'sun/nio/fs/WindowsException'{0x000000008c61a0a0}> (0x000000008c61a0a0) thrown at [./src/hotspot/share/prims/jni.cpp, line 615]
Event: 115.562 Thread 0x00000256ccdb2800 Exception <a 'sun/nio/fs/WindowsException'{0x000000008e1b8558}> (0x000000008e1b8558) thrown at [./src/hotspot/share/prims/jni.cpp, line 615]
Event: 119.495 Thread 0x00000256ccdb2800 Implicit null exception at 0x00000256be258a38 to 0x00000256be25e840
Event: 120.832 Thread 0x00000256ccdb2800 Implicit null exception at 0x00000256be26fc9f to 0x00000256be274cac
Event: 128.657 Thread 0x00000256ccdb2800 Exception <a 'sun/nio/fs/WindowsException'{0x000000008bc20f30}> (0x000000008bc20f30) thrown at [./src/hotspot/share/prims/jni.cpp, line 615]
Event: 129.566 Thread 0x00000256ccdb2800 Exception <a 'sun/nio/fs/WindowsException'{0x0000000094b41cb8}> (0x0000000094b41cb8) thrown at [./src/hotspot/share/prims/jni.cpp, line 615]
Event: 129.585 Thread 0x00000256ccdb5800 Exception <a 'sun/nio/fs/WindowsException'{0x0000000092eff0d8}> (0x0000000092eff0d8) thrown at [./src/hotspot/share/prims/jni.cpp, line 615]
Event: 129.705 Thread 0x00000256ccdb2800 Exception <a 'sun/nio/fs/WindowsException'{0x0000000092760730}> (0x0000000092760730) thrown at [./src/hotspot/share/prims/jni.cpp, line 615]
Event: 130.542 Thread 0x00000256ccdb2800 Exception <a 'sun/nio/fs/WindowsException'{0x00000000905cc940}> (0x00000000905cc940) thrown at [./src/hotspot/share/prims/jni.cpp, line 615]
Event: 130.639 Thread 0x00000256ccdb2800 Exception <a 'sun/nio/fs/WindowsException'{0x000000008f86d980}> (0x000000008f86d980) thrown at [./src/hotspot/share/prims/jni.cpp, line 615]
Event: 131.425 Thread 0x00000256ccdb5800 Exception <a 'sun/nio/fs/WindowsException'{0x000000008e0d74d8}> (0x000000008e0d74d8) thrown at [./src/hotspot/share/prims/jni.cpp, line 615]
Event: 132.126 Thread 0x00000256ccdb2800 Exception <a 'sun/nio/fs/WindowsException'{0x000000008d9c3078}> (0x000000008d9c3078) thrown at [./src/hotspot/share/prims/jni.cpp, line 615]
Event: 133.891 Thread 0x00000256ccdb2800 Exception <a 'sun/nio/fs/WindowsException'{0x0000000093fc18d0}> (0x0000000093fc18d0) thrown at [./src/hotspot/share/prims/jni.cpp, line 615]

Events (20 events):
Event: 132.554 Thread 0x00000256cbfd1000 flushing nmethod 0x00000256b6dbfa90
Event: 132.554 Thread 0x00000256cbfd1000 flushing nmethod 0x00000256b6df2010
Event: 132.563 Thread 0x00000256cbfd1000 flushing nmethod 0x00000256b6e53f10
Event: 132.563 Thread 0x00000256cbfd1000 flushing nmethod 0x00000256b6e54b10
Event: 132.564 Thread 0x00000256cbfd1000 flushing nmethod 0x00000256b6e68690
Event: 132.564 Thread 0x00000256cbfd1000 flushing nmethod 0x00000256b6e6ad90
Event: 132.564 Thread 0x00000256cbfd1000 flushing nmethod 0x00000256b6e6e190
Event: 132.564 Thread 0x00000256cbfd1000 flushing nmethod 0x00000256b6e71690
Event: 132.566 Thread 0x00000256cbfd1000 flushing nmethod 0x00000256b6e7df90
Event: 132.566 Thread 0x00000256cbfd1000 flushing nmethod 0x00000256b6e7f190
Event: 132.596 Thread 0x00000256cbfd1000 flushing nmethod 0x00000256b6f69c10
Event: 132.705 Thread 0x00000256cbfd1000 flushing nmethod 0x00000256b738c690
Event: 132.751 Thread 0x00000256cbfd1000 flushing nmethod 0x00000256b759a510
Event: 132.753 Thread 0x00000256cbfd1000 flushing nmethod 0x00000256b75ab210
Event: 133.081 Executing VM operation: G1CollectForAllocation
Event: 133.669 Executing VM operation: G1CollectForAllocation done
Event: 133.803 Executing VM operation: RevokeBias
Event: 133.863 Executing VM operation: RevokeBias done
Event: 133.921 Thread 0x00000256ccdae800 Thread exited: 0x00000256ccdae800
Event: 134.114 Executing VM operation: G1CollectForAllocation


Dynamic libraries:
0x00007ff647d40000 - 0x00007ff647d4a000 	C:\Program Files\Android\Android Studio1\jre\bin\java.exe
0x00007ffa622b0000 - 0x00007ffa624a5000 	C:\WINDOWS\SYSTEM32\ntdll.dll
0x00007ffa60310000 - 0x00007ffa603cd000 	C:\WINDOWS\System32\KERNEL32.DLL
0x00007ffa5fb30000 - 0x00007ffa5fdfd000 	C:\WINDOWS\System32\KERNELBASE.dll
0x00007ffa5fe50000 - 0x00007ffa5ff50000 	C:\WINDOWS\System32\ucrtbase.dll
0x00007ffa5b860000 - 0x00007ffa5b877000 	C:\Program Files\Android\Android Studio1\jre\bin\VCRUNTIME140.dll
0x00007ffa5b880000 - 0x00007ffa5b899000 	C:\Program Files\Android\Android Studio1\jre\bin\jli.dll
0x00007ffa61ee0000 - 0x00007ffa62080000 	C:\WINDOWS\System32\USER32.dll
0x00007ffa5f9c0000 - 0x00007ffa5f9e2000 	C:\WINDOWS\System32\win32u.dll
0x00007ffa60470000 - 0x00007ffa6049a000 	C:\WINDOWS\System32\GDI32.dll
0x00007ffa4ef80000 - 0x00007ffa4f21a000 	C:\WINDOWS\WinSxS\amd64_microsoft.windows.common-controls_6595b64144ccf1df_6.0.19041.1110_none_60b5254171f9507e\COMCTL32.dll
0x00007ffa5f9f0000 - 0x00007ffa5fafb000 	C:\WINDOWS\System32\gdi32full.dll
0x00007ffa60b60000 - 0x00007ffa60bfe000 	C:\WINDOWS\System32\msvcrt.dll
0x00007ffa60260000 - 0x00007ffa602fd000 	C:\WINDOWS\System32\msvcp_win.dll
0x00007ffa603d0000 - 0x00007ffa60400000 	C:\WINDOWS\System32\IMM32.DLL
0x00007ffa3f590000 - 0x00007ffa3f62d000 	C:\Program Files\Android\Android Studio1\jre\bin\msvcp140.dll
0x00007ffa22730000 - 0x00007ffa23205000 	C:\Program Files\Android\Android Studio1\jre\bin\server\jvm.dll
0x00007ffa62080000 - 0x00007ffa6212e000 	C:\WINDOWS\System32\ADVAPI32.dll
0x00007ffa60ce0000 - 0x00007ffa60d7c000 	C:\WINDOWS\System32\sechost.dll
0x00007ffa62140000 - 0x00007ffa62265000 	C:\WINDOWS\System32\RPCRT4.dll
0x00007ffa62130000 - 0x00007ffa62138000 	C:\WINDOWS\System32\PSAPI.DLL
0x00007ffa5a2b0000 - 0x00007ffa5a2ba000 	C:\WINDOWS\SYSTEM32\VERSION.dll
0x00007ffa4d8b0000 - 0x00007ffa4d8d7000 	C:\WINDOWS\SYSTEM32\WINMM.dll
0x00007ffa5a990000 - 0x00007ffa5a999000 	C:\WINDOWS\SYSTEM32\WSOCK32.dll
0x00007ffa61e70000 - 0x00007ffa61edb000 	C:\WINDOWS\System32\WS2_32.dll
0x00007ffa5d8a0000 - 0x00007ffa5d8b2000 	C:\WINDOWS\SYSTEM32\kernel.appcore.dll
0x00007ffa4d760000 - 0x00007ffa4d771000 	C:\Program Files\Android\Android Studio1\jre\bin\verify.dll
0x00007ffa3d3b0000 - 0x00007ffa3d594000 	C:\WINDOWS\SYSTEM32\DBGHELP.DLL
0x00007ffa3d360000 - 0x00007ffa3d38c000 	C:\WINDOWS\SYSTEM32\dbgcore.DLL
0x00007ffa5ff50000 - 0x00007ffa5ffd2000 	C:\WINDOWS\System32\bcryptPrimitives.dll
0x00007ffa4c3e0000 - 0x00007ffa4c409000 	C:\Program Files\Android\Android Studio1\jre\bin\java.dll
0x00007ffa589c0000 - 0x00007ffa589cb000 	C:\Program Files\Android\Android Studio1\jre\bin\jimage.dll
0x00007ffa4c3c0000 - 0x00007ffa4c3d8000 	C:\Program Files\Android\Android Studio1\jre\bin\zip.dll
0x00007ffa61530000 - 0x00007ffa61c74000 	C:\WINDOWS\System32\SHELL32.dll
0x00007ffa5daa0000 - 0x00007ffa5e234000 	C:\WINDOWS\SYSTEM32\windows.storage.dll
0x00007ffa60e00000 - 0x00007ffa61154000 	C:\WINDOWS\System32\combase.dll
0x00007ffa5f420000 - 0x00007ffa5f44c000 	C:\WINDOWS\SYSTEM32\Wldp.dll
0x00007ffa61dc0000 - 0x00007ffa61e6d000 	C:\WINDOWS\System32\SHCORE.dll
0x00007ffa60c20000 - 0x00007ffa60c75000 	C:\WINDOWS\System32\shlwapi.dll
0x00007ffa5f900000 - 0x00007ffa5f91f000 	C:\WINDOWS\SYSTEM32\profapi.dll
0x00007ffa4c2f0000 - 0x00007ffa4c30a000 	C:\Program Files\Android\Android Studio1\jre\bin\net.dll
0x00007ffa567f0000 - 0x00007ffa568fa000 	C:\WINDOWS\SYSTEM32\WINHTTP.dll
0x00007ffa5f180000 - 0x00007ffa5f1ea000 	C:\WINDOWS\system32\mswsock.dll
0x00007ffa4c2d0000 - 0x00007ffa4c2e4000 	C:\Program Files\Android\Android Studio1\jre\bin\nio.dll
0x00007ffa379c0000 - 0x00007ffa379e7000 	C:\Users\Nguyen Thi Hong Hanh\.gradle\native\8bec1ad78214c89d9ad589b4d07fe93259594b29d510b10fafb7a158f7737e5d\windows-amd64\native-platform.dll
0x00007ffa25ff0000 - 0x00007ffa2612d000 	C:\Users\Nguyen Thi Hong Hanh\.gradle\native\53dbd7edfb1c66fb8903c78663c9afc45aea4f116125fa6feffd364cf09443e8\windows-amd64\native-platform-file-events.dll
0x00007ffa541e0000 - 0x00007ffa541ea000 	C:\Program Files\Android\Android Studio1\jre\bin\management.dll
0x00007ffa4e790000 - 0x00007ffa4e79d000 	C:\Program Files\Android\Android Studio1\jre\bin\management_ext.dll
0x00007ffa5f370000 - 0x00007ffa5f388000 	C:\WINDOWS\SYSTEM32\CRYPTSP.dll
0x00007ffa5ea90000 - 0x00007ffa5eac4000 	C:\WINDOWS\system32\rsaenh.dll
0x00007ffa5fb00000 - 0x00007ffa5fb27000 	C:\WINDOWS\System32\bcrypt.dll
0x00007ffa5f880000 - 0x00007ffa5f8ae000 	C:\WINDOWS\SYSTEM32\USERENV.dll
0x00007ffa5f390000 - 0x00007ffa5f39c000 	C:\WINDOWS\SYSTEM32\CRYPTBASE.dll
0x00007ffa5ee20000 - 0x00007ffa5ee5b000 	C:\WINDOWS\SYSTEM32\IPHLPAPI.DLL
0x00007ffa60300000 - 0x00007ffa60308000 	C:\WINDOWS\System32\NSI.dll
0x00007ffa56340000 - 0x00007ffa56357000 	C:\WINDOWS\SYSTEM32\dhcpcsvc6.DLL
0x00007ffa56650000 - 0x00007ffa5666d000 	C:\WINDOWS\SYSTEM32\dhcpcsvc.DLL
0x00007ffa5ee70000 - 0x00007ffa5ef3b000 	C:\WINDOWS\SYSTEM32\DNSAPI.dll
0x00007ffa3df10000 - 0x00007ffa3df37000 	C:\Program Files\Android\Android Studio1\jre\bin\sunec.dll

dbghelp: loaded successfully - version: 4.0.5 - missing functions: none
symbol engine: initialized successfully - sym options: 0x614 - pdb path: .;C:\Program Files\Android\Android Studio1\jre\bin;C:\WINDOWS\SYSTEM32;C:\WINDOWS\WinSxS\amd64_microsoft.windows.common-controls_6595b64144ccf1df_6.0.19041.1110_none_60b5254171f9507e;C:\Program Files\Android\Android Studio1\jre\bin\server;C:\Users\Nguyen Thi Hong Hanh\.gradle\native\8bec1ad78214c89d9ad589b4d07fe93259594b29d510b10fafb7a158f7737e5d\windows-amd64;C:\Users\Nguyen Thi Hong Hanh\.gradle\native\53dbd7edfb1c66fb8903c78663c9afc45aea4f116125fa6feffd364cf09443e8\windows-amd64

VM Arguments:
jvm_args: --add-opens=java.base/java.util=ALL-UNNAMED --add-opens=java.base/java.lang=ALL-UNNAMED --add-opens=java.base/java.lang.invoke=ALL-UNNAMED --add-opens=java.base/java.util=ALL-UNNAMED --add-opens=java.prefs/java.util.prefs=ALL-UNNAMED --add-opens=java.prefs/java.util.prefs=ALL-UNNAMED --add-opens=java.base/java.nio.charset=ALL-UNNAMED --add-opens=java.base/java.net=ALL-UNNAMED --add-opens=java.base/java.util.concurrent.atomic=ALL-UNNAMED -Xmx2048m -Dfile.encoding=UTF-8 -Duser.country=US -Duser.language=en -Duser.variant 
java_command: org.gradle.launcher.daemon.bootstrap.GradleDaemon 7.0.2
java_class_path (initial): C:\Users\Nguyen Thi Hong Hanh\.gradle\wrapper\dists\gradle-7.0.2-all\7era6s5ay7zsbhuvl0oc9g94s\gradle-7.0.2\lib\gradle-launcher-7.0.2.jar
Launcher Type: SUN_STANDARD

[Global flags]
     intx CICompilerCount                          = 3                                         {product} {ergonomic}
     uint ConcGCThreads                            = 1                                         {product} {ergonomic}
     uint G1ConcRefinementThreads                  = 4                                         {product} {ergonomic}
   size_t G1HeapRegionSize                         = 1048576                                   {product} {ergonomic}
    uintx GCDrainStackTargetSize                   = 64                                        {product} {ergonomic}
   size_t InitialHeapSize                          = 65011712                                  {product} {ergonomic}
   size_t MarkStackSize                            = 4194304                                   {product} {ergonomic}
   size_t MaxHeapSize                              = 2147483648                                {product} {command line}
   size_t MaxNewSize                               = 1287651328                                {product} {ergonomic}
   size_t MinHeapDeltaBytes                        = 1048576                                   {product} {ergonomic}
    uintx NonNMethodCodeHeapSize                   = 5830732                                {pd product} {ergonomic}
    uintx NonProfiledCodeHeapSize                  = 122913754                              {pd product} {ergonomic}
    uintx ProfiledCodeHeapSize                     = 122913754                              {pd product} {ergonomic}
    uintx ReservedCodeCacheSize                    = 251658240                              {pd product} {ergonomic}
     bool SegmentedCodeCache                       = true                                      {product} {ergonomic}
     bool UseCompressedClassPointers               = true                                 {lp64_product} {ergonomic}
     bool UseCompressedOops                        = true                                 {lp64_product} {ergonomic}
     bool UseG1GC                                  = true                                      {product} {ergonomic}
     bool UseLargePagesIndividualAllocation        = false                                  {pd product} {ergonomic}

Logging:
Log output configuration:
 #0: stdout all=warning uptime,level,tags
 #1: stderr all=off uptime,level,tags

Environment Variables:
PATH=C:\Program Files (x86)\Microchip\xc8\v1.00\bin;C:\Program Files\Common Files\Oracle\Java\javapath;C:\Program Files (x86)\Common Files\Oracle\Java\javapath;C:\WINDOWS\system32;C:\WINDOWS;C:\WINDOWS\System32\Wbem;C:\WINDOWS\System32\WindowsPowerShell\v1.0\;C:\WINDOWS\System32\OpenSSH\;C:\Program Files\Microsoft SQL Server\Client SDK\ODBC\170\Tools\Binn\;C:\Program Files (x86)\Microsoft SQL Server\150\Tools\Binn\;C:\Program Files\Microsoft SQL Server\150\Tools\Binn\;C:\Program Files\Microsoft SQL Server\150\DTS\Binn\;C:\xampp\php;C:\ProgramData\ComposerSetup\bin;C:\Program Files (x86)\Microchip\xc8\v1.00\bin;C:\Users\Nguyen Thi Hong Hanh\AppData\Local\Microsoft\WindowsApps;C:\Program Files\Azure Data Studio\bin;C:\Users\Nguyen Thi Hong Hanh\AppData\Roaming\Composer\vendor\bin;C:\Program Files\JetBrains\IntelliJ IDEA 2021.3\bin;
USERNAME=Nguyen Thi Hong Hanh
OS=Windows_NT
PROCESSOR_IDENTIFIER=Intel64 Family 6 Model 58 Stepping 9, GenuineIntel



---------------  S Y S T E M  ---------------

OS: Windows 10 , 64 bit Build 19041 (10.0.19041.1706)
OS uptime: 0 days 22:14 hours

CPU:total 4 (initial active 4) (2 cores per cpu, 2 threads per core) family 6 model 58 stepping 9 microcode 0x21, cmov, cx8, fxsr, mmx, sse, sse2, sse3, ssse3, sse4.1, sse4.2, popcnt, avx, clmul, erms, ht, tsc, tscinvbit, tscinv

Memory: 4k page, system-wide physical 3959M (228M free)
TotalPageFile size 12945M (AvailPageFile size 246M)
current process WorkingSet (physical memory assigned to process): 345M, peak: 517M
current process commit charge ("private bytes"): 704M, peak: 1031M

vm_info: OpenJDK 64-Bit Server VM (11.0.11+9-b60-7590822) for windows-amd64 JRE (11.0.11+9-b60-7590822), built on Jul 29 2021 21:43:44 by "builder" with MS VC++ 14.0 (VS2015)

END.
